[2022-01-25 19:31:57,044] {taskinstance.py:1032} INFO - Dependencies all met for <TaskInstance: ingest_data.check manual__2022-01-25T19:31:55.190017+00:00 [queued]>
[2022-01-25 19:31:57,070] {taskinstance.py:1032} INFO - Dependencies all met for <TaskInstance: ingest_data.check manual__2022-01-25T19:31:55.190017+00:00 [queued]>
[2022-01-25 19:31:57,071] {taskinstance.py:1238} INFO - 
--------------------------------------------------------------------------------
[2022-01-25 19:31:57,071] {taskinstance.py:1239} INFO - Starting attempt 1 of 1
[2022-01-25 19:31:57,071] {taskinstance.py:1240} INFO - 
--------------------------------------------------------------------------------
[2022-01-25 19:31:57,096] {taskinstance.py:1259} INFO - Executing <Task(BashOperator): check> on 2022-01-25 19:31:55.190017+00:00
[2022-01-25 19:31:57,114] {standard_task_runner.py:76} INFO - Running: ['***', 'tasks', 'run', 'ingest_data', 'check', 'manual__2022-01-25T19:31:55.190017+00:00', '--job-id', '92', '--raw', '--subdir', 'DAGS_FOLDER/dag_01.py', '--cfg-path', '/tmp/tmpiizi1sjr', '--error-file', '/tmp/tmpoxndtm86']
[2022-01-25 19:31:57,116] {standard_task_runner.py:77} INFO - Job 92: Subtask check
[2022-01-25 19:31:57,107] {standard_task_runner.py:52} INFO - Started process 3458 to run task
[2022-01-25 19:31:57,228] {logging_mixin.py:109} INFO - Running <TaskInstance: ingest_data.check manual__2022-01-25T19:31:55.190017+00:00 [running]> on host 223810fcea28
[2022-01-25 19:31:57,417] {taskinstance.py:1426} INFO - Exporting the following env vars:
AIRFLOW_CTX_DAG_OWNER=***
AIRFLOW_CTX_DAG_ID=ingest_data
AIRFLOW_CTX_TASK_ID=check
AIRFLOW_CTX_EXECUTION_DATE=2022-01-25T19:31:55.190017+00:00
AIRFLOW_CTX_DAG_RUN_ID=manual__2022-01-25T19:31:55.190017+00:00
[2022-01-25 19:31:57,419] {subprocess.py:62} INFO - Tmp dir root location: 
 /tmp
[2022-01-25 19:31:57,421] {subprocess.py:74} INFO - Running command: ['bash', '-c', 'echo -------------------------- EMPIEZA ------------------------ && pwd']
[2022-01-25 19:31:57,453] {subprocess.py:85} INFO - Output:
[2022-01-25 19:31:57,466] {subprocess.py:89} INFO - -------------------------- EMPIEZA ------------------------
[2022-01-25 19:31:57,466] {subprocess.py:89} INFO - /tmp/***tmpd9p1fhmc
[2022-01-25 19:31:57,467] {subprocess.py:93} INFO - Command exited with return code 0
[2022-01-25 19:31:57,530] {taskinstance.py:1277} INFO - Marking task as SUCCESS. dag_id=ingest_data, task_id=check, execution_date=20220125T193155, start_date=20220125T193157, end_date=20220125T193157
[2022-01-25 19:31:57,589] {local_task_job.py:154} INFO - Task exited with return code 0
[2022-01-25 19:31:57,657] {local_task_job.py:264} INFO - 0 downstream tasks scheduled from follow-on schedule check
