[2022-01-25 19:31:35,835] {taskinstance.py:1032} INFO - Dependencies all met for <TaskInstance: ingest_data.check scheduled__2022-01-24T23:00:00+00:00 [queued]>
[2022-01-25 19:31:35,857] {taskinstance.py:1032} INFO - Dependencies all met for <TaskInstance: ingest_data.check scheduled__2022-01-24T23:00:00+00:00 [queued]>
[2022-01-25 19:31:35,858] {taskinstance.py:1238} INFO - 
--------------------------------------------------------------------------------
[2022-01-25 19:31:35,858] {taskinstance.py:1239} INFO - Starting attempt 1 of 1
[2022-01-25 19:31:35,858] {taskinstance.py:1240} INFO - 
--------------------------------------------------------------------------------
[2022-01-25 19:31:35,881] {taskinstance.py:1259} INFO - Executing <Task(BashOperator): check> on 2022-01-24 23:00:00+00:00
[2022-01-25 19:31:35,891] {standard_task_runner.py:76} INFO - Running: ['***', 'tasks', 'run', 'ingest_data', 'check', 'scheduled__2022-01-24T23:00:00+00:00', '--job-id', '80', '--raw', '--subdir', 'DAGS_FOLDER/dag_01.py', '--cfg-path', '/tmp/tmpduu5p70a', '--error-file', '/tmp/tmpz0p4v_2g']
[2022-01-25 19:31:35,892] {standard_task_runner.py:77} INFO - Job 80: Subtask check
[2022-01-25 19:31:35,887] {standard_task_runner.py:52} INFO - Started process 3412 to run task
[2022-01-25 19:31:35,993] {logging_mixin.py:109} INFO - Running <TaskInstance: ingest_data.check scheduled__2022-01-24T23:00:00+00:00 [running]> on host 223810fcea28
[2022-01-25 19:31:36,098] {taskinstance.py:1426} INFO - Exporting the following env vars:
AIRFLOW_CTX_DAG_OWNER=***
AIRFLOW_CTX_DAG_ID=ingest_data
AIRFLOW_CTX_TASK_ID=check
AIRFLOW_CTX_EXECUTION_DATE=2022-01-24T23:00:00+00:00
AIRFLOW_CTX_DAG_RUN_ID=scheduled__2022-01-24T23:00:00+00:00
[2022-01-25 19:31:36,100] {subprocess.py:62} INFO - Tmp dir root location: 
 /tmp
[2022-01-25 19:31:36,101] {subprocess.py:74} INFO - Running command: ['bash', '-c', 'echo -------------------------- EMPIEZA ------------------------ && pwd']
[2022-01-25 19:31:36,115] {subprocess.py:85} INFO - Output:
[2022-01-25 19:31:36,117] {subprocess.py:89} INFO - -------------------------- EMPIEZA ------------------------
[2022-01-25 19:31:36,118] {subprocess.py:89} INFO - /tmp/***tmp66r9vl0q
[2022-01-25 19:31:36,118] {subprocess.py:93} INFO - Command exited with return code 0
[2022-01-25 19:31:36,161] {taskinstance.py:1277} INFO - Marking task as SUCCESS. dag_id=ingest_data, task_id=check, execution_date=20220124T230000, start_date=20220125T193135, end_date=20220125T193136
[2022-01-25 19:31:36,192] {local_task_job.py:154} INFO - Task exited with return code 0
[2022-01-25 19:31:36,239] {local_task_job.py:264} INFO - 0 downstream tasks scheduled from follow-on schedule check
