[2022-01-25 19:04:59,591] {taskinstance.py:1032} INFO - Dependencies all met for <TaskInstance: ingest_data.extract_all_data manual__2022-01-25T19:04:59.049789+00:00 [queued]>
[2022-01-25 19:04:59,615] {taskinstance.py:1032} INFO - Dependencies all met for <TaskInstance: ingest_data.extract_all_data manual__2022-01-25T19:04:59.049789+00:00 [queued]>
[2022-01-25 19:04:59,615] {taskinstance.py:1238} INFO - 
--------------------------------------------------------------------------------
[2022-01-25 19:04:59,616] {taskinstance.py:1239} INFO - Starting attempt 1 of 1
[2022-01-25 19:04:59,616] {taskinstance.py:1240} INFO - 
--------------------------------------------------------------------------------
[2022-01-25 19:04:59,641] {taskinstance.py:1259} INFO - Executing <Task(BashOperator): extract_all_data> on 2022-01-25 19:04:59.049789+00:00
[2022-01-25 19:04:59,654] {standard_task_runner.py:52} INFO - Started process 2089 to run task
[2022-01-25 19:04:59,660] {standard_task_runner.py:76} INFO - Running: ['***', 'tasks', 'run', 'ingest_data', 'extract_all_data', 'manual__2022-01-25T19:04:59.049789+00:00', '--job-id', '29', '--raw', '--subdir', 'DAGS_FOLDER/dag_01.py', '--cfg-path', '/tmp/tmp76v1w4y5', '--error-file', '/tmp/tmpceccdh5a']
[2022-01-25 19:04:59,664] {standard_task_runner.py:77} INFO - Job 29: Subtask extract_all_data
[2022-01-25 19:04:59,758] {logging_mixin.py:109} INFO - Running <TaskInstance: ingest_data.extract_all_data manual__2022-01-25T19:04:59.049789+00:00 [running]> on host 223810fcea28
[2022-01-25 19:04:59,866] {taskinstance.py:1426} INFO - Exporting the following env vars:
AIRFLOW_CTX_DAG_OWNER=***
AIRFLOW_CTX_DAG_ID=ingest_data
AIRFLOW_CTX_TASK_ID=extract_all_data
AIRFLOW_CTX_EXECUTION_DATE=2022-01-25T19:04:59.049789+00:00
AIRFLOW_CTX_DAG_RUN_ID=manual__2022-01-25T19:04:59.049789+00:00
[2022-01-25 19:04:59,868] {subprocess.py:62} INFO - Tmp dir root location: 
 /tmp
[2022-01-25 19:04:59,869] {subprocess.py:74} INFO - Running command: ['bash', '-c', 'echo ---------------EMPIEZA----------------- && pwd']
[2022-01-25 19:04:59,885] {subprocess.py:85} INFO - Output:
[2022-01-25 19:04:59,888] {subprocess.py:89} INFO - ---------------EMPIEZA-----------------
[2022-01-25 19:04:59,888] {subprocess.py:89} INFO - /tmp/***tmpx4wn7jf8
[2022-01-25 19:04:59,889] {subprocess.py:93} INFO - Command exited with return code 0
[2022-01-25 19:04:59,936] {taskinstance.py:1277} INFO - Marking task as SUCCESS. dag_id=ingest_data, task_id=extract_all_data, execution_date=20220125T190459, start_date=20220125T190459, end_date=20220125T190459
[2022-01-25 19:04:59,970] {local_task_job.py:154} INFO - Task exited with return code 0
[2022-01-25 19:05:00,057] {local_task_job.py:264} INFO - 1 downstream tasks scheduled from follow-on schedule check
