[2022-01-26 15:27:04,766] {taskinstance.py:1032} INFO - Dependencies all met for <TaskInstance: ingest_data.check manual__2022-01-26T15:27:03.673947+00:00 [queued]>
[2022-01-26 15:27:04,792] {taskinstance.py:1032} INFO - Dependencies all met for <TaskInstance: ingest_data.check manual__2022-01-26T15:27:03.673947+00:00 [queued]>
[2022-01-26 15:27:04,793] {taskinstance.py:1238} INFO - 
--------------------------------------------------------------------------------
[2022-01-26 15:27:04,793] {taskinstance.py:1239} INFO - Starting attempt 1 of 1
[2022-01-26 15:27:04,793] {taskinstance.py:1240} INFO - 
--------------------------------------------------------------------------------
[2022-01-26 15:27:04,814] {taskinstance.py:1259} INFO - Executing <Task(BashOperator): check> on 2022-01-26 15:27:03.673947+00:00
[2022-01-26 15:27:04,820] {standard_task_runner.py:52} INFO - Started process 431 to run task
[2022-01-26 15:27:04,825] {standard_task_runner.py:76} INFO - Running: ['***', 'tasks', 'run', 'ingest_data', 'check', 'manual__2022-01-26T15:27:03.673947+00:00', '--job-id', '105', '--raw', '--subdir', 'DAGS_FOLDER/dag_01.py', '--cfg-path', '/tmp/tmpqriern2m', '--error-file', '/tmp/tmpdiqtd3e2']
[2022-01-26 15:27:04,826] {standard_task_runner.py:77} INFO - Job 105: Subtask check
[2022-01-26 15:27:04,917] {logging_mixin.py:109} INFO - Running <TaskInstance: ingest_data.check manual__2022-01-26T15:27:03.673947+00:00 [running]> on host 223810fcea28
[2022-01-26 15:27:04,998] {taskinstance.py:1426} INFO - Exporting the following env vars:
AIRFLOW_CTX_DAG_OWNER=***
AIRFLOW_CTX_DAG_ID=ingest_data
AIRFLOW_CTX_TASK_ID=check
AIRFLOW_CTX_EXECUTION_DATE=2022-01-26T15:27:03.673947+00:00
AIRFLOW_CTX_DAG_RUN_ID=manual__2022-01-26T15:27:03.673947+00:00
[2022-01-26 15:27:04,999] {subprocess.py:62} INFO - Tmp dir root location: 
 /tmp
[2022-01-26 15:27:05,000] {subprocess.py:74} INFO - Running command: ['bash', '-c', 'echo -------------------------- EMPIEZA ------------------------']
[2022-01-26 15:27:05,017] {subprocess.py:85} INFO - Output:
[2022-01-26 15:27:05,022] {subprocess.py:89} INFO - -------------------------- EMPIEZA ------------------------
[2022-01-26 15:27:05,023] {subprocess.py:93} INFO - Command exited with return code 0
[2022-01-26 15:27:05,051] {taskinstance.py:1277} INFO - Marking task as SUCCESS. dag_id=ingest_data, task_id=check, execution_date=20220126T152703, start_date=20220126T152704, end_date=20220126T152705
[2022-01-26 15:27:05,076] {local_task_job.py:154} INFO - Task exited with return code 0
[2022-01-26 15:27:05,106] {local_task_job.py:264} INFO - 1 downstream tasks scheduled from follow-on schedule check
