[2022-01-25 19:31:33,032] {taskinstance.py:1032} INFO - Dependencies all met for <TaskInstance: ingest_data.check scheduled__2022-01-24T19:00:00+00:00 [queued]>
[2022-01-25 19:31:33,099] {taskinstance.py:1032} INFO - Dependencies all met for <TaskInstance: ingest_data.check scheduled__2022-01-24T19:00:00+00:00 [queued]>
[2022-01-25 19:31:33,099] {taskinstance.py:1238} INFO - 
--------------------------------------------------------------------------------
[2022-01-25 19:31:33,100] {taskinstance.py:1239} INFO - Starting attempt 1 of 1
[2022-01-25 19:31:33,100] {taskinstance.py:1240} INFO - 
--------------------------------------------------------------------------------
[2022-01-25 19:31:33,133] {taskinstance.py:1259} INFO - Executing <Task(BashOperator): check> on 2022-01-24 19:00:00+00:00
[2022-01-25 19:31:33,155] {standard_task_runner.py:76} INFO - Running: ['***', 'tasks', 'run', 'ingest_data', 'check', 'scheduled__2022-01-24T19:00:00+00:00', '--job-id', '76', '--raw', '--subdir', 'DAGS_FOLDER/dag_01.py', '--cfg-path', '/tmp/tmp8002w990', '--error-file', '/tmp/tmp5vngjjfu']
[2022-01-25 19:31:33,156] {standard_task_runner.py:77} INFO - Job 76: Subtask check
[2022-01-25 19:31:33,150] {standard_task_runner.py:52} INFO - Started process 3398 to run task
[2022-01-25 19:31:33,359] {logging_mixin.py:109} INFO - Running <TaskInstance: ingest_data.check scheduled__2022-01-24T19:00:00+00:00 [running]> on host 223810fcea28
[2022-01-25 19:31:33,580] {taskinstance.py:1426} INFO - Exporting the following env vars:
AIRFLOW_CTX_DAG_OWNER=***
AIRFLOW_CTX_DAG_ID=ingest_data
AIRFLOW_CTX_TASK_ID=check
AIRFLOW_CTX_EXECUTION_DATE=2022-01-24T19:00:00+00:00
AIRFLOW_CTX_DAG_RUN_ID=scheduled__2022-01-24T19:00:00+00:00
[2022-01-25 19:31:33,582] {subprocess.py:62} INFO - Tmp dir root location: 
 /tmp
[2022-01-25 19:31:33,583] {subprocess.py:74} INFO - Running command: ['bash', '-c', 'echo -------------------------- EMPIEZA ------------------------ && pwd']
[2022-01-25 19:31:33,635] {subprocess.py:85} INFO - Output:
[2022-01-25 19:31:33,657] {subprocess.py:89} INFO - -------------------------- EMPIEZA ------------------------
[2022-01-25 19:31:33,657] {subprocess.py:89} INFO - /tmp/***tmpugbplhqx
[2022-01-25 19:31:33,658] {subprocess.py:93} INFO - Command exited with return code 0
[2022-01-25 19:31:33,802] {taskinstance.py:1277} INFO - Marking task as SUCCESS. dag_id=ingest_data, task_id=check, execution_date=20220124T190000, start_date=20220125T193133, end_date=20220125T193133
[2022-01-25 19:31:33,872] {local_task_job.py:154} INFO - Task exited with return code 0
[2022-01-25 19:31:34,043] {local_task_job.py:264} INFO - 0 downstream tasks scheduled from follow-on schedule check
