[2022-01-25 19:01:03,666] {taskinstance.py:1032} INFO - Dependencies all met for <TaskInstance: ingest_data.extract_all_data manual__2022-01-25T19:01:02.594300+00:00 [queued]>
[2022-01-25 19:01:03,695] {taskinstance.py:1032} INFO - Dependencies all met for <TaskInstance: ingest_data.extract_all_data manual__2022-01-25T19:01:02.594300+00:00 [queued]>
[2022-01-25 19:01:03,695] {taskinstance.py:1238} INFO - 
--------------------------------------------------------------------------------
[2022-01-25 19:01:03,695] {taskinstance.py:1239} INFO - Starting attempt 1 of 1
[2022-01-25 19:01:03,696] {taskinstance.py:1240} INFO - 
--------------------------------------------------------------------------------
[2022-01-25 19:01:03,719] {taskinstance.py:1259} INFO - Executing <Task(BashOperator): extract_all_data> on 2022-01-25 19:01:02.594300+00:00
[2022-01-25 19:01:03,730] {standard_task_runner.py:76} INFO - Running: ['***', 'tasks', 'run', 'ingest_data', 'extract_all_data', 'manual__2022-01-25T19:01:02.594300+00:00', '--job-id', '25', '--raw', '--subdir', 'DAGS_FOLDER/dag_01.py', '--cfg-path', '/tmp/tmpuorc0map', '--error-file', '/tmp/tmpiaw7duom']
[2022-01-25 19:01:03,731] {standard_task_runner.py:77} INFO - Job 25: Subtask extract_all_data
[2022-01-25 19:01:03,726] {standard_task_runner.py:52} INFO - Started process 1887 to run task
[2022-01-25 19:01:03,822] {logging_mixin.py:109} INFO - Running <TaskInstance: ingest_data.extract_all_data manual__2022-01-25T19:01:02.594300+00:00 [running]> on host 223810fcea28
[2022-01-25 19:01:04,039] {taskinstance.py:1426} INFO - Exporting the following env vars:
AIRFLOW_CTX_DAG_OWNER=***
AIRFLOW_CTX_DAG_ID=ingest_data
AIRFLOW_CTX_TASK_ID=extract_all_data
AIRFLOW_CTX_EXECUTION_DATE=2022-01-25T19:01:02.594300+00:00
AIRFLOW_CTX_DAG_RUN_ID=manual__2022-01-25T19:01:02.594300+00:00
[2022-01-25 19:01:04,041] {subprocess.py:62} INFO - Tmp dir root location: 
 /tmp
[2022-01-25 19:01:04,042] {subprocess.py:74} INFO - Running command: ['bash', '-c', 'echo ---------------EMPIEZA----------------- && pwd']
[2022-01-25 19:01:04,069] {subprocess.py:85} INFO - Output:
[2022-01-25 19:01:04,078] {subprocess.py:89} INFO - ---------------EMPIEZA-----------------
[2022-01-25 19:01:04,078] {subprocess.py:89} INFO - /tmp/***tmppc3bfpae
[2022-01-25 19:01:04,080] {subprocess.py:93} INFO - Command exited with return code 0
[2022-01-25 19:01:04,167] {taskinstance.py:1277} INFO - Marking task as SUCCESS. dag_id=ingest_data, task_id=extract_all_data, execution_date=20220125T190102, start_date=20220125T190103, end_date=20220125T190104
[2022-01-25 19:01:04,234] {local_task_job.py:154} INFO - Task exited with return code 0
[2022-01-25 19:01:04,303] {local_task_job.py:264} INFO - 1 downstream tasks scheduled from follow-on schedule check
