[2022-02-14 17:41:16,417] {taskinstance.py:1032} INFO - Dependencies all met for <TaskInstance: ingest_data.check scheduled__2022-02-07T00:00:00+00:00 [queued]>
[2022-02-14 17:41:16,448] {taskinstance.py:1032} INFO - Dependencies all met for <TaskInstance: ingest_data.check scheduled__2022-02-07T00:00:00+00:00 [queued]>
[2022-02-14 17:41:16,449] {taskinstance.py:1238} INFO - 
--------------------------------------------------------------------------------
[2022-02-14 17:41:16,449] {taskinstance.py:1239} INFO - Starting attempt 1 of 1
[2022-02-14 17:41:16,449] {taskinstance.py:1240} INFO - 
--------------------------------------------------------------------------------
[2022-02-14 17:41:16,474] {taskinstance.py:1259} INFO - Executing <Task(BashOperator): check> on 2022-02-07 00:00:00+00:00
[2022-02-14 17:41:16,480] {standard_task_runner.py:52} INFO - Started process 87 to run task
[2022-02-14 17:41:16,492] {standard_task_runner.py:76} INFO - Running: ['***', 'tasks', 'run', 'ingest_data', 'check', 'scheduled__2022-02-07T00:00:00+00:00', '--job-id', '126', '--raw', '--subdir', 'DAGS_FOLDER/dag_01.py', '--cfg-path', '/tmp/tmpimjwsf6i', '--error-file', '/tmp/tmpmh83yi2v']
[2022-02-14 17:41:16,493] {standard_task_runner.py:77} INFO - Job 126: Subtask check
[2022-02-14 17:41:16,641] {logging_mixin.py:109} INFO - Running <TaskInstance: ingest_data.check scheduled__2022-02-07T00:00:00+00:00 [running]> on host 223810fcea28
[2022-02-14 17:41:16,788] {taskinstance.py:1426} INFO - Exporting the following env vars:
AIRFLOW_CTX_DAG_OWNER=***
AIRFLOW_CTX_DAG_ID=ingest_data
AIRFLOW_CTX_TASK_ID=check
AIRFLOW_CTX_EXECUTION_DATE=2022-02-07T00:00:00+00:00
AIRFLOW_CTX_DAG_RUN_ID=scheduled__2022-02-07T00:00:00+00:00
[2022-02-14 17:41:16,790] {subprocess.py:62} INFO - Tmp dir root location: 
 /tmp
[2022-02-14 17:41:16,791] {subprocess.py:74} INFO - Running command: ['bash', '-c', 'echo -------------------------- EMPIEZA ------------------------']
[2022-02-14 17:41:16,832] {subprocess.py:85} INFO - Output:
[2022-02-14 17:41:16,844] {subprocess.py:89} INFO - -------------------------- EMPIEZA ------------------------
[2022-02-14 17:41:16,845] {subprocess.py:93} INFO - Command exited with return code 0
[2022-02-14 17:41:16,933] {taskinstance.py:1277} INFO - Marking task as SUCCESS. dag_id=ingest_data, task_id=check, execution_date=20220207T000000, start_date=20220214T174116, end_date=20220214T174116
[2022-02-14 17:41:16,993] {local_task_job.py:154} INFO - Task exited with return code 0
[2022-02-14 17:41:17,115] {local_task_job.py:264} INFO - 1 downstream tasks scheduled from follow-on schedule check
