[2022-01-25 19:31:03,763] {taskinstance.py:1032} INFO - Dependencies all met for <TaskInstance: ingest_data.move scheduled__2022-01-24T04:00:00+00:00 [queued]>
[2022-01-25 19:31:03,856] {taskinstance.py:1032} INFO - Dependencies all met for <TaskInstance: ingest_data.move scheduled__2022-01-24T04:00:00+00:00 [queued]>
[2022-01-25 19:31:03,856] {taskinstance.py:1238} INFO - 
--------------------------------------------------------------------------------
[2022-01-25 19:31:03,857] {taskinstance.py:1239} INFO - Starting attempt 1 of 1
[2022-01-25 19:31:03,857] {taskinstance.py:1240} INFO - 
--------------------------------------------------------------------------------
[2022-01-25 19:31:03,937] {taskinstance.py:1259} INFO - Executing <Task(BashOperator): move> on 2022-01-24 04:00:00+00:00
[2022-01-25 19:31:03,954] {standard_task_runner.py:76} INFO - Running: ['***', 'tasks', 'run', 'ingest_data', 'move', 'scheduled__2022-01-24T04:00:00+00:00', '--job-id', '35', '--raw', '--subdir', 'DAGS_FOLDER/dag_01.py', '--cfg-path', '/tmp/tmpcmr2uy0i', '--error-file', '/tmp/tmpqb7chzpg']
[2022-01-25 19:31:03,955] {standard_task_runner.py:77} INFO - Job 35: Subtask move
[2022-01-25 19:31:03,947] {standard_task_runner.py:52} INFO - Started process 3266 to run task
[2022-01-25 19:31:04,298] {logging_mixin.py:109} INFO - Running <TaskInstance: ingest_data.move scheduled__2022-01-24T04:00:00+00:00 [running]> on host 223810fcea28
[2022-01-25 19:31:04,522] {taskinstance.py:1426} INFO - Exporting the following env vars:
AIRFLOW_CTX_DAG_OWNER=***
AIRFLOW_CTX_DAG_ID=ingest_data
AIRFLOW_CTX_TASK_ID=move
AIRFLOW_CTX_EXECUTION_DATE=2022-01-24T04:00:00+00:00
AIRFLOW_CTX_DAG_RUN_ID=scheduled__2022-01-24T04:00:00+00:00
[2022-01-25 19:31:04,523] {subprocess.py:62} INFO - Tmp dir root location: 
 /tmp
[2022-01-25 19:31:04,538] {subprocess.py:74} INFO - Running command: ['bash', '-c', 'cd /opt/***/']
[2022-01-25 19:31:04,597] {subprocess.py:85} INFO - Output:
[2022-01-25 19:31:04,613] {subprocess.py:93} INFO - Command exited with return code 0
[2022-01-25 19:31:04,767] {taskinstance.py:1277} INFO - Marking task as SUCCESS. dag_id=ingest_data, task_id=move, execution_date=20220124T040000, start_date=20220125T193103, end_date=20220125T193104
[2022-01-25 19:31:04,948] {local_task_job.py:154} INFO - Task exited with return code 0
[2022-01-25 19:31:05,074] {local_task_job.py:264} INFO - 1 downstream tasks scheduled from follow-on schedule check
