[2022-01-25 19:31:39,389] {taskinstance.py:1032} INFO - Dependencies all met for <TaskInstance: ingest_data.move scheduled__2022-01-25T02:00:00+00:00 [queued]>
[2022-01-25 19:31:39,424] {taskinstance.py:1032} INFO - Dependencies all met for <TaskInstance: ingest_data.move scheduled__2022-01-25T02:00:00+00:00 [queued]>
[2022-01-25 19:31:39,424] {taskinstance.py:1238} INFO - 
--------------------------------------------------------------------------------
[2022-01-25 19:31:39,425] {taskinstance.py:1239} INFO - Starting attempt 1 of 1
[2022-01-25 19:31:39,425] {taskinstance.py:1240} INFO - 
--------------------------------------------------------------------------------
[2022-01-25 19:31:39,472] {taskinstance.py:1259} INFO - Executing <Task(BashOperator): move> on 2022-01-25 02:00:00+00:00
[2022-01-25 19:31:39,518] {standard_task_runner.py:76} INFO - Running: ['***', 'tasks', 'run', 'ingest_data', 'move', 'scheduled__2022-01-25T02:00:00+00:00', '--job-id', '84', '--raw', '--subdir', 'DAGS_FOLDER/dag_01.py', '--cfg-path', '/tmp/tmpr7dmit4b', '--error-file', '/tmp/tmpitjllzc_']
[2022-01-25 19:31:39,519] {standard_task_runner.py:77} INFO - Job 84: Subtask move
[2022-01-25 19:31:39,513] {standard_task_runner.py:52} INFO - Started process 3425 to run task
[2022-01-25 19:31:39,831] {logging_mixin.py:109} INFO - Running <TaskInstance: ingest_data.move scheduled__2022-01-25T02:00:00+00:00 [running]> on host 223810fcea28
[2022-01-25 19:31:39,990] {taskinstance.py:1426} INFO - Exporting the following env vars:
AIRFLOW_CTX_DAG_OWNER=***
AIRFLOW_CTX_DAG_ID=ingest_data
AIRFLOW_CTX_TASK_ID=move
AIRFLOW_CTX_EXECUTION_DATE=2022-01-25T02:00:00+00:00
AIRFLOW_CTX_DAG_RUN_ID=scheduled__2022-01-25T02:00:00+00:00
[2022-01-25 19:31:39,992] {subprocess.py:62} INFO - Tmp dir root location: 
 /tmp
[2022-01-25 19:31:39,994] {subprocess.py:74} INFO - Running command: ['bash', '-c', 'cd /opt/***/']
[2022-01-25 19:31:40,013] {subprocess.py:85} INFO - Output:
[2022-01-25 19:31:40,017] {subprocess.py:93} INFO - Command exited with return code 0
[2022-01-25 19:31:40,087] {taskinstance.py:1277} INFO - Marking task as SUCCESS. dag_id=ingest_data, task_id=move, execution_date=20220125T020000, start_date=20220125T193139, end_date=20220125T193140
[2022-01-25 19:31:40,163] {local_task_job.py:154} INFO - Task exited with return code 0
[2022-01-25 19:31:40,242] {local_task_job.py:264} INFO - 1 downstream tasks scheduled from follow-on schedule check
