[2022-01-26 18:00:12,285] {taskinstance.py:1032} INFO - Dependencies all met for <TaskInstance: ingest_data.extract_all_data manual__2022-01-26T18:00:08.705414+00:00 [queued]>
[2022-01-26 18:00:12,316] {taskinstance.py:1032} INFO - Dependencies all met for <TaskInstance: ingest_data.extract_all_data manual__2022-01-26T18:00:08.705414+00:00 [queued]>
[2022-01-26 18:00:12,316] {taskinstance.py:1238} INFO - 
--------------------------------------------------------------------------------
[2022-01-26 18:00:12,316] {taskinstance.py:1239} INFO - Starting attempt 1 of 1
[2022-01-26 18:00:12,316] {taskinstance.py:1240} INFO - 
--------------------------------------------------------------------------------
[2022-01-26 18:00:12,364] {taskinstance.py:1259} INFO - Executing <Task(PythonOperator): extract_all_data> on 2022-01-26 18:00:08.705414+00:00
[2022-01-26 18:00:12,376] {standard_task_runner.py:52} INFO - Started process 6580 to run task
[2022-01-26 18:00:12,382] {standard_task_runner.py:76} INFO - Running: ['***', 'tasks', 'run', 'ingest_data', 'extract_all_data', 'manual__2022-01-26T18:00:08.705414+00:00', '--job-id', '116', '--raw', '--subdir', 'DAGS_FOLDER/dag_01.py', '--cfg-path', '/tmp/tmpf4_kce3z', '--error-file', '/tmp/tmpup3ljezn']
[2022-01-26 18:00:12,382] {standard_task_runner.py:77} INFO - Job 116: Subtask extract_all_data
[2022-01-26 18:00:12,599] {logging_mixin.py:109} INFO - Running <TaskInstance: ingest_data.extract_all_data manual__2022-01-26T18:00:08.705414+00:00 [running]> on host 223810fcea28
[2022-01-26 18:00:12,796] {taskinstance.py:1426} INFO - Exporting the following env vars:
AIRFLOW_CTX_DAG_OWNER=***
AIRFLOW_CTX_DAG_ID=ingest_data
AIRFLOW_CTX_TASK_ID=extract_all_data
AIRFLOW_CTX_EXECUTION_DATE=2022-01-26T18:00:08.705414+00:00
AIRFLOW_CTX_DAG_RUN_ID=manual__2022-01-26T18:00:08.705414+00:00
[2022-01-26 18:00:12,798] {logging_mixin.py:109} INFO - HELLO WORLD
[2022-01-26 18:00:16,138] {python.py:175} INFO - Done. Returned value was: None
[2022-01-26 18:00:16,161] {taskinstance.py:1277} INFO - Marking task as SUCCESS. dag_id=ingest_data, task_id=extract_all_data, execution_date=20220126T180008, start_date=20220126T180012, end_date=20220126T180016
[2022-01-26 18:00:16,234] {local_task_job.py:154} INFO - Task exited with return code 0
[2022-01-26 18:00:16,330] {local_task_job.py:264} INFO - 0 downstream tasks scheduled from follow-on schedule check
