[2022-01-24 19:43:17,527] {processor.py:163} INFO - Started process (PID=232) to work on /home/airflow/.local/lib/python3.6/site-packages/airflow/example_dags/example_branch_datetime_operator.py
[2022-01-24 19:43:17,528] {processor.py:642} INFO - Processing file /home/airflow/.local/lib/python3.6/site-packages/airflow/example_dags/example_branch_datetime_operator.py for tasks to queue
[2022-01-24 19:43:17,528] {logging_mixin.py:109} INFO - [2022-01-24 19:43:17,528] {dagbag.py:500} INFO - Filling up the DagBag from /home/airflow/.local/lib/python3.6/site-packages/airflow/example_dags/example_branch_datetime_operator.py
[2022-01-24 19:43:17,558] {processor.py:654} INFO - DAG(s) dict_keys(['example_branch_datetime_operator_2']) retrieved from /home/airflow/.local/lib/python3.6/site-packages/airflow/example_dags/example_branch_datetime_operator.py
[2022-01-24 19:43:20,756] {logging_mixin.py:109} INFO - [2022-01-24 19:43:20,756] {manager.py:496} INFO - Created Permission View: can edit on DAG:example_branch_datetime_operator_2
[2022-01-24 19:43:20,769] {logging_mixin.py:109} INFO - [2022-01-24 19:43:20,769] {manager.py:496} INFO - Created Permission View: can read on DAG:example_branch_datetime_operator_2
[2022-01-24 19:43:20,772] {logging_mixin.py:109} INFO - [2022-01-24 19:43:20,769] {dag.py:2396} INFO - Sync 1 DAGs
[2022-01-24 19:43:20,792] {logging_mixin.py:109} INFO - [2022-01-24 19:43:20,790] {dag.py:2415} INFO - Creating ORM DAG for example_branch_datetime_operator_2
[2022-01-24 19:43:20,813] {logging_mixin.py:109} INFO - [2022-01-24 19:43:20,808] {dag.py:2935} INFO - Setting next_dagrun for example_branch_datetime_operator_2 to 2022-01-23 00:00:00+00:00
[2022-01-24 19:43:20,833] {processor.py:171} INFO - Processing /home/airflow/.local/lib/python3.6/site-packages/airflow/example_dags/example_branch_datetime_operator.py took 3.309 seconds
[2022-01-24 19:43:51,353] {processor.py:163} INFO - Started process (PID=392) to work on /home/airflow/.local/lib/python3.6/site-packages/airflow/example_dags/example_branch_datetime_operator.py
[2022-01-24 19:43:51,354] {processor.py:642} INFO - Processing file /home/airflow/.local/lib/python3.6/site-packages/airflow/example_dags/example_branch_datetime_operator.py for tasks to queue
[2022-01-24 19:43:51,355] {logging_mixin.py:109} INFO - [2022-01-24 19:43:51,355] {dagbag.py:500} INFO - Filling up the DagBag from /home/airflow/.local/lib/python3.6/site-packages/airflow/example_dags/example_branch_datetime_operator.py
[2022-01-24 19:43:51,392] {processor.py:654} INFO - DAG(s) dict_keys(['example_branch_datetime_operator_2']) retrieved from /home/airflow/.local/lib/python3.6/site-packages/airflow/example_dags/example_branch_datetime_operator.py
[2022-01-24 19:43:51,409] {logging_mixin.py:109} INFO - [2022-01-24 19:43:51,409] {dag.py:2396} INFO - Sync 1 DAGs
[2022-01-24 19:43:51,438] {logging_mixin.py:109} INFO - [2022-01-24 19:43:51,438] {dag.py:2935} INFO - Setting next_dagrun for example_branch_datetime_operator_2 to 2022-01-23 00:00:00+00:00
[2022-01-24 19:43:51,451] {processor.py:171} INFO - Processing /home/airflow/.local/lib/python3.6/site-packages/airflow/example_dags/example_branch_datetime_operator.py took 0.102 seconds
[2022-01-24 19:44:21,611] {processor.py:163} INFO - Started process (PID=444) to work on /home/airflow/.local/lib/python3.6/site-packages/airflow/example_dags/example_branch_datetime_operator.py
[2022-01-24 19:44:21,612] {processor.py:642} INFO - Processing file /home/airflow/.local/lib/python3.6/site-packages/airflow/example_dags/example_branch_datetime_operator.py for tasks to queue
[2022-01-24 19:44:21,613] {logging_mixin.py:109} INFO - [2022-01-24 19:44:21,613] {dagbag.py:500} INFO - Filling up the DagBag from /home/airflow/.local/lib/python3.6/site-packages/airflow/example_dags/example_branch_datetime_operator.py
[2022-01-24 19:44:21,642] {processor.py:654} INFO - DAG(s) dict_keys(['example_branch_datetime_operator_2']) retrieved from /home/airflow/.local/lib/python3.6/site-packages/airflow/example_dags/example_branch_datetime_operator.py
[2022-01-24 19:44:21,654] {logging_mixin.py:109} INFO - [2022-01-24 19:44:21,654] {dag.py:2396} INFO - Sync 1 DAGs
[2022-01-24 19:44:21,672] {logging_mixin.py:109} INFO - [2022-01-24 19:44:21,672] {dag.py:2935} INFO - Setting next_dagrun for example_branch_datetime_operator_2 to 2022-01-23 00:00:00+00:00
[2022-01-24 19:44:21,680] {processor.py:171} INFO - Processing /home/airflow/.local/lib/python3.6/site-packages/airflow/example_dags/example_branch_datetime_operator.py took 0.072 seconds
[2022-01-24 19:44:52,323] {processor.py:163} INFO - Started process (PID=496) to work on /home/airflow/.local/lib/python3.6/site-packages/airflow/example_dags/example_branch_datetime_operator.py
[2022-01-24 19:44:52,323] {processor.py:642} INFO - Processing file /home/airflow/.local/lib/python3.6/site-packages/airflow/example_dags/example_branch_datetime_operator.py for tasks to queue
[2022-01-24 19:44:52,324] {logging_mixin.py:109} INFO - [2022-01-24 19:44:52,324] {dagbag.py:500} INFO - Filling up the DagBag from /home/airflow/.local/lib/python3.6/site-packages/airflow/example_dags/example_branch_datetime_operator.py
[2022-01-24 19:44:52,356] {processor.py:654} INFO - DAG(s) dict_keys(['example_branch_datetime_operator_2']) retrieved from /home/airflow/.local/lib/python3.6/site-packages/airflow/example_dags/example_branch_datetime_operator.py
[2022-01-24 19:44:52,370] {logging_mixin.py:109} INFO - [2022-01-24 19:44:52,370] {dag.py:2396} INFO - Sync 1 DAGs
[2022-01-24 19:44:52,394] {logging_mixin.py:109} INFO - [2022-01-24 19:44:52,394] {dag.py:2935} INFO - Setting next_dagrun for example_branch_datetime_operator_2 to 2022-01-23 00:00:00+00:00
[2022-01-24 19:44:52,406] {processor.py:171} INFO - Processing /home/airflow/.local/lib/python3.6/site-packages/airflow/example_dags/example_branch_datetime_operator.py took 0.086 seconds
[2022-01-24 19:45:22,833] {processor.py:163} INFO - Started process (PID=558) to work on /home/airflow/.local/lib/python3.6/site-packages/airflow/example_dags/example_branch_datetime_operator.py
[2022-01-24 19:45:22,834] {processor.py:642} INFO - Processing file /home/airflow/.local/lib/python3.6/site-packages/airflow/example_dags/example_branch_datetime_operator.py for tasks to queue
[2022-01-24 19:45:22,835] {logging_mixin.py:109} INFO - [2022-01-24 19:45:22,835] {dagbag.py:500} INFO - Filling up the DagBag from /home/airflow/.local/lib/python3.6/site-packages/airflow/example_dags/example_branch_datetime_operator.py
[2022-01-24 19:45:22,863] {processor.py:654} INFO - DAG(s) dict_keys(['example_branch_datetime_operator_2']) retrieved from /home/airflow/.local/lib/python3.6/site-packages/airflow/example_dags/example_branch_datetime_operator.py
[2022-01-24 19:45:22,875] {logging_mixin.py:109} INFO - [2022-01-24 19:45:22,875] {dag.py:2396} INFO - Sync 1 DAGs
[2022-01-24 19:45:22,896] {logging_mixin.py:109} INFO - [2022-01-24 19:45:22,896] {dag.py:2935} INFO - Setting next_dagrun for example_branch_datetime_operator_2 to 2022-01-23 00:00:00+00:00
[2022-01-24 19:45:22,907] {processor.py:171} INFO - Processing /home/airflow/.local/lib/python3.6/site-packages/airflow/example_dags/example_branch_datetime_operator.py took 0.077 seconds
[2022-01-24 19:45:53,491] {processor.py:163} INFO - Started process (PID=611) to work on /home/airflow/.local/lib/python3.6/site-packages/airflow/example_dags/example_branch_datetime_operator.py
[2022-01-24 19:45:53,493] {processor.py:642} INFO - Processing file /home/airflow/.local/lib/python3.6/site-packages/airflow/example_dags/example_branch_datetime_operator.py for tasks to queue
[2022-01-24 19:45:53,493] {logging_mixin.py:109} INFO - [2022-01-24 19:45:53,493] {dagbag.py:500} INFO - Filling up the DagBag from /home/airflow/.local/lib/python3.6/site-packages/airflow/example_dags/example_branch_datetime_operator.py
[2022-01-24 19:45:53,531] {processor.py:654} INFO - DAG(s) dict_keys(['example_branch_datetime_operator_2']) retrieved from /home/airflow/.local/lib/python3.6/site-packages/airflow/example_dags/example_branch_datetime_operator.py
[2022-01-24 19:45:53,546] {logging_mixin.py:109} INFO - [2022-01-24 19:45:53,546] {dag.py:2396} INFO - Sync 1 DAGs
[2022-01-24 19:45:53,575] {logging_mixin.py:109} INFO - [2022-01-24 19:45:53,575] {dag.py:2935} INFO - Setting next_dagrun for example_branch_datetime_operator_2 to 2022-01-23 00:00:00+00:00
[2022-01-24 19:45:53,588] {processor.py:171} INFO - Processing /home/airflow/.local/lib/python3.6/site-packages/airflow/example_dags/example_branch_datetime_operator.py took 0.101 seconds
[2022-01-24 19:46:23,707] {processor.py:163} INFO - Started process (PID=664) to work on /home/airflow/.local/lib/python3.6/site-packages/airflow/example_dags/example_branch_datetime_operator.py
[2022-01-24 19:46:23,708] {processor.py:642} INFO - Processing file /home/airflow/.local/lib/python3.6/site-packages/airflow/example_dags/example_branch_datetime_operator.py for tasks to queue
[2022-01-24 19:46:23,709] {logging_mixin.py:109} INFO - [2022-01-24 19:46:23,709] {dagbag.py:500} INFO - Filling up the DagBag from /home/airflow/.local/lib/python3.6/site-packages/airflow/example_dags/example_branch_datetime_operator.py
[2022-01-24 19:46:23,740] {processor.py:654} INFO - DAG(s) dict_keys(['example_branch_datetime_operator_2']) retrieved from /home/airflow/.local/lib/python3.6/site-packages/airflow/example_dags/example_branch_datetime_operator.py
[2022-01-24 19:46:23,752] {logging_mixin.py:109} INFO - [2022-01-24 19:46:23,752] {dag.py:2396} INFO - Sync 1 DAGs
[2022-01-24 19:46:23,773] {logging_mixin.py:109} INFO - [2022-01-24 19:46:23,773] {dag.py:2935} INFO - Setting next_dagrun for example_branch_datetime_operator_2 to 2022-01-23 00:00:00+00:00
[2022-01-24 19:46:23,782] {processor.py:171} INFO - Processing /home/airflow/.local/lib/python3.6/site-packages/airflow/example_dags/example_branch_datetime_operator.py took 0.079 seconds
[2022-01-24 19:46:54,485] {processor.py:163} INFO - Started process (PID=717) to work on /home/airflow/.local/lib/python3.6/site-packages/airflow/example_dags/example_branch_datetime_operator.py
[2022-01-24 19:46:54,489] {processor.py:642} INFO - Processing file /home/airflow/.local/lib/python3.6/site-packages/airflow/example_dags/example_branch_datetime_operator.py for tasks to queue
[2022-01-24 19:46:54,490] {logging_mixin.py:109} INFO - [2022-01-24 19:46:54,489] {dagbag.py:500} INFO - Filling up the DagBag from /home/airflow/.local/lib/python3.6/site-packages/airflow/example_dags/example_branch_datetime_operator.py
[2022-01-24 19:46:54,526] {processor.py:654} INFO - DAG(s) dict_keys(['example_branch_datetime_operator_2']) retrieved from /home/airflow/.local/lib/python3.6/site-packages/airflow/example_dags/example_branch_datetime_operator.py
[2022-01-24 19:46:54,539] {logging_mixin.py:109} INFO - [2022-01-24 19:46:54,539] {dag.py:2396} INFO - Sync 1 DAGs
[2022-01-24 19:46:54,565] {logging_mixin.py:109} INFO - [2022-01-24 19:46:54,565] {dag.py:2935} INFO - Setting next_dagrun for example_branch_datetime_operator_2 to 2022-01-23 00:00:00+00:00
[2022-01-24 19:46:54,709] {processor.py:171} INFO - Processing /home/airflow/.local/lib/python3.6/site-packages/airflow/example_dags/example_branch_datetime_operator.py took 0.227 seconds
[2022-01-24 19:47:24,884] {processor.py:163} INFO - Started process (PID=779) to work on /home/airflow/.local/lib/python3.6/site-packages/airflow/example_dags/example_branch_datetime_operator.py
[2022-01-24 19:47:24,892] {processor.py:642} INFO - Processing file /home/airflow/.local/lib/python3.6/site-packages/airflow/example_dags/example_branch_datetime_operator.py for tasks to queue
[2022-01-24 19:47:24,893] {logging_mixin.py:109} INFO - [2022-01-24 19:47:24,893] {dagbag.py:500} INFO - Filling up the DagBag from /home/airflow/.local/lib/python3.6/site-packages/airflow/example_dags/example_branch_datetime_operator.py
[2022-01-24 19:47:24,918] {processor.py:654} INFO - DAG(s) dict_keys(['example_branch_datetime_operator_2']) retrieved from /home/airflow/.local/lib/python3.6/site-packages/airflow/example_dags/example_branch_datetime_operator.py
[2022-01-24 19:47:24,932] {logging_mixin.py:109} INFO - [2022-01-24 19:47:24,932] {dag.py:2396} INFO - Sync 1 DAGs
[2022-01-24 19:47:24,954] {logging_mixin.py:109} INFO - [2022-01-24 19:47:24,954] {dag.py:2935} INFO - Setting next_dagrun for example_branch_datetime_operator_2 to 2022-01-23 00:00:00+00:00
[2022-01-24 19:47:24,975] {processor.py:171} INFO - Processing /home/airflow/.local/lib/python3.6/site-packages/airflow/example_dags/example_branch_datetime_operator.py took 0.094 seconds
[2022-01-24 19:47:55,057] {processor.py:163} INFO - Started process (PID=830) to work on /home/airflow/.local/lib/python3.6/site-packages/airflow/example_dags/example_branch_datetime_operator.py
[2022-01-24 19:47:55,064] {processor.py:642} INFO - Processing file /home/airflow/.local/lib/python3.6/site-packages/airflow/example_dags/example_branch_datetime_operator.py for tasks to queue
[2022-01-24 19:47:55,066] {logging_mixin.py:109} INFO - [2022-01-24 19:47:55,065] {dagbag.py:500} INFO - Filling up the DagBag from /home/airflow/.local/lib/python3.6/site-packages/airflow/example_dags/example_branch_datetime_operator.py
[2022-01-24 19:47:55,103] {processor.py:654} INFO - DAG(s) dict_keys(['example_branch_datetime_operator_2']) retrieved from /home/airflow/.local/lib/python3.6/site-packages/airflow/example_dags/example_branch_datetime_operator.py
[2022-01-24 19:47:55,118] {logging_mixin.py:109} INFO - [2022-01-24 19:47:55,118] {dag.py:2396} INFO - Sync 1 DAGs
[2022-01-24 19:47:55,141] {logging_mixin.py:109} INFO - [2022-01-24 19:47:55,141] {dag.py:2935} INFO - Setting next_dagrun for example_branch_datetime_operator_2 to 2022-01-23 00:00:00+00:00
[2022-01-24 19:47:55,155] {processor.py:171} INFO - Processing /home/airflow/.local/lib/python3.6/site-packages/airflow/example_dags/example_branch_datetime_operator.py took 0.108 seconds
[2022-01-24 19:48:26,001] {processor.py:163} INFO - Started process (PID=893) to work on /home/airflow/.local/lib/python3.6/site-packages/airflow/example_dags/example_branch_datetime_operator.py
[2022-01-24 19:48:26,002] {processor.py:642} INFO - Processing file /home/airflow/.local/lib/python3.6/site-packages/airflow/example_dags/example_branch_datetime_operator.py for tasks to queue
[2022-01-24 19:48:26,003] {logging_mixin.py:109} INFO - [2022-01-24 19:48:26,003] {dagbag.py:500} INFO - Filling up the DagBag from /home/airflow/.local/lib/python3.6/site-packages/airflow/example_dags/example_branch_datetime_operator.py
[2022-01-24 19:48:26,044] {processor.py:654} INFO - DAG(s) dict_keys(['example_branch_datetime_operator_2']) retrieved from /home/airflow/.local/lib/python3.6/site-packages/airflow/example_dags/example_branch_datetime_operator.py
[2022-01-24 19:48:26,062] {logging_mixin.py:109} INFO - [2022-01-24 19:48:26,062] {dag.py:2396} INFO - Sync 1 DAGs
[2022-01-24 19:48:26,088] {logging_mixin.py:109} INFO - [2022-01-24 19:48:26,088] {dag.py:2935} INFO - Setting next_dagrun for example_branch_datetime_operator_2 to 2022-01-23 00:00:00+00:00
[2022-01-24 19:48:26,099] {processor.py:171} INFO - Processing /home/airflow/.local/lib/python3.6/site-packages/airflow/example_dags/example_branch_datetime_operator.py took 0.101 seconds
[2022-01-24 19:48:56,221] {processor.py:163} INFO - Started process (PID=946) to work on /home/airflow/.local/lib/python3.6/site-packages/airflow/example_dags/example_branch_datetime_operator.py
[2022-01-24 19:48:56,222] {processor.py:642} INFO - Processing file /home/airflow/.local/lib/python3.6/site-packages/airflow/example_dags/example_branch_datetime_operator.py for tasks to queue
[2022-01-24 19:48:56,223] {logging_mixin.py:109} INFO - [2022-01-24 19:48:56,223] {dagbag.py:500} INFO - Filling up the DagBag from /home/airflow/.local/lib/python3.6/site-packages/airflow/example_dags/example_branch_datetime_operator.py
[2022-01-24 19:48:56,259] {processor.py:654} INFO - DAG(s) dict_keys(['example_branch_datetime_operator_2']) retrieved from /home/airflow/.local/lib/python3.6/site-packages/airflow/example_dags/example_branch_datetime_operator.py
[2022-01-24 19:48:56,271] {logging_mixin.py:109} INFO - [2022-01-24 19:48:56,271] {dag.py:2396} INFO - Sync 1 DAGs
[2022-01-24 19:48:56,291] {logging_mixin.py:109} INFO - [2022-01-24 19:48:56,291] {dag.py:2935} INFO - Setting next_dagrun for example_branch_datetime_operator_2 to 2022-01-23 00:00:00+00:00
[2022-01-24 19:48:56,300] {processor.py:171} INFO - Processing /home/airflow/.local/lib/python3.6/site-packages/airflow/example_dags/example_branch_datetime_operator.py took 0.082 seconds
[2022-01-24 19:49:26,466] {processor.py:163} INFO - Started process (PID=1006) to work on /home/airflow/.local/lib/python3.6/site-packages/airflow/example_dags/example_branch_datetime_operator.py
[2022-01-24 19:49:26,467] {processor.py:642} INFO - Processing file /home/airflow/.local/lib/python3.6/site-packages/airflow/example_dags/example_branch_datetime_operator.py for tasks to queue
[2022-01-24 19:49:26,467] {logging_mixin.py:109} INFO - [2022-01-24 19:49:26,467] {dagbag.py:500} INFO - Filling up the DagBag from /home/airflow/.local/lib/python3.6/site-packages/airflow/example_dags/example_branch_datetime_operator.py
[2022-01-24 19:49:26,493] {processor.py:654} INFO - DAG(s) dict_keys(['example_branch_datetime_operator_2']) retrieved from /home/airflow/.local/lib/python3.6/site-packages/airflow/example_dags/example_branch_datetime_operator.py
[2022-01-24 19:49:26,504] {logging_mixin.py:109} INFO - [2022-01-24 19:49:26,504] {dag.py:2396} INFO - Sync 1 DAGs
[2022-01-24 19:49:26,529] {logging_mixin.py:109} INFO - [2022-01-24 19:49:26,529] {dag.py:2935} INFO - Setting next_dagrun for example_branch_datetime_operator_2 to 2022-01-23 00:00:00+00:00
[2022-01-24 19:49:26,539] {processor.py:171} INFO - Processing /home/airflow/.local/lib/python3.6/site-packages/airflow/example_dags/example_branch_datetime_operator.py took 0.076 seconds
[2022-01-24 19:49:57,427] {processor.py:163} INFO - Started process (PID=1063) to work on /home/airflow/.local/lib/python3.6/site-packages/airflow/example_dags/example_branch_datetime_operator.py
[2022-01-24 19:49:57,428] {processor.py:642} INFO - Processing file /home/airflow/.local/lib/python3.6/site-packages/airflow/example_dags/example_branch_datetime_operator.py for tasks to queue
[2022-01-24 19:49:57,429] {logging_mixin.py:109} INFO - [2022-01-24 19:49:57,429] {dagbag.py:500} INFO - Filling up the DagBag from /home/airflow/.local/lib/python3.6/site-packages/airflow/example_dags/example_branch_datetime_operator.py
[2022-01-24 19:49:57,458] {processor.py:654} INFO - DAG(s) dict_keys(['example_branch_datetime_operator_2']) retrieved from /home/airflow/.local/lib/python3.6/site-packages/airflow/example_dags/example_branch_datetime_operator.py
[2022-01-24 19:49:57,470] {logging_mixin.py:109} INFO - [2022-01-24 19:49:57,470] {dag.py:2396} INFO - Sync 1 DAGs
[2022-01-24 19:49:57,492] {logging_mixin.py:109} INFO - [2022-01-24 19:49:57,492] {dag.py:2935} INFO - Setting next_dagrun for example_branch_datetime_operator_2 to 2022-01-23 00:00:00+00:00
[2022-01-24 19:49:57,501] {processor.py:171} INFO - Processing /home/airflow/.local/lib/python3.6/site-packages/airflow/example_dags/example_branch_datetime_operator.py took 0.077 seconds
[2022-01-24 19:50:27,524] {processor.py:163} INFO - Started process (PID=1116) to work on /home/airflow/.local/lib/python3.6/site-packages/airflow/example_dags/example_branch_datetime_operator.py
[2022-01-24 19:50:27,525] {processor.py:642} INFO - Processing file /home/airflow/.local/lib/python3.6/site-packages/airflow/example_dags/example_branch_datetime_operator.py for tasks to queue
[2022-01-24 19:50:27,525] {logging_mixin.py:109} INFO - [2022-01-24 19:50:27,525] {dagbag.py:500} INFO - Filling up the DagBag from /home/airflow/.local/lib/python3.6/site-packages/airflow/example_dags/example_branch_datetime_operator.py
[2022-01-24 19:50:27,549] {processor.py:654} INFO - DAG(s) dict_keys(['example_branch_datetime_operator_2']) retrieved from /home/airflow/.local/lib/python3.6/site-packages/airflow/example_dags/example_branch_datetime_operator.py
[2022-01-24 19:50:27,560] {logging_mixin.py:109} INFO - [2022-01-24 19:50:27,559] {dag.py:2396} INFO - Sync 1 DAGs
[2022-01-24 19:50:27,582] {logging_mixin.py:109} INFO - [2022-01-24 19:50:27,582] {dag.py:2935} INFO - Setting next_dagrun for example_branch_datetime_operator_2 to 2022-01-23 00:00:00+00:00
[2022-01-24 19:50:27,594] {processor.py:171} INFO - Processing /home/airflow/.local/lib/python3.6/site-packages/airflow/example_dags/example_branch_datetime_operator.py took 0.074 seconds
[2022-01-24 19:50:57,720] {processor.py:163} INFO - Started process (PID=1179) to work on /home/airflow/.local/lib/python3.6/site-packages/airflow/example_dags/example_branch_datetime_operator.py
[2022-01-24 19:50:57,721] {processor.py:642} INFO - Processing file /home/airflow/.local/lib/python3.6/site-packages/airflow/example_dags/example_branch_datetime_operator.py for tasks to queue
[2022-01-24 19:50:57,722] {logging_mixin.py:109} INFO - [2022-01-24 19:50:57,722] {dagbag.py:500} INFO - Filling up the DagBag from /home/airflow/.local/lib/python3.6/site-packages/airflow/example_dags/example_branch_datetime_operator.py
[2022-01-24 19:50:57,750] {processor.py:654} INFO - DAG(s) dict_keys(['example_branch_datetime_operator_2']) retrieved from /home/airflow/.local/lib/python3.6/site-packages/airflow/example_dags/example_branch_datetime_operator.py
[2022-01-24 19:50:57,765] {logging_mixin.py:109} INFO - [2022-01-24 19:50:57,765] {dag.py:2396} INFO - Sync 1 DAGs
[2022-01-24 19:50:57,785] {logging_mixin.py:109} INFO - [2022-01-24 19:50:57,785] {dag.py:2935} INFO - Setting next_dagrun for example_branch_datetime_operator_2 to 2022-01-23 00:00:00+00:00
[2022-01-24 19:50:57,796] {processor.py:171} INFO - Processing /home/airflow/.local/lib/python3.6/site-packages/airflow/example_dags/example_branch_datetime_operator.py took 0.079 seconds
[2022-01-24 19:51:28,271] {processor.py:163} INFO - Started process (PID=1233) to work on /home/airflow/.local/lib/python3.6/site-packages/airflow/example_dags/example_branch_datetime_operator.py
[2022-01-24 19:51:28,272] {processor.py:642} INFO - Processing file /home/airflow/.local/lib/python3.6/site-packages/airflow/example_dags/example_branch_datetime_operator.py for tasks to queue
[2022-01-24 19:51:28,273] {logging_mixin.py:109} INFO - [2022-01-24 19:51:28,273] {dagbag.py:500} INFO - Filling up the DagBag from /home/airflow/.local/lib/python3.6/site-packages/airflow/example_dags/example_branch_datetime_operator.py
[2022-01-24 19:51:28,301] {processor.py:654} INFO - DAG(s) dict_keys(['example_branch_datetime_operator_2']) retrieved from /home/airflow/.local/lib/python3.6/site-packages/airflow/example_dags/example_branch_datetime_operator.py
[2022-01-24 19:51:28,312] {logging_mixin.py:109} INFO - [2022-01-24 19:51:28,312] {dag.py:2396} INFO - Sync 1 DAGs
[2022-01-24 19:51:28,332] {logging_mixin.py:109} INFO - [2022-01-24 19:51:28,332] {dag.py:2935} INFO - Setting next_dagrun for example_branch_datetime_operator_2 to 2022-01-23 00:00:00+00:00
[2022-01-24 19:51:28,342] {processor.py:171} INFO - Processing /home/airflow/.local/lib/python3.6/site-packages/airflow/example_dags/example_branch_datetime_operator.py took 0.074 seconds
[2022-01-24 19:51:58,581] {processor.py:163} INFO - Started process (PID=1288) to work on /home/airflow/.local/lib/python3.6/site-packages/airflow/example_dags/example_branch_datetime_operator.py
[2022-01-24 19:51:58,582] {processor.py:642} INFO - Processing file /home/airflow/.local/lib/python3.6/site-packages/airflow/example_dags/example_branch_datetime_operator.py for tasks to queue
[2022-01-24 19:51:58,583] {logging_mixin.py:109} INFO - [2022-01-24 19:51:58,583] {dagbag.py:500} INFO - Filling up the DagBag from /home/airflow/.local/lib/python3.6/site-packages/airflow/example_dags/example_branch_datetime_operator.py
[2022-01-24 19:51:58,610] {processor.py:654} INFO - DAG(s) dict_keys(['example_branch_datetime_operator_2']) retrieved from /home/airflow/.local/lib/python3.6/site-packages/airflow/example_dags/example_branch_datetime_operator.py
[2022-01-24 19:51:58,622] {logging_mixin.py:109} INFO - [2022-01-24 19:51:58,622] {dag.py:2396} INFO - Sync 1 DAGs
[2022-01-24 19:51:58,646] {logging_mixin.py:109} INFO - [2022-01-24 19:51:58,645] {dag.py:2935} INFO - Setting next_dagrun for example_branch_datetime_operator_2 to 2022-01-23 00:00:00+00:00
[2022-01-24 19:51:58,659] {processor.py:171} INFO - Processing /home/airflow/.local/lib/python3.6/site-packages/airflow/example_dags/example_branch_datetime_operator.py took 0.080 seconds
[2022-01-24 19:52:29,186] {processor.py:163} INFO - Started process (PID=1341) to work on /home/airflow/.local/lib/python3.6/site-packages/airflow/example_dags/example_branch_datetime_operator.py
[2022-01-24 19:52:29,188] {processor.py:642} INFO - Processing file /home/airflow/.local/lib/python3.6/site-packages/airflow/example_dags/example_branch_datetime_operator.py for tasks to queue
[2022-01-24 19:52:29,189] {logging_mixin.py:109} INFO - [2022-01-24 19:52:29,189] {dagbag.py:500} INFO - Filling up the DagBag from /home/airflow/.local/lib/python3.6/site-packages/airflow/example_dags/example_branch_datetime_operator.py
[2022-01-24 19:52:29,227] {processor.py:654} INFO - DAG(s) dict_keys(['example_branch_datetime_operator_2']) retrieved from /home/airflow/.local/lib/python3.6/site-packages/airflow/example_dags/example_branch_datetime_operator.py
[2022-01-24 19:52:29,246] {logging_mixin.py:109} INFO - [2022-01-24 19:52:29,246] {dag.py:2396} INFO - Sync 1 DAGs
[2022-01-24 19:52:29,283] {logging_mixin.py:109} INFO - [2022-01-24 19:52:29,282] {dag.py:2935} INFO - Setting next_dagrun for example_branch_datetime_operator_2 to 2022-01-23 00:00:00+00:00
[2022-01-24 19:52:29,297] {processor.py:171} INFO - Processing /home/airflow/.local/lib/python3.6/site-packages/airflow/example_dags/example_branch_datetime_operator.py took 0.115 seconds
