[2022-01-24 19:43:02,317] {processor.py:163} INFO - Started process (PID=139) to work on /home/airflow/.local/lib/python3.6/site-packages/airflow/example_dags/example_branch_labels.py
[2022-01-24 19:43:02,319] {processor.py:642} INFO - Processing file /home/airflow/.local/lib/python3.6/site-packages/airflow/example_dags/example_branch_labels.py for tasks to queue
[2022-01-24 19:43:02,321] {logging_mixin.py:109} INFO - [2022-01-24 19:43:02,320] {dagbag.py:500} INFO - Filling up the DagBag from /home/airflow/.local/lib/python3.6/site-packages/airflow/example_dags/example_branch_labels.py
[2022-01-24 19:43:02,412] {processor.py:654} INFO - DAG(s) dict_keys(['example_branch_labels']) retrieved from /home/airflow/.local/lib/python3.6/site-packages/airflow/example_dags/example_branch_labels.py
[2022-01-24 19:43:06,110] {logging_mixin.py:109} INFO - [2022-01-24 19:43:06,110] {manager.py:496} INFO - Created Permission View: can edit on DAG:example_branch_labels
[2022-01-24 19:43:06,123] {logging_mixin.py:109} INFO - [2022-01-24 19:43:06,123] {manager.py:496} INFO - Created Permission View: can read on DAG:example_branch_labels
[2022-01-24 19:43:06,125] {logging_mixin.py:109} INFO - [2022-01-24 19:43:06,123] {dag.py:2396} INFO - Sync 1 DAGs
[2022-01-24 19:43:06,144] {logging_mixin.py:109} INFO - [2022-01-24 19:43:06,142] {dag.py:2415} INFO - Creating ORM DAG for example_branch_labels
[2022-01-24 19:43:06,161] {logging_mixin.py:109} INFO - [2022-01-24 19:43:06,161] {dag.py:2935} INFO - Setting next_dagrun for example_branch_labels to 2022-01-23 00:00:00+00:00
[2022-01-24 19:43:06,176] {processor.py:171} INFO - Processing /home/airflow/.local/lib/python3.6/site-packages/airflow/example_dags/example_branch_labels.py took 3.865 seconds
[2022-01-24 19:43:39,547] {processor.py:163} INFO - Started process (PID=372) to work on /home/airflow/.local/lib/python3.6/site-packages/airflow/example_dags/example_branch_labels.py
[2022-01-24 19:43:39,548] {processor.py:642} INFO - Processing file /home/airflow/.local/lib/python3.6/site-packages/airflow/example_dags/example_branch_labels.py for tasks to queue
[2022-01-24 19:43:39,550] {logging_mixin.py:109} INFO - [2022-01-24 19:43:39,549] {dagbag.py:500} INFO - Filling up the DagBag from /home/airflow/.local/lib/python3.6/site-packages/airflow/example_dags/example_branch_labels.py
[2022-01-24 19:43:39,630] {processor.py:654} INFO - DAG(s) dict_keys(['example_branch_labels']) retrieved from /home/airflow/.local/lib/python3.6/site-packages/airflow/example_dags/example_branch_labels.py
[2022-01-24 19:43:39,721] {logging_mixin.py:109} INFO - [2022-01-24 19:43:39,720] {dag.py:2396} INFO - Sync 1 DAGs
[2022-01-24 19:43:39,769] {logging_mixin.py:109} INFO - [2022-01-24 19:43:39,768] {dag.py:2935} INFO - Setting next_dagrun for example_branch_labels to 2022-01-23 00:00:00+00:00
[2022-01-24 19:43:39,782] {processor.py:171} INFO - Processing /home/airflow/.local/lib/python3.6/site-packages/airflow/example_dags/example_branch_labels.py took 0.241 seconds
[2022-01-24 19:44:10,068] {processor.py:163} INFO - Started process (PID=423) to work on /home/airflow/.local/lib/python3.6/site-packages/airflow/example_dags/example_branch_labels.py
[2022-01-24 19:44:10,069] {processor.py:642} INFO - Processing file /home/airflow/.local/lib/python3.6/site-packages/airflow/example_dags/example_branch_labels.py for tasks to queue
[2022-01-24 19:44:10,070] {logging_mixin.py:109} INFO - [2022-01-24 19:44:10,070] {dagbag.py:500} INFO - Filling up the DagBag from /home/airflow/.local/lib/python3.6/site-packages/airflow/example_dags/example_branch_labels.py
[2022-01-24 19:44:10,109] {processor.py:654} INFO - DAG(s) dict_keys(['example_branch_labels']) retrieved from /home/airflow/.local/lib/python3.6/site-packages/airflow/example_dags/example_branch_labels.py
[2022-01-24 19:44:10,135] {logging_mixin.py:109} INFO - [2022-01-24 19:44:10,134] {dag.py:2396} INFO - Sync 1 DAGs
[2022-01-24 19:44:10,167] {logging_mixin.py:109} INFO - [2022-01-24 19:44:10,166] {dag.py:2935} INFO - Setting next_dagrun for example_branch_labels to 2022-01-23 00:00:00+00:00
[2022-01-24 19:44:10,180] {processor.py:171} INFO - Processing /home/airflow/.local/lib/python3.6/site-packages/airflow/example_dags/example_branch_labels.py took 0.117 seconds
[2022-01-24 19:44:40,970] {processor.py:163} INFO - Started process (PID=474) to work on /home/airflow/.local/lib/python3.6/site-packages/airflow/example_dags/example_branch_labels.py
[2022-01-24 19:44:40,971] {processor.py:642} INFO - Processing file /home/airflow/.local/lib/python3.6/site-packages/airflow/example_dags/example_branch_labels.py for tasks to queue
[2022-01-24 19:44:40,971] {logging_mixin.py:109} INFO - [2022-01-24 19:44:40,971] {dagbag.py:500} INFO - Filling up the DagBag from /home/airflow/.local/lib/python3.6/site-packages/airflow/example_dags/example_branch_labels.py
[2022-01-24 19:44:40,996] {processor.py:654} INFO - DAG(s) dict_keys(['example_branch_labels']) retrieved from /home/airflow/.local/lib/python3.6/site-packages/airflow/example_dags/example_branch_labels.py
[2022-01-24 19:44:41,008] {logging_mixin.py:109} INFO - [2022-01-24 19:44:41,008] {dag.py:2396} INFO - Sync 1 DAGs
[2022-01-24 19:44:41,031] {logging_mixin.py:109} INFO - [2022-01-24 19:44:41,031] {dag.py:2935} INFO - Setting next_dagrun for example_branch_labels to 2022-01-23 00:00:00+00:00
[2022-01-24 19:44:41,040] {processor.py:171} INFO - Processing /home/airflow/.local/lib/python3.6/site-packages/airflow/example_dags/example_branch_labels.py took 0.073 seconds
[2022-01-24 19:45:11,664] {processor.py:163} INFO - Started process (PID=536) to work on /home/airflow/.local/lib/python3.6/site-packages/airflow/example_dags/example_branch_labels.py
[2022-01-24 19:45:11,672] {processor.py:642} INFO - Processing file /home/airflow/.local/lib/python3.6/site-packages/airflow/example_dags/example_branch_labels.py for tasks to queue
[2022-01-24 19:45:11,672] {logging_mixin.py:109} INFO - [2022-01-24 19:45:11,672] {dagbag.py:500} INFO - Filling up the DagBag from /home/airflow/.local/lib/python3.6/site-packages/airflow/example_dags/example_branch_labels.py
[2022-01-24 19:45:11,712] {processor.py:654} INFO - DAG(s) dict_keys(['example_branch_labels']) retrieved from /home/airflow/.local/lib/python3.6/site-packages/airflow/example_dags/example_branch_labels.py
[2022-01-24 19:45:11,726] {logging_mixin.py:109} INFO - [2022-01-24 19:45:11,725] {dag.py:2396} INFO - Sync 1 DAGs
[2022-01-24 19:45:11,756] {logging_mixin.py:109} INFO - [2022-01-24 19:45:11,756] {dag.py:2935} INFO - Setting next_dagrun for example_branch_labels to 2022-01-23 00:00:00+00:00
[2022-01-24 19:45:11,769] {processor.py:171} INFO - Processing /home/airflow/.local/lib/python3.6/site-packages/airflow/example_dags/example_branch_labels.py took 0.109 seconds
[2022-01-24 19:45:42,538] {processor.py:163} INFO - Started process (PID=589) to work on /home/airflow/.local/lib/python3.6/site-packages/airflow/example_dags/example_branch_labels.py
[2022-01-24 19:45:42,540] {processor.py:642} INFO - Processing file /home/airflow/.local/lib/python3.6/site-packages/airflow/example_dags/example_branch_labels.py for tasks to queue
[2022-01-24 19:45:42,541] {logging_mixin.py:109} INFO - [2022-01-24 19:45:42,541] {dagbag.py:500} INFO - Filling up the DagBag from /home/airflow/.local/lib/python3.6/site-packages/airflow/example_dags/example_branch_labels.py
[2022-01-24 19:45:42,587] {processor.py:654} INFO - DAG(s) dict_keys(['example_branch_labels']) retrieved from /home/airflow/.local/lib/python3.6/site-packages/airflow/example_dags/example_branch_labels.py
[2022-01-24 19:45:42,603] {logging_mixin.py:109} INFO - [2022-01-24 19:45:42,602] {dag.py:2396} INFO - Sync 1 DAGs
[2022-01-24 19:45:42,630] {logging_mixin.py:109} INFO - [2022-01-24 19:45:42,629] {dag.py:2935} INFO - Setting next_dagrun for example_branch_labels to 2022-01-23 00:00:00+00:00
[2022-01-24 19:45:42,643] {processor.py:171} INFO - Processing /home/airflow/.local/lib/python3.6/site-packages/airflow/example_dags/example_branch_labels.py took 0.109 seconds
[2022-01-24 19:46:12,859] {processor.py:163} INFO - Started process (PID=641) to work on /home/airflow/.local/lib/python3.6/site-packages/airflow/example_dags/example_branch_labels.py
[2022-01-24 19:46:12,860] {processor.py:642} INFO - Processing file /home/airflow/.local/lib/python3.6/site-packages/airflow/example_dags/example_branch_labels.py for tasks to queue
[2022-01-24 19:46:12,861] {logging_mixin.py:109} INFO - [2022-01-24 19:46:12,861] {dagbag.py:500} INFO - Filling up the DagBag from /home/airflow/.local/lib/python3.6/site-packages/airflow/example_dags/example_branch_labels.py
[2022-01-24 19:46:12,902] {processor.py:654} INFO - DAG(s) dict_keys(['example_branch_labels']) retrieved from /home/airflow/.local/lib/python3.6/site-packages/airflow/example_dags/example_branch_labels.py
[2022-01-24 19:46:12,917] {logging_mixin.py:109} INFO - [2022-01-24 19:46:12,917] {dag.py:2396} INFO - Sync 1 DAGs
[2022-01-24 19:46:12,946] {logging_mixin.py:109} INFO - [2022-01-24 19:46:12,946] {dag.py:2935} INFO - Setting next_dagrun for example_branch_labels to 2022-01-23 00:00:00+00:00
[2022-01-24 19:46:12,958] {processor.py:171} INFO - Processing /home/airflow/.local/lib/python3.6/site-packages/airflow/example_dags/example_branch_labels.py took 0.102 seconds
[2022-01-24 19:46:44,034] {processor.py:163} INFO - Started process (PID=705) to work on /home/airflow/.local/lib/python3.6/site-packages/airflow/example_dags/example_branch_labels.py
[2022-01-24 19:46:44,035] {processor.py:642} INFO - Processing file /home/airflow/.local/lib/python3.6/site-packages/airflow/example_dags/example_branch_labels.py for tasks to queue
[2022-01-24 19:46:44,035] {logging_mixin.py:109} INFO - [2022-01-24 19:46:44,035] {dagbag.py:500} INFO - Filling up the DagBag from /home/airflow/.local/lib/python3.6/site-packages/airflow/example_dags/example_branch_labels.py
[2022-01-24 19:46:44,060] {processor.py:654} INFO - DAG(s) dict_keys(['example_branch_labels']) retrieved from /home/airflow/.local/lib/python3.6/site-packages/airflow/example_dags/example_branch_labels.py
[2022-01-24 19:46:44,072] {logging_mixin.py:109} INFO - [2022-01-24 19:46:44,071] {dag.py:2396} INFO - Sync 1 DAGs
[2022-01-24 19:46:44,095] {logging_mixin.py:109} INFO - [2022-01-24 19:46:44,095] {dag.py:2935} INFO - Setting next_dagrun for example_branch_labels to 2022-01-23 00:00:00+00:00
[2022-01-24 19:46:44,103] {processor.py:171} INFO - Processing /home/airflow/.local/lib/python3.6/site-packages/airflow/example_dags/example_branch_labels.py took 0.072 seconds
[2022-01-24 19:47:15,181] {processor.py:163} INFO - Started process (PID=758) to work on /home/airflow/.local/lib/python3.6/site-packages/airflow/example_dags/example_branch_labels.py
[2022-01-24 19:47:15,183] {processor.py:642} INFO - Processing file /home/airflow/.local/lib/python3.6/site-packages/airflow/example_dags/example_branch_labels.py for tasks to queue
[2022-01-24 19:47:15,183] {logging_mixin.py:109} INFO - [2022-01-24 19:47:15,183] {dagbag.py:500} INFO - Filling up the DagBag from /home/airflow/.local/lib/python3.6/site-packages/airflow/example_dags/example_branch_labels.py
[2022-01-24 19:47:15,214] {processor.py:654} INFO - DAG(s) dict_keys(['example_branch_labels']) retrieved from /home/airflow/.local/lib/python3.6/site-packages/airflow/example_dags/example_branch_labels.py
[2022-01-24 19:47:15,231] {logging_mixin.py:109} INFO - [2022-01-24 19:47:15,231] {dag.py:2396} INFO - Sync 1 DAGs
[2022-01-24 19:47:15,251] {logging_mixin.py:109} INFO - [2022-01-24 19:47:15,251] {dag.py:2935} INFO - Setting next_dagrun for example_branch_labels to 2022-01-23 00:00:00+00:00
[2022-01-24 19:47:15,259] {processor.py:171} INFO - Processing /home/airflow/.local/lib/python3.6/site-packages/airflow/example_dags/example_branch_labels.py took 0.081 seconds
[2022-01-24 19:47:49,103] {processor.py:163} INFO - Started process (PID=818) to work on /home/airflow/.local/lib/python3.6/site-packages/airflow/example_dags/example_branch_labels.py
[2022-01-24 19:47:49,104] {processor.py:642} INFO - Processing file /home/airflow/.local/lib/python3.6/site-packages/airflow/example_dags/example_branch_labels.py for tasks to queue
[2022-01-24 19:47:49,105] {logging_mixin.py:109} INFO - [2022-01-24 19:47:49,105] {dagbag.py:500} INFO - Filling up the DagBag from /home/airflow/.local/lib/python3.6/site-packages/airflow/example_dags/example_branch_labels.py
[2022-01-24 19:47:49,156] {processor.py:654} INFO - DAG(s) dict_keys(['example_branch_labels']) retrieved from /home/airflow/.local/lib/python3.6/site-packages/airflow/example_dags/example_branch_labels.py
[2022-01-24 19:47:49,429] {logging_mixin.py:109} INFO - [2022-01-24 19:47:49,429] {dag.py:2396} INFO - Sync 1 DAGs
[2022-01-24 19:47:49,449] {logging_mixin.py:109} INFO - [2022-01-24 19:47:49,449] {dag.py:2935} INFO - Setting next_dagrun for example_branch_labels to 2022-01-23 00:00:00+00:00
[2022-01-24 19:47:49,628] {processor.py:171} INFO - Processing /home/airflow/.local/lib/python3.6/site-packages/airflow/example_dags/example_branch_labels.py took 0.528 seconds
[2022-01-24 19:48:20,236] {processor.py:163} INFO - Started process (PID=871) to work on /home/airflow/.local/lib/python3.6/site-packages/airflow/example_dags/example_branch_labels.py
[2022-01-24 19:48:20,237] {processor.py:642} INFO - Processing file /home/airflow/.local/lib/python3.6/site-packages/airflow/example_dags/example_branch_labels.py for tasks to queue
[2022-01-24 19:48:20,238] {logging_mixin.py:109} INFO - [2022-01-24 19:48:20,238] {dagbag.py:500} INFO - Filling up the DagBag from /home/airflow/.local/lib/python3.6/site-packages/airflow/example_dags/example_branch_labels.py
[2022-01-24 19:48:20,279] {processor.py:654} INFO - DAG(s) dict_keys(['example_branch_labels']) retrieved from /home/airflow/.local/lib/python3.6/site-packages/airflow/example_dags/example_branch_labels.py
[2022-01-24 19:48:20,294] {logging_mixin.py:109} INFO - [2022-01-24 19:48:20,293] {dag.py:2396} INFO - Sync 1 DAGs
[2022-01-24 19:48:20,320] {logging_mixin.py:109} INFO - [2022-01-24 19:48:20,320] {dag.py:2935} INFO - Setting next_dagrun for example_branch_labels to 2022-01-23 00:00:00+00:00
[2022-01-24 19:48:20,331] {processor.py:171} INFO - Processing /home/airflow/.local/lib/python3.6/site-packages/airflow/example_dags/example_branch_labels.py took 0.098 seconds
[2022-01-24 19:48:50,361] {processor.py:163} INFO - Started process (PID=934) to work on /home/airflow/.local/lib/python3.6/site-packages/airflow/example_dags/example_branch_labels.py
[2022-01-24 19:48:50,362] {processor.py:642} INFO - Processing file /home/airflow/.local/lib/python3.6/site-packages/airflow/example_dags/example_branch_labels.py for tasks to queue
[2022-01-24 19:48:50,362] {logging_mixin.py:109} INFO - [2022-01-24 19:48:50,362] {dagbag.py:500} INFO - Filling up the DagBag from /home/airflow/.local/lib/python3.6/site-packages/airflow/example_dags/example_branch_labels.py
[2022-01-24 19:48:50,388] {processor.py:654} INFO - DAG(s) dict_keys(['example_branch_labels']) retrieved from /home/airflow/.local/lib/python3.6/site-packages/airflow/example_dags/example_branch_labels.py
[2022-01-24 19:48:50,398] {logging_mixin.py:109} INFO - [2022-01-24 19:48:50,397] {dag.py:2396} INFO - Sync 1 DAGs
[2022-01-24 19:48:50,418] {logging_mixin.py:109} INFO - [2022-01-24 19:48:50,418] {dag.py:2935} INFO - Setting next_dagrun for example_branch_labels to 2022-01-23 00:00:00+00:00
[2022-01-24 19:48:50,425] {processor.py:171} INFO - Processing /home/airflow/.local/lib/python3.6/site-packages/airflow/example_dags/example_branch_labels.py took 0.067 seconds
[2022-01-24 19:49:20,673] {processor.py:163} INFO - Started process (PID=987) to work on /home/airflow/.local/lib/python3.6/site-packages/airflow/example_dags/example_branch_labels.py
[2022-01-24 19:49:20,674] {processor.py:642} INFO - Processing file /home/airflow/.local/lib/python3.6/site-packages/airflow/example_dags/example_branch_labels.py for tasks to queue
[2022-01-24 19:49:20,675] {logging_mixin.py:109} INFO - [2022-01-24 19:49:20,675] {dagbag.py:500} INFO - Filling up the DagBag from /home/airflow/.local/lib/python3.6/site-packages/airflow/example_dags/example_branch_labels.py
[2022-01-24 19:49:20,697] {processor.py:654} INFO - DAG(s) dict_keys(['example_branch_labels']) retrieved from /home/airflow/.local/lib/python3.6/site-packages/airflow/example_dags/example_branch_labels.py
[2022-01-24 19:49:20,705] {logging_mixin.py:109} INFO - [2022-01-24 19:49:20,705] {dag.py:2396} INFO - Sync 1 DAGs
[2022-01-24 19:49:20,721] {logging_mixin.py:109} INFO - [2022-01-24 19:49:20,721] {dag.py:2935} INFO - Setting next_dagrun for example_branch_labels to 2022-01-23 00:00:00+00:00
[2022-01-24 19:49:20,728] {processor.py:171} INFO - Processing /home/airflow/.local/lib/python3.6/site-packages/airflow/example_dags/example_branch_labels.py took 0.057 seconds
[2022-01-24 19:49:51,634] {processor.py:163} INFO - Started process (PID=1048) to work on /home/airflow/.local/lib/python3.6/site-packages/airflow/example_dags/example_branch_labels.py
[2022-01-24 19:49:51,635] {processor.py:642} INFO - Processing file /home/airflow/.local/lib/python3.6/site-packages/airflow/example_dags/example_branch_labels.py for tasks to queue
[2022-01-24 19:49:51,635] {logging_mixin.py:109} INFO - [2022-01-24 19:49:51,635] {dagbag.py:500} INFO - Filling up the DagBag from /home/airflow/.local/lib/python3.6/site-packages/airflow/example_dags/example_branch_labels.py
[2022-01-24 19:49:51,657] {processor.py:654} INFO - DAG(s) dict_keys(['example_branch_labels']) retrieved from /home/airflow/.local/lib/python3.6/site-packages/airflow/example_dags/example_branch_labels.py
[2022-01-24 19:49:51,668] {logging_mixin.py:109} INFO - [2022-01-24 19:49:51,668] {dag.py:2396} INFO - Sync 1 DAGs
[2022-01-24 19:49:51,691] {logging_mixin.py:109} INFO - [2022-01-24 19:49:51,690] {dag.py:2935} INFO - Setting next_dagrun for example_branch_labels to 2022-01-23 00:00:00+00:00
[2022-01-24 19:49:51,701] {processor.py:171} INFO - Processing /home/airflow/.local/lib/python3.6/site-packages/airflow/example_dags/example_branch_labels.py took 0.069 seconds
[2022-01-24 19:50:21,740] {processor.py:163} INFO - Started process (PID=1103) to work on /home/airflow/.local/lib/python3.6/site-packages/airflow/example_dags/example_branch_labels.py
[2022-01-24 19:50:21,741] {processor.py:642} INFO - Processing file /home/airflow/.local/lib/python3.6/site-packages/airflow/example_dags/example_branch_labels.py for tasks to queue
[2022-01-24 19:50:21,741] {logging_mixin.py:109} INFO - [2022-01-24 19:50:21,741] {dagbag.py:500} INFO - Filling up the DagBag from /home/airflow/.local/lib/python3.6/site-packages/airflow/example_dags/example_branch_labels.py
[2022-01-24 19:50:21,764] {processor.py:654} INFO - DAG(s) dict_keys(['example_branch_labels']) retrieved from /home/airflow/.local/lib/python3.6/site-packages/airflow/example_dags/example_branch_labels.py
[2022-01-24 19:50:21,774] {logging_mixin.py:109} INFO - [2022-01-24 19:50:21,774] {dag.py:2396} INFO - Sync 1 DAGs
[2022-01-24 19:50:21,791] {logging_mixin.py:109} INFO - [2022-01-24 19:50:21,791] {dag.py:2935} INFO - Setting next_dagrun for example_branch_labels to 2022-01-23 00:00:00+00:00
[2022-01-24 19:50:21,798] {processor.py:171} INFO - Processing /home/airflow/.local/lib/python3.6/site-packages/airflow/example_dags/example_branch_labels.py took 0.061 seconds
[2022-01-24 19:50:52,845] {processor.py:163} INFO - Started process (PID=1156) to work on /home/airflow/.local/lib/python3.6/site-packages/airflow/example_dags/example_branch_labels.py
[2022-01-24 19:50:52,846] {processor.py:642} INFO - Processing file /home/airflow/.local/lib/python3.6/site-packages/airflow/example_dags/example_branch_labels.py for tasks to queue
[2022-01-24 19:50:52,847] {logging_mixin.py:109} INFO - [2022-01-24 19:50:52,847] {dagbag.py:500} INFO - Filling up the DagBag from /home/airflow/.local/lib/python3.6/site-packages/airflow/example_dags/example_branch_labels.py
[2022-01-24 19:50:52,877] {processor.py:654} INFO - DAG(s) dict_keys(['example_branch_labels']) retrieved from /home/airflow/.local/lib/python3.6/site-packages/airflow/example_dags/example_branch_labels.py
[2022-01-24 19:50:52,892] {logging_mixin.py:109} INFO - [2022-01-24 19:50:52,892] {dag.py:2396} INFO - Sync 1 DAGs
[2022-01-24 19:50:52,917] {logging_mixin.py:109} INFO - [2022-01-24 19:50:52,917] {dag.py:2935} INFO - Setting next_dagrun for example_branch_labels to 2022-01-23 00:00:00+00:00
[2022-01-24 19:50:52,930] {processor.py:171} INFO - Processing /home/airflow/.local/lib/python3.6/site-packages/airflow/example_dags/example_branch_labels.py took 0.088 seconds
[2022-01-24 19:51:23,513] {processor.py:163} INFO - Started process (PID=1220) to work on /home/airflow/.local/lib/python3.6/site-packages/airflow/example_dags/example_branch_labels.py
[2022-01-24 19:51:23,514] {processor.py:642} INFO - Processing file /home/airflow/.local/lib/python3.6/site-packages/airflow/example_dags/example_branch_labels.py for tasks to queue
[2022-01-24 19:51:23,515] {logging_mixin.py:109} INFO - [2022-01-24 19:51:23,515] {dagbag.py:500} INFO - Filling up the DagBag from /home/airflow/.local/lib/python3.6/site-packages/airflow/example_dags/example_branch_labels.py
[2022-01-24 19:51:23,545] {processor.py:654} INFO - DAG(s) dict_keys(['example_branch_labels']) retrieved from /home/airflow/.local/lib/python3.6/site-packages/airflow/example_dags/example_branch_labels.py
[2022-01-24 19:51:23,559] {logging_mixin.py:109} INFO - [2022-01-24 19:51:23,559] {dag.py:2396} INFO - Sync 1 DAGs
[2022-01-24 19:51:23,583] {logging_mixin.py:109} INFO - [2022-01-24 19:51:23,583] {dag.py:2935} INFO - Setting next_dagrun for example_branch_labels to 2022-01-23 00:00:00+00:00
[2022-01-24 19:51:23,593] {processor.py:171} INFO - Processing /home/airflow/.local/lib/python3.6/site-packages/airflow/example_dags/example_branch_labels.py took 0.083 seconds
[2022-01-24 19:51:53,905] {processor.py:163} INFO - Started process (PID=1275) to work on /home/airflow/.local/lib/python3.6/site-packages/airflow/example_dags/example_branch_labels.py
[2022-01-24 19:51:53,906] {processor.py:642} INFO - Processing file /home/airflow/.local/lib/python3.6/site-packages/airflow/example_dags/example_branch_labels.py for tasks to queue
[2022-01-24 19:51:53,907] {logging_mixin.py:109} INFO - [2022-01-24 19:51:53,907] {dagbag.py:500} INFO - Filling up the DagBag from /home/airflow/.local/lib/python3.6/site-packages/airflow/example_dags/example_branch_labels.py
[2022-01-24 19:51:53,935] {processor.py:654} INFO - DAG(s) dict_keys(['example_branch_labels']) retrieved from /home/airflow/.local/lib/python3.6/site-packages/airflow/example_dags/example_branch_labels.py
[2022-01-24 19:51:53,950] {logging_mixin.py:109} INFO - [2022-01-24 19:51:53,950] {dag.py:2396} INFO - Sync 1 DAGs
[2022-01-24 19:51:53,974] {logging_mixin.py:109} INFO - [2022-01-24 19:51:53,974] {dag.py:2935} INFO - Setting next_dagrun for example_branch_labels to 2022-01-23 00:00:00+00:00
[2022-01-24 19:51:53,982] {processor.py:171} INFO - Processing /home/airflow/.local/lib/python3.6/site-packages/airflow/example_dags/example_branch_labels.py took 0.081 seconds
[2022-01-24 19:52:24,194] {processor.py:163} INFO - Started process (PID=1328) to work on /home/airflow/.local/lib/python3.6/site-packages/airflow/example_dags/example_branch_labels.py
[2022-01-24 19:52:24,197] {processor.py:642} INFO - Processing file /home/airflow/.local/lib/python3.6/site-packages/airflow/example_dags/example_branch_labels.py for tasks to queue
[2022-01-24 19:52:24,198] {logging_mixin.py:109} INFO - [2022-01-24 19:52:24,197] {dagbag.py:500} INFO - Filling up the DagBag from /home/airflow/.local/lib/python3.6/site-packages/airflow/example_dags/example_branch_labels.py
[2022-01-24 19:52:24,267] {processor.py:654} INFO - DAG(s) dict_keys(['example_branch_labels']) retrieved from /home/airflow/.local/lib/python3.6/site-packages/airflow/example_dags/example_branch_labels.py
[2022-01-24 19:52:24,287] {logging_mixin.py:109} INFO - [2022-01-24 19:52:24,287] {dag.py:2396} INFO - Sync 1 DAGs
[2022-01-24 19:52:24,314] {logging_mixin.py:109} INFO - [2022-01-24 19:52:24,314] {dag.py:2935} INFO - Setting next_dagrun for example_branch_labels to 2022-01-23 00:00:00+00:00
[2022-01-24 19:52:24,323] {processor.py:171} INFO - Processing /home/airflow/.local/lib/python3.6/site-packages/airflow/example_dags/example_branch_labels.py took 0.136 seconds
