[2022-01-24 19:43:09,192] {processor.py:163} INFO - Started process (PID=177) to work on /home/airflow/.local/lib/python3.6/site-packages/airflow/example_dags/example_trigger_controller_dag.py
[2022-01-24 19:43:09,193] {processor.py:642} INFO - Processing file /home/airflow/.local/lib/python3.6/site-packages/airflow/example_dags/example_trigger_controller_dag.py for tasks to queue
[2022-01-24 19:43:09,194] {logging_mixin.py:109} INFO - [2022-01-24 19:43:09,194] {dagbag.py:500} INFO - Filling up the DagBag from /home/airflow/.local/lib/python3.6/site-packages/airflow/example_dags/example_trigger_controller_dag.py
[2022-01-24 19:43:09,227] {processor.py:654} INFO - DAG(s) dict_keys(['example_trigger_controller_dag']) retrieved from /home/airflow/.local/lib/python3.6/site-packages/airflow/example_dags/example_trigger_controller_dag.py
[2022-01-24 19:43:12,012] {logging_mixin.py:109} INFO - [2022-01-24 19:43:12,012] {manager.py:496} INFO - Created Permission View: can edit on DAG:example_trigger_controller_dag
[2022-01-24 19:43:12,022] {logging_mixin.py:109} INFO - [2022-01-24 19:43:12,021] {manager.py:496} INFO - Created Permission View: can read on DAG:example_trigger_controller_dag
[2022-01-24 19:43:12,023] {logging_mixin.py:109} INFO - [2022-01-24 19:43:12,022] {dag.py:2396} INFO - Sync 1 DAGs
[2022-01-24 19:43:12,036] {logging_mixin.py:109} INFO - [2022-01-24 19:43:12,035] {dag.py:2415} INFO - Creating ORM DAG for example_trigger_controller_dag
[2022-01-24 19:43:12,045] {logging_mixin.py:109} INFO - [2022-01-24 19:43:12,044] {dag.py:2935} INFO - Setting next_dagrun for example_trigger_controller_dag to 2021-01-01T00:00:00+00:00
[2022-01-24 19:43:12,056] {processor.py:171} INFO - Processing /home/airflow/.local/lib/python3.6/site-packages/airflow/example_dags/example_trigger_controller_dag.py took 2.867 seconds
[2022-01-24 19:43:42,124] {processor.py:163} INFO - Started process (PID=375) to work on /home/airflow/.local/lib/python3.6/site-packages/airflow/example_dags/example_trigger_controller_dag.py
[2022-01-24 19:43:42,126] {processor.py:642} INFO - Processing file /home/airflow/.local/lib/python3.6/site-packages/airflow/example_dags/example_trigger_controller_dag.py for tasks to queue
[2022-01-24 19:43:42,126] {logging_mixin.py:109} INFO - [2022-01-24 19:43:42,126] {dagbag.py:500} INFO - Filling up the DagBag from /home/airflow/.local/lib/python3.6/site-packages/airflow/example_dags/example_trigger_controller_dag.py
[2022-01-24 19:43:42,152] {processor.py:654} INFO - DAG(s) dict_keys(['example_trigger_controller_dag']) retrieved from /home/airflow/.local/lib/python3.6/site-packages/airflow/example_dags/example_trigger_controller_dag.py
[2022-01-24 19:43:42,163] {logging_mixin.py:109} INFO - [2022-01-24 19:43:42,163] {dag.py:2396} INFO - Sync 1 DAGs
[2022-01-24 19:43:42,183] {logging_mixin.py:109} INFO - [2022-01-24 19:43:42,183] {dag.py:2935} INFO - Setting next_dagrun for example_trigger_controller_dag to 2021-01-01T00:00:00+00:00
[2022-01-24 19:43:42,193] {processor.py:171} INFO - Processing /home/airflow/.local/lib/python3.6/site-packages/airflow/example_dags/example_trigger_controller_dag.py took 0.071 seconds
[2022-01-24 19:44:12,409] {processor.py:163} INFO - Started process (PID=427) to work on /home/airflow/.local/lib/python3.6/site-packages/airflow/example_dags/example_trigger_controller_dag.py
[2022-01-24 19:44:12,410] {processor.py:642} INFO - Processing file /home/airflow/.local/lib/python3.6/site-packages/airflow/example_dags/example_trigger_controller_dag.py for tasks to queue
[2022-01-24 19:44:12,411] {logging_mixin.py:109} INFO - [2022-01-24 19:44:12,411] {dagbag.py:500} INFO - Filling up the DagBag from /home/airflow/.local/lib/python3.6/site-packages/airflow/example_dags/example_trigger_controller_dag.py
[2022-01-24 19:44:12,434] {processor.py:654} INFO - DAG(s) dict_keys(['example_trigger_controller_dag']) retrieved from /home/airflow/.local/lib/python3.6/site-packages/airflow/example_dags/example_trigger_controller_dag.py
[2022-01-24 19:44:12,449] {logging_mixin.py:109} INFO - [2022-01-24 19:44:12,449] {dag.py:2396} INFO - Sync 1 DAGs
[2022-01-24 19:44:12,467] {logging_mixin.py:109} INFO - [2022-01-24 19:44:12,467] {dag.py:2935} INFO - Setting next_dagrun for example_trigger_controller_dag to 2021-01-01T00:00:00+00:00
[2022-01-24 19:44:12,477] {processor.py:171} INFO - Processing /home/airflow/.local/lib/python3.6/site-packages/airflow/example_dags/example_trigger_controller_dag.py took 0.071 seconds
[2022-01-24 19:44:43,177] {processor.py:163} INFO - Started process (PID=486) to work on /home/airflow/.local/lib/python3.6/site-packages/airflow/example_dags/example_trigger_controller_dag.py
[2022-01-24 19:44:43,178] {processor.py:642} INFO - Processing file /home/airflow/.local/lib/python3.6/site-packages/airflow/example_dags/example_trigger_controller_dag.py for tasks to queue
[2022-01-24 19:44:43,179] {logging_mixin.py:109} INFO - [2022-01-24 19:44:43,179] {dagbag.py:500} INFO - Filling up the DagBag from /home/airflow/.local/lib/python3.6/site-packages/airflow/example_dags/example_trigger_controller_dag.py
[2022-01-24 19:44:43,204] {processor.py:654} INFO - DAG(s) dict_keys(['example_trigger_controller_dag']) retrieved from /home/airflow/.local/lib/python3.6/site-packages/airflow/example_dags/example_trigger_controller_dag.py
[2022-01-24 19:44:43,215] {logging_mixin.py:109} INFO - [2022-01-24 19:44:43,215] {dag.py:2396} INFO - Sync 1 DAGs
[2022-01-24 19:44:43,233] {logging_mixin.py:109} INFO - [2022-01-24 19:44:43,233] {dag.py:2935} INFO - Setting next_dagrun for example_trigger_controller_dag to 2021-01-01T00:00:00+00:00
[2022-01-24 19:44:43,241] {processor.py:171} INFO - Processing /home/airflow/.local/lib/python3.6/site-packages/airflow/example_dags/example_trigger_controller_dag.py took 0.067 seconds
[2022-01-24 19:45:14,057] {processor.py:163} INFO - Started process (PID=541) to work on /home/airflow/.local/lib/python3.6/site-packages/airflow/example_dags/example_trigger_controller_dag.py
[2022-01-24 19:45:14,059] {processor.py:642} INFO - Processing file /home/airflow/.local/lib/python3.6/site-packages/airflow/example_dags/example_trigger_controller_dag.py for tasks to queue
[2022-01-24 19:45:14,059] {logging_mixin.py:109} INFO - [2022-01-24 19:45:14,059] {dagbag.py:500} INFO - Filling up the DagBag from /home/airflow/.local/lib/python3.6/site-packages/airflow/example_dags/example_trigger_controller_dag.py
[2022-01-24 19:45:14,085] {processor.py:654} INFO - DAG(s) dict_keys(['example_trigger_controller_dag']) retrieved from /home/airflow/.local/lib/python3.6/site-packages/airflow/example_dags/example_trigger_controller_dag.py
[2022-01-24 19:45:14,095] {logging_mixin.py:109} INFO - [2022-01-24 19:45:14,095] {dag.py:2396} INFO - Sync 1 DAGs
[2022-01-24 19:45:14,114] {logging_mixin.py:109} INFO - [2022-01-24 19:45:14,114] {dag.py:2935} INFO - Setting next_dagrun for example_trigger_controller_dag to 2021-01-01T00:00:00+00:00
[2022-01-24 19:45:14,123] {processor.py:171} INFO - Processing /home/airflow/.local/lib/python3.6/site-packages/airflow/example_dags/example_trigger_controller_dag.py took 0.069 seconds
[2022-01-24 19:45:44,202] {processor.py:163} INFO - Started process (PID=594) to work on /home/airflow/.local/lib/python3.6/site-packages/airflow/example_dags/example_trigger_controller_dag.py
[2022-01-24 19:45:44,203] {processor.py:642} INFO - Processing file /home/airflow/.local/lib/python3.6/site-packages/airflow/example_dags/example_trigger_controller_dag.py for tasks to queue
[2022-01-24 19:45:44,204] {logging_mixin.py:109} INFO - [2022-01-24 19:45:44,204] {dagbag.py:500} INFO - Filling up the DagBag from /home/airflow/.local/lib/python3.6/site-packages/airflow/example_dags/example_trigger_controller_dag.py
[2022-01-24 19:45:44,233] {processor.py:654} INFO - DAG(s) dict_keys(['example_trigger_controller_dag']) retrieved from /home/airflow/.local/lib/python3.6/site-packages/airflow/example_dags/example_trigger_controller_dag.py
[2022-01-24 19:45:44,244] {logging_mixin.py:109} INFO - [2022-01-24 19:45:44,244] {dag.py:2396} INFO - Sync 1 DAGs
[2022-01-24 19:45:44,265] {logging_mixin.py:109} INFO - [2022-01-24 19:45:44,265] {dag.py:2935} INFO - Setting next_dagrun for example_trigger_controller_dag to 2021-01-01T00:00:00+00:00
[2022-01-24 19:45:44,277] {processor.py:171} INFO - Processing /home/airflow/.local/lib/python3.6/site-packages/airflow/example_dags/example_trigger_controller_dag.py took 0.078 seconds
[2022-01-24 19:46:14,503] {processor.py:163} INFO - Started process (PID=647) to work on /home/airflow/.local/lib/python3.6/site-packages/airflow/example_dags/example_trigger_controller_dag.py
[2022-01-24 19:46:14,504] {processor.py:642} INFO - Processing file /home/airflow/.local/lib/python3.6/site-packages/airflow/example_dags/example_trigger_controller_dag.py for tasks to queue
[2022-01-24 19:46:14,505] {logging_mixin.py:109} INFO - [2022-01-24 19:46:14,505] {dagbag.py:500} INFO - Filling up the DagBag from /home/airflow/.local/lib/python3.6/site-packages/airflow/example_dags/example_trigger_controller_dag.py
[2022-01-24 19:46:14,528] {processor.py:654} INFO - DAG(s) dict_keys(['example_trigger_controller_dag']) retrieved from /home/airflow/.local/lib/python3.6/site-packages/airflow/example_dags/example_trigger_controller_dag.py
[2022-01-24 19:46:14,539] {logging_mixin.py:109} INFO - [2022-01-24 19:46:14,539] {dag.py:2396} INFO - Sync 1 DAGs
[2022-01-24 19:46:14,562] {logging_mixin.py:109} INFO - [2022-01-24 19:46:14,561] {dag.py:2935} INFO - Setting next_dagrun for example_trigger_controller_dag to 2021-01-01T00:00:00+00:00
[2022-01-24 19:46:14,572] {processor.py:171} INFO - Processing /home/airflow/.local/lib/python3.6/site-packages/airflow/example_dags/example_trigger_controller_dag.py took 0.071 seconds
[2022-01-24 19:46:45,235] {processor.py:163} INFO - Started process (PID=710) to work on /home/airflow/.local/lib/python3.6/site-packages/airflow/example_dags/example_trigger_controller_dag.py
[2022-01-24 19:46:45,237] {processor.py:642} INFO - Processing file /home/airflow/.local/lib/python3.6/site-packages/airflow/example_dags/example_trigger_controller_dag.py for tasks to queue
[2022-01-24 19:46:45,237] {logging_mixin.py:109} INFO - [2022-01-24 19:46:45,237] {dagbag.py:500} INFO - Filling up the DagBag from /home/airflow/.local/lib/python3.6/site-packages/airflow/example_dags/example_trigger_controller_dag.py
[2022-01-24 19:46:45,271] {processor.py:654} INFO - DAG(s) dict_keys(['example_trigger_controller_dag']) retrieved from /home/airflow/.local/lib/python3.6/site-packages/airflow/example_dags/example_trigger_controller_dag.py
[2022-01-24 19:46:45,285] {logging_mixin.py:109} INFO - [2022-01-24 19:46:45,284] {dag.py:2396} INFO - Sync 1 DAGs
[2022-01-24 19:46:45,310] {logging_mixin.py:109} INFO - [2022-01-24 19:46:45,310] {dag.py:2935} INFO - Setting next_dagrun for example_trigger_controller_dag to 2021-01-01T00:00:00+00:00
[2022-01-24 19:46:45,332] {processor.py:171} INFO - Processing /home/airflow/.local/lib/python3.6/site-packages/airflow/example_dags/example_trigger_controller_dag.py took 0.099 seconds
[2022-01-24 19:47:15,589] {processor.py:163} INFO - Started process (PID=762) to work on /home/airflow/.local/lib/python3.6/site-packages/airflow/example_dags/example_trigger_controller_dag.py
[2022-01-24 19:47:15,591] {processor.py:642} INFO - Processing file /home/airflow/.local/lib/python3.6/site-packages/airflow/example_dags/example_trigger_controller_dag.py for tasks to queue
[2022-01-24 19:47:15,592] {logging_mixin.py:109} INFO - [2022-01-24 19:47:15,592] {dagbag.py:500} INFO - Filling up the DagBag from /home/airflow/.local/lib/python3.6/site-packages/airflow/example_dags/example_trigger_controller_dag.py
[2022-01-24 19:47:15,626] {processor.py:654} INFO - DAG(s) dict_keys(['example_trigger_controller_dag']) retrieved from /home/airflow/.local/lib/python3.6/site-packages/airflow/example_dags/example_trigger_controller_dag.py
[2022-01-24 19:47:15,641] {logging_mixin.py:109} INFO - [2022-01-24 19:47:15,641] {dag.py:2396} INFO - Sync 1 DAGs
[2022-01-24 19:47:15,666] {logging_mixin.py:109} INFO - [2022-01-24 19:47:15,665] {dag.py:2935} INFO - Setting next_dagrun for example_trigger_controller_dag to 2021-01-01T00:00:00+00:00
[2022-01-24 19:47:15,689] {processor.py:171} INFO - Processing /home/airflow/.local/lib/python3.6/site-packages/airflow/example_dags/example_trigger_controller_dag.py took 0.105 seconds
[2022-01-24 19:47:49,971] {processor.py:163} INFO - Started process (PID=821) to work on /home/airflow/.local/lib/python3.6/site-packages/airflow/example_dags/example_trigger_controller_dag.py
[2022-01-24 19:47:49,972] {processor.py:642} INFO - Processing file /home/airflow/.local/lib/python3.6/site-packages/airflow/example_dags/example_trigger_controller_dag.py for tasks to queue
[2022-01-24 19:47:49,973] {logging_mixin.py:109} INFO - [2022-01-24 19:47:49,973] {dagbag.py:500} INFO - Filling up the DagBag from /home/airflow/.local/lib/python3.6/site-packages/airflow/example_dags/example_trigger_controller_dag.py
[2022-01-24 19:47:50,004] {processor.py:654} INFO - DAG(s) dict_keys(['example_trigger_controller_dag']) retrieved from /home/airflow/.local/lib/python3.6/site-packages/airflow/example_dags/example_trigger_controller_dag.py
[2022-01-24 19:47:50,020] {logging_mixin.py:109} INFO - [2022-01-24 19:47:50,020] {dag.py:2396} INFO - Sync 1 DAGs
[2022-01-24 19:47:50,047] {logging_mixin.py:109} INFO - [2022-01-24 19:47:50,047] {dag.py:2935} INFO - Setting next_dagrun for example_trigger_controller_dag to 2021-01-01T00:00:00+00:00
[2022-01-24 19:47:50,060] {processor.py:171} INFO - Processing /home/airflow/.local/lib/python3.6/site-packages/airflow/example_dags/example_trigger_controller_dag.py took 0.093 seconds
[2022-01-24 19:48:20,368] {processor.py:163} INFO - Started process (PID=874) to work on /home/airflow/.local/lib/python3.6/site-packages/airflow/example_dags/example_trigger_controller_dag.py
[2022-01-24 19:48:20,369] {processor.py:642} INFO - Processing file /home/airflow/.local/lib/python3.6/site-packages/airflow/example_dags/example_trigger_controller_dag.py for tasks to queue
[2022-01-24 19:48:20,370] {logging_mixin.py:109} INFO - [2022-01-24 19:48:20,370] {dagbag.py:500} INFO - Filling up the DagBag from /home/airflow/.local/lib/python3.6/site-packages/airflow/example_dags/example_trigger_controller_dag.py
[2022-01-24 19:48:20,412] {processor.py:654} INFO - DAG(s) dict_keys(['example_trigger_controller_dag']) retrieved from /home/airflow/.local/lib/python3.6/site-packages/airflow/example_dags/example_trigger_controller_dag.py
[2022-01-24 19:48:20,428] {logging_mixin.py:109} INFO - [2022-01-24 19:48:20,428] {dag.py:2396} INFO - Sync 1 DAGs
[2022-01-24 19:48:20,456] {logging_mixin.py:109} INFO - [2022-01-24 19:48:20,455] {dag.py:2935} INFO - Setting next_dagrun for example_trigger_controller_dag to 2021-01-01T00:00:00+00:00
[2022-01-24 19:48:20,467] {processor.py:171} INFO - Processing /home/airflow/.local/lib/python3.6/site-packages/airflow/example_dags/example_trigger_controller_dag.py took 0.103 seconds
[2022-01-24 19:48:50,601] {processor.py:163} INFO - Started process (PID=937) to work on /home/airflow/.local/lib/python3.6/site-packages/airflow/example_dags/example_trigger_controller_dag.py
[2022-01-24 19:48:50,602] {processor.py:642} INFO - Processing file /home/airflow/.local/lib/python3.6/site-packages/airflow/example_dags/example_trigger_controller_dag.py for tasks to queue
[2022-01-24 19:48:50,603] {logging_mixin.py:109} INFO - [2022-01-24 19:48:50,602] {dagbag.py:500} INFO - Filling up the DagBag from /home/airflow/.local/lib/python3.6/site-packages/airflow/example_dags/example_trigger_controller_dag.py
[2022-01-24 19:48:50,637] {processor.py:654} INFO - DAG(s) dict_keys(['example_trigger_controller_dag']) retrieved from /home/airflow/.local/lib/python3.6/site-packages/airflow/example_dags/example_trigger_controller_dag.py
[2022-01-24 19:48:50,650] {logging_mixin.py:109} INFO - [2022-01-24 19:48:50,650] {dag.py:2396} INFO - Sync 1 DAGs
[2022-01-24 19:48:50,680] {logging_mixin.py:109} INFO - [2022-01-24 19:48:50,680] {dag.py:2935} INFO - Setting next_dagrun for example_trigger_controller_dag to 2021-01-01T00:00:00+00:00
[2022-01-24 19:48:50,688] {processor.py:171} INFO - Processing /home/airflow/.local/lib/python3.6/site-packages/airflow/example_dags/example_trigger_controller_dag.py took 0.090 seconds
[2022-01-24 19:49:20,934] {processor.py:163} INFO - Started process (PID=990) to work on /home/airflow/.local/lib/python3.6/site-packages/airflow/example_dags/example_trigger_controller_dag.py
[2022-01-24 19:49:20,935] {processor.py:642} INFO - Processing file /home/airflow/.local/lib/python3.6/site-packages/airflow/example_dags/example_trigger_controller_dag.py for tasks to queue
[2022-01-24 19:49:20,935] {logging_mixin.py:109} INFO - [2022-01-24 19:49:20,935] {dagbag.py:500} INFO - Filling up the DagBag from /home/airflow/.local/lib/python3.6/site-packages/airflow/example_dags/example_trigger_controller_dag.py
[2022-01-24 19:49:20,960] {processor.py:654} INFO - DAG(s) dict_keys(['example_trigger_controller_dag']) retrieved from /home/airflow/.local/lib/python3.6/site-packages/airflow/example_dags/example_trigger_controller_dag.py
[2022-01-24 19:49:20,969] {logging_mixin.py:109} INFO - [2022-01-24 19:49:20,968] {dag.py:2396} INFO - Sync 1 DAGs
[2022-01-24 19:49:20,984] {logging_mixin.py:109} INFO - [2022-01-24 19:49:20,984] {dag.py:2935} INFO - Setting next_dagrun for example_trigger_controller_dag to 2021-01-01T00:00:00+00:00
[2022-01-24 19:49:20,991] {processor.py:171} INFO - Processing /home/airflow/.local/lib/python3.6/site-packages/airflow/example_dags/example_trigger_controller_dag.py took 0.059 seconds
[2022-01-24 19:49:51,893] {processor.py:163} INFO - Started process (PID=1053) to work on /home/airflow/.local/lib/python3.6/site-packages/airflow/example_dags/example_trigger_controller_dag.py
[2022-01-24 19:49:51,894] {processor.py:642} INFO - Processing file /home/airflow/.local/lib/python3.6/site-packages/airflow/example_dags/example_trigger_controller_dag.py for tasks to queue
[2022-01-24 19:49:51,894] {logging_mixin.py:109} INFO - [2022-01-24 19:49:51,894] {dagbag.py:500} INFO - Filling up the DagBag from /home/airflow/.local/lib/python3.6/site-packages/airflow/example_dags/example_trigger_controller_dag.py
[2022-01-24 19:49:51,918] {processor.py:654} INFO - DAG(s) dict_keys(['example_trigger_controller_dag']) retrieved from /home/airflow/.local/lib/python3.6/site-packages/airflow/example_dags/example_trigger_controller_dag.py
[2022-01-24 19:49:51,930] {logging_mixin.py:109} INFO - [2022-01-24 19:49:51,930] {dag.py:2396} INFO - Sync 1 DAGs
[2022-01-24 19:49:51,952] {logging_mixin.py:109} INFO - [2022-01-24 19:49:51,952] {dag.py:2935} INFO - Setting next_dagrun for example_trigger_controller_dag to 2021-01-01T00:00:00+00:00
[2022-01-24 19:49:51,962] {processor.py:171} INFO - Processing /home/airflow/.local/lib/python3.6/site-packages/airflow/example_dags/example_trigger_controller_dag.py took 0.071 seconds
[2022-01-24 19:50:22,908] {processor.py:163} INFO - Started process (PID=1107) to work on /home/airflow/.local/lib/python3.6/site-packages/airflow/example_dags/example_trigger_controller_dag.py
[2022-01-24 19:50:22,909] {processor.py:642} INFO - Processing file /home/airflow/.local/lib/python3.6/site-packages/airflow/example_dags/example_trigger_controller_dag.py for tasks to queue
[2022-01-24 19:50:22,909] {logging_mixin.py:109} INFO - [2022-01-24 19:50:22,909] {dagbag.py:500} INFO - Filling up the DagBag from /home/airflow/.local/lib/python3.6/site-packages/airflow/example_dags/example_trigger_controller_dag.py
[2022-01-24 19:50:22,930] {processor.py:654} INFO - DAG(s) dict_keys(['example_trigger_controller_dag']) retrieved from /home/airflow/.local/lib/python3.6/site-packages/airflow/example_dags/example_trigger_controller_dag.py
[2022-01-24 19:50:22,939] {logging_mixin.py:109} INFO - [2022-01-24 19:50:22,939] {dag.py:2396} INFO - Sync 1 DAGs
[2022-01-24 19:50:22,955] {logging_mixin.py:109} INFO - [2022-01-24 19:50:22,954] {dag.py:2935} INFO - Setting next_dagrun for example_trigger_controller_dag to 2021-01-01T00:00:00+00:00
[2022-01-24 19:50:22,962] {processor.py:171} INFO - Processing /home/airflow/.local/lib/python3.6/site-packages/airflow/example_dags/example_trigger_controller_dag.py took 0.056 seconds
[2022-01-24 19:50:53,059] {processor.py:163} INFO - Started process (PID=1159) to work on /home/airflow/.local/lib/python3.6/site-packages/airflow/example_dags/example_trigger_controller_dag.py
[2022-01-24 19:50:53,060] {processor.py:642} INFO - Processing file /home/airflow/.local/lib/python3.6/site-packages/airflow/example_dags/example_trigger_controller_dag.py for tasks to queue
[2022-01-24 19:50:53,061] {logging_mixin.py:109} INFO - [2022-01-24 19:50:53,061] {dagbag.py:500} INFO - Filling up the DagBag from /home/airflow/.local/lib/python3.6/site-packages/airflow/example_dags/example_trigger_controller_dag.py
[2022-01-24 19:50:53,093] {processor.py:654} INFO - DAG(s) dict_keys(['example_trigger_controller_dag']) retrieved from /home/airflow/.local/lib/python3.6/site-packages/airflow/example_dags/example_trigger_controller_dag.py
[2022-01-24 19:50:53,109] {logging_mixin.py:109} INFO - [2022-01-24 19:50:53,109] {dag.py:2396} INFO - Sync 1 DAGs
[2022-01-24 19:50:53,134] {logging_mixin.py:109} INFO - [2022-01-24 19:50:53,134] {dag.py:2935} INFO - Setting next_dagrun for example_trigger_controller_dag to 2021-01-01T00:00:00+00:00
[2022-01-24 19:50:53,144] {processor.py:171} INFO - Processing /home/airflow/.local/lib/python3.6/site-packages/airflow/example_dags/example_trigger_controller_dag.py took 0.089 seconds
[2022-01-24 19:51:23,642] {processor.py:163} INFO - Started process (PID=1223) to work on /home/airflow/.local/lib/python3.6/site-packages/airflow/example_dags/example_trigger_controller_dag.py
[2022-01-24 19:51:23,643] {processor.py:642} INFO - Processing file /home/airflow/.local/lib/python3.6/site-packages/airflow/example_dags/example_trigger_controller_dag.py for tasks to queue
[2022-01-24 19:51:23,644] {logging_mixin.py:109} INFO - [2022-01-24 19:51:23,644] {dagbag.py:500} INFO - Filling up the DagBag from /home/airflow/.local/lib/python3.6/site-packages/airflow/example_dags/example_trigger_controller_dag.py
[2022-01-24 19:51:23,673] {processor.py:654} INFO - DAG(s) dict_keys(['example_trigger_controller_dag']) retrieved from /home/airflow/.local/lib/python3.6/site-packages/airflow/example_dags/example_trigger_controller_dag.py
[2022-01-24 19:51:23,684] {logging_mixin.py:109} INFO - [2022-01-24 19:51:23,684] {dag.py:2396} INFO - Sync 1 DAGs
[2022-01-24 19:51:23,705] {logging_mixin.py:109} INFO - [2022-01-24 19:51:23,705] {dag.py:2935} INFO - Setting next_dagrun for example_trigger_controller_dag to 2021-01-01T00:00:00+00:00
[2022-01-24 19:51:23,713] {processor.py:171} INFO - Processing /home/airflow/.local/lib/python3.6/site-packages/airflow/example_dags/example_trigger_controller_dag.py took 0.074 seconds
[2022-01-24 19:51:54,083] {processor.py:163} INFO - Started process (PID=1278) to work on /home/airflow/.local/lib/python3.6/site-packages/airflow/example_dags/example_trigger_controller_dag.py
[2022-01-24 19:51:54,084] {processor.py:642} INFO - Processing file /home/airflow/.local/lib/python3.6/site-packages/airflow/example_dags/example_trigger_controller_dag.py for tasks to queue
[2022-01-24 19:51:54,084] {logging_mixin.py:109} INFO - [2022-01-24 19:51:54,084] {dagbag.py:500} INFO - Filling up the DagBag from /home/airflow/.local/lib/python3.6/site-packages/airflow/example_dags/example_trigger_controller_dag.py
[2022-01-24 19:51:54,111] {processor.py:654} INFO - DAG(s) dict_keys(['example_trigger_controller_dag']) retrieved from /home/airflow/.local/lib/python3.6/site-packages/airflow/example_dags/example_trigger_controller_dag.py
[2022-01-24 19:51:54,125] {logging_mixin.py:109} INFO - [2022-01-24 19:51:54,125] {dag.py:2396} INFO - Sync 1 DAGs
[2022-01-24 19:51:54,145] {logging_mixin.py:109} INFO - [2022-01-24 19:51:54,145] {dag.py:2935} INFO - Setting next_dagrun for example_trigger_controller_dag to 2021-01-01T00:00:00+00:00
[2022-01-24 19:51:54,155] {processor.py:171} INFO - Processing /home/airflow/.local/lib/python3.6/site-packages/airflow/example_dags/example_trigger_controller_dag.py took 0.077 seconds
[2022-01-24 19:52:24,424] {processor.py:163} INFO - Started process (PID=1331) to work on /home/airflow/.local/lib/python3.6/site-packages/airflow/example_dags/example_trigger_controller_dag.py
[2022-01-24 19:52:24,425] {processor.py:642} INFO - Processing file /home/airflow/.local/lib/python3.6/site-packages/airflow/example_dags/example_trigger_controller_dag.py for tasks to queue
[2022-01-24 19:52:24,426] {logging_mixin.py:109} INFO - [2022-01-24 19:52:24,426] {dagbag.py:500} INFO - Filling up the DagBag from /home/airflow/.local/lib/python3.6/site-packages/airflow/example_dags/example_trigger_controller_dag.py
[2022-01-24 19:52:24,448] {processor.py:654} INFO - DAG(s) dict_keys(['example_trigger_controller_dag']) retrieved from /home/airflow/.local/lib/python3.6/site-packages/airflow/example_dags/example_trigger_controller_dag.py
[2022-01-24 19:52:24,457] {logging_mixin.py:109} INFO - [2022-01-24 19:52:24,457] {dag.py:2396} INFO - Sync 1 DAGs
[2022-01-24 19:52:24,475] {logging_mixin.py:109} INFO - [2022-01-24 19:52:24,475] {dag.py:2935} INFO - Setting next_dagrun for example_trigger_controller_dag to 2021-01-01T00:00:00+00:00
[2022-01-24 19:52:24,483] {processor.py:171} INFO - Processing /home/airflow/.local/lib/python3.6/site-packages/airflow/example_dags/example_trigger_controller_dag.py took 0.062 seconds
