[2022-01-24 19:43:02,225] {processor.py:163} INFO - Started process (PID=137) to work on /home/airflow/.local/lib/python3.6/site-packages/airflow/example_dags/example_dag_decorator.py
[2022-01-24 19:43:02,227] {processor.py:642} INFO - Processing file /home/airflow/.local/lib/python3.6/site-packages/airflow/example_dags/example_dag_decorator.py for tasks to queue
[2022-01-24 19:43:02,232] {logging_mixin.py:109} INFO - [2022-01-24 19:43:02,232] {dagbag.py:500} INFO - Filling up the DagBag from /home/airflow/.local/lib/python3.6/site-packages/airflow/example_dags/example_dag_decorator.py
[2022-01-24 19:43:02,360] {processor.py:654} INFO - DAG(s) dict_keys(['example_dag_decorator']) retrieved from /home/airflow/.local/lib/python3.6/site-packages/airflow/example_dags/example_dag_decorator.py
[2022-01-24 19:43:05,949] {logging_mixin.py:109} INFO - [2022-01-24 19:43:05,949] {manager.py:496} INFO - Created Permission View: can edit on DAG:example_dag_decorator
[2022-01-24 19:43:05,960] {logging_mixin.py:109} INFO - [2022-01-24 19:43:05,959] {manager.py:496} INFO - Created Permission View: can read on DAG:example_dag_decorator
[2022-01-24 19:43:05,961] {logging_mixin.py:109} INFO - [2022-01-24 19:43:05,960] {dag.py:2396} INFO - Sync 1 DAGs
[2022-01-24 19:43:05,974] {logging_mixin.py:109} INFO - [2022-01-24 19:43:05,973] {dag.py:2415} INFO - Creating ORM DAG for example_dag_decorator
[2022-01-24 19:43:05,986] {logging_mixin.py:109} INFO - [2022-01-24 19:43:05,986] {dag.py:2935} INFO - Setting next_dagrun for example_dag_decorator to None
[2022-01-24 19:43:06,003] {processor.py:171} INFO - Processing /home/airflow/.local/lib/python3.6/site-packages/airflow/example_dags/example_dag_decorator.py took 3.782 seconds
[2022-01-24 19:43:39,443] {processor.py:163} INFO - Started process (PID=371) to work on /home/airflow/.local/lib/python3.6/site-packages/airflow/example_dags/example_dag_decorator.py
[2022-01-24 19:43:39,445] {processor.py:642} INFO - Processing file /home/airflow/.local/lib/python3.6/site-packages/airflow/example_dags/example_dag_decorator.py for tasks to queue
[2022-01-24 19:43:39,446] {logging_mixin.py:109} INFO - [2022-01-24 19:43:39,446] {dagbag.py:500} INFO - Filling up the DagBag from /home/airflow/.local/lib/python3.6/site-packages/airflow/example_dags/example_dag_decorator.py
[2022-01-24 19:43:39,515] {processor.py:654} INFO - DAG(s) dict_keys(['example_dag_decorator']) retrieved from /home/airflow/.local/lib/python3.6/site-packages/airflow/example_dags/example_dag_decorator.py
[2022-01-24 19:43:39,999] {logging_mixin.py:109} INFO - [2022-01-24 19:43:39,999] {dag.py:2396} INFO - Sync 1 DAGs
[2022-01-24 19:43:40,025] {logging_mixin.py:109} INFO - [2022-01-24 19:43:40,025] {dag.py:2935} INFO - Setting next_dagrun for example_dag_decorator to None
[2022-01-24 19:43:40,045] {processor.py:171} INFO - Processing /home/airflow/.local/lib/python3.6/site-packages/airflow/example_dags/example_dag_decorator.py took 0.606 seconds
[2022-01-24 19:44:10,121] {processor.py:163} INFO - Started process (PID=424) to work on /home/airflow/.local/lib/python3.6/site-packages/airflow/example_dags/example_dag_decorator.py
[2022-01-24 19:44:10,123] {processor.py:642} INFO - Processing file /home/airflow/.local/lib/python3.6/site-packages/airflow/example_dags/example_dag_decorator.py for tasks to queue
[2022-01-24 19:44:10,124] {logging_mixin.py:109} INFO - [2022-01-24 19:44:10,123] {dagbag.py:500} INFO - Filling up the DagBag from /home/airflow/.local/lib/python3.6/site-packages/airflow/example_dags/example_dag_decorator.py
[2022-01-24 19:44:10,185] {processor.py:654} INFO - DAG(s) dict_keys(['example_dag_decorator']) retrieved from /home/airflow/.local/lib/python3.6/site-packages/airflow/example_dags/example_dag_decorator.py
[2022-01-24 19:44:10,573] {logging_mixin.py:109} INFO - [2022-01-24 19:44:10,573] {dag.py:2396} INFO - Sync 1 DAGs
[2022-01-24 19:44:10,600] {logging_mixin.py:109} INFO - [2022-01-24 19:44:10,600] {dag.py:2935} INFO - Setting next_dagrun for example_dag_decorator to None
[2022-01-24 19:44:10,614] {processor.py:171} INFO - Processing /home/airflow/.local/lib/python3.6/site-packages/airflow/example_dags/example_dag_decorator.py took 0.498 seconds
[2022-01-24 19:44:41,138] {processor.py:163} INFO - Started process (PID=478) to work on /home/airflow/.local/lib/python3.6/site-packages/airflow/example_dags/example_dag_decorator.py
[2022-01-24 19:44:41,140] {processor.py:642} INFO - Processing file /home/airflow/.local/lib/python3.6/site-packages/airflow/example_dags/example_dag_decorator.py for tasks to queue
[2022-01-24 19:44:41,141] {logging_mixin.py:109} INFO - [2022-01-24 19:44:41,141] {dagbag.py:500} INFO - Filling up the DagBag from /home/airflow/.local/lib/python3.6/site-packages/airflow/example_dags/example_dag_decorator.py
[2022-01-24 19:44:41,186] {processor.py:654} INFO - DAG(s) dict_keys(['example_dag_decorator']) retrieved from /home/airflow/.local/lib/python3.6/site-packages/airflow/example_dags/example_dag_decorator.py
[2022-01-24 19:44:41,427] {logging_mixin.py:109} INFO - [2022-01-24 19:44:41,427] {dag.py:2396} INFO - Sync 1 DAGs
[2022-01-24 19:44:41,445] {logging_mixin.py:109} INFO - [2022-01-24 19:44:41,444] {dag.py:2935} INFO - Setting next_dagrun for example_dag_decorator to None
[2022-01-24 19:44:41,460] {processor.py:171} INFO - Processing /home/airflow/.local/lib/python3.6/site-packages/airflow/example_dags/example_dag_decorator.py took 0.326 seconds
[2022-01-24 19:45:11,789] {processor.py:163} INFO - Started process (PID=538) to work on /home/airflow/.local/lib/python3.6/site-packages/airflow/example_dags/example_dag_decorator.py
[2022-01-24 19:45:11,790] {processor.py:642} INFO - Processing file /home/airflow/.local/lib/python3.6/site-packages/airflow/example_dags/example_dag_decorator.py for tasks to queue
[2022-01-24 19:45:11,791] {logging_mixin.py:109} INFO - [2022-01-24 19:45:11,791] {dagbag.py:500} INFO - Filling up the DagBag from /home/airflow/.local/lib/python3.6/site-packages/airflow/example_dags/example_dag_decorator.py
[2022-01-24 19:45:11,841] {processor.py:654} INFO - DAG(s) dict_keys(['example_dag_decorator']) retrieved from /home/airflow/.local/lib/python3.6/site-packages/airflow/example_dags/example_dag_decorator.py
[2022-01-24 19:45:12,109] {logging_mixin.py:109} INFO - [2022-01-24 19:45:12,109] {dag.py:2396} INFO - Sync 1 DAGs
[2022-01-24 19:45:12,127] {logging_mixin.py:109} INFO - [2022-01-24 19:45:12,127] {dag.py:2935} INFO - Setting next_dagrun for example_dag_decorator to None
[2022-01-24 19:45:12,137] {processor.py:171} INFO - Processing /home/airflow/.local/lib/python3.6/site-packages/airflow/example_dags/example_dag_decorator.py took 0.352 seconds
[2022-01-24 19:45:42,673] {processor.py:163} INFO - Started process (PID=590) to work on /home/airflow/.local/lib/python3.6/site-packages/airflow/example_dags/example_dag_decorator.py
[2022-01-24 19:45:42,674] {processor.py:642} INFO - Processing file /home/airflow/.local/lib/python3.6/site-packages/airflow/example_dags/example_dag_decorator.py for tasks to queue
[2022-01-24 19:45:42,675] {logging_mixin.py:109} INFO - [2022-01-24 19:45:42,675] {dagbag.py:500} INFO - Filling up the DagBag from /home/airflow/.local/lib/python3.6/site-packages/airflow/example_dags/example_dag_decorator.py
[2022-01-24 19:45:42,740] {processor.py:654} INFO - DAG(s) dict_keys(['example_dag_decorator']) retrieved from /home/airflow/.local/lib/python3.6/site-packages/airflow/example_dags/example_dag_decorator.py
[2022-01-24 19:45:43,122] {logging_mixin.py:109} INFO - [2022-01-24 19:45:43,122] {dag.py:2396} INFO - Sync 1 DAGs
[2022-01-24 19:45:43,156] {logging_mixin.py:109} INFO - [2022-01-24 19:45:43,155] {dag.py:2935} INFO - Setting next_dagrun for example_dag_decorator to None
[2022-01-24 19:45:43,177] {processor.py:171} INFO - Processing /home/airflow/.local/lib/python3.6/site-packages/airflow/example_dags/example_dag_decorator.py took 0.510 seconds
[2022-01-24 19:46:13,246] {processor.py:163} INFO - Started process (PID=646) to work on /home/airflow/.local/lib/python3.6/site-packages/airflow/example_dags/example_dag_decorator.py
[2022-01-24 19:46:13,246] {processor.py:642} INFO - Processing file /home/airflow/.local/lib/python3.6/site-packages/airflow/example_dags/example_dag_decorator.py for tasks to queue
[2022-01-24 19:46:13,247] {logging_mixin.py:109} INFO - [2022-01-24 19:46:13,247] {dagbag.py:500} INFO - Filling up the DagBag from /home/airflow/.local/lib/python3.6/site-packages/airflow/example_dags/example_dag_decorator.py
[2022-01-24 19:46:13,279] {processor.py:654} INFO - DAG(s) dict_keys(['example_dag_decorator']) retrieved from /home/airflow/.local/lib/python3.6/site-packages/airflow/example_dags/example_dag_decorator.py
[2022-01-24 19:46:13,463] {logging_mixin.py:109} INFO - [2022-01-24 19:46:13,463] {dag.py:2396} INFO - Sync 1 DAGs
[2022-01-24 19:46:13,478] {logging_mixin.py:109} INFO - [2022-01-24 19:46:13,477] {dag.py:2935} INFO - Setting next_dagrun for example_dag_decorator to None
[2022-01-24 19:46:13,487] {processor.py:171} INFO - Processing /home/airflow/.local/lib/python3.6/site-packages/airflow/example_dags/example_dag_decorator.py took 0.244 seconds
[2022-01-24 19:46:44,194] {processor.py:163} INFO - Started process (PID=709) to work on /home/airflow/.local/lib/python3.6/site-packages/airflow/example_dags/example_dag_decorator.py
[2022-01-24 19:46:44,195] {processor.py:642} INFO - Processing file /home/airflow/.local/lib/python3.6/site-packages/airflow/example_dags/example_dag_decorator.py for tasks to queue
[2022-01-24 19:46:44,195] {logging_mixin.py:109} INFO - [2022-01-24 19:46:44,195] {dagbag.py:500} INFO - Filling up the DagBag from /home/airflow/.local/lib/python3.6/site-packages/airflow/example_dags/example_dag_decorator.py
[2022-01-24 19:46:44,233] {processor.py:654} INFO - DAG(s) dict_keys(['example_dag_decorator']) retrieved from /home/airflow/.local/lib/python3.6/site-packages/airflow/example_dags/example_dag_decorator.py
[2022-01-24 19:46:44,426] {logging_mixin.py:109} INFO - [2022-01-24 19:46:44,426] {dag.py:2396} INFO - Sync 1 DAGs
[2022-01-24 19:46:44,439] {logging_mixin.py:109} INFO - [2022-01-24 19:46:44,439] {dag.py:2935} INFO - Setting next_dagrun for example_dag_decorator to None
[2022-01-24 19:46:44,454] {processor.py:171} INFO - Processing /home/airflow/.local/lib/python3.6/site-packages/airflow/example_dags/example_dag_decorator.py took 0.262 seconds
[2022-01-24 19:47:15,091] {processor.py:163} INFO - Started process (PID=757) to work on /home/airflow/.local/lib/python3.6/site-packages/airflow/example_dags/example_dag_decorator.py
[2022-01-24 19:47:15,092] {processor.py:642} INFO - Processing file /home/airflow/.local/lib/python3.6/site-packages/airflow/example_dags/example_dag_decorator.py for tasks to queue
[2022-01-24 19:47:15,093] {logging_mixin.py:109} INFO - [2022-01-24 19:47:15,093] {dagbag.py:500} INFO - Filling up the DagBag from /home/airflow/.local/lib/python3.6/site-packages/airflow/example_dags/example_dag_decorator.py
[2022-01-24 19:47:15,129] {processor.py:654} INFO - DAG(s) dict_keys(['example_dag_decorator']) retrieved from /home/airflow/.local/lib/python3.6/site-packages/airflow/example_dags/example_dag_decorator.py
[2022-01-24 19:47:15,401] {logging_mixin.py:109} INFO - [2022-01-24 19:47:15,401] {dag.py:2396} INFO - Sync 1 DAGs
[2022-01-24 19:47:15,416] {logging_mixin.py:109} INFO - [2022-01-24 19:47:15,416] {dag.py:2935} INFO - Setting next_dagrun for example_dag_decorator to None
[2022-01-24 19:47:15,501] {processor.py:171} INFO - Processing /home/airflow/.local/lib/python3.6/site-packages/airflow/example_dags/example_dag_decorator.py took 0.412 seconds
[2022-01-24 19:47:48,412] {processor.py:163} INFO - Started process (PID=817) to work on /home/airflow/.local/lib/python3.6/site-packages/airflow/example_dags/example_dag_decorator.py
[2022-01-24 19:47:48,458] {processor.py:642} INFO - Processing file /home/airflow/.local/lib/python3.6/site-packages/airflow/example_dags/example_dag_decorator.py for tasks to queue
[2022-01-24 19:47:48,459] {logging_mixin.py:109} INFO - [2022-01-24 19:47:48,458] {dagbag.py:500} INFO - Filling up the DagBag from /home/airflow/.local/lib/python3.6/site-packages/airflow/example_dags/example_dag_decorator.py
[2022-01-24 19:47:48,502] {processor.py:654} INFO - DAG(s) dict_keys(['example_dag_decorator']) retrieved from /home/airflow/.local/lib/python3.6/site-packages/airflow/example_dags/example_dag_decorator.py
[2022-01-24 19:47:49,009] {logging_mixin.py:109} INFO - [2022-01-24 19:47:49,009] {dag.py:2396} INFO - Sync 1 DAGs
[2022-01-24 19:47:49,047] {logging_mixin.py:109} INFO - [2022-01-24 19:47:49,047] {dag.py:2935} INFO - Setting next_dagrun for example_dag_decorator to None
[2022-01-24 19:47:49,084] {processor.py:171} INFO - Processing /home/airflow/.local/lib/python3.6/site-packages/airflow/example_dags/example_dag_decorator.py took 0.674 seconds
[2022-01-24 19:48:19,201] {processor.py:163} INFO - Started process (PID=870) to work on /home/airflow/.local/lib/python3.6/site-packages/airflow/example_dags/example_dag_decorator.py
[2022-01-24 19:48:19,202] {processor.py:642} INFO - Processing file /home/airflow/.local/lib/python3.6/site-packages/airflow/example_dags/example_dag_decorator.py for tasks to queue
[2022-01-24 19:48:19,202] {logging_mixin.py:109} INFO - [2022-01-24 19:48:19,202] {dagbag.py:500} INFO - Filling up the DagBag from /home/airflow/.local/lib/python3.6/site-packages/airflow/example_dags/example_dag_decorator.py
[2022-01-24 19:48:19,240] {processor.py:654} INFO - DAG(s) dict_keys(['example_dag_decorator']) retrieved from /home/airflow/.local/lib/python3.6/site-packages/airflow/example_dags/example_dag_decorator.py
[2022-01-24 19:48:19,417] {logging_mixin.py:109} INFO - [2022-01-24 19:48:19,417] {dag.py:2396} INFO - Sync 1 DAGs
[2022-01-24 19:48:19,430] {logging_mixin.py:109} INFO - [2022-01-24 19:48:19,430] {dag.py:2935} INFO - Setting next_dagrun for example_dag_decorator to None
[2022-01-24 19:48:19,438] {processor.py:171} INFO - Processing /home/airflow/.local/lib/python3.6/site-packages/airflow/example_dags/example_dag_decorator.py took 0.239 seconds
[2022-01-24 19:48:50,307] {processor.py:163} INFO - Started process (PID=933) to work on /home/airflow/.local/lib/python3.6/site-packages/airflow/example_dags/example_dag_decorator.py
[2022-01-24 19:48:50,308] {processor.py:642} INFO - Processing file /home/airflow/.local/lib/python3.6/site-packages/airflow/example_dags/example_dag_decorator.py for tasks to queue
[2022-01-24 19:48:50,309] {logging_mixin.py:109} INFO - [2022-01-24 19:48:50,308] {dagbag.py:500} INFO - Filling up the DagBag from /home/airflow/.local/lib/python3.6/site-packages/airflow/example_dags/example_dag_decorator.py
[2022-01-24 19:48:50,340] {processor.py:654} INFO - DAG(s) dict_keys(['example_dag_decorator']) retrieved from /home/airflow/.local/lib/python3.6/site-packages/airflow/example_dags/example_dag_decorator.py
[2022-01-24 19:48:50,551] {logging_mixin.py:109} INFO - [2022-01-24 19:48:50,550] {dag.py:2396} INFO - Sync 1 DAGs
[2022-01-24 19:48:50,571] {logging_mixin.py:109} INFO - [2022-01-24 19:48:50,570] {dag.py:2935} INFO - Setting next_dagrun for example_dag_decorator to None
[2022-01-24 19:48:50,583] {processor.py:171} INFO - Processing /home/airflow/.local/lib/python3.6/site-packages/airflow/example_dags/example_dag_decorator.py took 0.278 seconds
[2022-01-24 19:49:20,670] {processor.py:163} INFO - Started process (PID=986) to work on /home/airflow/.local/lib/python3.6/site-packages/airflow/example_dags/example_dag_decorator.py
[2022-01-24 19:49:20,671] {processor.py:642} INFO - Processing file /home/airflow/.local/lib/python3.6/site-packages/airflow/example_dags/example_dag_decorator.py for tasks to queue
[2022-01-24 19:49:20,672] {logging_mixin.py:109} INFO - [2022-01-24 19:49:20,672] {dagbag.py:500} INFO - Filling up the DagBag from /home/airflow/.local/lib/python3.6/site-packages/airflow/example_dags/example_dag_decorator.py
[2022-01-24 19:49:20,701] {processor.py:654} INFO - DAG(s) dict_keys(['example_dag_decorator']) retrieved from /home/airflow/.local/lib/python3.6/site-packages/airflow/example_dags/example_dag_decorator.py
[2022-01-24 19:49:20,939] {logging_mixin.py:109} INFO - [2022-01-24 19:49:20,939] {dag.py:2396} INFO - Sync 1 DAGs
[2022-01-24 19:49:20,952] {logging_mixin.py:109} INFO - [2022-01-24 19:49:20,952] {dag.py:2935} INFO - Setting next_dagrun for example_dag_decorator to None
[2022-01-24 19:49:20,960] {processor.py:171} INFO - Processing /home/airflow/.local/lib/python3.6/site-packages/airflow/example_dags/example_dag_decorator.py took 0.292 seconds
[2022-01-24 19:49:51,631] {processor.py:163} INFO - Started process (PID=1047) to work on /home/airflow/.local/lib/python3.6/site-packages/airflow/example_dags/example_dag_decorator.py
[2022-01-24 19:49:51,632] {processor.py:642} INFO - Processing file /home/airflow/.local/lib/python3.6/site-packages/airflow/example_dags/example_dag_decorator.py for tasks to queue
[2022-01-24 19:49:51,632] {logging_mixin.py:109} INFO - [2022-01-24 19:49:51,632] {dagbag.py:500} INFO - Filling up the DagBag from /home/airflow/.local/lib/python3.6/site-packages/airflow/example_dags/example_dag_decorator.py
[2022-01-24 19:49:51,664] {processor.py:654} INFO - DAG(s) dict_keys(['example_dag_decorator']) retrieved from /home/airflow/.local/lib/python3.6/site-packages/airflow/example_dags/example_dag_decorator.py
[2022-01-24 19:49:51,894] {logging_mixin.py:109} INFO - [2022-01-24 19:49:51,894] {dag.py:2396} INFO - Sync 1 DAGs
[2022-01-24 19:49:51,908] {logging_mixin.py:109} INFO - [2022-01-24 19:49:51,908] {dag.py:2935} INFO - Setting next_dagrun for example_dag_decorator to None
[2022-01-24 19:49:51,918] {processor.py:171} INFO - Processing /home/airflow/.local/lib/python3.6/site-packages/airflow/example_dags/example_dag_decorator.py took 0.289 seconds
[2022-01-24 19:50:22,825] {processor.py:163} INFO - Started process (PID=1105) to work on /home/airflow/.local/lib/python3.6/site-packages/airflow/example_dags/example_dag_decorator.py
[2022-01-24 19:50:22,826] {processor.py:642} INFO - Processing file /home/airflow/.local/lib/python3.6/site-packages/airflow/example_dags/example_dag_decorator.py for tasks to queue
[2022-01-24 19:50:22,827] {logging_mixin.py:109} INFO - [2022-01-24 19:50:22,827] {dagbag.py:500} INFO - Filling up the DagBag from /home/airflow/.local/lib/python3.6/site-packages/airflow/example_dags/example_dag_decorator.py
[2022-01-24 19:50:22,871] {processor.py:654} INFO - DAG(s) dict_keys(['example_dag_decorator']) retrieved from /home/airflow/.local/lib/python3.6/site-packages/airflow/example_dags/example_dag_decorator.py
[2022-01-24 19:50:23,128] {logging_mixin.py:109} INFO - [2022-01-24 19:50:23,128] {dag.py:2396} INFO - Sync 1 DAGs
[2022-01-24 19:50:23,148] {logging_mixin.py:109} INFO - [2022-01-24 19:50:23,147] {dag.py:2935} INFO - Setting next_dagrun for example_dag_decorator to None
[2022-01-24 19:50:23,161] {processor.py:171} INFO - Processing /home/airflow/.local/lib/python3.6/site-packages/airflow/example_dags/example_dag_decorator.py took 0.340 seconds
[2022-01-24 19:50:53,246] {processor.py:163} INFO - Started process (PID=1161) to work on /home/airflow/.local/lib/python3.6/site-packages/airflow/example_dags/example_dag_decorator.py
[2022-01-24 19:50:53,247] {processor.py:642} INFO - Processing file /home/airflow/.local/lib/python3.6/site-packages/airflow/example_dags/example_dag_decorator.py for tasks to queue
[2022-01-24 19:50:53,247] {logging_mixin.py:109} INFO - [2022-01-24 19:50:53,247] {dagbag.py:500} INFO - Filling up the DagBag from /home/airflow/.local/lib/python3.6/site-packages/airflow/example_dags/example_dag_decorator.py
[2022-01-24 19:50:53,276] {processor.py:654} INFO - DAG(s) dict_keys(['example_dag_decorator']) retrieved from /home/airflow/.local/lib/python3.6/site-packages/airflow/example_dags/example_dag_decorator.py
[2022-01-24 19:50:53,490] {logging_mixin.py:109} INFO - [2022-01-24 19:50:53,490] {dag.py:2396} INFO - Sync 1 DAGs
[2022-01-24 19:50:53,505] {logging_mixin.py:109} INFO - [2022-01-24 19:50:53,505] {dag.py:2935} INFO - Setting next_dagrun for example_dag_decorator to None
[2022-01-24 19:50:53,515] {processor.py:171} INFO - Processing /home/airflow/.local/lib/python3.6/site-packages/airflow/example_dags/example_dag_decorator.py took 0.271 seconds
[2022-01-24 19:51:23,729] {processor.py:163} INFO - Started process (PID=1225) to work on /home/airflow/.local/lib/python3.6/site-packages/airflow/example_dags/example_dag_decorator.py
[2022-01-24 19:51:23,730] {processor.py:642} INFO - Processing file /home/airflow/.local/lib/python3.6/site-packages/airflow/example_dags/example_dag_decorator.py for tasks to queue
[2022-01-24 19:51:23,731] {logging_mixin.py:109} INFO - [2022-01-24 19:51:23,731] {dagbag.py:500} INFO - Filling up the DagBag from /home/airflow/.local/lib/python3.6/site-packages/airflow/example_dags/example_dag_decorator.py
[2022-01-24 19:51:23,770] {processor.py:654} INFO - DAG(s) dict_keys(['example_dag_decorator']) retrieved from /home/airflow/.local/lib/python3.6/site-packages/airflow/example_dags/example_dag_decorator.py
[2022-01-24 19:51:24,069] {logging_mixin.py:109} INFO - [2022-01-24 19:51:24,069] {dag.py:2396} INFO - Sync 1 DAGs
[2022-01-24 19:51:24,092] {logging_mixin.py:109} INFO - [2022-01-24 19:51:24,092] {dag.py:2935} INFO - Setting next_dagrun for example_dag_decorator to None
[2022-01-24 19:51:24,105] {processor.py:171} INFO - Processing /home/airflow/.local/lib/python3.6/site-packages/airflow/example_dags/example_dag_decorator.py took 0.379 seconds
[2022-01-24 19:51:54,354] {processor.py:163} INFO - Started process (PID=1282) to work on /home/airflow/.local/lib/python3.6/site-packages/airflow/example_dags/example_dag_decorator.py
[2022-01-24 19:51:54,355] {processor.py:642} INFO - Processing file /home/airflow/.local/lib/python3.6/site-packages/airflow/example_dags/example_dag_decorator.py for tasks to queue
[2022-01-24 19:51:54,355] {logging_mixin.py:109} INFO - [2022-01-24 19:51:54,355] {dagbag.py:500} INFO - Filling up the DagBag from /home/airflow/.local/lib/python3.6/site-packages/airflow/example_dags/example_dag_decorator.py
[2022-01-24 19:51:54,400] {processor.py:654} INFO - DAG(s) dict_keys(['example_dag_decorator']) retrieved from /home/airflow/.local/lib/python3.6/site-packages/airflow/example_dags/example_dag_decorator.py
[2022-01-24 19:51:54,689] {logging_mixin.py:109} INFO - [2022-01-24 19:51:54,689] {dag.py:2396} INFO - Sync 1 DAGs
[2022-01-24 19:51:54,706] {logging_mixin.py:109} INFO - [2022-01-24 19:51:54,706] {dag.py:2935} INFO - Setting next_dagrun for example_dag_decorator to None
[2022-01-24 19:51:54,718] {processor.py:171} INFO - Processing /home/airflow/.local/lib/python3.6/site-packages/airflow/example_dags/example_dag_decorator.py took 0.368 seconds
[2022-01-24 19:52:25,660] {processor.py:163} INFO - Started process (PID=1337) to work on /home/airflow/.local/lib/python3.6/site-packages/airflow/example_dags/example_dag_decorator.py
[2022-01-24 19:52:25,661] {processor.py:642} INFO - Processing file /home/airflow/.local/lib/python3.6/site-packages/airflow/example_dags/example_dag_decorator.py for tasks to queue
[2022-01-24 19:52:25,662] {logging_mixin.py:109} INFO - [2022-01-24 19:52:25,662] {dagbag.py:500} INFO - Filling up the DagBag from /home/airflow/.local/lib/python3.6/site-packages/airflow/example_dags/example_dag_decorator.py
[2022-01-24 19:52:25,719] {processor.py:654} INFO - DAG(s) dict_keys(['example_dag_decorator']) retrieved from /home/airflow/.local/lib/python3.6/site-packages/airflow/example_dags/example_dag_decorator.py
[2022-01-24 19:52:26,083] {logging_mixin.py:109} INFO - [2022-01-24 19:52:26,083] {dag.py:2396} INFO - Sync 1 DAGs
[2022-01-24 19:52:26,102] {logging_mixin.py:109} INFO - [2022-01-24 19:52:26,102] {dag.py:2935} INFO - Setting next_dagrun for example_dag_decorator to None
[2022-01-24 19:52:26,115] {processor.py:171} INFO - Processing /home/airflow/.local/lib/python3.6/site-packages/airflow/example_dags/example_dag_decorator.py took 0.459 seconds
