[2022-01-24 19:42:43,661] {processor.py:163} INFO - Started process (PID=75) to work on /home/airflow/.local/lib/python3.6/site-packages/airflow/example_dags/example_python_operator.py
[2022-01-24 19:42:43,663] {processor.py:642} INFO - Processing file /home/airflow/.local/lib/python3.6/site-packages/airflow/example_dags/example_python_operator.py for tasks to queue
[2022-01-24 19:42:43,664] {logging_mixin.py:109} INFO - [2022-01-24 19:42:43,663] {dagbag.py:500} INFO - Filling up the DagBag from /home/airflow/.local/lib/python3.6/site-packages/airflow/example_dags/example_python_operator.py
[2022-01-24 19:42:43,723] {processor.py:654} INFO - DAG(s) dict_keys(['example_python_operator']) retrieved from /home/airflow/.local/lib/python3.6/site-packages/airflow/example_dags/example_python_operator.py
[2022-01-24 19:42:50,083] {logging_mixin.py:109} INFO - [2022-01-24 19:42:50,083] {manager.py:496} INFO - Created Permission View: can edit on DAG:example_python_operator
[2022-01-24 19:42:50,118] {logging_mixin.py:109} INFO - [2022-01-24 19:42:50,117] {manager.py:496} INFO - Created Permission View: can read on DAG:example_python_operator
[2022-01-24 19:42:50,120] {logging_mixin.py:109} INFO - [2022-01-24 19:42:50,118] {dag.py:2396} INFO - Sync 1 DAGs
[2022-01-24 19:42:50,147] {logging_mixin.py:109} INFO - [2022-01-24 19:42:50,145] {dag.py:2415} INFO - Creating ORM DAG for example_python_operator
[2022-01-24 19:42:50,162] {logging_mixin.py:109} INFO - [2022-01-24 19:42:50,162] {dag.py:2935} INFO - Setting next_dagrun for example_python_operator to None
[2022-01-24 19:42:50,181] {processor.py:171} INFO - Processing /home/airflow/.local/lib/python3.6/site-packages/airflow/example_dags/example_python_operator.py took 6.525 seconds
[2022-01-24 19:43:38,531] {processor.py:163} INFO - Started process (PID=365) to work on /home/airflow/.local/lib/python3.6/site-packages/airflow/example_dags/example_python_operator.py
[2022-01-24 19:43:38,533] {processor.py:642} INFO - Processing file /home/airflow/.local/lib/python3.6/site-packages/airflow/example_dags/example_python_operator.py for tasks to queue
[2022-01-24 19:43:38,534] {logging_mixin.py:109} INFO - [2022-01-24 19:43:38,534] {dagbag.py:500} INFO - Filling up the DagBag from /home/airflow/.local/lib/python3.6/site-packages/airflow/example_dags/example_python_operator.py
[2022-01-24 19:43:38,613] {processor.py:654} INFO - DAG(s) dict_keys(['example_python_operator']) retrieved from /home/airflow/.local/lib/python3.6/site-packages/airflow/example_dags/example_python_operator.py
[2022-01-24 19:43:38,640] {logging_mixin.py:109} INFO - [2022-01-24 19:43:38,640] {dag.py:2396} INFO - Sync 1 DAGs
[2022-01-24 19:43:38,672] {logging_mixin.py:109} INFO - [2022-01-24 19:43:38,672] {dag.py:2935} INFO - Setting next_dagrun for example_python_operator to None
[2022-01-24 19:43:38,689] {processor.py:171} INFO - Processing /home/airflow/.local/lib/python3.6/site-packages/airflow/example_dags/example_python_operator.py took 0.162 seconds
[2022-01-24 19:44:09,358] {processor.py:163} INFO - Started process (PID=416) to work on /home/airflow/.local/lib/python3.6/site-packages/airflow/example_dags/example_python_operator.py
[2022-01-24 19:44:09,359] {processor.py:642} INFO - Processing file /home/airflow/.local/lib/python3.6/site-packages/airflow/example_dags/example_python_operator.py for tasks to queue
[2022-01-24 19:44:09,359] {logging_mixin.py:109} INFO - [2022-01-24 19:44:09,359] {dagbag.py:500} INFO - Filling up the DagBag from /home/airflow/.local/lib/python3.6/site-packages/airflow/example_dags/example_python_operator.py
[2022-01-24 19:44:09,392] {processor.py:654} INFO - DAG(s) dict_keys(['example_python_operator']) retrieved from /home/airflow/.local/lib/python3.6/site-packages/airflow/example_dags/example_python_operator.py
[2022-01-24 19:44:09,403] {logging_mixin.py:109} INFO - [2022-01-24 19:44:09,403] {dag.py:2396} INFO - Sync 1 DAGs
[2022-01-24 19:44:09,421] {logging_mixin.py:109} INFO - [2022-01-24 19:44:09,420] {dag.py:2935} INFO - Setting next_dagrun for example_python_operator to None
[2022-01-24 19:44:09,432] {processor.py:171} INFO - Processing /home/airflow/.local/lib/python3.6/site-packages/airflow/example_dags/example_python_operator.py took 0.077 seconds
[2022-01-24 19:44:39,480] {processor.py:163} INFO - Started process (PID=467) to work on /home/airflow/.local/lib/python3.6/site-packages/airflow/example_dags/example_python_operator.py
[2022-01-24 19:44:39,481] {processor.py:642} INFO - Processing file /home/airflow/.local/lib/python3.6/site-packages/airflow/example_dags/example_python_operator.py for tasks to queue
[2022-01-24 19:44:39,482] {logging_mixin.py:109} INFO - [2022-01-24 19:44:39,482] {dagbag.py:500} INFO - Filling up the DagBag from /home/airflow/.local/lib/python3.6/site-packages/airflow/example_dags/example_python_operator.py
[2022-01-24 19:44:39,515] {processor.py:654} INFO - DAG(s) dict_keys(['example_python_operator']) retrieved from /home/airflow/.local/lib/python3.6/site-packages/airflow/example_dags/example_python_operator.py
[2022-01-24 19:44:39,525] {logging_mixin.py:109} INFO - [2022-01-24 19:44:39,525] {dag.py:2396} INFO - Sync 1 DAGs
[2022-01-24 19:44:39,539] {logging_mixin.py:109} INFO - [2022-01-24 19:44:39,539] {dag.py:2935} INFO - Setting next_dagrun for example_python_operator to None
[2022-01-24 19:44:39,547] {processor.py:171} INFO - Processing /home/airflow/.local/lib/python3.6/site-packages/airflow/example_dags/example_python_operator.py took 0.071 seconds
[2022-01-24 19:45:10,066] {processor.py:163} INFO - Started process (PID=529) to work on /home/airflow/.local/lib/python3.6/site-packages/airflow/example_dags/example_python_operator.py
[2022-01-24 19:45:10,067] {processor.py:642} INFO - Processing file /home/airflow/.local/lib/python3.6/site-packages/airflow/example_dags/example_python_operator.py for tasks to queue
[2022-01-24 19:45:10,068] {logging_mixin.py:109} INFO - [2022-01-24 19:45:10,068] {dagbag.py:500} INFO - Filling up the DagBag from /home/airflow/.local/lib/python3.6/site-packages/airflow/example_dags/example_python_operator.py
[2022-01-24 19:45:10,094] {processor.py:654} INFO - DAG(s) dict_keys(['example_python_operator']) retrieved from /home/airflow/.local/lib/python3.6/site-packages/airflow/example_dags/example_python_operator.py
[2022-01-24 19:45:10,103] {logging_mixin.py:109} INFO - [2022-01-24 19:45:10,103] {dag.py:2396} INFO - Sync 1 DAGs
[2022-01-24 19:45:10,122] {logging_mixin.py:109} INFO - [2022-01-24 19:45:10,122] {dag.py:2935} INFO - Setting next_dagrun for example_python_operator to None
[2022-01-24 19:45:10,132] {processor.py:171} INFO - Processing /home/airflow/.local/lib/python3.6/site-packages/airflow/example_dags/example_python_operator.py took 0.068 seconds
[2022-01-24 19:45:40,788] {processor.py:163} INFO - Started process (PID=582) to work on /home/airflow/.local/lib/python3.6/site-packages/airflow/example_dags/example_python_operator.py
[2022-01-24 19:45:40,789] {processor.py:642} INFO - Processing file /home/airflow/.local/lib/python3.6/site-packages/airflow/example_dags/example_python_operator.py for tasks to queue
[2022-01-24 19:45:40,790] {logging_mixin.py:109} INFO - [2022-01-24 19:45:40,790] {dagbag.py:500} INFO - Filling up the DagBag from /home/airflow/.local/lib/python3.6/site-packages/airflow/example_dags/example_python_operator.py
[2022-01-24 19:45:40,836] {processor.py:654} INFO - DAG(s) dict_keys(['example_python_operator']) retrieved from /home/airflow/.local/lib/python3.6/site-packages/airflow/example_dags/example_python_operator.py
[2022-01-24 19:45:40,851] {logging_mixin.py:109} INFO - [2022-01-24 19:45:40,851] {dag.py:2396} INFO - Sync 1 DAGs
[2022-01-24 19:45:40,872] {logging_mixin.py:109} INFO - [2022-01-24 19:45:40,872] {dag.py:2935} INFO - Setting next_dagrun for example_python_operator to None
[2022-01-24 19:45:40,882] {processor.py:171} INFO - Processing /home/airflow/.local/lib/python3.6/site-packages/airflow/example_dags/example_python_operator.py took 0.097 seconds
[2022-01-24 19:46:11,210] {processor.py:163} INFO - Started process (PID=635) to work on /home/airflow/.local/lib/python3.6/site-packages/airflow/example_dags/example_python_operator.py
[2022-01-24 19:46:11,211] {processor.py:642} INFO - Processing file /home/airflow/.local/lib/python3.6/site-packages/airflow/example_dags/example_python_operator.py for tasks to queue
[2022-01-24 19:46:11,211] {logging_mixin.py:109} INFO - [2022-01-24 19:46:11,211] {dagbag.py:500} INFO - Filling up the DagBag from /home/airflow/.local/lib/python3.6/site-packages/airflow/example_dags/example_python_operator.py
[2022-01-24 19:46:11,249] {processor.py:654} INFO - DAG(s) dict_keys(['example_python_operator']) retrieved from /home/airflow/.local/lib/python3.6/site-packages/airflow/example_dags/example_python_operator.py
[2022-01-24 19:46:11,261] {logging_mixin.py:109} INFO - [2022-01-24 19:46:11,261] {dag.py:2396} INFO - Sync 1 DAGs
[2022-01-24 19:46:11,288] {logging_mixin.py:109} INFO - [2022-01-24 19:46:11,288] {dag.py:2935} INFO - Setting next_dagrun for example_python_operator to None
[2022-01-24 19:46:11,300] {processor.py:171} INFO - Processing /home/airflow/.local/lib/python3.6/site-packages/airflow/example_dags/example_python_operator.py took 0.092 seconds
[2022-01-24 19:46:41,398] {processor.py:163} INFO - Started process (PID=688) to work on /home/airflow/.local/lib/python3.6/site-packages/airflow/example_dags/example_python_operator.py
[2022-01-24 19:46:41,398] {processor.py:642} INFO - Processing file /home/airflow/.local/lib/python3.6/site-packages/airflow/example_dags/example_python_operator.py for tasks to queue
[2022-01-24 19:46:41,399] {logging_mixin.py:109} INFO - [2022-01-24 19:46:41,399] {dagbag.py:500} INFO - Filling up the DagBag from /home/airflow/.local/lib/python3.6/site-packages/airflow/example_dags/example_python_operator.py
[2022-01-24 19:46:41,437] {processor.py:654} INFO - DAG(s) dict_keys(['example_python_operator']) retrieved from /home/airflow/.local/lib/python3.6/site-packages/airflow/example_dags/example_python_operator.py
[2022-01-24 19:46:41,452] {logging_mixin.py:109} INFO - [2022-01-24 19:46:41,452] {dag.py:2396} INFO - Sync 1 DAGs
[2022-01-24 19:46:41,473] {logging_mixin.py:109} INFO - [2022-01-24 19:46:41,473] {dag.py:2935} INFO - Setting next_dagrun for example_python_operator to None
[2022-01-24 19:46:41,482] {processor.py:171} INFO - Processing /home/airflow/.local/lib/python3.6/site-packages/airflow/example_dags/example_python_operator.py took 0.088 seconds
[2022-01-24 19:47:11,593] {processor.py:163} INFO - Started process (PID=749) to work on /home/airflow/.local/lib/python3.6/site-packages/airflow/example_dags/example_python_operator.py
[2022-01-24 19:47:11,594] {processor.py:642} INFO - Processing file /home/airflow/.local/lib/python3.6/site-packages/airflow/example_dags/example_python_operator.py for tasks to queue
[2022-01-24 19:47:11,594] {logging_mixin.py:109} INFO - [2022-01-24 19:47:11,594] {dagbag.py:500} INFO - Filling up the DagBag from /home/airflow/.local/lib/python3.6/site-packages/airflow/example_dags/example_python_operator.py
[2022-01-24 19:47:11,618] {processor.py:654} INFO - DAG(s) dict_keys(['example_python_operator']) retrieved from /home/airflow/.local/lib/python3.6/site-packages/airflow/example_dags/example_python_operator.py
[2022-01-24 19:47:11,628] {logging_mixin.py:109} INFO - [2022-01-24 19:47:11,628] {dag.py:2396} INFO - Sync 1 DAGs
[2022-01-24 19:47:11,642] {logging_mixin.py:109} INFO - [2022-01-24 19:47:11,642] {dag.py:2935} INFO - Setting next_dagrun for example_python_operator to None
[2022-01-24 19:47:11,666] {processor.py:171} INFO - Processing /home/airflow/.local/lib/python3.6/site-packages/airflow/example_dags/example_python_operator.py took 0.075 seconds
[2022-01-24 19:47:46,915] {processor.py:163} INFO - Started process (PID=811) to work on /home/airflow/.local/lib/python3.6/site-packages/airflow/example_dags/example_python_operator.py
[2022-01-24 19:47:46,946] {processor.py:642} INFO - Processing file /home/airflow/.local/lib/python3.6/site-packages/airflow/example_dags/example_python_operator.py for tasks to queue
[2022-01-24 19:47:46,947] {logging_mixin.py:109} INFO - [2022-01-24 19:47:46,947] {dagbag.py:500} INFO - Filling up the DagBag from /home/airflow/.local/lib/python3.6/site-packages/airflow/example_dags/example_python_operator.py
[2022-01-24 19:47:47,056] {processor.py:654} INFO - DAG(s) dict_keys(['example_python_operator']) retrieved from /home/airflow/.local/lib/python3.6/site-packages/airflow/example_dags/example_python_operator.py
[2022-01-24 19:47:47,064] {logging_mixin.py:109} INFO - [2022-01-24 19:47:47,064] {dag.py:2396} INFO - Sync 1 DAGs
[2022-01-24 19:47:47,078] {logging_mixin.py:109} INFO - [2022-01-24 19:47:47,078] {dag.py:2935} INFO - Setting next_dagrun for example_python_operator to None
[2022-01-24 19:47:47,173] {processor.py:171} INFO - Processing /home/airflow/.local/lib/python3.6/site-packages/airflow/example_dags/example_python_operator.py took 0.262 seconds
[2022-01-24 19:48:17,787] {processor.py:163} INFO - Started process (PID=864) to work on /home/airflow/.local/lib/python3.6/site-packages/airflow/example_dags/example_python_operator.py
[2022-01-24 19:48:17,788] {processor.py:642} INFO - Processing file /home/airflow/.local/lib/python3.6/site-packages/airflow/example_dags/example_python_operator.py for tasks to queue
[2022-01-24 19:48:17,789] {logging_mixin.py:109} INFO - [2022-01-24 19:48:17,789] {dagbag.py:500} INFO - Filling up the DagBag from /home/airflow/.local/lib/python3.6/site-packages/airflow/example_dags/example_python_operator.py
[2022-01-24 19:48:17,830] {processor.py:654} INFO - DAG(s) dict_keys(['example_python_operator']) retrieved from /home/airflow/.local/lib/python3.6/site-packages/airflow/example_dags/example_python_operator.py
[2022-01-24 19:48:17,849] {logging_mixin.py:109} INFO - [2022-01-24 19:48:17,849] {dag.py:2396} INFO - Sync 1 DAGs
[2022-01-24 19:48:17,870] {logging_mixin.py:109} INFO - [2022-01-24 19:48:17,870] {dag.py:2935} INFO - Setting next_dagrun for example_python_operator to None
[2022-01-24 19:48:17,879] {processor.py:171} INFO - Processing /home/airflow/.local/lib/python3.6/site-packages/airflow/example_dags/example_python_operator.py took 0.096 seconds
[2022-01-24 19:48:48,816] {processor.py:163} INFO - Started process (PID=926) to work on /home/airflow/.local/lib/python3.6/site-packages/airflow/example_dags/example_python_operator.py
[2022-01-24 19:48:48,817] {processor.py:642} INFO - Processing file /home/airflow/.local/lib/python3.6/site-packages/airflow/example_dags/example_python_operator.py for tasks to queue
[2022-01-24 19:48:48,818] {logging_mixin.py:109} INFO - [2022-01-24 19:48:48,818] {dagbag.py:500} INFO - Filling up the DagBag from /home/airflow/.local/lib/python3.6/site-packages/airflow/example_dags/example_python_operator.py
[2022-01-24 19:48:48,847] {processor.py:654} INFO - DAG(s) dict_keys(['example_python_operator']) retrieved from /home/airflow/.local/lib/python3.6/site-packages/airflow/example_dags/example_python_operator.py
[2022-01-24 19:48:48,857] {logging_mixin.py:109} INFO - [2022-01-24 19:48:48,857] {dag.py:2396} INFO - Sync 1 DAGs
[2022-01-24 19:48:48,873] {logging_mixin.py:109} INFO - [2022-01-24 19:48:48,873] {dag.py:2935} INFO - Setting next_dagrun for example_python_operator to None
[2022-01-24 19:48:48,882] {processor.py:171} INFO - Processing /home/airflow/.local/lib/python3.6/site-packages/airflow/example_dags/example_python_operator.py took 0.068 seconds
[2022-01-24 19:49:19,047] {processor.py:163} INFO - Started process (PID=979) to work on /home/airflow/.local/lib/python3.6/site-packages/airflow/example_dags/example_python_operator.py
[2022-01-24 19:49:19,048] {processor.py:642} INFO - Processing file /home/airflow/.local/lib/python3.6/site-packages/airflow/example_dags/example_python_operator.py for tasks to queue
[2022-01-24 19:49:19,048] {logging_mixin.py:109} INFO - [2022-01-24 19:49:19,048] {dagbag.py:500} INFO - Filling up the DagBag from /home/airflow/.local/lib/python3.6/site-packages/airflow/example_dags/example_python_operator.py
[2022-01-24 19:49:19,075] {processor.py:654} INFO - DAG(s) dict_keys(['example_python_operator']) retrieved from /home/airflow/.local/lib/python3.6/site-packages/airflow/example_dags/example_python_operator.py
[2022-01-24 19:49:19,085] {logging_mixin.py:109} INFO - [2022-01-24 19:49:19,084] {dag.py:2396} INFO - Sync 1 DAGs
[2022-01-24 19:49:19,103] {logging_mixin.py:109} INFO - [2022-01-24 19:49:19,103] {dag.py:2935} INFO - Setting next_dagrun for example_python_operator to None
[2022-01-24 19:49:19,111] {processor.py:171} INFO - Processing /home/airflow/.local/lib/python3.6/site-packages/airflow/example_dags/example_python_operator.py took 0.066 seconds
[2022-01-24 19:49:49,202] {processor.py:163} INFO - Started process (PID=1032) to work on /home/airflow/.local/lib/python3.6/site-packages/airflow/example_dags/example_python_operator.py
[2022-01-24 19:49:49,203] {processor.py:642} INFO - Processing file /home/airflow/.local/lib/python3.6/site-packages/airflow/example_dags/example_python_operator.py for tasks to queue
[2022-01-24 19:49:49,204] {logging_mixin.py:109} INFO - [2022-01-24 19:49:49,204] {dagbag.py:500} INFO - Filling up the DagBag from /home/airflow/.local/lib/python3.6/site-packages/airflow/example_dags/example_python_operator.py
[2022-01-24 19:49:49,239] {processor.py:654} INFO - DAG(s) dict_keys(['example_python_operator']) retrieved from /home/airflow/.local/lib/python3.6/site-packages/airflow/example_dags/example_python_operator.py
[2022-01-24 19:49:49,250] {logging_mixin.py:109} INFO - [2022-01-24 19:49:49,250] {dag.py:2396} INFO - Sync 1 DAGs
[2022-01-24 19:49:49,265] {logging_mixin.py:109} INFO - [2022-01-24 19:49:49,264] {dag.py:2935} INFO - Setting next_dagrun for example_python_operator to None
[2022-01-24 19:49:49,272] {processor.py:171} INFO - Processing /home/airflow/.local/lib/python3.6/site-packages/airflow/example_dags/example_python_operator.py took 0.073 seconds
[2022-01-24 19:50:19,290] {processor.py:163} INFO - Started process (PID=1096) to work on /home/airflow/.local/lib/python3.6/site-packages/airflow/example_dags/example_python_operator.py
[2022-01-24 19:50:19,291] {processor.py:642} INFO - Processing file /home/airflow/.local/lib/python3.6/site-packages/airflow/example_dags/example_python_operator.py for tasks to queue
[2022-01-24 19:50:19,291] {logging_mixin.py:109} INFO - [2022-01-24 19:50:19,291] {dagbag.py:500} INFO - Filling up the DagBag from /home/airflow/.local/lib/python3.6/site-packages/airflow/example_dags/example_python_operator.py
[2022-01-24 19:50:19,319] {processor.py:654} INFO - DAG(s) dict_keys(['example_python_operator']) retrieved from /home/airflow/.local/lib/python3.6/site-packages/airflow/example_dags/example_python_operator.py
[2022-01-24 19:50:19,328] {logging_mixin.py:109} INFO - [2022-01-24 19:50:19,328] {dag.py:2396} INFO - Sync 1 DAGs
[2022-01-24 19:50:19,342] {logging_mixin.py:109} INFO - [2022-01-24 19:50:19,341] {dag.py:2935} INFO - Setting next_dagrun for example_python_operator to None
[2022-01-24 19:50:19,349] {processor.py:171} INFO - Processing /home/airflow/.local/lib/python3.6/site-packages/airflow/example_dags/example_python_operator.py took 0.061 seconds
[2022-01-24 19:50:50,134] {processor.py:163} INFO - Started process (PID=1149) to work on /home/airflow/.local/lib/python3.6/site-packages/airflow/example_dags/example_python_operator.py
[2022-01-24 19:50:50,137] {processor.py:642} INFO - Processing file /home/airflow/.local/lib/python3.6/site-packages/airflow/example_dags/example_python_operator.py for tasks to queue
[2022-01-24 19:50:50,139] {logging_mixin.py:109} INFO - [2022-01-24 19:50:50,139] {dagbag.py:500} INFO - Filling up the DagBag from /home/airflow/.local/lib/python3.6/site-packages/airflow/example_dags/example_python_operator.py
[2022-01-24 19:50:50,208] {processor.py:654} INFO - DAG(s) dict_keys(['example_python_operator']) retrieved from /home/airflow/.local/lib/python3.6/site-packages/airflow/example_dags/example_python_operator.py
[2022-01-24 19:50:50,226] {logging_mixin.py:109} INFO - [2022-01-24 19:50:50,226] {dag.py:2396} INFO - Sync 1 DAGs
[2022-01-24 19:50:50,261] {logging_mixin.py:109} INFO - [2022-01-24 19:50:50,260] {dag.py:2935} INFO - Setting next_dagrun for example_python_operator to None
[2022-01-24 19:50:50,279] {processor.py:171} INFO - Processing /home/airflow/.local/lib/python3.6/site-packages/airflow/example_dags/example_python_operator.py took 0.153 seconds
[2022-01-24 19:51:20,627] {processor.py:163} INFO - Started process (PID=1203) to work on /home/airflow/.local/lib/python3.6/site-packages/airflow/example_dags/example_python_operator.py
[2022-01-24 19:51:20,629] {processor.py:642} INFO - Processing file /home/airflow/.local/lib/python3.6/site-packages/airflow/example_dags/example_python_operator.py for tasks to queue
[2022-01-24 19:51:20,629] {logging_mixin.py:109} INFO - [2022-01-24 19:51:20,629] {dagbag.py:500} INFO - Filling up the DagBag from /home/airflow/.local/lib/python3.6/site-packages/airflow/example_dags/example_python_operator.py
[2022-01-24 19:51:20,671] {processor.py:654} INFO - DAG(s) dict_keys(['example_python_operator']) retrieved from /home/airflow/.local/lib/python3.6/site-packages/airflow/example_dags/example_python_operator.py
[2022-01-24 19:51:20,693] {logging_mixin.py:109} INFO - [2022-01-24 19:51:20,693] {dag.py:2396} INFO - Sync 1 DAGs
[2022-01-24 19:51:20,726] {logging_mixin.py:109} INFO - [2022-01-24 19:51:20,725] {dag.py:2935} INFO - Setting next_dagrun for example_python_operator to None
[2022-01-24 19:51:20,738] {processor.py:171} INFO - Processing /home/airflow/.local/lib/python3.6/site-packages/airflow/example_dags/example_python_operator.py took 0.119 seconds
[2022-01-24 19:51:51,310] {processor.py:163} INFO - Started process (PID=1268) to work on /home/airflow/.local/lib/python3.6/site-packages/airflow/example_dags/example_python_operator.py
[2022-01-24 19:51:51,311] {processor.py:642} INFO - Processing file /home/airflow/.local/lib/python3.6/site-packages/airflow/example_dags/example_python_operator.py for tasks to queue
[2022-01-24 19:51:51,311] {logging_mixin.py:109} INFO - [2022-01-24 19:51:51,311] {dagbag.py:500} INFO - Filling up the DagBag from /home/airflow/.local/lib/python3.6/site-packages/airflow/example_dags/example_python_operator.py
[2022-01-24 19:51:51,343] {processor.py:654} INFO - DAG(s) dict_keys(['example_python_operator']) retrieved from /home/airflow/.local/lib/python3.6/site-packages/airflow/example_dags/example_python_operator.py
[2022-01-24 19:51:51,358] {logging_mixin.py:109} INFO - [2022-01-24 19:51:51,358] {dag.py:2396} INFO - Sync 1 DAGs
[2022-01-24 19:51:51,382] {logging_mixin.py:109} INFO - [2022-01-24 19:51:51,382] {dag.py:2935} INFO - Setting next_dagrun for example_python_operator to None
[2022-01-24 19:51:51,392] {processor.py:171} INFO - Processing /home/airflow/.local/lib/python3.6/site-packages/airflow/example_dags/example_python_operator.py took 0.085 seconds
[2022-01-24 19:52:21,566] {processor.py:163} INFO - Started process (PID=1321) to work on /home/airflow/.local/lib/python3.6/site-packages/airflow/example_dags/example_python_operator.py
[2022-01-24 19:52:21,569] {processor.py:642} INFO - Processing file /home/airflow/.local/lib/python3.6/site-packages/airflow/example_dags/example_python_operator.py for tasks to queue
[2022-01-24 19:52:21,571] {logging_mixin.py:109} INFO - [2022-01-24 19:52:21,571] {dagbag.py:500} INFO - Filling up the DagBag from /home/airflow/.local/lib/python3.6/site-packages/airflow/example_dags/example_python_operator.py
[2022-01-24 19:52:21,616] {processor.py:654} INFO - DAG(s) dict_keys(['example_python_operator']) retrieved from /home/airflow/.local/lib/python3.6/site-packages/airflow/example_dags/example_python_operator.py
[2022-01-24 19:52:21,626] {logging_mixin.py:109} INFO - [2022-01-24 19:52:21,626] {dag.py:2396} INFO - Sync 1 DAGs
[2022-01-24 19:52:21,643] {logging_mixin.py:109} INFO - [2022-01-24 19:52:21,643] {dag.py:2935} INFO - Setting next_dagrun for example_python_operator to None
[2022-01-24 19:52:21,651] {processor.py:171} INFO - Processing /home/airflow/.local/lib/python3.6/site-packages/airflow/example_dags/example_python_operator.py took 0.092 seconds
