[2022-01-24 19:43:06,036] {processor.py:163} INFO - Started process (PID=159) to work on /home/airflow/.local/lib/python3.6/site-packages/airflow/example_dags/example_trigger_target_dag.py
[2022-01-24 19:43:06,037] {processor.py:642} INFO - Processing file /home/airflow/.local/lib/python3.6/site-packages/airflow/example_dags/example_trigger_target_dag.py for tasks to queue
[2022-01-24 19:43:06,039] {logging_mixin.py:109} INFO - [2022-01-24 19:43:06,039] {dagbag.py:500} INFO - Filling up the DagBag from /home/airflow/.local/lib/python3.6/site-packages/airflow/example_dags/example_trigger_target_dag.py
[2022-01-24 19:43:06,100] {processor.py:654} INFO - DAG(s) dict_keys(['example_trigger_target_dag']) retrieved from /home/airflow/.local/lib/python3.6/site-packages/airflow/example_dags/example_trigger_target_dag.py
[2022-01-24 19:43:09,097] {logging_mixin.py:109} INFO - [2022-01-24 19:43:09,096] {manager.py:496} INFO - Created Permission View: can edit on DAG:example_trigger_target_dag
[2022-01-24 19:43:09,108] {logging_mixin.py:109} INFO - [2022-01-24 19:43:09,108] {manager.py:496} INFO - Created Permission View: can read on DAG:example_trigger_target_dag
[2022-01-24 19:43:09,111] {logging_mixin.py:109} INFO - [2022-01-24 19:43:09,108] {dag.py:2396} INFO - Sync 1 DAGs
[2022-01-24 19:43:09,128] {logging_mixin.py:109} INFO - [2022-01-24 19:43:09,126] {dag.py:2415} INFO - Creating ORM DAG for example_trigger_target_dag
[2022-01-24 19:43:09,140] {logging_mixin.py:109} INFO - [2022-01-24 19:43:09,140] {dag.py:2935} INFO - Setting next_dagrun for example_trigger_target_dag to None
[2022-01-24 19:43:09,156] {processor.py:171} INFO - Processing /home/airflow/.local/lib/python3.6/site-packages/airflow/example_dags/example_trigger_target_dag.py took 3.125 seconds
[2022-01-24 19:43:39,824] {processor.py:163} INFO - Started process (PID=373) to work on /home/airflow/.local/lib/python3.6/site-packages/airflow/example_dags/example_trigger_target_dag.py
[2022-01-24 19:43:39,826] {processor.py:642} INFO - Processing file /home/airflow/.local/lib/python3.6/site-packages/airflow/example_dags/example_trigger_target_dag.py for tasks to queue
[2022-01-24 19:43:39,827] {logging_mixin.py:109} INFO - [2022-01-24 19:43:39,827] {dagbag.py:500} INFO - Filling up the DagBag from /home/airflow/.local/lib/python3.6/site-packages/airflow/example_dags/example_trigger_target_dag.py
[2022-01-24 19:43:39,886] {processor.py:654} INFO - DAG(s) dict_keys(['example_trigger_target_dag']) retrieved from /home/airflow/.local/lib/python3.6/site-packages/airflow/example_dags/example_trigger_target_dag.py
[2022-01-24 19:43:39,905] {logging_mixin.py:109} INFO - [2022-01-24 19:43:39,904] {dag.py:2396} INFO - Sync 1 DAGs
[2022-01-24 19:43:39,935] {logging_mixin.py:109} INFO - [2022-01-24 19:43:39,935] {dag.py:2935} INFO - Setting next_dagrun for example_trigger_target_dag to None
[2022-01-24 19:43:39,959] {processor.py:171} INFO - Processing /home/airflow/.local/lib/python3.6/site-packages/airflow/example_dags/example_trigger_target_dag.py took 0.139 seconds
[2022-01-24 19:44:10,201] {processor.py:163} INFO - Started process (PID=425) to work on /home/airflow/.local/lib/python3.6/site-packages/airflow/example_dags/example_trigger_target_dag.py
[2022-01-24 19:44:10,203] {processor.py:642} INFO - Processing file /home/airflow/.local/lib/python3.6/site-packages/airflow/example_dags/example_trigger_target_dag.py for tasks to queue
[2022-01-24 19:44:10,204] {logging_mixin.py:109} INFO - [2022-01-24 19:44:10,204] {dagbag.py:500} INFO - Filling up the DagBag from /home/airflow/.local/lib/python3.6/site-packages/airflow/example_dags/example_trigger_target_dag.py
[2022-01-24 19:44:10,249] {processor.py:654} INFO - DAG(s) dict_keys(['example_trigger_target_dag']) retrieved from /home/airflow/.local/lib/python3.6/site-packages/airflow/example_dags/example_trigger_target_dag.py
[2022-01-24 19:44:10,263] {logging_mixin.py:109} INFO - [2022-01-24 19:44:10,262] {dag.py:2396} INFO - Sync 1 DAGs
[2022-01-24 19:44:10,283] {logging_mixin.py:109} INFO - [2022-01-24 19:44:10,283] {dag.py:2935} INFO - Setting next_dagrun for example_trigger_target_dag to None
[2022-01-24 19:44:10,294] {processor.py:171} INFO - Processing /home/airflow/.local/lib/python3.6/site-packages/airflow/example_dags/example_trigger_target_dag.py took 0.097 seconds
[2022-01-24 19:44:40,973] {processor.py:163} INFO - Started process (PID=475) to work on /home/airflow/.local/lib/python3.6/site-packages/airflow/example_dags/example_trigger_target_dag.py
[2022-01-24 19:44:40,974] {processor.py:642} INFO - Processing file /home/airflow/.local/lib/python3.6/site-packages/airflow/example_dags/example_trigger_target_dag.py for tasks to queue
[2022-01-24 19:44:40,974] {logging_mixin.py:109} INFO - [2022-01-24 19:44:40,974] {dagbag.py:500} INFO - Filling up the DagBag from /home/airflow/.local/lib/python3.6/site-packages/airflow/example_dags/example_trigger_target_dag.py
[2022-01-24 19:44:41,003] {processor.py:654} INFO - DAG(s) dict_keys(['example_trigger_target_dag']) retrieved from /home/airflow/.local/lib/python3.6/site-packages/airflow/example_dags/example_trigger_target_dag.py
[2022-01-24 19:44:41,015] {logging_mixin.py:109} INFO - [2022-01-24 19:44:41,015] {dag.py:2396} INFO - Sync 1 DAGs
[2022-01-24 19:44:41,036] {logging_mixin.py:109} INFO - [2022-01-24 19:44:41,036] {dag.py:2935} INFO - Setting next_dagrun for example_trigger_target_dag to None
[2022-01-24 19:44:41,047] {processor.py:171} INFO - Processing /home/airflow/.local/lib/python3.6/site-packages/airflow/example_dags/example_trigger_target_dag.py took 0.076 seconds
[2022-01-24 19:45:11,733] {processor.py:163} INFO - Started process (PID=537) to work on /home/airflow/.local/lib/python3.6/site-packages/airflow/example_dags/example_trigger_target_dag.py
[2022-01-24 19:45:11,734] {processor.py:642} INFO - Processing file /home/airflow/.local/lib/python3.6/site-packages/airflow/example_dags/example_trigger_target_dag.py for tasks to queue
[2022-01-24 19:45:11,735] {logging_mixin.py:109} INFO - [2022-01-24 19:45:11,735] {dagbag.py:500} INFO - Filling up the DagBag from /home/airflow/.local/lib/python3.6/site-packages/airflow/example_dags/example_trigger_target_dag.py
[2022-01-24 19:45:11,778] {processor.py:654} INFO - DAG(s) dict_keys(['example_trigger_target_dag']) retrieved from /home/airflow/.local/lib/python3.6/site-packages/airflow/example_dags/example_trigger_target_dag.py
[2022-01-24 19:45:11,792] {logging_mixin.py:109} INFO - [2022-01-24 19:45:11,792] {dag.py:2396} INFO - Sync 1 DAGs
[2022-01-24 19:45:11,821] {logging_mixin.py:109} INFO - [2022-01-24 19:45:11,821] {dag.py:2935} INFO - Setting next_dagrun for example_trigger_target_dag to None
[2022-01-24 19:45:11,835] {processor.py:171} INFO - Processing /home/airflow/.local/lib/python3.6/site-packages/airflow/example_dags/example_trigger_target_dag.py took 0.106 seconds
[2022-01-24 19:45:42,681] {processor.py:163} INFO - Started process (PID=591) to work on /home/airflow/.local/lib/python3.6/site-packages/airflow/example_dags/example_trigger_target_dag.py
[2022-01-24 19:45:42,682] {processor.py:642} INFO - Processing file /home/airflow/.local/lib/python3.6/site-packages/airflow/example_dags/example_trigger_target_dag.py for tasks to queue
[2022-01-24 19:45:42,683] {logging_mixin.py:109} INFO - [2022-01-24 19:45:42,683] {dagbag.py:500} INFO - Filling up the DagBag from /home/airflow/.local/lib/python3.6/site-packages/airflow/example_dags/example_trigger_target_dag.py
[2022-01-24 19:45:42,732] {processor.py:654} INFO - DAG(s) dict_keys(['example_trigger_target_dag']) retrieved from /home/airflow/.local/lib/python3.6/site-packages/airflow/example_dags/example_trigger_target_dag.py
[2022-01-24 19:45:42,750] {logging_mixin.py:109} INFO - [2022-01-24 19:45:42,750] {dag.py:2396} INFO - Sync 1 DAGs
[2022-01-24 19:45:42,781] {logging_mixin.py:109} INFO - [2022-01-24 19:45:42,781] {dag.py:2935} INFO - Setting next_dagrun for example_trigger_target_dag to None
[2022-01-24 19:45:42,793] {processor.py:171} INFO - Processing /home/airflow/.local/lib/python3.6/site-packages/airflow/example_dags/example_trigger_target_dag.py took 0.117 seconds
[2022-01-24 19:46:13,075] {processor.py:163} INFO - Started process (PID=643) to work on /home/airflow/.local/lib/python3.6/site-packages/airflow/example_dags/example_trigger_target_dag.py
[2022-01-24 19:46:13,076] {processor.py:642} INFO - Processing file /home/airflow/.local/lib/python3.6/site-packages/airflow/example_dags/example_trigger_target_dag.py for tasks to queue
[2022-01-24 19:46:13,077] {logging_mixin.py:109} INFO - [2022-01-24 19:46:13,077] {dagbag.py:500} INFO - Filling up the DagBag from /home/airflow/.local/lib/python3.6/site-packages/airflow/example_dags/example_trigger_target_dag.py
[2022-01-24 19:46:13,106] {processor.py:654} INFO - DAG(s) dict_keys(['example_trigger_target_dag']) retrieved from /home/airflow/.local/lib/python3.6/site-packages/airflow/example_dags/example_trigger_target_dag.py
[2022-01-24 19:46:13,116] {logging_mixin.py:109} INFO - [2022-01-24 19:46:13,116] {dag.py:2396} INFO - Sync 1 DAGs
[2022-01-24 19:46:13,139] {logging_mixin.py:109} INFO - [2022-01-24 19:46:13,139] {dag.py:2935} INFO - Setting next_dagrun for example_trigger_target_dag to None
[2022-01-24 19:46:13,149] {processor.py:171} INFO - Processing /home/airflow/.local/lib/python3.6/site-packages/airflow/example_dags/example_trigger_target_dag.py took 0.076 seconds
[2022-01-24 19:46:44,040] {processor.py:163} INFO - Started process (PID=706) to work on /home/airflow/.local/lib/python3.6/site-packages/airflow/example_dags/example_trigger_target_dag.py
[2022-01-24 19:46:44,041] {processor.py:642} INFO - Processing file /home/airflow/.local/lib/python3.6/site-packages/airflow/example_dags/example_trigger_target_dag.py for tasks to queue
[2022-01-24 19:46:44,041] {logging_mixin.py:109} INFO - [2022-01-24 19:46:44,041] {dagbag.py:500} INFO - Filling up the DagBag from /home/airflow/.local/lib/python3.6/site-packages/airflow/example_dags/example_trigger_target_dag.py
[2022-01-24 19:46:44,070] {processor.py:654} INFO - DAG(s) dict_keys(['example_trigger_target_dag']) retrieved from /home/airflow/.local/lib/python3.6/site-packages/airflow/example_dags/example_trigger_target_dag.py
[2022-01-24 19:46:44,085] {logging_mixin.py:109} INFO - [2022-01-24 19:46:44,085] {dag.py:2396} INFO - Sync 1 DAGs
[2022-01-24 19:46:44,106] {logging_mixin.py:109} INFO - [2022-01-24 19:46:44,106] {dag.py:2935} INFO - Setting next_dagrun for example_trigger_target_dag to None
[2022-01-24 19:46:44,115] {processor.py:171} INFO - Processing /home/airflow/.local/lib/python3.6/site-packages/airflow/example_dags/example_trigger_target_dag.py took 0.078 seconds
[2022-01-24 19:47:15,290] {processor.py:163} INFO - Started process (PID=759) to work on /home/airflow/.local/lib/python3.6/site-packages/airflow/example_dags/example_trigger_target_dag.py
[2022-01-24 19:47:15,291] {processor.py:642} INFO - Processing file /home/airflow/.local/lib/python3.6/site-packages/airflow/example_dags/example_trigger_target_dag.py for tasks to queue
[2022-01-24 19:47:15,292] {logging_mixin.py:109} INFO - [2022-01-24 19:47:15,292] {dagbag.py:500} INFO - Filling up the DagBag from /home/airflow/.local/lib/python3.6/site-packages/airflow/example_dags/example_trigger_target_dag.py
[2022-01-24 19:47:15,372] {processor.py:654} INFO - DAG(s) dict_keys(['example_trigger_target_dag']) retrieved from /home/airflow/.local/lib/python3.6/site-packages/airflow/example_dags/example_trigger_target_dag.py
[2022-01-24 19:47:15,387] {logging_mixin.py:109} INFO - [2022-01-24 19:47:15,386] {dag.py:2396} INFO - Sync 1 DAGs
[2022-01-24 19:47:15,404] {logging_mixin.py:109} INFO - [2022-01-24 19:47:15,404] {dag.py:2935} INFO - Setting next_dagrun for example_trigger_target_dag to None
[2022-01-24 19:47:15,472] {processor.py:171} INFO - Processing /home/airflow/.local/lib/python3.6/site-packages/airflow/example_dags/example_trigger_target_dag.py took 0.186 seconds
[2022-01-24 19:47:49,647] {processor.py:163} INFO - Started process (PID=819) to work on /home/airflow/.local/lib/python3.6/site-packages/airflow/example_dags/example_trigger_target_dag.py
[2022-01-24 19:47:49,654] {processor.py:642} INFO - Processing file /home/airflow/.local/lib/python3.6/site-packages/airflow/example_dags/example_trigger_target_dag.py for tasks to queue
[2022-01-24 19:47:49,655] {logging_mixin.py:109} INFO - [2022-01-24 19:47:49,655] {dagbag.py:500} INFO - Filling up the DagBag from /home/airflow/.local/lib/python3.6/site-packages/airflow/example_dags/example_trigger_target_dag.py
[2022-01-24 19:47:49,722] {processor.py:654} INFO - DAG(s) dict_keys(['example_trigger_target_dag']) retrieved from /home/airflow/.local/lib/python3.6/site-packages/airflow/example_dags/example_trigger_target_dag.py
[2022-01-24 19:47:49,751] {logging_mixin.py:109} INFO - [2022-01-24 19:47:49,751] {dag.py:2396} INFO - Sync 1 DAGs
[2022-01-24 19:47:49,801] {logging_mixin.py:109} INFO - [2022-01-24 19:47:49,801] {dag.py:2935} INFO - Setting next_dagrun for example_trigger_target_dag to None
[2022-01-24 19:47:49,826] {processor.py:171} INFO - Processing /home/airflow/.local/lib/python3.6/site-packages/airflow/example_dags/example_trigger_target_dag.py took 0.183 seconds
[2022-01-24 19:48:20,240] {processor.py:163} INFO - Started process (PID=872) to work on /home/airflow/.local/lib/python3.6/site-packages/airflow/example_dags/example_trigger_target_dag.py
[2022-01-24 19:48:20,242] {processor.py:642} INFO - Processing file /home/airflow/.local/lib/python3.6/site-packages/airflow/example_dags/example_trigger_target_dag.py for tasks to queue
[2022-01-24 19:48:20,243] {logging_mixin.py:109} INFO - [2022-01-24 19:48:20,243] {dagbag.py:500} INFO - Filling up the DagBag from /home/airflow/.local/lib/python3.6/site-packages/airflow/example_dags/example_trigger_target_dag.py
[2022-01-24 19:48:20,293] {processor.py:654} INFO - DAG(s) dict_keys(['example_trigger_target_dag']) retrieved from /home/airflow/.local/lib/python3.6/site-packages/airflow/example_dags/example_trigger_target_dag.py
[2022-01-24 19:48:20,307] {logging_mixin.py:109} INFO - [2022-01-24 19:48:20,307] {dag.py:2396} INFO - Sync 1 DAGs
[2022-01-24 19:48:20,333] {logging_mixin.py:109} INFO - [2022-01-24 19:48:20,333] {dag.py:2935} INFO - Setting next_dagrun for example_trigger_target_dag to None
[2022-01-24 19:48:20,348] {processor.py:171} INFO - Processing /home/airflow/.local/lib/python3.6/site-packages/airflow/example_dags/example_trigger_target_dag.py took 0.111 seconds
[2022-01-24 19:48:50,438] {processor.py:163} INFO - Started process (PID=935) to work on /home/airflow/.local/lib/python3.6/site-packages/airflow/example_dags/example_trigger_target_dag.py
[2022-01-24 19:48:50,439] {processor.py:642} INFO - Processing file /home/airflow/.local/lib/python3.6/site-packages/airflow/example_dags/example_trigger_target_dag.py for tasks to queue
[2022-01-24 19:48:50,439] {logging_mixin.py:109} INFO - [2022-01-24 19:48:50,439] {dagbag.py:500} INFO - Filling up the DagBag from /home/airflow/.local/lib/python3.6/site-packages/airflow/example_dags/example_trigger_target_dag.py
[2022-01-24 19:48:50,466] {processor.py:654} INFO - DAG(s) dict_keys(['example_trigger_target_dag']) retrieved from /home/airflow/.local/lib/python3.6/site-packages/airflow/example_dags/example_trigger_target_dag.py
[2022-01-24 19:48:50,474] {logging_mixin.py:109} INFO - [2022-01-24 19:48:50,474] {dag.py:2396} INFO - Sync 1 DAGs
[2022-01-24 19:48:50,490] {logging_mixin.py:109} INFO - [2022-01-24 19:48:50,489] {dag.py:2935} INFO - Setting next_dagrun for example_trigger_target_dag to None
[2022-01-24 19:48:50,498] {processor.py:171} INFO - Processing /home/airflow/.local/lib/python3.6/site-packages/airflow/example_dags/example_trigger_target_dag.py took 0.062 seconds
[2022-01-24 19:49:20,738] {processor.py:163} INFO - Started process (PID=988) to work on /home/airflow/.local/lib/python3.6/site-packages/airflow/example_dags/example_trigger_target_dag.py
[2022-01-24 19:49:20,739] {processor.py:642} INFO - Processing file /home/airflow/.local/lib/python3.6/site-packages/airflow/example_dags/example_trigger_target_dag.py for tasks to queue
[2022-01-24 19:49:20,740] {logging_mixin.py:109} INFO - [2022-01-24 19:49:20,740] {dagbag.py:500} INFO - Filling up the DagBag from /home/airflow/.local/lib/python3.6/site-packages/airflow/example_dags/example_trigger_target_dag.py
[2022-01-24 19:49:20,773] {processor.py:654} INFO - DAG(s) dict_keys(['example_trigger_target_dag']) retrieved from /home/airflow/.local/lib/python3.6/site-packages/airflow/example_dags/example_trigger_target_dag.py
[2022-01-24 19:49:20,788] {logging_mixin.py:109} INFO - [2022-01-24 19:49:20,788] {dag.py:2396} INFO - Sync 1 DAGs
[2022-01-24 19:49:20,815] {logging_mixin.py:109} INFO - [2022-01-24 19:49:20,815] {dag.py:2935} INFO - Setting next_dagrun for example_trigger_target_dag to None
[2022-01-24 19:49:20,825] {processor.py:171} INFO - Processing /home/airflow/.local/lib/python3.6/site-packages/airflow/example_dags/example_trigger_target_dag.py took 0.089 seconds
[2022-01-24 19:49:51,717] {processor.py:163} INFO - Started process (PID=1049) to work on /home/airflow/.local/lib/python3.6/site-packages/airflow/example_dags/example_trigger_target_dag.py
[2022-01-24 19:49:51,718] {processor.py:642} INFO - Processing file /home/airflow/.local/lib/python3.6/site-packages/airflow/example_dags/example_trigger_target_dag.py for tasks to queue
[2022-01-24 19:49:51,719] {logging_mixin.py:109} INFO - [2022-01-24 19:49:51,719] {dagbag.py:500} INFO - Filling up the DagBag from /home/airflow/.local/lib/python3.6/site-packages/airflow/example_dags/example_trigger_target_dag.py
[2022-01-24 19:49:51,754] {processor.py:654} INFO - DAG(s) dict_keys(['example_trigger_target_dag']) retrieved from /home/airflow/.local/lib/python3.6/site-packages/airflow/example_dags/example_trigger_target_dag.py
[2022-01-24 19:49:51,768] {logging_mixin.py:109} INFO - [2022-01-24 19:49:51,768] {dag.py:2396} INFO - Sync 1 DAGs
[2022-01-24 19:49:51,791] {logging_mixin.py:109} INFO - [2022-01-24 19:49:51,791] {dag.py:2935} INFO - Setting next_dagrun for example_trigger_target_dag to None
[2022-01-24 19:49:51,800] {processor.py:171} INFO - Processing /home/airflow/.local/lib/python3.6/site-packages/airflow/example_dags/example_trigger_target_dag.py took 0.085 seconds
[2022-01-24 19:50:21,817] {processor.py:163} INFO - Started process (PID=1104) to work on /home/airflow/.local/lib/python3.6/site-packages/airflow/example_dags/example_trigger_target_dag.py
[2022-01-24 19:50:21,818] {processor.py:642} INFO - Processing file /home/airflow/.local/lib/python3.6/site-packages/airflow/example_dags/example_trigger_target_dag.py for tasks to queue
[2022-01-24 19:50:21,818] {logging_mixin.py:109} INFO - [2022-01-24 19:50:21,818] {dagbag.py:500} INFO - Filling up the DagBag from /home/airflow/.local/lib/python3.6/site-packages/airflow/example_dags/example_trigger_target_dag.py
[2022-01-24 19:50:21,844] {processor.py:654} INFO - DAG(s) dict_keys(['example_trigger_target_dag']) retrieved from /home/airflow/.local/lib/python3.6/site-packages/airflow/example_dags/example_trigger_target_dag.py
[2022-01-24 19:50:21,853] {logging_mixin.py:109} INFO - [2022-01-24 19:50:21,853] {dag.py:2396} INFO - Sync 1 DAGs
[2022-01-24 19:50:21,867] {logging_mixin.py:109} INFO - [2022-01-24 19:50:21,867] {dag.py:2935} INFO - Setting next_dagrun for example_trigger_target_dag to None
[2022-01-24 19:50:21,875] {processor.py:171} INFO - Processing /home/airflow/.local/lib/python3.6/site-packages/airflow/example_dags/example_trigger_target_dag.py took 0.060 seconds
[2022-01-24 19:50:52,849] {processor.py:163} INFO - Started process (PID=1157) to work on /home/airflow/.local/lib/python3.6/site-packages/airflow/example_dags/example_trigger_target_dag.py
[2022-01-24 19:50:52,850] {processor.py:642} INFO - Processing file /home/airflow/.local/lib/python3.6/site-packages/airflow/example_dags/example_trigger_target_dag.py for tasks to queue
[2022-01-24 19:50:52,851] {logging_mixin.py:109} INFO - [2022-01-24 19:50:52,851] {dagbag.py:500} INFO - Filling up the DagBag from /home/airflow/.local/lib/python3.6/site-packages/airflow/example_dags/example_trigger_target_dag.py
[2022-01-24 19:50:52,891] {processor.py:654} INFO - DAG(s) dict_keys(['example_trigger_target_dag']) retrieved from /home/airflow/.local/lib/python3.6/site-packages/airflow/example_dags/example_trigger_target_dag.py
[2022-01-24 19:50:52,909] {logging_mixin.py:109} INFO - [2022-01-24 19:50:52,909] {dag.py:2396} INFO - Sync 1 DAGs
[2022-01-24 19:50:52,939] {logging_mixin.py:109} INFO - [2022-01-24 19:50:52,939] {dag.py:2935} INFO - Setting next_dagrun for example_trigger_target_dag to None
[2022-01-24 19:50:52,951] {processor.py:171} INFO - Processing /home/airflow/.local/lib/python3.6/site-packages/airflow/example_dags/example_trigger_target_dag.py took 0.105 seconds
[2022-01-24 19:51:23,543] {processor.py:163} INFO - Started process (PID=1221) to work on /home/airflow/.local/lib/python3.6/site-packages/airflow/example_dags/example_trigger_target_dag.py
[2022-01-24 19:51:23,544] {processor.py:642} INFO - Processing file /home/airflow/.local/lib/python3.6/site-packages/airflow/example_dags/example_trigger_target_dag.py for tasks to queue
[2022-01-24 19:51:23,544] {logging_mixin.py:109} INFO - [2022-01-24 19:51:23,544] {dagbag.py:500} INFO - Filling up the DagBag from /home/airflow/.local/lib/python3.6/site-packages/airflow/example_dags/example_trigger_target_dag.py
[2022-01-24 19:51:23,582] {processor.py:654} INFO - DAG(s) dict_keys(['example_trigger_target_dag']) retrieved from /home/airflow/.local/lib/python3.6/site-packages/airflow/example_dags/example_trigger_target_dag.py
[2022-01-24 19:51:23,597] {logging_mixin.py:109} INFO - [2022-01-24 19:51:23,597] {dag.py:2396} INFO - Sync 1 DAGs
[2022-01-24 19:51:23,615] {logging_mixin.py:109} INFO - [2022-01-24 19:51:23,614] {dag.py:2935} INFO - Setting next_dagrun for example_trigger_target_dag to None
[2022-01-24 19:51:23,624] {processor.py:171} INFO - Processing /home/airflow/.local/lib/python3.6/site-packages/airflow/example_dags/example_trigger_target_dag.py took 0.084 seconds
[2022-01-24 19:51:53,997] {processor.py:163} INFO - Started process (PID=1276) to work on /home/airflow/.local/lib/python3.6/site-packages/airflow/example_dags/example_trigger_target_dag.py
[2022-01-24 19:51:53,999] {processor.py:642} INFO - Processing file /home/airflow/.local/lib/python3.6/site-packages/airflow/example_dags/example_trigger_target_dag.py for tasks to queue
[2022-01-24 19:51:53,999] {logging_mixin.py:109} INFO - [2022-01-24 19:51:53,999] {dagbag.py:500} INFO - Filling up the DagBag from /home/airflow/.local/lib/python3.6/site-packages/airflow/example_dags/example_trigger_target_dag.py
[2022-01-24 19:51:54,027] {processor.py:654} INFO - DAG(s) dict_keys(['example_trigger_target_dag']) retrieved from /home/airflow/.local/lib/python3.6/site-packages/airflow/example_dags/example_trigger_target_dag.py
[2022-01-24 19:51:54,040] {logging_mixin.py:109} INFO - [2022-01-24 19:51:54,040] {dag.py:2396} INFO - Sync 1 DAGs
[2022-01-24 19:51:54,056] {logging_mixin.py:109} INFO - [2022-01-24 19:51:54,056] {dag.py:2935} INFO - Setting next_dagrun for example_trigger_target_dag to None
[2022-01-24 19:51:54,064] {processor.py:171} INFO - Processing /home/airflow/.local/lib/python3.6/site-packages/airflow/example_dags/example_trigger_target_dag.py took 0.070 seconds
[2022-01-24 19:52:24,340] {processor.py:163} INFO - Started process (PID=1329) to work on /home/airflow/.local/lib/python3.6/site-packages/airflow/example_dags/example_trigger_target_dag.py
[2022-01-24 19:52:24,341] {processor.py:642} INFO - Processing file /home/airflow/.local/lib/python3.6/site-packages/airflow/example_dags/example_trigger_target_dag.py for tasks to queue
[2022-01-24 19:52:24,342] {logging_mixin.py:109} INFO - [2022-01-24 19:52:24,342] {dagbag.py:500} INFO - Filling up the DagBag from /home/airflow/.local/lib/python3.6/site-packages/airflow/example_dags/example_trigger_target_dag.py
[2022-01-24 19:52:24,375] {processor.py:654} INFO - DAG(s) dict_keys(['example_trigger_target_dag']) retrieved from /home/airflow/.local/lib/python3.6/site-packages/airflow/example_dags/example_trigger_target_dag.py
[2022-01-24 19:52:24,385] {logging_mixin.py:109} INFO - [2022-01-24 19:52:24,385] {dag.py:2396} INFO - Sync 1 DAGs
[2022-01-24 19:52:24,402] {logging_mixin.py:109} INFO - [2022-01-24 19:52:24,402] {dag.py:2935} INFO - Setting next_dagrun for example_trigger_target_dag to None
[2022-01-24 19:52:24,410] {processor.py:171} INFO - Processing /home/airflow/.local/lib/python3.6/site-packages/airflow/example_dags/example_trigger_target_dag.py took 0.076 seconds
