[2022-01-24 19:42:57,126] {processor.py:163} INFO - Started process (PID=112) to work on /home/airflow/.local/lib/python3.6/site-packages/airflow/example_dags/example_latest_only_with_trigger.py
[2022-01-24 19:42:57,128] {processor.py:642} INFO - Processing file /home/airflow/.local/lib/python3.6/site-packages/airflow/example_dags/example_latest_only_with_trigger.py for tasks to queue
[2022-01-24 19:42:57,132] {logging_mixin.py:109} INFO - [2022-01-24 19:42:57,132] {dagbag.py:500} INFO - Filling up the DagBag from /home/airflow/.local/lib/python3.6/site-packages/airflow/example_dags/example_latest_only_with_trigger.py
[2022-01-24 19:42:57,246] {processor.py:654} INFO - DAG(s) dict_keys(['latest_only_with_trigger']) retrieved from /home/airflow/.local/lib/python3.6/site-packages/airflow/example_dags/example_latest_only_with_trigger.py
[2022-01-24 19:43:02,155] {logging_mixin.py:109} INFO - [2022-01-24 19:43:02,155] {manager.py:496} INFO - Created Permission View: can edit on DAG:latest_only_with_trigger
[2022-01-24 19:43:02,170] {logging_mixin.py:109} INFO - [2022-01-24 19:43:02,170] {manager.py:496} INFO - Created Permission View: can read on DAG:latest_only_with_trigger
[2022-01-24 19:43:02,173] {logging_mixin.py:109} INFO - [2022-01-24 19:43:02,170] {dag.py:2396} INFO - Sync 1 DAGs
[2022-01-24 19:43:02,205] {logging_mixin.py:109} INFO - [2022-01-24 19:43:02,203] {dag.py:2415} INFO - Creating ORM DAG for latest_only_with_trigger
[2022-01-24 19:43:02,232] {logging_mixin.py:109} INFO - [2022-01-24 19:43:02,232] {dag.py:2935} INFO - Setting next_dagrun for latest_only_with_trigger to 2022-01-24T15:43:02.232042+00:00
[2022-01-24 19:43:02,260] {processor.py:171} INFO - Processing /home/airflow/.local/lib/python3.6/site-packages/airflow/example_dags/example_latest_only_with_trigger.py took 5.151 seconds
[2022-01-24 19:43:39,230] {processor.py:163} INFO - Started process (PID=369) to work on /home/airflow/.local/lib/python3.6/site-packages/airflow/example_dags/example_latest_only_with_trigger.py
[2022-01-24 19:43:39,232] {processor.py:642} INFO - Processing file /home/airflow/.local/lib/python3.6/site-packages/airflow/example_dags/example_latest_only_with_trigger.py for tasks to queue
[2022-01-24 19:43:39,233] {logging_mixin.py:109} INFO - [2022-01-24 19:43:39,233] {dagbag.py:500} INFO - Filling up the DagBag from /home/airflow/.local/lib/python3.6/site-packages/airflow/example_dags/example_latest_only_with_trigger.py
[2022-01-24 19:43:39,294] {processor.py:654} INFO - DAG(s) dict_keys(['latest_only_with_trigger']) retrieved from /home/airflow/.local/lib/python3.6/site-packages/airflow/example_dags/example_latest_only_with_trigger.py
[2022-01-24 19:43:39,319] {logging_mixin.py:109} INFO - [2022-01-24 19:43:39,318] {dag.py:2396} INFO - Sync 1 DAGs
[2022-01-24 19:43:39,382] {logging_mixin.py:109} INFO - [2022-01-24 19:43:39,381] {dag.py:2935} INFO - Setting next_dagrun for latest_only_with_trigger to 2022-01-24T15:43:39.381412+00:00
[2022-01-24 19:43:39,395] {processor.py:171} INFO - Processing /home/airflow/.local/lib/python3.6/site-packages/airflow/example_dags/example_latest_only_with_trigger.py took 0.170 seconds
[2022-01-24 19:44:09,965] {processor.py:163} INFO - Started process (PID=421) to work on /home/airflow/.local/lib/python3.6/site-packages/airflow/example_dags/example_latest_only_with_trigger.py
[2022-01-24 19:44:09,966] {processor.py:642} INFO - Processing file /home/airflow/.local/lib/python3.6/site-packages/airflow/example_dags/example_latest_only_with_trigger.py for tasks to queue
[2022-01-24 19:44:09,967] {logging_mixin.py:109} INFO - [2022-01-24 19:44:09,966] {dagbag.py:500} INFO - Filling up the DagBag from /home/airflow/.local/lib/python3.6/site-packages/airflow/example_dags/example_latest_only_with_trigger.py
[2022-01-24 19:44:10,000] {processor.py:654} INFO - DAG(s) dict_keys(['latest_only_with_trigger']) retrieved from /home/airflow/.local/lib/python3.6/site-packages/airflow/example_dags/example_latest_only_with_trigger.py
[2022-01-24 19:44:10,013] {logging_mixin.py:109} INFO - [2022-01-24 19:44:10,013] {dag.py:2396} INFO - Sync 1 DAGs
[2022-01-24 19:44:10,035] {logging_mixin.py:109} INFO - [2022-01-24 19:44:10,035] {dag.py:2935} INFO - Setting next_dagrun for latest_only_with_trigger to 2022-01-24T15:44:10.034801+00:00
[2022-01-24 19:44:10,047] {processor.py:171} INFO - Processing /home/airflow/.local/lib/python3.6/site-packages/airflow/example_dags/example_latest_only_with_trigger.py took 0.085 seconds
[2022-01-24 19:44:40,790] {processor.py:163} INFO - Started process (PID=472) to work on /home/airflow/.local/lib/python3.6/site-packages/airflow/example_dags/example_latest_only_with_trigger.py
[2022-01-24 19:44:40,791] {processor.py:642} INFO - Processing file /home/airflow/.local/lib/python3.6/site-packages/airflow/example_dags/example_latest_only_with_trigger.py for tasks to queue
[2022-01-24 19:44:40,791] {logging_mixin.py:109} INFO - [2022-01-24 19:44:40,791] {dagbag.py:500} INFO - Filling up the DagBag from /home/airflow/.local/lib/python3.6/site-packages/airflow/example_dags/example_latest_only_with_trigger.py
[2022-01-24 19:44:40,818] {processor.py:654} INFO - DAG(s) dict_keys(['latest_only_with_trigger']) retrieved from /home/airflow/.local/lib/python3.6/site-packages/airflow/example_dags/example_latest_only_with_trigger.py
[2022-01-24 19:44:40,828] {logging_mixin.py:109} INFO - [2022-01-24 19:44:40,828] {dag.py:2396} INFO - Sync 1 DAGs
[2022-01-24 19:44:40,848] {logging_mixin.py:109} INFO - [2022-01-24 19:44:40,848] {dag.py:2935} INFO - Setting next_dagrun for latest_only_with_trigger to 2022-01-24T15:44:40.848055+00:00
[2022-01-24 19:44:40,859] {processor.py:171} INFO - Processing /home/airflow/.local/lib/python3.6/site-packages/airflow/example_dags/example_latest_only_with_trigger.py took 0.072 seconds
[2022-01-24 19:45:11,562] {processor.py:163} INFO - Started process (PID=534) to work on /home/airflow/.local/lib/python3.6/site-packages/airflow/example_dags/example_latest_only_with_trigger.py
[2022-01-24 19:45:11,563] {processor.py:642} INFO - Processing file /home/airflow/.local/lib/python3.6/site-packages/airflow/example_dags/example_latest_only_with_trigger.py for tasks to queue
[2022-01-24 19:45:11,563] {logging_mixin.py:109} INFO - [2022-01-24 19:45:11,563] {dagbag.py:500} INFO - Filling up the DagBag from /home/airflow/.local/lib/python3.6/site-packages/airflow/example_dags/example_latest_only_with_trigger.py
[2022-01-24 19:45:11,596] {processor.py:654} INFO - DAG(s) dict_keys(['latest_only_with_trigger']) retrieved from /home/airflow/.local/lib/python3.6/site-packages/airflow/example_dags/example_latest_only_with_trigger.py
[2022-01-24 19:45:11,610] {logging_mixin.py:109} INFO - [2022-01-24 19:45:11,610] {dag.py:2396} INFO - Sync 1 DAGs
[2022-01-24 19:45:11,629] {logging_mixin.py:109} INFO - [2022-01-24 19:45:11,629] {dag.py:2935} INFO - Setting next_dagrun for latest_only_with_trigger to 2022-01-24T15:45:11.629322+00:00
[2022-01-24 19:45:11,639] {processor.py:171} INFO - Processing /home/airflow/.local/lib/python3.6/site-packages/airflow/example_dags/example_latest_only_with_trigger.py took 0.080 seconds
[2022-01-24 19:45:42,416] {processor.py:163} INFO - Started process (PID=587) to work on /home/airflow/.local/lib/python3.6/site-packages/airflow/example_dags/example_latest_only_with_trigger.py
[2022-01-24 19:45:42,417] {processor.py:642} INFO - Processing file /home/airflow/.local/lib/python3.6/site-packages/airflow/example_dags/example_latest_only_with_trigger.py for tasks to queue
[2022-01-24 19:45:42,417] {logging_mixin.py:109} INFO - [2022-01-24 19:45:42,417] {dagbag.py:500} INFO - Filling up the DagBag from /home/airflow/.local/lib/python3.6/site-packages/airflow/example_dags/example_latest_only_with_trigger.py
[2022-01-24 19:45:42,454] {processor.py:654} INFO - DAG(s) dict_keys(['latest_only_with_trigger']) retrieved from /home/airflow/.local/lib/python3.6/site-packages/airflow/example_dags/example_latest_only_with_trigger.py
[2022-01-24 19:45:42,471] {logging_mixin.py:109} INFO - [2022-01-24 19:45:42,471] {dag.py:2396} INFO - Sync 1 DAGs
[2022-01-24 19:45:42,501] {logging_mixin.py:109} INFO - [2022-01-24 19:45:42,501] {dag.py:2935} INFO - Setting next_dagrun for latest_only_with_trigger to 2022-01-24T15:45:42.501002+00:00
[2022-01-24 19:45:42,516] {processor.py:171} INFO - Processing /home/airflow/.local/lib/python3.6/site-packages/airflow/example_dags/example_latest_only_with_trigger.py took 0.104 seconds
[2022-01-24 19:46:12,851] {processor.py:163} INFO - Started process (PID=640) to work on /home/airflow/.local/lib/python3.6/site-packages/airflow/example_dags/example_latest_only_with_trigger.py
[2022-01-24 19:46:12,852] {processor.py:642} INFO - Processing file /home/airflow/.local/lib/python3.6/site-packages/airflow/example_dags/example_latest_only_with_trigger.py for tasks to queue
[2022-01-24 19:46:12,853] {logging_mixin.py:109} INFO - [2022-01-24 19:46:12,853] {dagbag.py:500} INFO - Filling up the DagBag from /home/airflow/.local/lib/python3.6/site-packages/airflow/example_dags/example_latest_only_with_trigger.py
[2022-01-24 19:46:12,879] {processor.py:654} INFO - DAG(s) dict_keys(['latest_only_with_trigger']) retrieved from /home/airflow/.local/lib/python3.6/site-packages/airflow/example_dags/example_latest_only_with_trigger.py
[2022-01-24 19:46:12,897] {logging_mixin.py:109} INFO - [2022-01-24 19:46:12,897] {dag.py:2396} INFO - Sync 1 DAGs
[2022-01-24 19:46:12,922] {logging_mixin.py:109} INFO - [2022-01-24 19:46:12,922] {dag.py:2935} INFO - Setting next_dagrun for latest_only_with_trigger to 2022-01-24T15:46:12.922062+00:00
[2022-01-24 19:46:12,946] {processor.py:171} INFO - Processing /home/airflow/.local/lib/python3.6/site-packages/airflow/example_dags/example_latest_only_with_trigger.py took 0.098 seconds
[2022-01-24 19:46:43,920] {processor.py:163} INFO - Started process (PID=703) to work on /home/airflow/.local/lib/python3.6/site-packages/airflow/example_dags/example_latest_only_with_trigger.py
[2022-01-24 19:46:43,921] {processor.py:642} INFO - Processing file /home/airflow/.local/lib/python3.6/site-packages/airflow/example_dags/example_latest_only_with_trigger.py for tasks to queue
[2022-01-24 19:46:43,922] {logging_mixin.py:109} INFO - [2022-01-24 19:46:43,922] {dagbag.py:500} INFO - Filling up the DagBag from /home/airflow/.local/lib/python3.6/site-packages/airflow/example_dags/example_latest_only_with_trigger.py
[2022-01-24 19:46:43,955] {processor.py:654} INFO - DAG(s) dict_keys(['latest_only_with_trigger']) retrieved from /home/airflow/.local/lib/python3.6/site-packages/airflow/example_dags/example_latest_only_with_trigger.py
[2022-01-24 19:46:43,970] {logging_mixin.py:109} INFO - [2022-01-24 19:46:43,970] {dag.py:2396} INFO - Sync 1 DAGs
[2022-01-24 19:46:43,998] {logging_mixin.py:109} INFO - [2022-01-24 19:46:43,998] {dag.py:2935} INFO - Setting next_dagrun for latest_only_with_trigger to 2022-01-24T15:46:43.997812+00:00
[2022-01-24 19:46:44,008] {processor.py:171} INFO - Processing /home/airflow/.local/lib/python3.6/site-packages/airflow/example_dags/example_latest_only_with_trigger.py took 0.091 seconds
[2022-01-24 19:47:15,007] {processor.py:163} INFO - Started process (PID=755) to work on /home/airflow/.local/lib/python3.6/site-packages/airflow/example_dags/example_latest_only_with_trigger.py
[2022-01-24 19:47:15,008] {processor.py:642} INFO - Processing file /home/airflow/.local/lib/python3.6/site-packages/airflow/example_dags/example_latest_only_with_trigger.py for tasks to queue
[2022-01-24 19:47:15,008] {logging_mixin.py:109} INFO - [2022-01-24 19:47:15,008] {dagbag.py:500} INFO - Filling up the DagBag from /home/airflow/.local/lib/python3.6/site-packages/airflow/example_dags/example_latest_only_with_trigger.py
[2022-01-24 19:47:15,033] {processor.py:654} INFO - DAG(s) dict_keys(['latest_only_with_trigger']) retrieved from /home/airflow/.local/lib/python3.6/site-packages/airflow/example_dags/example_latest_only_with_trigger.py
[2022-01-24 19:47:15,043] {logging_mixin.py:109} INFO - [2022-01-24 19:47:15,043] {dag.py:2396} INFO - Sync 1 DAGs
[2022-01-24 19:47:15,062] {logging_mixin.py:109} INFO - [2022-01-24 19:47:15,061] {dag.py:2935} INFO - Setting next_dagrun for latest_only_with_trigger to 2022-01-24T15:47:15.061737+00:00
[2022-01-24 19:47:15,076] {processor.py:171} INFO - Processing /home/airflow/.local/lib/python3.6/site-packages/airflow/example_dags/example_latest_only_with_trigger.py took 0.072 seconds
[2022-01-24 19:47:47,997] {processor.py:163} INFO - Started process (PID=815) to work on /home/airflow/.local/lib/python3.6/site-packages/airflow/example_dags/example_latest_only_with_trigger.py
[2022-01-24 19:47:48,016] {processor.py:642} INFO - Processing file /home/airflow/.local/lib/python3.6/site-packages/airflow/example_dags/example_latest_only_with_trigger.py for tasks to queue
[2022-01-24 19:47:48,017] {logging_mixin.py:109} INFO - [2022-01-24 19:47:48,016] {dagbag.py:500} INFO - Filling up the DagBag from /home/airflow/.local/lib/python3.6/site-packages/airflow/example_dags/example_latest_only_with_trigger.py
[2022-01-24 19:47:48,043] {processor.py:654} INFO - DAG(s) dict_keys(['latest_only_with_trigger']) retrieved from /home/airflow/.local/lib/python3.6/site-packages/airflow/example_dags/example_latest_only_with_trigger.py
[2022-01-24 19:47:48,053] {logging_mixin.py:109} INFO - [2022-01-24 19:47:48,053] {dag.py:2396} INFO - Sync 1 DAGs
[2022-01-24 19:47:48,067] {logging_mixin.py:109} INFO - [2022-01-24 19:47:48,067] {dag.py:2935} INFO - Setting next_dagrun for latest_only_with_trigger to 2022-01-24T15:47:48.066956+00:00
[2022-01-24 19:47:48,213] {processor.py:171} INFO - Processing /home/airflow/.local/lib/python3.6/site-packages/airflow/example_dags/example_latest_only_with_trigger.py took 0.218 seconds
[2022-01-24 19:48:19,120] {processor.py:163} INFO - Started process (PID=868) to work on /home/airflow/.local/lib/python3.6/site-packages/airflow/example_dags/example_latest_only_with_trigger.py
[2022-01-24 19:48:19,121] {processor.py:642} INFO - Processing file /home/airflow/.local/lib/python3.6/site-packages/airflow/example_dags/example_latest_only_with_trigger.py for tasks to queue
[2022-01-24 19:48:19,122] {logging_mixin.py:109} INFO - [2022-01-24 19:48:19,122] {dagbag.py:500} INFO - Filling up the DagBag from /home/airflow/.local/lib/python3.6/site-packages/airflow/example_dags/example_latest_only_with_trigger.py
[2022-01-24 19:48:19,151] {processor.py:654} INFO - DAG(s) dict_keys(['latest_only_with_trigger']) retrieved from /home/airflow/.local/lib/python3.6/site-packages/airflow/example_dags/example_latest_only_with_trigger.py
[2022-01-24 19:48:19,161] {logging_mixin.py:109} INFO - [2022-01-24 19:48:19,161] {dag.py:2396} INFO - Sync 1 DAGs
[2022-01-24 19:48:19,179] {logging_mixin.py:109} INFO - [2022-01-24 19:48:19,178] {dag.py:2935} INFO - Setting next_dagrun for latest_only_with_trigger to 2022-01-24T15:48:19.178730+00:00
[2022-01-24 19:48:19,187] {processor.py:171} INFO - Processing /home/airflow/.local/lib/python3.6/site-packages/airflow/example_dags/example_latest_only_with_trigger.py took 0.069 seconds
[2022-01-24 19:48:49,221] {processor.py:163} INFO - Started process (PID=930) to work on /home/airflow/.local/lib/python3.6/site-packages/airflow/example_dags/example_latest_only_with_trigger.py
[2022-01-24 19:48:49,222] {processor.py:642} INFO - Processing file /home/airflow/.local/lib/python3.6/site-packages/airflow/example_dags/example_latest_only_with_trigger.py for tasks to queue
[2022-01-24 19:48:49,223] {logging_mixin.py:109} INFO - [2022-01-24 19:48:49,223] {dagbag.py:500} INFO - Filling up the DagBag from /home/airflow/.local/lib/python3.6/site-packages/airflow/example_dags/example_latest_only_with_trigger.py
[2022-01-24 19:48:49,249] {processor.py:654} INFO - DAG(s) dict_keys(['latest_only_with_trigger']) retrieved from /home/airflow/.local/lib/python3.6/site-packages/airflow/example_dags/example_latest_only_with_trigger.py
[2022-01-24 19:48:49,260] {logging_mixin.py:109} INFO - [2022-01-24 19:48:49,260] {dag.py:2396} INFO - Sync 1 DAGs
[2022-01-24 19:48:49,280] {logging_mixin.py:109} INFO - [2022-01-24 19:48:49,280] {dag.py:2935} INFO - Setting next_dagrun for latest_only_with_trigger to 2022-01-24T15:48:49.280403+00:00
[2022-01-24 19:48:49,290] {processor.py:171} INFO - Processing /home/airflow/.local/lib/python3.6/site-packages/airflow/example_dags/example_latest_only_with_trigger.py took 0.072 seconds
[2022-01-24 19:49:19,542] {processor.py:163} INFO - Started process (PID=984) to work on /home/airflow/.local/lib/python3.6/site-packages/airflow/example_dags/example_latest_only_with_trigger.py
[2022-01-24 19:49:19,543] {processor.py:642} INFO - Processing file /home/airflow/.local/lib/python3.6/site-packages/airflow/example_dags/example_latest_only_with_trigger.py for tasks to queue
[2022-01-24 19:49:19,544] {logging_mixin.py:109} INFO - [2022-01-24 19:49:19,543] {dagbag.py:500} INFO - Filling up the DagBag from /home/airflow/.local/lib/python3.6/site-packages/airflow/example_dags/example_latest_only_with_trigger.py
[2022-01-24 19:49:19,567] {processor.py:654} INFO - DAG(s) dict_keys(['latest_only_with_trigger']) retrieved from /home/airflow/.local/lib/python3.6/site-packages/airflow/example_dags/example_latest_only_with_trigger.py
[2022-01-24 19:49:19,577] {logging_mixin.py:109} INFO - [2022-01-24 19:49:19,577] {dag.py:2396} INFO - Sync 1 DAGs
[2022-01-24 19:49:19,595] {logging_mixin.py:109} INFO - [2022-01-24 19:49:19,595] {dag.py:2935} INFO - Setting next_dagrun for latest_only_with_trigger to 2022-01-24T15:49:19.594805+00:00
[2022-01-24 19:49:19,605] {processor.py:171} INFO - Processing /home/airflow/.local/lib/python3.6/site-packages/airflow/example_dags/example_latest_only_with_trigger.py took 0.065 seconds
[2022-01-24 19:49:50,549] {processor.py:163} INFO - Started process (PID=1037) to work on /home/airflow/.local/lib/python3.6/site-packages/airflow/example_dags/example_latest_only_with_trigger.py
[2022-01-24 19:49:50,551] {processor.py:642} INFO - Processing file /home/airflow/.local/lib/python3.6/site-packages/airflow/example_dags/example_latest_only_with_trigger.py for tasks to queue
[2022-01-24 19:49:50,551] {logging_mixin.py:109} INFO - [2022-01-24 19:49:50,551] {dagbag.py:500} INFO - Filling up the DagBag from /home/airflow/.local/lib/python3.6/site-packages/airflow/example_dags/example_latest_only_with_trigger.py
[2022-01-24 19:49:50,578] {processor.py:654} INFO - DAG(s) dict_keys(['latest_only_with_trigger']) retrieved from /home/airflow/.local/lib/python3.6/site-packages/airflow/example_dags/example_latest_only_with_trigger.py
[2022-01-24 19:49:50,589] {logging_mixin.py:109} INFO - [2022-01-24 19:49:50,589] {dag.py:2396} INFO - Sync 1 DAGs
[2022-01-24 19:49:50,610] {logging_mixin.py:109} INFO - [2022-01-24 19:49:50,610] {dag.py:2935} INFO - Setting next_dagrun for latest_only_with_trigger to 2022-01-24T15:49:50.609956+00:00
[2022-01-24 19:49:50,617] {processor.py:171} INFO - Processing /home/airflow/.local/lib/python3.6/site-packages/airflow/example_dags/example_latest_only_with_trigger.py took 0.071 seconds
[2022-01-24 19:50:21,666] {processor.py:163} INFO - Started process (PID=1101) to work on /home/airflow/.local/lib/python3.6/site-packages/airflow/example_dags/example_latest_only_with_trigger.py
[2022-01-24 19:50:21,667] {processor.py:642} INFO - Processing file /home/airflow/.local/lib/python3.6/site-packages/airflow/example_dags/example_latest_only_with_trigger.py for tasks to queue
[2022-01-24 19:50:21,667] {logging_mixin.py:109} INFO - [2022-01-24 19:50:21,667] {dagbag.py:500} INFO - Filling up the DagBag from /home/airflow/.local/lib/python3.6/site-packages/airflow/example_dags/example_latest_only_with_trigger.py
[2022-01-24 19:50:21,690] {processor.py:654} INFO - DAG(s) dict_keys(['latest_only_with_trigger']) retrieved from /home/airflow/.local/lib/python3.6/site-packages/airflow/example_dags/example_latest_only_with_trigger.py
[2022-01-24 19:50:21,699] {logging_mixin.py:109} INFO - [2022-01-24 19:50:21,699] {dag.py:2396} INFO - Sync 1 DAGs
[2022-01-24 19:50:21,716] {logging_mixin.py:109} INFO - [2022-01-24 19:50:21,716] {dag.py:2935} INFO - Setting next_dagrun for latest_only_with_trigger to 2022-01-24T15:50:21.716142+00:00
[2022-01-24 19:50:21,726] {processor.py:171} INFO - Processing /home/airflow/.local/lib/python3.6/site-packages/airflow/example_dags/example_latest_only_with_trigger.py took 0.063 seconds
[2022-01-24 19:50:52,646] {processor.py:163} INFO - Started process (PID=1154) to work on /home/airflow/.local/lib/python3.6/site-packages/airflow/example_dags/example_latest_only_with_trigger.py
[2022-01-24 19:50:52,647] {processor.py:642} INFO - Processing file /home/airflow/.local/lib/python3.6/site-packages/airflow/example_dags/example_latest_only_with_trigger.py for tasks to queue
[2022-01-24 19:50:52,648] {logging_mixin.py:109} INFO - [2022-01-24 19:50:52,648] {dagbag.py:500} INFO - Filling up the DagBag from /home/airflow/.local/lib/python3.6/site-packages/airflow/example_dags/example_latest_only_with_trigger.py
[2022-01-24 19:50:52,685] {processor.py:654} INFO - DAG(s) dict_keys(['latest_only_with_trigger']) retrieved from /home/airflow/.local/lib/python3.6/site-packages/airflow/example_dags/example_latest_only_with_trigger.py
[2022-01-24 19:50:52,700] {logging_mixin.py:109} INFO - [2022-01-24 19:50:52,700] {dag.py:2396} INFO - Sync 1 DAGs
[2022-01-24 19:50:52,723] {logging_mixin.py:109} INFO - [2022-01-24 19:50:52,722] {dag.py:2935} INFO - Setting next_dagrun for latest_only_with_trigger to 2022-01-24T15:50:52.722548+00:00
[2022-01-24 19:50:52,738] {processor.py:171} INFO - Processing /home/airflow/.local/lib/python3.6/site-packages/airflow/example_dags/example_latest_only_with_trigger.py took 0.097 seconds
[2022-01-24 19:51:23,403] {processor.py:163} INFO - Started process (PID=1218) to work on /home/airflow/.local/lib/python3.6/site-packages/airflow/example_dags/example_latest_only_with_trigger.py
[2022-01-24 19:51:23,405] {processor.py:642} INFO - Processing file /home/airflow/.local/lib/python3.6/site-packages/airflow/example_dags/example_latest_only_with_trigger.py for tasks to queue
[2022-01-24 19:51:23,406] {logging_mixin.py:109} INFO - [2022-01-24 19:51:23,406] {dagbag.py:500} INFO - Filling up the DagBag from /home/airflow/.local/lib/python3.6/site-packages/airflow/example_dags/example_latest_only_with_trigger.py
[2022-01-24 19:51:23,447] {processor.py:654} INFO - DAG(s) dict_keys(['latest_only_with_trigger']) retrieved from /home/airflow/.local/lib/python3.6/site-packages/airflow/example_dags/example_latest_only_with_trigger.py
[2022-01-24 19:51:23,462] {logging_mixin.py:109} INFO - [2022-01-24 19:51:23,462] {dag.py:2396} INFO - Sync 1 DAGs
[2022-01-24 19:51:23,487] {logging_mixin.py:109} INFO - [2022-01-24 19:51:23,487] {dag.py:2935} INFO - Setting next_dagrun for latest_only_with_trigger to 2022-01-24T15:51:23.487216+00:00
[2022-01-24 19:51:23,497] {processor.py:171} INFO - Processing /home/airflow/.local/lib/python3.6/site-packages/airflow/example_dags/example_latest_only_with_trigger.py took 0.099 seconds
[2022-01-24 19:51:53,774] {processor.py:163} INFO - Started process (PID=1273) to work on /home/airflow/.local/lib/python3.6/site-packages/airflow/example_dags/example_latest_only_with_trigger.py
[2022-01-24 19:51:53,776] {processor.py:642} INFO - Processing file /home/airflow/.local/lib/python3.6/site-packages/airflow/example_dags/example_latest_only_with_trigger.py for tasks to queue
[2022-01-24 19:51:53,777] {logging_mixin.py:109} INFO - [2022-01-24 19:51:53,777] {dagbag.py:500} INFO - Filling up the DagBag from /home/airflow/.local/lib/python3.6/site-packages/airflow/example_dags/example_latest_only_with_trigger.py
[2022-01-24 19:51:53,811] {processor.py:654} INFO - DAG(s) dict_keys(['latest_only_with_trigger']) retrieved from /home/airflow/.local/lib/python3.6/site-packages/airflow/example_dags/example_latest_only_with_trigger.py
[2022-01-24 19:51:53,825] {logging_mixin.py:109} INFO - [2022-01-24 19:51:53,825] {dag.py:2396} INFO - Sync 1 DAGs
[2022-01-24 19:51:53,856] {logging_mixin.py:109} INFO - [2022-01-24 19:51:53,855] {dag.py:2935} INFO - Setting next_dagrun for latest_only_with_trigger to 2022-01-24T15:51:53.855533+00:00
[2022-01-24 19:51:53,869] {processor.py:171} INFO - Processing /home/airflow/.local/lib/python3.6/site-packages/airflow/example_dags/example_latest_only_with_trigger.py took 0.099 seconds
[2022-01-24 19:52:23,950] {processor.py:163} INFO - Started process (PID=1326) to work on /home/airflow/.local/lib/python3.6/site-packages/airflow/example_dags/example_latest_only_with_trigger.py
[2022-01-24 19:52:23,951] {processor.py:642} INFO - Processing file /home/airflow/.local/lib/python3.6/site-packages/airflow/example_dags/example_latest_only_with_trigger.py for tasks to queue
[2022-01-24 19:52:23,951] {logging_mixin.py:109} INFO - [2022-01-24 19:52:23,951] {dagbag.py:500} INFO - Filling up the DagBag from /home/airflow/.local/lib/python3.6/site-packages/airflow/example_dags/example_latest_only_with_trigger.py
[2022-01-24 19:52:23,991] {processor.py:654} INFO - DAG(s) dict_keys(['latest_only_with_trigger']) retrieved from /home/airflow/.local/lib/python3.6/site-packages/airflow/example_dags/example_latest_only_with_trigger.py
[2022-01-24 19:52:24,015] {logging_mixin.py:109} INFO - [2022-01-24 19:52:24,015] {dag.py:2396} INFO - Sync 1 DAGs
[2022-01-24 19:52:24,051] {logging_mixin.py:109} INFO - [2022-01-24 19:52:24,051] {dag.py:2935} INFO - Setting next_dagrun for latest_only_with_trigger to 2022-01-24T15:52:24.050858+00:00
[2022-01-24 19:52:24,070] {processor.py:171} INFO - Processing /home/airflow/.local/lib/python3.6/site-packages/airflow/example_dags/example_latest_only_with_trigger.py took 0.123 seconds
