[2022-01-24 19:43:24,475] {processor.py:163} INFO - Started process (PID=277) to work on /home/airflow/.local/lib/python3.6/site-packages/airflow/example_dags/example_external_task_marker_dag.py
[2022-01-24 19:43:24,477] {processor.py:642} INFO - Processing file /home/airflow/.local/lib/python3.6/site-packages/airflow/example_dags/example_external_task_marker_dag.py for tasks to queue
[2022-01-24 19:43:24,478] {logging_mixin.py:109} INFO - [2022-01-24 19:43:24,478] {dagbag.py:500} INFO - Filling up the DagBag from /home/airflow/.local/lib/python3.6/site-packages/airflow/example_dags/example_external_task_marker_dag.py
[2022-01-24 19:43:24,547] {processor.py:654} INFO - DAG(s) dict_keys(['example_external_task_marker_parent', 'example_external_task_marker_child']) retrieved from /home/airflow/.local/lib/python3.6/site-packages/airflow/example_dags/example_external_task_marker_dag.py
[2022-01-24 19:43:27,934] {logging_mixin.py:109} INFO - [2022-01-24 19:43:27,934] {manager.py:496} INFO - Created Permission View: can edit on DAG:example_external_task_marker_parent
[2022-01-24 19:43:27,948] {logging_mixin.py:109} INFO - [2022-01-24 19:43:27,948] {manager.py:496} INFO - Created Permission View: can read on DAG:example_external_task_marker_parent
[2022-01-24 19:43:27,981] {logging_mixin.py:109} INFO - [2022-01-24 19:43:27,981] {manager.py:496} INFO - Created Permission View: can edit on DAG:example_external_task_marker_child
[2022-01-24 19:43:28,000] {logging_mixin.py:109} INFO - [2022-01-24 19:43:27,999] {manager.py:496} INFO - Created Permission View: can read on DAG:example_external_task_marker_child
[2022-01-24 19:43:28,003] {logging_mixin.py:109} INFO - [2022-01-24 19:43:28,000] {dag.py:2396} INFO - Sync 2 DAGs
[2022-01-24 19:43:28,025] {logging_mixin.py:109} INFO - [2022-01-24 19:43:28,022] {dag.py:2415} INFO - Creating ORM DAG for example_external_task_marker_parent
[2022-01-24 19:43:28,026] {logging_mixin.py:109} INFO - [2022-01-24 19:43:28,025] {dag.py:2415} INFO - Creating ORM DAG for example_external_task_marker_child
[2022-01-24 19:43:28,038] {logging_mixin.py:109} INFO - [2022-01-24 19:43:28,038] {dag.py:2935} INFO - Setting next_dagrun for example_external_task_marker_child to None
[2022-01-24 19:43:28,039] {logging_mixin.py:109} INFO - [2022-01-24 19:43:28,039] {dag.py:2935} INFO - Setting next_dagrun for example_external_task_marker_parent to None
[2022-01-24 19:43:28,058] {processor.py:171} INFO - Processing /home/airflow/.local/lib/python3.6/site-packages/airflow/example_dags/example_external_task_marker_dag.py took 3.588 seconds
[2022-01-24 19:43:58,579] {processor.py:163} INFO - Started process (PID=395) to work on /home/airflow/.local/lib/python3.6/site-packages/airflow/example_dags/example_external_task_marker_dag.py
[2022-01-24 19:43:58,580] {processor.py:642} INFO - Processing file /home/airflow/.local/lib/python3.6/site-packages/airflow/example_dags/example_external_task_marker_dag.py for tasks to queue
[2022-01-24 19:43:58,581] {logging_mixin.py:109} INFO - [2022-01-24 19:43:58,581] {dagbag.py:500} INFO - Filling up the DagBag from /home/airflow/.local/lib/python3.6/site-packages/airflow/example_dags/example_external_task_marker_dag.py
[2022-01-24 19:43:58,611] {processor.py:654} INFO - DAG(s) dict_keys(['example_external_task_marker_parent', 'example_external_task_marker_child']) retrieved from /home/airflow/.local/lib/python3.6/site-packages/airflow/example_dags/example_external_task_marker_dag.py
[2022-01-24 19:43:58,634] {logging_mixin.py:109} INFO - [2022-01-24 19:43:58,634] {dag.py:2396} INFO - Sync 2 DAGs
[2022-01-24 19:43:58,666] {logging_mixin.py:109} INFO - [2022-01-24 19:43:58,666] {dag.py:2935} INFO - Setting next_dagrun for example_external_task_marker_child to None
[2022-01-24 19:43:58,666] {logging_mixin.py:109} INFO - [2022-01-24 19:43:58,666] {dag.py:2935} INFO - Setting next_dagrun for example_external_task_marker_parent to None
[2022-01-24 19:43:58,683] {processor.py:171} INFO - Processing /home/airflow/.local/lib/python3.6/site-packages/airflow/example_dags/example_external_task_marker_dag.py took 0.108 seconds
[2022-01-24 19:44:28,763] {processor.py:163} INFO - Started process (PID=447) to work on /home/airflow/.local/lib/python3.6/site-packages/airflow/example_dags/example_external_task_marker_dag.py
[2022-01-24 19:44:28,764] {processor.py:642} INFO - Processing file /home/airflow/.local/lib/python3.6/site-packages/airflow/example_dags/example_external_task_marker_dag.py for tasks to queue
[2022-01-24 19:44:28,765] {logging_mixin.py:109} INFO - [2022-01-24 19:44:28,765] {dagbag.py:500} INFO - Filling up the DagBag from /home/airflow/.local/lib/python3.6/site-packages/airflow/example_dags/example_external_task_marker_dag.py
[2022-01-24 19:44:28,800] {processor.py:654} INFO - DAG(s) dict_keys(['example_external_task_marker_parent', 'example_external_task_marker_child']) retrieved from /home/airflow/.local/lib/python3.6/site-packages/airflow/example_dags/example_external_task_marker_dag.py
[2022-01-24 19:44:28,823] {logging_mixin.py:109} INFO - [2022-01-24 19:44:28,822] {dag.py:2396} INFO - Sync 2 DAGs
[2022-01-24 19:44:28,847] {logging_mixin.py:109} INFO - [2022-01-24 19:44:28,847] {dag.py:2935} INFO - Setting next_dagrun for example_external_task_marker_child to None
[2022-01-24 19:44:28,847] {logging_mixin.py:109} INFO - [2022-01-24 19:44:28,847] {dag.py:2935} INFO - Setting next_dagrun for example_external_task_marker_parent to None
[2022-01-24 19:44:28,858] {processor.py:171} INFO - Processing /home/airflow/.local/lib/python3.6/site-packages/airflow/example_dags/example_external_task_marker_dag.py took 0.099 seconds
[2022-01-24 19:44:59,591] {processor.py:163} INFO - Started process (PID=509) to work on /home/airflow/.local/lib/python3.6/site-packages/airflow/example_dags/example_external_task_marker_dag.py
[2022-01-24 19:44:59,594] {processor.py:642} INFO - Processing file /home/airflow/.local/lib/python3.6/site-packages/airflow/example_dags/example_external_task_marker_dag.py for tasks to queue
[2022-01-24 19:44:59,596] {logging_mixin.py:109} INFO - [2022-01-24 19:44:59,595] {dagbag.py:500} INFO - Filling up the DagBag from /home/airflow/.local/lib/python3.6/site-packages/airflow/example_dags/example_external_task_marker_dag.py
[2022-01-24 19:44:59,635] {processor.py:654} INFO - DAG(s) dict_keys(['example_external_task_marker_parent', 'example_external_task_marker_child']) retrieved from /home/airflow/.local/lib/python3.6/site-packages/airflow/example_dags/example_external_task_marker_dag.py
[2022-01-24 19:44:59,651] {logging_mixin.py:109} INFO - [2022-01-24 19:44:59,651] {dag.py:2396} INFO - Sync 2 DAGs
[2022-01-24 19:44:59,673] {logging_mixin.py:109} INFO - [2022-01-24 19:44:59,672] {dag.py:2935} INFO - Setting next_dagrun for example_external_task_marker_child to None
[2022-01-24 19:44:59,673] {logging_mixin.py:109} INFO - [2022-01-24 19:44:59,673] {dag.py:2935} INFO - Setting next_dagrun for example_external_task_marker_parent to None
[2022-01-24 19:44:59,682] {processor.py:171} INFO - Processing /home/airflow/.local/lib/python3.6/site-packages/airflow/example_dags/example_external_task_marker_dag.py took 0.100 seconds
[2022-01-24 19:45:30,012] {processor.py:163} INFO - Started process (PID=561) to work on /home/airflow/.local/lib/python3.6/site-packages/airflow/example_dags/example_external_task_marker_dag.py
[2022-01-24 19:45:30,013] {processor.py:642} INFO - Processing file /home/airflow/.local/lib/python3.6/site-packages/airflow/example_dags/example_external_task_marker_dag.py for tasks to queue
[2022-01-24 19:45:30,014] {logging_mixin.py:109} INFO - [2022-01-24 19:45:30,013] {dagbag.py:500} INFO - Filling up the DagBag from /home/airflow/.local/lib/python3.6/site-packages/airflow/example_dags/example_external_task_marker_dag.py
[2022-01-24 19:45:30,049] {processor.py:654} INFO - DAG(s) dict_keys(['example_external_task_marker_parent', 'example_external_task_marker_child']) retrieved from /home/airflow/.local/lib/python3.6/site-packages/airflow/example_dags/example_external_task_marker_dag.py
[2022-01-24 19:45:30,069] {logging_mixin.py:109} INFO - [2022-01-24 19:45:30,069] {dag.py:2396} INFO - Sync 2 DAGs
[2022-01-24 19:45:30,093] {logging_mixin.py:109} INFO - [2022-01-24 19:45:30,092] {dag.py:2935} INFO - Setting next_dagrun for example_external_task_marker_child to None
[2022-01-24 19:45:30,093] {logging_mixin.py:109} INFO - [2022-01-24 19:45:30,093] {dag.py:2935} INFO - Setting next_dagrun for example_external_task_marker_parent to None
[2022-01-24 19:45:30,107] {processor.py:171} INFO - Processing /home/airflow/.local/lib/python3.6/site-packages/airflow/example_dags/example_external_task_marker_dag.py took 0.101 seconds
[2022-01-24 19:46:00,741] {processor.py:163} INFO - Started process (PID=614) to work on /home/airflow/.local/lib/python3.6/site-packages/airflow/example_dags/example_external_task_marker_dag.py
[2022-01-24 19:46:00,742] {processor.py:642} INFO - Processing file /home/airflow/.local/lib/python3.6/site-packages/airflow/example_dags/example_external_task_marker_dag.py for tasks to queue
[2022-01-24 19:46:00,742] {logging_mixin.py:109} INFO - [2022-01-24 19:46:00,742] {dagbag.py:500} INFO - Filling up the DagBag from /home/airflow/.local/lib/python3.6/site-packages/airflow/example_dags/example_external_task_marker_dag.py
[2022-01-24 19:46:00,769] {processor.py:654} INFO - DAG(s) dict_keys(['example_external_task_marker_parent', 'example_external_task_marker_child']) retrieved from /home/airflow/.local/lib/python3.6/site-packages/airflow/example_dags/example_external_task_marker_dag.py
[2022-01-24 19:46:00,784] {logging_mixin.py:109} INFO - [2022-01-24 19:46:00,784] {dag.py:2396} INFO - Sync 2 DAGs
[2022-01-24 19:46:00,803] {logging_mixin.py:109} INFO - [2022-01-24 19:46:00,803] {dag.py:2935} INFO - Setting next_dagrun for example_external_task_marker_child to None
[2022-01-24 19:46:00,804] {logging_mixin.py:109} INFO - [2022-01-24 19:46:00,803] {dag.py:2935} INFO - Setting next_dagrun for example_external_task_marker_parent to None
[2022-01-24 19:46:00,812] {processor.py:171} INFO - Processing /home/airflow/.local/lib/python3.6/site-packages/airflow/example_dags/example_external_task_marker_dag.py took 0.074 seconds
[2022-01-24 19:46:30,883] {processor.py:163} INFO - Started process (PID=678) to work on /home/airflow/.local/lib/python3.6/site-packages/airflow/example_dags/example_external_task_marker_dag.py
[2022-01-24 19:46:30,884] {processor.py:642} INFO - Processing file /home/airflow/.local/lib/python3.6/site-packages/airflow/example_dags/example_external_task_marker_dag.py for tasks to queue
[2022-01-24 19:46:30,884] {logging_mixin.py:109} INFO - [2022-01-24 19:46:30,884] {dagbag.py:500} INFO - Filling up the DagBag from /home/airflow/.local/lib/python3.6/site-packages/airflow/example_dags/example_external_task_marker_dag.py
[2022-01-24 19:46:30,905] {processor.py:654} INFO - DAG(s) dict_keys(['example_external_task_marker_parent', 'example_external_task_marker_child']) retrieved from /home/airflow/.local/lib/python3.6/site-packages/airflow/example_dags/example_external_task_marker_dag.py
[2022-01-24 19:46:30,921] {logging_mixin.py:109} INFO - [2022-01-24 19:46:30,921] {dag.py:2396} INFO - Sync 2 DAGs
[2022-01-24 19:46:30,943] {logging_mixin.py:109} INFO - [2022-01-24 19:46:30,943] {dag.py:2935} INFO - Setting next_dagrun for example_external_task_marker_child to None
[2022-01-24 19:46:30,944] {logging_mixin.py:109} INFO - [2022-01-24 19:46:30,944] {dag.py:2935} INFO - Setting next_dagrun for example_external_task_marker_parent to None
[2022-01-24 19:46:30,954] {processor.py:171} INFO - Processing /home/airflow/.local/lib/python3.6/site-packages/airflow/example_dags/example_external_task_marker_dag.py took 0.073 seconds
[2022-01-24 19:47:01,110] {processor.py:163} INFO - Started process (PID=730) to work on /home/airflow/.local/lib/python3.6/site-packages/airflow/example_dags/example_external_task_marker_dag.py
[2022-01-24 19:47:01,112] {processor.py:642} INFO - Processing file /home/airflow/.local/lib/python3.6/site-packages/airflow/example_dags/example_external_task_marker_dag.py for tasks to queue
[2022-01-24 19:47:01,112] {logging_mixin.py:109} INFO - [2022-01-24 19:47:01,112] {dagbag.py:500} INFO - Filling up the DagBag from /home/airflow/.local/lib/python3.6/site-packages/airflow/example_dags/example_external_task_marker_dag.py
[2022-01-24 19:47:01,152] {processor.py:654} INFO - DAG(s) dict_keys(['example_external_task_marker_parent', 'example_external_task_marker_child']) retrieved from /home/airflow/.local/lib/python3.6/site-packages/airflow/example_dags/example_external_task_marker_dag.py
[2022-01-24 19:47:01,163] {logging_mixin.py:109} INFO - [2022-01-24 19:47:01,163] {dag.py:2396} INFO - Sync 2 DAGs
[2022-01-24 19:47:01,180] {logging_mixin.py:109} INFO - [2022-01-24 19:47:01,180] {dag.py:2935} INFO - Setting next_dagrun for example_external_task_marker_child to None
[2022-01-24 19:47:01,180] {logging_mixin.py:109} INFO - [2022-01-24 19:47:01,180] {dag.py:2935} INFO - Setting next_dagrun for example_external_task_marker_parent to None
[2022-01-24 19:47:01,188] {processor.py:171} INFO - Processing /home/airflow/.local/lib/python3.6/site-packages/airflow/example_dags/example_external_task_marker_dag.py took 0.081 seconds
[2022-01-24 19:47:31,506] {processor.py:163} INFO - Started process (PID=782) to work on /home/airflow/.local/lib/python3.6/site-packages/airflow/example_dags/example_external_task_marker_dag.py
[2022-01-24 19:47:31,759] {processor.py:642} INFO - Processing file /home/airflow/.local/lib/python3.6/site-packages/airflow/example_dags/example_external_task_marker_dag.py for tasks to queue
[2022-01-24 19:47:31,760] {logging_mixin.py:109} INFO - [2022-01-24 19:47:31,760] {dagbag.py:500} INFO - Filling up the DagBag from /home/airflow/.local/lib/python3.6/site-packages/airflow/example_dags/example_external_task_marker_dag.py
[2022-01-24 19:47:31,799] {processor.py:654} INFO - DAG(s) dict_keys(['example_external_task_marker_parent', 'example_external_task_marker_child']) retrieved from /home/airflow/.local/lib/python3.6/site-packages/airflow/example_dags/example_external_task_marker_dag.py
[2022-01-24 19:47:31,817] {logging_mixin.py:109} INFO - [2022-01-24 19:47:31,817] {dag.py:2396} INFO - Sync 2 DAGs
[2022-01-24 19:47:31,841] {logging_mixin.py:109} INFO - [2022-01-24 19:47:31,841] {dag.py:2935} INFO - Setting next_dagrun for example_external_task_marker_child to None
[2022-01-24 19:47:31,842] {logging_mixin.py:109} INFO - [2022-01-24 19:47:31,842] {dag.py:2935} INFO - Setting next_dagrun for example_external_task_marker_parent to None
[2022-01-24 19:47:31,898] {processor.py:171} INFO - Processing /home/airflow/.local/lib/python3.6/site-packages/airflow/example_dags/example_external_task_marker_dag.py took 0.394 seconds
[2022-01-24 19:48:02,152] {processor.py:163} INFO - Started process (PID=843) to work on /home/airflow/.local/lib/python3.6/site-packages/airflow/example_dags/example_external_task_marker_dag.py
[2022-01-24 19:48:02,153] {processor.py:642} INFO - Processing file /home/airflow/.local/lib/python3.6/site-packages/airflow/example_dags/example_external_task_marker_dag.py for tasks to queue
[2022-01-24 19:48:02,154] {logging_mixin.py:109} INFO - [2022-01-24 19:48:02,154] {dagbag.py:500} INFO - Filling up the DagBag from /home/airflow/.local/lib/python3.6/site-packages/airflow/example_dags/example_external_task_marker_dag.py
[2022-01-24 19:48:02,185] {processor.py:654} INFO - DAG(s) dict_keys(['example_external_task_marker_parent', 'example_external_task_marker_child']) retrieved from /home/airflow/.local/lib/python3.6/site-packages/airflow/example_dags/example_external_task_marker_dag.py
[2022-01-24 19:48:02,205] {logging_mixin.py:109} INFO - [2022-01-24 19:48:02,204] {dag.py:2396} INFO - Sync 2 DAGs
[2022-01-24 19:48:02,226] {logging_mixin.py:109} INFO - [2022-01-24 19:48:02,226] {dag.py:2935} INFO - Setting next_dagrun for example_external_task_marker_child to None
[2022-01-24 19:48:02,226] {logging_mixin.py:109} INFO - [2022-01-24 19:48:02,226] {dag.py:2935} INFO - Setting next_dagrun for example_external_task_marker_parent to None
[2022-01-24 19:48:02,236] {processor.py:171} INFO - Processing /home/airflow/.local/lib/python3.6/site-packages/airflow/example_dags/example_external_task_marker_dag.py took 0.087 seconds
[2022-01-24 19:48:33,208] {processor.py:163} INFO - Started process (PID=896) to work on /home/airflow/.local/lib/python3.6/site-packages/airflow/example_dags/example_external_task_marker_dag.py
[2022-01-24 19:48:33,209] {processor.py:642} INFO - Processing file /home/airflow/.local/lib/python3.6/site-packages/airflow/example_dags/example_external_task_marker_dag.py for tasks to queue
[2022-01-24 19:48:33,209] {logging_mixin.py:109} INFO - [2022-01-24 19:48:33,209] {dagbag.py:500} INFO - Filling up the DagBag from /home/airflow/.local/lib/python3.6/site-packages/airflow/example_dags/example_external_task_marker_dag.py
[2022-01-24 19:48:33,237] {processor.py:654} INFO - DAG(s) dict_keys(['example_external_task_marker_parent', 'example_external_task_marker_child']) retrieved from /home/airflow/.local/lib/python3.6/site-packages/airflow/example_dags/example_external_task_marker_dag.py
[2022-01-24 19:48:33,252] {logging_mixin.py:109} INFO - [2022-01-24 19:48:33,252] {dag.py:2396} INFO - Sync 2 DAGs
[2022-01-24 19:48:33,269] {logging_mixin.py:109} INFO - [2022-01-24 19:48:33,269] {dag.py:2935} INFO - Setting next_dagrun for example_external_task_marker_child to None
[2022-01-24 19:48:33,269] {logging_mixin.py:109} INFO - [2022-01-24 19:48:33,269] {dag.py:2935} INFO - Setting next_dagrun for example_external_task_marker_parent to None
[2022-01-24 19:48:33,278] {processor.py:171} INFO - Processing /home/airflow/.local/lib/python3.6/site-packages/airflow/example_dags/example_external_task_marker_dag.py took 0.073 seconds
[2022-01-24 19:49:03,475] {processor.py:163} INFO - Started process (PID=959) to work on /home/airflow/.local/lib/python3.6/site-packages/airflow/example_dags/example_external_task_marker_dag.py
[2022-01-24 19:49:03,477] {processor.py:642} INFO - Processing file /home/airflow/.local/lib/python3.6/site-packages/airflow/example_dags/example_external_task_marker_dag.py for tasks to queue
[2022-01-24 19:49:03,478] {logging_mixin.py:109} INFO - [2022-01-24 19:49:03,478] {dagbag.py:500} INFO - Filling up the DagBag from /home/airflow/.local/lib/python3.6/site-packages/airflow/example_dags/example_external_task_marker_dag.py
[2022-01-24 19:49:03,527] {processor.py:654} INFO - DAG(s) dict_keys(['example_external_task_marker_parent', 'example_external_task_marker_child']) retrieved from /home/airflow/.local/lib/python3.6/site-packages/airflow/example_dags/example_external_task_marker_dag.py
[2022-01-24 19:49:03,549] {logging_mixin.py:109} INFO - [2022-01-24 19:49:03,548] {dag.py:2396} INFO - Sync 2 DAGs
[2022-01-24 19:49:03,578] {logging_mixin.py:109} INFO - [2022-01-24 19:49:03,578] {dag.py:2935} INFO - Setting next_dagrun for example_external_task_marker_child to None
[2022-01-24 19:49:03,578] {logging_mixin.py:109} INFO - [2022-01-24 19:49:03,578] {dag.py:2935} INFO - Setting next_dagrun for example_external_task_marker_parent to None
[2022-01-24 19:49:03,592] {processor.py:171} INFO - Processing /home/airflow/.local/lib/python3.6/site-packages/airflow/example_dags/example_external_task_marker_dag.py took 0.121 seconds
[2022-01-24 19:49:33,674] {processor.py:163} INFO - Started process (PID=1012) to work on /home/airflow/.local/lib/python3.6/site-packages/airflow/example_dags/example_external_task_marker_dag.py
[2022-01-24 19:49:33,675] {processor.py:642} INFO - Processing file /home/airflow/.local/lib/python3.6/site-packages/airflow/example_dags/example_external_task_marker_dag.py for tasks to queue
[2022-01-24 19:49:33,675] {logging_mixin.py:109} INFO - [2022-01-24 19:49:33,675] {dagbag.py:500} INFO - Filling up the DagBag from /home/airflow/.local/lib/python3.6/site-packages/airflow/example_dags/example_external_task_marker_dag.py
[2022-01-24 19:49:33,713] {processor.py:654} INFO - DAG(s) dict_keys(['example_external_task_marker_parent', 'example_external_task_marker_child']) retrieved from /home/airflow/.local/lib/python3.6/site-packages/airflow/example_dags/example_external_task_marker_dag.py
[2022-01-24 19:49:33,733] {logging_mixin.py:109} INFO - [2022-01-24 19:49:33,733] {dag.py:2396} INFO - Sync 2 DAGs
[2022-01-24 19:49:33,760] {logging_mixin.py:109} INFO - [2022-01-24 19:49:33,759] {dag.py:2935} INFO - Setting next_dagrun for example_external_task_marker_child to None
[2022-01-24 19:49:33,760] {logging_mixin.py:109} INFO - [2022-01-24 19:49:33,760] {dag.py:2935} INFO - Setting next_dagrun for example_external_task_marker_parent to None
[2022-01-24 19:49:33,772] {processor.py:171} INFO - Processing /home/airflow/.local/lib/python3.6/site-packages/airflow/example_dags/example_external_task_marker_dag.py took 0.102 seconds
[2022-01-24 19:50:04,607] {processor.py:163} INFO - Started process (PID=1075) to work on /home/airflow/.local/lib/python3.6/site-packages/airflow/example_dags/example_external_task_marker_dag.py
[2022-01-24 19:50:04,608] {processor.py:642} INFO - Processing file /home/airflow/.local/lib/python3.6/site-packages/airflow/example_dags/example_external_task_marker_dag.py for tasks to queue
[2022-01-24 19:50:04,608] {logging_mixin.py:109} INFO - [2022-01-24 19:50:04,608] {dagbag.py:500} INFO - Filling up the DagBag from /home/airflow/.local/lib/python3.6/site-packages/airflow/example_dags/example_external_task_marker_dag.py
[2022-01-24 19:50:04,637] {processor.py:654} INFO - DAG(s) dict_keys(['example_external_task_marker_parent', 'example_external_task_marker_child']) retrieved from /home/airflow/.local/lib/python3.6/site-packages/airflow/example_dags/example_external_task_marker_dag.py
[2022-01-24 19:50:04,655] {logging_mixin.py:109} INFO - [2022-01-24 19:50:04,654] {dag.py:2396} INFO - Sync 2 DAGs
[2022-01-24 19:50:04,677] {logging_mixin.py:109} INFO - [2022-01-24 19:50:04,677] {dag.py:2935} INFO - Setting next_dagrun for example_external_task_marker_child to None
[2022-01-24 19:50:04,678] {logging_mixin.py:109} INFO - [2022-01-24 19:50:04,678] {dag.py:2935} INFO - Setting next_dagrun for example_external_task_marker_parent to None
[2022-01-24 19:50:04,688] {processor.py:171} INFO - Processing /home/airflow/.local/lib/python3.6/site-packages/airflow/example_dags/example_external_task_marker_dag.py took 0.084 seconds
[2022-01-24 19:50:34,718] {processor.py:163} INFO - Started process (PID=1129) to work on /home/airflow/.local/lib/python3.6/site-packages/airflow/example_dags/example_external_task_marker_dag.py
[2022-01-24 19:50:34,719] {processor.py:642} INFO - Processing file /home/airflow/.local/lib/python3.6/site-packages/airflow/example_dags/example_external_task_marker_dag.py for tasks to queue
[2022-01-24 19:50:34,719] {logging_mixin.py:109} INFO - [2022-01-24 19:50:34,719] {dagbag.py:500} INFO - Filling up the DagBag from /home/airflow/.local/lib/python3.6/site-packages/airflow/example_dags/example_external_task_marker_dag.py
[2022-01-24 19:50:34,746] {processor.py:654} INFO - DAG(s) dict_keys(['example_external_task_marker_parent', 'example_external_task_marker_child']) retrieved from /home/airflow/.local/lib/python3.6/site-packages/airflow/example_dags/example_external_task_marker_dag.py
[2022-01-24 19:50:34,762] {logging_mixin.py:109} INFO - [2022-01-24 19:50:34,762] {dag.py:2396} INFO - Sync 2 DAGs
[2022-01-24 19:50:34,779] {logging_mixin.py:109} INFO - [2022-01-24 19:50:34,779] {dag.py:2935} INFO - Setting next_dagrun for example_external_task_marker_child to None
[2022-01-24 19:50:34,779] {logging_mixin.py:109} INFO - [2022-01-24 19:50:34,779] {dag.py:2935} INFO - Setting next_dagrun for example_external_task_marker_parent to None
[2022-01-24 19:50:34,787] {processor.py:171} INFO - Processing /home/airflow/.local/lib/python3.6/site-packages/airflow/example_dags/example_external_task_marker_dag.py took 0.072 seconds
[2022-01-24 19:51:05,013] {processor.py:163} INFO - Started process (PID=1182) to work on /home/airflow/.local/lib/python3.6/site-packages/airflow/example_dags/example_external_task_marker_dag.py
[2022-01-24 19:51:05,014] {processor.py:642} INFO - Processing file /home/airflow/.local/lib/python3.6/site-packages/airflow/example_dags/example_external_task_marker_dag.py for tasks to queue
[2022-01-24 19:51:05,015] {logging_mixin.py:109} INFO - [2022-01-24 19:51:05,015] {dagbag.py:500} INFO - Filling up the DagBag from /home/airflow/.local/lib/python3.6/site-packages/airflow/example_dags/example_external_task_marker_dag.py
[2022-01-24 19:51:05,053] {processor.py:654} INFO - DAG(s) dict_keys(['example_external_task_marker_parent', 'example_external_task_marker_child']) retrieved from /home/airflow/.local/lib/python3.6/site-packages/airflow/example_dags/example_external_task_marker_dag.py
[2022-01-24 19:51:05,074] {logging_mixin.py:109} INFO - [2022-01-24 19:51:05,074] {dag.py:2396} INFO - Sync 2 DAGs
[2022-01-24 19:51:05,104] {logging_mixin.py:109} INFO - [2022-01-24 19:51:05,103] {dag.py:2935} INFO - Setting next_dagrun for example_external_task_marker_child to None
[2022-01-24 19:51:05,104] {logging_mixin.py:109} INFO - [2022-01-24 19:51:05,104] {dag.py:2935} INFO - Setting next_dagrun for example_external_task_marker_parent to None
[2022-01-24 19:51:05,126] {processor.py:171} INFO - Processing /home/airflow/.local/lib/python3.6/site-packages/airflow/example_dags/example_external_task_marker_dag.py took 0.118 seconds
[2022-01-24 19:51:35,591] {processor.py:163} INFO - Started process (PID=1244) to work on /home/airflow/.local/lib/python3.6/site-packages/airflow/example_dags/example_external_task_marker_dag.py
[2022-01-24 19:51:35,600] {processor.py:642} INFO - Processing file /home/airflow/.local/lib/python3.6/site-packages/airflow/example_dags/example_external_task_marker_dag.py for tasks to queue
[2022-01-24 19:51:35,601] {logging_mixin.py:109} INFO - [2022-01-24 19:51:35,601] {dagbag.py:500} INFO - Filling up the DagBag from /home/airflow/.local/lib/python3.6/site-packages/airflow/example_dags/example_external_task_marker_dag.py
[2022-01-24 19:51:35,776] {processor.py:654} INFO - DAG(s) dict_keys(['example_external_task_marker_parent', 'example_external_task_marker_child']) retrieved from /home/airflow/.local/lib/python3.6/site-packages/airflow/example_dags/example_external_task_marker_dag.py
[2022-01-24 19:51:35,813] {logging_mixin.py:109} INFO - [2022-01-24 19:51:35,812] {dag.py:2396} INFO - Sync 2 DAGs
[2022-01-24 19:51:35,865] {logging_mixin.py:109} INFO - [2022-01-24 19:51:35,865] {dag.py:2935} INFO - Setting next_dagrun for example_external_task_marker_child to None
[2022-01-24 19:51:35,867] {logging_mixin.py:109} INFO - [2022-01-24 19:51:35,867] {dag.py:2935} INFO - Setting next_dagrun for example_external_task_marker_parent to None
[2022-01-24 19:51:35,893] {processor.py:171} INFO - Processing /home/airflow/.local/lib/python3.6/site-packages/airflow/example_dags/example_external_task_marker_dag.py took 0.309 seconds
[2022-01-24 19:52:06,811] {processor.py:163} INFO - Started process (PID=1301) to work on /home/airflow/.local/lib/python3.6/site-packages/airflow/example_dags/example_external_task_marker_dag.py
[2022-01-24 19:52:06,813] {processor.py:642} INFO - Processing file /home/airflow/.local/lib/python3.6/site-packages/airflow/example_dags/example_external_task_marker_dag.py for tasks to queue
[2022-01-24 19:52:06,814] {logging_mixin.py:109} INFO - [2022-01-24 19:52:06,814] {dagbag.py:500} INFO - Filling up the DagBag from /home/airflow/.local/lib/python3.6/site-packages/airflow/example_dags/example_external_task_marker_dag.py
[2022-01-24 19:52:06,862] {processor.py:654} INFO - DAG(s) dict_keys(['example_external_task_marker_parent', 'example_external_task_marker_child']) retrieved from /home/airflow/.local/lib/python3.6/site-packages/airflow/example_dags/example_external_task_marker_dag.py
[2022-01-24 19:52:06,891] {logging_mixin.py:109} INFO - [2022-01-24 19:52:06,891] {dag.py:2396} INFO - Sync 2 DAGs
[2022-01-24 19:52:06,926] {logging_mixin.py:109} INFO - [2022-01-24 19:52:06,925] {dag.py:2935} INFO - Setting next_dagrun for example_external_task_marker_child to None
[2022-01-24 19:52:06,926] {logging_mixin.py:109} INFO - [2022-01-24 19:52:06,926] {dag.py:2935} INFO - Setting next_dagrun for example_external_task_marker_parent to None
[2022-01-24 19:52:06,943] {processor.py:171} INFO - Processing /home/airflow/.local/lib/python3.6/site-packages/airflow/example_dags/example_external_task_marker_dag.py took 0.138 seconds
[2022-01-24 19:52:37,470] {processor.py:163} INFO - Started process (PID=1354) to work on /home/airflow/.local/lib/python3.6/site-packages/airflow/example_dags/example_external_task_marker_dag.py
[2022-01-24 19:52:37,472] {processor.py:642} INFO - Processing file /home/airflow/.local/lib/python3.6/site-packages/airflow/example_dags/example_external_task_marker_dag.py for tasks to queue
[2022-01-24 19:52:37,472] {logging_mixin.py:109} INFO - [2022-01-24 19:52:37,472] {dagbag.py:500} INFO - Filling up the DagBag from /home/airflow/.local/lib/python3.6/site-packages/airflow/example_dags/example_external_task_marker_dag.py
[2022-01-24 19:52:37,504] {processor.py:654} INFO - DAG(s) dict_keys(['example_external_task_marker_parent', 'example_external_task_marker_child']) retrieved from /home/airflow/.local/lib/python3.6/site-packages/airflow/example_dags/example_external_task_marker_dag.py
[2022-01-24 19:52:37,518] {logging_mixin.py:109} INFO - [2022-01-24 19:52:37,518] {dag.py:2396} INFO - Sync 2 DAGs
[2022-01-24 19:52:37,535] {logging_mixin.py:109} INFO - [2022-01-24 19:52:37,535] {dag.py:2935} INFO - Setting next_dagrun for example_external_task_marker_child to None
[2022-01-24 19:52:37,536] {logging_mixin.py:109} INFO - [2022-01-24 19:52:37,536] {dag.py:2935} INFO - Setting next_dagrun for example_external_task_marker_parent to None
[2022-01-24 19:52:37,544] {processor.py:171} INFO - Processing /home/airflow/.local/lib/python3.6/site-packages/airflow/example_dags/example_external_task_marker_dag.py took 0.077 seconds
