[2022-01-24 19:43:15,033] {processor.py:163} INFO - Started process (PID=214) to work on /home/airflow/.local/lib/python3.6/site-packages/airflow/example_dags/example_latest_only.py
[2022-01-24 19:43:15,034] {processor.py:642} INFO - Processing file /home/airflow/.local/lib/python3.6/site-packages/airflow/example_dags/example_latest_only.py for tasks to queue
[2022-01-24 19:43:15,034] {logging_mixin.py:109} INFO - [2022-01-24 19:43:15,034] {dagbag.py:500} INFO - Filling up the DagBag from /home/airflow/.local/lib/python3.6/site-packages/airflow/example_dags/example_latest_only.py
[2022-01-24 19:43:15,065] {processor.py:654} INFO - DAG(s) dict_keys(['latest_only']) retrieved from /home/airflow/.local/lib/python3.6/site-packages/airflow/example_dags/example_latest_only.py
[2022-01-24 19:43:17,445] {logging_mixin.py:109} INFO - [2022-01-24 19:43:17,445] {manager.py:496} INFO - Created Permission View: can edit on DAG:latest_only
[2022-01-24 19:43:17,455] {logging_mixin.py:109} INFO - [2022-01-24 19:43:17,455] {manager.py:496} INFO - Created Permission View: can read on DAG:latest_only
[2022-01-24 19:43:17,457] {logging_mixin.py:109} INFO - [2022-01-24 19:43:17,455] {dag.py:2396} INFO - Sync 1 DAGs
[2022-01-24 19:43:17,475] {logging_mixin.py:109} INFO - [2022-01-24 19:43:17,473] {dag.py:2415} INFO - Creating ORM DAG for latest_only
[2022-01-24 19:43:17,484] {logging_mixin.py:109} INFO - [2022-01-24 19:43:17,484] {dag.py:2935} INFO - Setting next_dagrun for latest_only to 2022-01-24T15:43:17.484063+00:00
[2022-01-24 19:43:17,499] {processor.py:171} INFO - Processing /home/airflow/.local/lib/python3.6/site-packages/airflow/example_dags/example_latest_only.py took 2.469 seconds
[2022-01-24 19:43:48,333] {processor.py:163} INFO - Started process (PID=380) to work on /home/airflow/.local/lib/python3.6/site-packages/airflow/example_dags/example_latest_only.py
[2022-01-24 19:43:48,334] {processor.py:642} INFO - Processing file /home/airflow/.local/lib/python3.6/site-packages/airflow/example_dags/example_latest_only.py for tasks to queue
[2022-01-24 19:43:48,335] {logging_mixin.py:109} INFO - [2022-01-24 19:43:48,335] {dagbag.py:500} INFO - Filling up the DagBag from /home/airflow/.local/lib/python3.6/site-packages/airflow/example_dags/example_latest_only.py
[2022-01-24 19:43:48,361] {processor.py:654} INFO - DAG(s) dict_keys(['latest_only']) retrieved from /home/airflow/.local/lib/python3.6/site-packages/airflow/example_dags/example_latest_only.py
[2022-01-24 19:43:48,373] {logging_mixin.py:109} INFO - [2022-01-24 19:43:48,373] {dag.py:2396} INFO - Sync 1 DAGs
[2022-01-24 19:43:48,393] {logging_mixin.py:109} INFO - [2022-01-24 19:43:48,393] {dag.py:2935} INFO - Setting next_dagrun for latest_only to 2022-01-24T15:43:48.392961+00:00
[2022-01-24 19:43:48,402] {processor.py:171} INFO - Processing /home/airflow/.local/lib/python3.6/site-packages/airflow/example_dags/example_latest_only.py took 0.071 seconds
[2022-01-24 19:44:18,583] {processor.py:163} INFO - Started process (PID=442) to work on /home/airflow/.local/lib/python3.6/site-packages/airflow/example_dags/example_latest_only.py
[2022-01-24 19:44:18,584] {processor.py:642} INFO - Processing file /home/airflow/.local/lib/python3.6/site-packages/airflow/example_dags/example_latest_only.py for tasks to queue
[2022-01-24 19:44:18,585] {logging_mixin.py:109} INFO - [2022-01-24 19:44:18,585] {dagbag.py:500} INFO - Filling up the DagBag from /home/airflow/.local/lib/python3.6/site-packages/airflow/example_dags/example_latest_only.py
[2022-01-24 19:44:18,605] {processor.py:654} INFO - DAG(s) dict_keys(['latest_only']) retrieved from /home/airflow/.local/lib/python3.6/site-packages/airflow/example_dags/example_latest_only.py
[2022-01-24 19:44:18,613] {logging_mixin.py:109} INFO - [2022-01-24 19:44:18,613] {dag.py:2396} INFO - Sync 1 DAGs
[2022-01-24 19:44:18,628] {logging_mixin.py:109} INFO - [2022-01-24 19:44:18,628] {dag.py:2935} INFO - Setting next_dagrun for latest_only to 2022-01-24T15:44:18.628384+00:00
[2022-01-24 19:44:18,636] {processor.py:171} INFO - Processing /home/airflow/.local/lib/python3.6/site-packages/airflow/example_dags/example_latest_only.py took 0.055 seconds
[2022-01-24 19:44:49,290] {processor.py:163} INFO - Started process (PID=494) to work on /home/airflow/.local/lib/python3.6/site-packages/airflow/example_dags/example_latest_only.py
[2022-01-24 19:44:49,291] {processor.py:642} INFO - Processing file /home/airflow/.local/lib/python3.6/site-packages/airflow/example_dags/example_latest_only.py for tasks to queue
[2022-01-24 19:44:49,291] {logging_mixin.py:109} INFO - [2022-01-24 19:44:49,291] {dagbag.py:500} INFO - Filling up the DagBag from /home/airflow/.local/lib/python3.6/site-packages/airflow/example_dags/example_latest_only.py
[2022-01-24 19:44:49,310] {processor.py:654} INFO - DAG(s) dict_keys(['latest_only']) retrieved from /home/airflow/.local/lib/python3.6/site-packages/airflow/example_dags/example_latest_only.py
[2022-01-24 19:44:49,318] {logging_mixin.py:109} INFO - [2022-01-24 19:44:49,318] {dag.py:2396} INFO - Sync 1 DAGs
[2022-01-24 19:44:49,333] {logging_mixin.py:109} INFO - [2022-01-24 19:44:49,332] {dag.py:2935} INFO - Setting next_dagrun for latest_only to 2022-01-24T15:44:49.332666+00:00
[2022-01-24 19:44:49,339] {processor.py:171} INFO - Processing /home/airflow/.local/lib/python3.6/site-packages/airflow/example_dags/example_latest_only.py took 0.052 seconds
[2022-01-24 19:45:19,733] {processor.py:163} INFO - Started process (PID=546) to work on /home/airflow/.local/lib/python3.6/site-packages/airflow/example_dags/example_latest_only.py
[2022-01-24 19:45:19,735] {processor.py:642} INFO - Processing file /home/airflow/.local/lib/python3.6/site-packages/airflow/example_dags/example_latest_only.py for tasks to queue
[2022-01-24 19:45:19,735] {logging_mixin.py:109} INFO - [2022-01-24 19:45:19,735] {dagbag.py:500} INFO - Filling up the DagBag from /home/airflow/.local/lib/python3.6/site-packages/airflow/example_dags/example_latest_only.py
[2022-01-24 19:45:19,766] {processor.py:654} INFO - DAG(s) dict_keys(['latest_only']) retrieved from /home/airflow/.local/lib/python3.6/site-packages/airflow/example_dags/example_latest_only.py
[2022-01-24 19:45:19,781] {logging_mixin.py:109} INFO - [2022-01-24 19:45:19,781] {dag.py:2396} INFO - Sync 1 DAGs
[2022-01-24 19:45:19,807] {logging_mixin.py:109} INFO - [2022-01-24 19:45:19,807] {dag.py:2935} INFO - Setting next_dagrun for latest_only to 2022-01-24T15:45:19.806987+00:00
[2022-01-24 19:45:19,819] {processor.py:171} INFO - Processing /home/airflow/.local/lib/python3.6/site-packages/airflow/example_dags/example_latest_only.py took 0.088 seconds
[2022-01-24 19:45:50,463] {processor.py:163} INFO - Started process (PID=599) to work on /home/airflow/.local/lib/python3.6/site-packages/airflow/example_dags/example_latest_only.py
[2022-01-24 19:45:50,466] {processor.py:642} INFO - Processing file /home/airflow/.local/lib/python3.6/site-packages/airflow/example_dags/example_latest_only.py for tasks to queue
[2022-01-24 19:45:50,467] {logging_mixin.py:109} INFO - [2022-01-24 19:45:50,467] {dagbag.py:500} INFO - Filling up the DagBag from /home/airflow/.local/lib/python3.6/site-packages/airflow/example_dags/example_latest_only.py
[2022-01-24 19:45:50,498] {processor.py:654} INFO - DAG(s) dict_keys(['latest_only']) retrieved from /home/airflow/.local/lib/python3.6/site-packages/airflow/example_dags/example_latest_only.py
[2022-01-24 19:45:50,511] {logging_mixin.py:109} INFO - [2022-01-24 19:45:50,511] {dag.py:2396} INFO - Sync 1 DAGs
[2022-01-24 19:45:50,533] {logging_mixin.py:109} INFO - [2022-01-24 19:45:50,533] {dag.py:2935} INFO - Setting next_dagrun for latest_only to 2022-01-24T15:45:50.533087+00:00
[2022-01-24 19:45:50,543] {processor.py:171} INFO - Processing /home/airflow/.local/lib/python3.6/site-packages/airflow/example_dags/example_latest_only.py took 0.083 seconds
[2022-01-24 19:46:20,668] {processor.py:163} INFO - Started process (PID=662) to work on /home/airflow/.local/lib/python3.6/site-packages/airflow/example_dags/example_latest_only.py
[2022-01-24 19:46:20,670] {processor.py:642} INFO - Processing file /home/airflow/.local/lib/python3.6/site-packages/airflow/example_dags/example_latest_only.py for tasks to queue
[2022-01-24 19:46:20,672] {logging_mixin.py:109} INFO - [2022-01-24 19:46:20,672] {dagbag.py:500} INFO - Filling up the DagBag from /home/airflow/.local/lib/python3.6/site-packages/airflow/example_dags/example_latest_only.py
[2022-01-24 19:46:20,706] {processor.py:654} INFO - DAG(s) dict_keys(['latest_only']) retrieved from /home/airflow/.local/lib/python3.6/site-packages/airflow/example_dags/example_latest_only.py
[2022-01-24 19:46:20,718] {logging_mixin.py:109} INFO - [2022-01-24 19:46:20,717] {dag.py:2396} INFO - Sync 1 DAGs
[2022-01-24 19:46:20,735] {logging_mixin.py:109} INFO - [2022-01-24 19:46:20,734] {dag.py:2935} INFO - Setting next_dagrun for latest_only to 2022-01-24T15:46:20.734667+00:00
[2022-01-24 19:46:20,743] {processor.py:171} INFO - Processing /home/airflow/.local/lib/python3.6/site-packages/airflow/example_dags/example_latest_only.py took 0.079 seconds
[2022-01-24 19:46:51,474] {processor.py:163} INFO - Started process (PID=715) to work on /home/airflow/.local/lib/python3.6/site-packages/airflow/example_dags/example_latest_only.py
[2022-01-24 19:46:51,489] {processor.py:642} INFO - Processing file /home/airflow/.local/lib/python3.6/site-packages/airflow/example_dags/example_latest_only.py for tasks to queue
[2022-01-24 19:46:51,491] {logging_mixin.py:109} INFO - [2022-01-24 19:46:51,491] {dagbag.py:500} INFO - Filling up the DagBag from /home/airflow/.local/lib/python3.6/site-packages/airflow/example_dags/example_latest_only.py
[2022-01-24 19:46:51,534] {processor.py:654} INFO - DAG(s) dict_keys(['latest_only']) retrieved from /home/airflow/.local/lib/python3.6/site-packages/airflow/example_dags/example_latest_only.py
[2022-01-24 19:46:51,544] {logging_mixin.py:109} INFO - [2022-01-24 19:46:51,544] {dag.py:2396} INFO - Sync 1 DAGs
[2022-01-24 19:46:51,563] {logging_mixin.py:109} INFO - [2022-01-24 19:46:51,563] {dag.py:2935} INFO - Setting next_dagrun for latest_only to 2022-01-24T15:46:51.562938+00:00
[2022-01-24 19:46:51,581] {processor.py:171} INFO - Processing /home/airflow/.local/lib/python3.6/site-packages/airflow/example_dags/example_latest_only.py took 0.115 seconds
[2022-01-24 19:47:21,794] {processor.py:163} INFO - Started process (PID=767) to work on /home/airflow/.local/lib/python3.6/site-packages/airflow/example_dags/example_latest_only.py
[2022-01-24 19:47:21,801] {processor.py:642} INFO - Processing file /home/airflow/.local/lib/python3.6/site-packages/airflow/example_dags/example_latest_only.py for tasks to queue
[2022-01-24 19:47:21,801] {logging_mixin.py:109} INFO - [2022-01-24 19:47:21,801] {dagbag.py:500} INFO - Filling up the DagBag from /home/airflow/.local/lib/python3.6/site-packages/airflow/example_dags/example_latest_only.py
[2022-01-24 19:47:21,824] {processor.py:654} INFO - DAG(s) dict_keys(['latest_only']) retrieved from /home/airflow/.local/lib/python3.6/site-packages/airflow/example_dags/example_latest_only.py
[2022-01-24 19:47:21,833] {logging_mixin.py:109} INFO - [2022-01-24 19:47:21,833] {dag.py:2396} INFO - Sync 1 DAGs
[2022-01-24 19:47:21,849] {logging_mixin.py:109} INFO - [2022-01-24 19:47:21,849] {dag.py:2935} INFO - Setting next_dagrun for latest_only to 2022-01-24T15:47:21.849083+00:00
[2022-01-24 19:47:21,871] {processor.py:171} INFO - Processing /home/airflow/.local/lib/python3.6/site-packages/airflow/example_dags/example_latest_only.py took 0.079 seconds
[2022-01-24 19:47:51,920] {processor.py:163} INFO - Started process (PID=828) to work on /home/airflow/.local/lib/python3.6/site-packages/airflow/example_dags/example_latest_only.py
[2022-01-24 19:47:51,921] {processor.py:642} INFO - Processing file /home/airflow/.local/lib/python3.6/site-packages/airflow/example_dags/example_latest_only.py for tasks to queue
[2022-01-24 19:47:51,921] {logging_mixin.py:109} INFO - [2022-01-24 19:47:51,921] {dagbag.py:500} INFO - Filling up the DagBag from /home/airflow/.local/lib/python3.6/site-packages/airflow/example_dags/example_latest_only.py
[2022-01-24 19:47:51,947] {processor.py:654} INFO - DAG(s) dict_keys(['latest_only']) retrieved from /home/airflow/.local/lib/python3.6/site-packages/airflow/example_dags/example_latest_only.py
[2022-01-24 19:47:51,957] {logging_mixin.py:109} INFO - [2022-01-24 19:47:51,957] {dag.py:2396} INFO - Sync 1 DAGs
[2022-01-24 19:47:51,974] {logging_mixin.py:109} INFO - [2022-01-24 19:47:51,974] {dag.py:2935} INFO - Setting next_dagrun for latest_only to 2022-01-24T15:47:51.974452+00:00
[2022-01-24 19:47:52,001] {processor.py:171} INFO - Processing /home/airflow/.local/lib/python3.6/site-packages/airflow/example_dags/example_latest_only.py took 0.084 seconds
[2022-01-24 19:48:22,889] {processor.py:163} INFO - Started process (PID=888) to work on /home/airflow/.local/lib/python3.6/site-packages/airflow/example_dags/example_latest_only.py
[2022-01-24 19:48:22,890] {processor.py:642} INFO - Processing file /home/airflow/.local/lib/python3.6/site-packages/airflow/example_dags/example_latest_only.py for tasks to queue
[2022-01-24 19:48:22,891] {logging_mixin.py:109} INFO - [2022-01-24 19:48:22,891] {dagbag.py:500} INFO - Filling up the DagBag from /home/airflow/.local/lib/python3.6/site-packages/airflow/example_dags/example_latest_only.py
[2022-01-24 19:48:22,918] {processor.py:654} INFO - DAG(s) dict_keys(['latest_only']) retrieved from /home/airflow/.local/lib/python3.6/site-packages/airflow/example_dags/example_latest_only.py
[2022-01-24 19:48:22,930] {logging_mixin.py:109} INFO - [2022-01-24 19:48:22,929] {dag.py:2396} INFO - Sync 1 DAGs
[2022-01-24 19:48:22,957] {logging_mixin.py:109} INFO - [2022-01-24 19:48:22,957] {dag.py:2935} INFO - Setting next_dagrun for latest_only to 2022-01-24T15:48:22.956417+00:00
[2022-01-24 19:48:22,977] {processor.py:171} INFO - Processing /home/airflow/.local/lib/python3.6/site-packages/airflow/example_dags/example_latest_only.py took 0.090 seconds
[2022-01-24 19:48:53,200] {processor.py:163} INFO - Started process (PID=944) to work on /home/airflow/.local/lib/python3.6/site-packages/airflow/example_dags/example_latest_only.py
[2022-01-24 19:48:53,201] {processor.py:642} INFO - Processing file /home/airflow/.local/lib/python3.6/site-packages/airflow/example_dags/example_latest_only.py for tasks to queue
[2022-01-24 19:48:53,202] {logging_mixin.py:109} INFO - [2022-01-24 19:48:53,201] {dagbag.py:500} INFO - Filling up the DagBag from /home/airflow/.local/lib/python3.6/site-packages/airflow/example_dags/example_latest_only.py
[2022-01-24 19:48:53,223] {processor.py:654} INFO - DAG(s) dict_keys(['latest_only']) retrieved from /home/airflow/.local/lib/python3.6/site-packages/airflow/example_dags/example_latest_only.py
[2022-01-24 19:48:53,232] {logging_mixin.py:109} INFO - [2022-01-24 19:48:53,232] {dag.py:2396} INFO - Sync 1 DAGs
[2022-01-24 19:48:53,248] {logging_mixin.py:109} INFO - [2022-01-24 19:48:53,248] {dag.py:2935} INFO - Setting next_dagrun for latest_only to 2022-01-24T15:48:53.247916+00:00
[2022-01-24 19:48:53,255] {processor.py:171} INFO - Processing /home/airflow/.local/lib/python3.6/site-packages/airflow/example_dags/example_latest_only.py took 0.057 seconds
[2022-01-24 19:49:23,383] {processor.py:163} INFO - Started process (PID=997) to work on /home/airflow/.local/lib/python3.6/site-packages/airflow/example_dags/example_latest_only.py
[2022-01-24 19:49:23,384] {processor.py:642} INFO - Processing file /home/airflow/.local/lib/python3.6/site-packages/airflow/example_dags/example_latest_only.py for tasks to queue
[2022-01-24 19:49:23,384] {logging_mixin.py:109} INFO - [2022-01-24 19:49:23,384] {dagbag.py:500} INFO - Filling up the DagBag from /home/airflow/.local/lib/python3.6/site-packages/airflow/example_dags/example_latest_only.py
[2022-01-24 19:49:23,408] {processor.py:654} INFO - DAG(s) dict_keys(['latest_only']) retrieved from /home/airflow/.local/lib/python3.6/site-packages/airflow/example_dags/example_latest_only.py
[2022-01-24 19:49:23,418] {logging_mixin.py:109} INFO - [2022-01-24 19:49:23,417] {dag.py:2396} INFO - Sync 1 DAGs
[2022-01-24 19:49:23,435] {logging_mixin.py:109} INFO - [2022-01-24 19:49:23,435] {dag.py:2935} INFO - Setting next_dagrun for latest_only to 2022-01-24T15:49:23.434943+00:00
[2022-01-24 19:49:23,444] {processor.py:171} INFO - Processing /home/airflow/.local/lib/python3.6/site-packages/airflow/example_dags/example_latest_only.py took 0.063 seconds
[2022-01-24 19:49:54,207] {processor.py:163} INFO - Started process (PID=1061) to work on /home/airflow/.local/lib/python3.6/site-packages/airflow/example_dags/example_latest_only.py
[2022-01-24 19:49:54,209] {processor.py:642} INFO - Processing file /home/airflow/.local/lib/python3.6/site-packages/airflow/example_dags/example_latest_only.py for tasks to queue
[2022-01-24 19:49:54,210] {logging_mixin.py:109} INFO - [2022-01-24 19:49:54,210] {dagbag.py:500} INFO - Filling up the DagBag from /home/airflow/.local/lib/python3.6/site-packages/airflow/example_dags/example_latest_only.py
[2022-01-24 19:49:54,273] {processor.py:654} INFO - DAG(s) dict_keys(['latest_only']) retrieved from /home/airflow/.local/lib/python3.6/site-packages/airflow/example_dags/example_latest_only.py
[2022-01-24 19:49:54,295] {logging_mixin.py:109} INFO - [2022-01-24 19:49:54,295] {dag.py:2396} INFO - Sync 1 DAGs
[2022-01-24 19:49:54,329] {logging_mixin.py:109} INFO - [2022-01-24 19:49:54,328] {dag.py:2935} INFO - Setting next_dagrun for latest_only to 2022-01-24T15:49:54.328469+00:00
[2022-01-24 19:49:54,345] {processor.py:171} INFO - Processing /home/airflow/.local/lib/python3.6/site-packages/airflow/example_dags/example_latest_only.py took 0.145 seconds
[2022-01-24 19:50:24,433] {processor.py:163} INFO - Started process (PID=1113) to work on /home/airflow/.local/lib/python3.6/site-packages/airflow/example_dags/example_latest_only.py
[2022-01-24 19:50:24,434] {processor.py:642} INFO - Processing file /home/airflow/.local/lib/python3.6/site-packages/airflow/example_dags/example_latest_only.py for tasks to queue
[2022-01-24 19:50:24,434] {logging_mixin.py:109} INFO - [2022-01-24 19:50:24,434] {dagbag.py:500} INFO - Filling up the DagBag from /home/airflow/.local/lib/python3.6/site-packages/airflow/example_dags/example_latest_only.py
[2022-01-24 19:50:24,459] {processor.py:654} INFO - DAG(s) dict_keys(['latest_only']) retrieved from /home/airflow/.local/lib/python3.6/site-packages/airflow/example_dags/example_latest_only.py
[2022-01-24 19:50:24,470] {logging_mixin.py:109} INFO - [2022-01-24 19:50:24,470] {dag.py:2396} INFO - Sync 1 DAGs
[2022-01-24 19:50:24,487] {logging_mixin.py:109} INFO - [2022-01-24 19:50:24,487] {dag.py:2935} INFO - Setting next_dagrun for latest_only to 2022-01-24T15:50:24.487528+00:00
[2022-01-24 19:50:24,496] {processor.py:171} INFO - Processing /home/airflow/.local/lib/python3.6/site-packages/airflow/example_dags/example_latest_only.py took 0.066 seconds
[2022-01-24 19:50:54,626] {processor.py:163} INFO - Started process (PID=1166) to work on /home/airflow/.local/lib/python3.6/site-packages/airflow/example_dags/example_latest_only.py
[2022-01-24 19:50:54,627] {processor.py:642} INFO - Processing file /home/airflow/.local/lib/python3.6/site-packages/airflow/example_dags/example_latest_only.py for tasks to queue
[2022-01-24 19:50:54,627] {logging_mixin.py:109} INFO - [2022-01-24 19:50:54,627] {dagbag.py:500} INFO - Filling up the DagBag from /home/airflow/.local/lib/python3.6/site-packages/airflow/example_dags/example_latest_only.py
[2022-01-24 19:50:54,652] {processor.py:654} INFO - DAG(s) dict_keys(['latest_only']) retrieved from /home/airflow/.local/lib/python3.6/site-packages/airflow/example_dags/example_latest_only.py
[2022-01-24 19:50:54,661] {logging_mixin.py:109} INFO - [2022-01-24 19:50:54,661] {dag.py:2396} INFO - Sync 1 DAGs
[2022-01-24 19:50:54,683] {logging_mixin.py:109} INFO - [2022-01-24 19:50:54,683] {dag.py:2935} INFO - Setting next_dagrun for latest_only to 2022-01-24T15:50:54.682791+00:00
[2022-01-24 19:50:54,694] {processor.py:171} INFO - Processing /home/airflow/.local/lib/python3.6/site-packages/airflow/example_dags/example_latest_only.py took 0.070 seconds
[2022-01-24 19:51:25,108] {processor.py:163} INFO - Started process (PID=1230) to work on /home/airflow/.local/lib/python3.6/site-packages/airflow/example_dags/example_latest_only.py
[2022-01-24 19:51:25,110] {processor.py:642} INFO - Processing file /home/airflow/.local/lib/python3.6/site-packages/airflow/example_dags/example_latest_only.py for tasks to queue
[2022-01-24 19:51:25,110] {logging_mixin.py:109} INFO - [2022-01-24 19:51:25,110] {dagbag.py:500} INFO - Filling up the DagBag from /home/airflow/.local/lib/python3.6/site-packages/airflow/example_dags/example_latest_only.py
[2022-01-24 19:51:25,146] {processor.py:654} INFO - DAG(s) dict_keys(['latest_only']) retrieved from /home/airflow/.local/lib/python3.6/site-packages/airflow/example_dags/example_latest_only.py
[2022-01-24 19:51:25,161] {logging_mixin.py:109} INFO - [2022-01-24 19:51:25,160] {dag.py:2396} INFO - Sync 1 DAGs
[2022-01-24 19:51:25,191] {logging_mixin.py:109} INFO - [2022-01-24 19:51:25,191] {dag.py:2935} INFO - Setting next_dagrun for latest_only to 2022-01-24T15:51:25.191381+00:00
[2022-01-24 19:51:25,204] {processor.py:171} INFO - Processing /home/airflow/.local/lib/python3.6/site-packages/airflow/example_dags/example_latest_only.py took 0.100 seconds
[2022-01-24 19:51:55,474] {processor.py:163} INFO - Started process (PID=1285) to work on /home/airflow/.local/lib/python3.6/site-packages/airflow/example_dags/example_latest_only.py
[2022-01-24 19:51:55,475] {processor.py:642} INFO - Processing file /home/airflow/.local/lib/python3.6/site-packages/airflow/example_dags/example_latest_only.py for tasks to queue
[2022-01-24 19:51:55,476] {logging_mixin.py:109} INFO - [2022-01-24 19:51:55,476] {dagbag.py:500} INFO - Filling up the DagBag from /home/airflow/.local/lib/python3.6/site-packages/airflow/example_dags/example_latest_only.py
[2022-01-24 19:51:55,501] {processor.py:654} INFO - DAG(s) dict_keys(['latest_only']) retrieved from /home/airflow/.local/lib/python3.6/site-packages/airflow/example_dags/example_latest_only.py
[2022-01-24 19:51:55,513] {logging_mixin.py:109} INFO - [2022-01-24 19:51:55,513] {dag.py:2396} INFO - Sync 1 DAGs
[2022-01-24 19:51:55,531] {logging_mixin.py:109} INFO - [2022-01-24 19:51:55,531] {dag.py:2935} INFO - Setting next_dagrun for latest_only to 2022-01-24T15:51:55.531038+00:00
[2022-01-24 19:51:55,541] {processor.py:171} INFO - Processing /home/airflow/.local/lib/python3.6/site-packages/airflow/example_dags/example_latest_only.py took 0.070 seconds
[2022-01-24 19:52:25,783] {processor.py:163} INFO - Started process (PID=1338) to work on /home/airflow/.local/lib/python3.6/site-packages/airflow/example_dags/example_latest_only.py
[2022-01-24 19:52:25,785] {processor.py:642} INFO - Processing file /home/airflow/.local/lib/python3.6/site-packages/airflow/example_dags/example_latest_only.py for tasks to queue
[2022-01-24 19:52:25,786] {logging_mixin.py:109} INFO - [2022-01-24 19:52:25,785] {dagbag.py:500} INFO - Filling up the DagBag from /home/airflow/.local/lib/python3.6/site-packages/airflow/example_dags/example_latest_only.py
[2022-01-24 19:52:25,821] {processor.py:654} INFO - DAG(s) dict_keys(['latest_only']) retrieved from /home/airflow/.local/lib/python3.6/site-packages/airflow/example_dags/example_latest_only.py
[2022-01-24 19:52:25,841] {logging_mixin.py:109} INFO - [2022-01-24 19:52:25,841] {dag.py:2396} INFO - Sync 1 DAGs
[2022-01-24 19:52:25,869] {logging_mixin.py:109} INFO - [2022-01-24 19:52:25,869] {dag.py:2935} INFO - Setting next_dagrun for latest_only to 2022-01-24T15:52:25.868824+00:00
[2022-01-24 19:52:25,886] {processor.py:171} INFO - Processing /home/airflow/.local/lib/python3.6/site-packages/airflow/example_dags/example_latest_only.py took 0.107 seconds
