[2022-01-24 19:42:43,679] {processor.py:163} INFO - Started process (PID=76) to work on /home/airflow/.local/lib/python3.6/site-packages/airflow/example_dags/example_xcom.py
[2022-01-24 19:42:43,681] {processor.py:642} INFO - Processing file /home/airflow/.local/lib/python3.6/site-packages/airflow/example_dags/example_xcom.py for tasks to queue
[2022-01-24 19:42:43,681] {logging_mixin.py:109} INFO - [2022-01-24 19:42:43,681] {dagbag.py:500} INFO - Filling up the DagBag from /home/airflow/.local/lib/python3.6/site-packages/airflow/example_dags/example_xcom.py
[2022-01-24 19:42:43,734] {processor.py:654} INFO - DAG(s) dict_keys(['example_xcom']) retrieved from /home/airflow/.local/lib/python3.6/site-packages/airflow/example_dags/example_xcom.py
[2022-01-24 19:42:50,304] {logging_mixin.py:109} INFO - [2022-01-24 19:42:50,304] {manager.py:496} INFO - Created Permission View: can edit on DAG:example_xcom
[2022-01-24 19:42:50,329] {logging_mixin.py:109} INFO - [2022-01-24 19:42:50,329] {manager.py:496} INFO - Created Permission View: can read on DAG:example_xcom
[2022-01-24 19:42:50,332] {logging_mixin.py:109} INFO - [2022-01-24 19:42:50,329] {dag.py:2396} INFO - Sync 1 DAGs
[2022-01-24 19:42:50,370] {logging_mixin.py:109} INFO - [2022-01-24 19:42:50,368] {dag.py:2415} INFO - Creating ORM DAG for example_xcom
[2022-01-24 19:42:50,402] {logging_mixin.py:109} INFO - [2022-01-24 19:42:50,402] {dag.py:2935} INFO - Setting next_dagrun for example_xcom to 2021-01-01T00:00:00+00:00
[2022-01-24 19:42:50,436] {processor.py:171} INFO - Processing /home/airflow/.local/lib/python3.6/site-packages/airflow/example_dags/example_xcom.py took 6.760 seconds
[2022-01-24 19:43:38,720] {processor.py:163} INFO - Started process (PID=366) to work on /home/airflow/.local/lib/python3.6/site-packages/airflow/example_dags/example_xcom.py
[2022-01-24 19:43:38,721] {processor.py:642} INFO - Processing file /home/airflow/.local/lib/python3.6/site-packages/airflow/example_dags/example_xcom.py for tasks to queue
[2022-01-24 19:43:38,722] {logging_mixin.py:109} INFO - [2022-01-24 19:43:38,722] {dagbag.py:500} INFO - Filling up the DagBag from /home/airflow/.local/lib/python3.6/site-packages/airflow/example_dags/example_xcom.py
[2022-01-24 19:43:38,785] {processor.py:654} INFO - DAG(s) dict_keys(['example_xcom']) retrieved from /home/airflow/.local/lib/python3.6/site-packages/airflow/example_dags/example_xcom.py
[2022-01-24 19:43:39,202] {logging_mixin.py:109} INFO - [2022-01-24 19:43:39,202] {dag.py:2396} INFO - Sync 1 DAGs
[2022-01-24 19:43:39,236] {logging_mixin.py:109} INFO - [2022-01-24 19:43:39,235] {dag.py:2935} INFO - Setting next_dagrun for example_xcom to 2021-01-01T00:00:00+00:00
[2022-01-24 19:43:39,281] {processor.py:171} INFO - Processing /home/airflow/.local/lib/python3.6/site-packages/airflow/example_dags/example_xcom.py took 0.566 seconds
[2022-01-24 19:44:09,447] {processor.py:163} INFO - Started process (PID=417) to work on /home/airflow/.local/lib/python3.6/site-packages/airflow/example_dags/example_xcom.py
[2022-01-24 19:44:09,448] {processor.py:642} INFO - Processing file /home/airflow/.local/lib/python3.6/site-packages/airflow/example_dags/example_xcom.py for tasks to queue
[2022-01-24 19:44:09,449] {logging_mixin.py:109} INFO - [2022-01-24 19:44:09,449] {dagbag.py:500} INFO - Filling up the DagBag from /home/airflow/.local/lib/python3.6/site-packages/airflow/example_dags/example_xcom.py
[2022-01-24 19:44:09,490] {processor.py:654} INFO - DAG(s) dict_keys(['example_xcom']) retrieved from /home/airflow/.local/lib/python3.6/site-packages/airflow/example_dags/example_xcom.py
[2022-01-24 19:44:09,805] {logging_mixin.py:109} INFO - [2022-01-24 19:44:09,805] {dag.py:2396} INFO - Sync 1 DAGs
[2022-01-24 19:44:09,827] {logging_mixin.py:109} INFO - [2022-01-24 19:44:09,827] {dag.py:2935} INFO - Setting next_dagrun for example_xcom to 2021-01-01T00:00:00+00:00
[2022-01-24 19:44:09,840] {processor.py:171} INFO - Processing /home/airflow/.local/lib/python3.6/site-packages/airflow/example_dags/example_xcom.py took 0.395 seconds
[2022-01-24 19:44:40,538] {processor.py:163} INFO - Started process (PID=469) to work on /home/airflow/.local/lib/python3.6/site-packages/airflow/example_dags/example_xcom.py
[2022-01-24 19:44:40,540] {processor.py:642} INFO - Processing file /home/airflow/.local/lib/python3.6/site-packages/airflow/example_dags/example_xcom.py for tasks to queue
[2022-01-24 19:44:40,541] {logging_mixin.py:109} INFO - [2022-01-24 19:44:40,541] {dagbag.py:500} INFO - Filling up the DagBag from /home/airflow/.local/lib/python3.6/site-packages/airflow/example_dags/example_xcom.py
[2022-01-24 19:44:40,580] {processor.py:654} INFO - DAG(s) dict_keys(['example_xcom']) retrieved from /home/airflow/.local/lib/python3.6/site-packages/airflow/example_dags/example_xcom.py
[2022-01-24 19:44:40,592] {logging_mixin.py:109} INFO - [2022-01-24 19:44:40,592] {dag.py:2396} INFO - Sync 1 DAGs
[2022-01-24 19:44:40,611] {logging_mixin.py:109} INFO - [2022-01-24 19:44:40,611] {dag.py:2935} INFO - Setting next_dagrun for example_xcom to 2021-01-01T00:00:00+00:00
[2022-01-24 19:44:40,619] {processor.py:171} INFO - Processing /home/airflow/.local/lib/python3.6/site-packages/airflow/example_dags/example_xcom.py took 0.085 seconds
[2022-01-24 19:45:11,098] {processor.py:163} INFO - Started process (PID=531) to work on /home/airflow/.local/lib/python3.6/site-packages/airflow/example_dags/example_xcom.py
[2022-01-24 19:45:11,099] {processor.py:642} INFO - Processing file /home/airflow/.local/lib/python3.6/site-packages/airflow/example_dags/example_xcom.py for tasks to queue
[2022-01-24 19:45:11,100] {logging_mixin.py:109} INFO - [2022-01-24 19:45:11,100] {dagbag.py:500} INFO - Filling up the DagBag from /home/airflow/.local/lib/python3.6/site-packages/airflow/example_dags/example_xcom.py
[2022-01-24 19:45:11,135] {processor.py:654} INFO - DAG(s) dict_keys(['example_xcom']) retrieved from /home/airflow/.local/lib/python3.6/site-packages/airflow/example_dags/example_xcom.py
[2022-01-24 19:45:11,414] {logging_mixin.py:109} INFO - [2022-01-24 19:45:11,413] {dag.py:2396} INFO - Sync 1 DAGs
[2022-01-24 19:45:11,442] {logging_mixin.py:109} INFO - [2022-01-24 19:45:11,442] {dag.py:2935} INFO - Setting next_dagrun for example_xcom to 2021-01-01T00:00:00+00:00
[2022-01-24 19:45:11,454] {processor.py:171} INFO - Processing /home/airflow/.local/lib/python3.6/site-packages/airflow/example_dags/example_xcom.py took 0.360 seconds
[2022-01-24 19:45:41,836] {processor.py:163} INFO - Started process (PID=584) to work on /home/airflow/.local/lib/python3.6/site-packages/airflow/example_dags/example_xcom.py
[2022-01-24 19:45:41,837] {processor.py:642} INFO - Processing file /home/airflow/.local/lib/python3.6/site-packages/airflow/example_dags/example_xcom.py for tasks to queue
[2022-01-24 19:45:41,838] {logging_mixin.py:109} INFO - [2022-01-24 19:45:41,838] {dagbag.py:500} INFO - Filling up the DagBag from /home/airflow/.local/lib/python3.6/site-packages/airflow/example_dags/example_xcom.py
[2022-01-24 19:45:41,884] {processor.py:654} INFO - DAG(s) dict_keys(['example_xcom']) retrieved from /home/airflow/.local/lib/python3.6/site-packages/airflow/example_dags/example_xcom.py
[2022-01-24 19:45:42,202] {logging_mixin.py:109} INFO - [2022-01-24 19:45:42,202] {dag.py:2396} INFO - Sync 1 DAGs
[2022-01-24 19:45:42,233] {logging_mixin.py:109} INFO - [2022-01-24 19:45:42,233] {dag.py:2935} INFO - Setting next_dagrun for example_xcom to 2021-01-01T00:00:00+00:00
[2022-01-24 19:45:42,248] {processor.py:171} INFO - Processing /home/airflow/.local/lib/python3.6/site-packages/airflow/example_dags/example_xcom.py took 0.415 seconds
[2022-01-24 19:46:12,328] {processor.py:163} INFO - Started process (PID=637) to work on /home/airflow/.local/lib/python3.6/site-packages/airflow/example_dags/example_xcom.py
[2022-01-24 19:46:12,329] {processor.py:642} INFO - Processing file /home/airflow/.local/lib/python3.6/site-packages/airflow/example_dags/example_xcom.py for tasks to queue
[2022-01-24 19:46:12,330] {logging_mixin.py:109} INFO - [2022-01-24 19:46:12,330] {dagbag.py:500} INFO - Filling up the DagBag from /home/airflow/.local/lib/python3.6/site-packages/airflow/example_dags/example_xcom.py
[2022-01-24 19:46:12,369] {processor.py:654} INFO - DAG(s) dict_keys(['example_xcom']) retrieved from /home/airflow/.local/lib/python3.6/site-packages/airflow/example_dags/example_xcom.py
[2022-01-24 19:46:12,626] {logging_mixin.py:109} INFO - [2022-01-24 19:46:12,625] {dag.py:2396} INFO - Sync 1 DAGs
[2022-01-24 19:46:12,645] {logging_mixin.py:109} INFO - [2022-01-24 19:46:12,644] {dag.py:2935} INFO - Setting next_dagrun for example_xcom to 2021-01-01T00:00:00+00:00
[2022-01-24 19:46:12,667] {processor.py:171} INFO - Processing /home/airflow/.local/lib/python3.6/site-packages/airflow/example_dags/example_xcom.py took 0.342 seconds
[2022-01-24 19:46:43,416] {processor.py:163} INFO - Started process (PID=699) to work on /home/airflow/.local/lib/python3.6/site-packages/airflow/example_dags/example_xcom.py
[2022-01-24 19:46:43,417] {processor.py:642} INFO - Processing file /home/airflow/.local/lib/python3.6/site-packages/airflow/example_dags/example_xcom.py for tasks to queue
[2022-01-24 19:46:43,417] {logging_mixin.py:109} INFO - [2022-01-24 19:46:43,417] {dagbag.py:500} INFO - Filling up the DagBag from /home/airflow/.local/lib/python3.6/site-packages/airflow/example_dags/example_xcom.py
[2022-01-24 19:46:43,466] {processor.py:654} INFO - DAG(s) dict_keys(['example_xcom']) retrieved from /home/airflow/.local/lib/python3.6/site-packages/airflow/example_dags/example_xcom.py
[2022-01-24 19:46:43,810] {logging_mixin.py:109} INFO - [2022-01-24 19:46:43,810] {dag.py:2396} INFO - Sync 1 DAGs
[2022-01-24 19:46:43,827] {logging_mixin.py:109} INFO - [2022-01-24 19:46:43,827] {dag.py:2935} INFO - Setting next_dagrun for example_xcom to 2021-01-01T00:00:00+00:00
[2022-01-24 19:46:43,839] {processor.py:171} INFO - Processing /home/airflow/.local/lib/python3.6/site-packages/airflow/example_dags/example_xcom.py took 0.428 seconds
[2022-01-24 19:47:14,654] {processor.py:163} INFO - Started process (PID=752) to work on /home/airflow/.local/lib/python3.6/site-packages/airflow/example_dags/example_xcom.py
[2022-01-24 19:47:14,656] {processor.py:642} INFO - Processing file /home/airflow/.local/lib/python3.6/site-packages/airflow/example_dags/example_xcom.py for tasks to queue
[2022-01-24 19:47:14,657] {logging_mixin.py:109} INFO - [2022-01-24 19:47:14,657] {dagbag.py:500} INFO - Filling up the DagBag from /home/airflow/.local/lib/python3.6/site-packages/airflow/example_dags/example_xcom.py
[2022-01-24 19:47:14,696] {processor.py:654} INFO - DAG(s) dict_keys(['example_xcom']) retrieved from /home/airflow/.local/lib/python3.6/site-packages/airflow/example_dags/example_xcom.py
[2022-01-24 19:47:14,878] {logging_mixin.py:109} INFO - [2022-01-24 19:47:14,878] {dag.py:2396} INFO - Sync 1 DAGs
[2022-01-24 19:47:14,892] {logging_mixin.py:109} INFO - [2022-01-24 19:47:14,892] {dag.py:2935} INFO - Setting next_dagrun for example_xcom to 2021-01-01T00:00:00+00:00
[2022-01-24 19:47:14,901] {processor.py:171} INFO - Processing /home/airflow/.local/lib/python3.6/site-packages/airflow/example_dags/example_xcom.py took 0.251 seconds
[2022-01-24 19:47:47,187] {processor.py:163} INFO - Started process (PID=812) to work on /home/airflow/.local/lib/python3.6/site-packages/airflow/example_dags/example_xcom.py
[2022-01-24 19:47:47,205] {processor.py:642} INFO - Processing file /home/airflow/.local/lib/python3.6/site-packages/airflow/example_dags/example_xcom.py for tasks to queue
[2022-01-24 19:47:47,208] {logging_mixin.py:109} INFO - [2022-01-24 19:47:47,207] {dagbag.py:500} INFO - Filling up the DagBag from /home/airflow/.local/lib/python3.6/site-packages/airflow/example_dags/example_xcom.py
[2022-01-24 19:47:47,307] {processor.py:654} INFO - DAG(s) dict_keys(['example_xcom']) retrieved from /home/airflow/.local/lib/python3.6/site-packages/airflow/example_dags/example_xcom.py
[2022-01-24 19:47:47,490] {logging_mixin.py:109} INFO - [2022-01-24 19:47:47,490] {dag.py:2396} INFO - Sync 1 DAGs
[2022-01-24 19:47:47,509] {logging_mixin.py:109} INFO - [2022-01-24 19:47:47,509] {dag.py:2935} INFO - Setting next_dagrun for example_xcom to 2021-01-01T00:00:00+00:00
[2022-01-24 19:47:47,563] {processor.py:171} INFO - Processing /home/airflow/.local/lib/python3.6/site-packages/airflow/example_dags/example_xcom.py took 0.379 seconds
[2022-01-24 19:48:17,898] {processor.py:163} INFO - Started process (PID=865) to work on /home/airflow/.local/lib/python3.6/site-packages/airflow/example_dags/example_xcom.py
[2022-01-24 19:48:17,900] {processor.py:642} INFO - Processing file /home/airflow/.local/lib/python3.6/site-packages/airflow/example_dags/example_xcom.py for tasks to queue
[2022-01-24 19:48:17,901] {logging_mixin.py:109} INFO - [2022-01-24 19:48:17,900] {dagbag.py:500} INFO - Filling up the DagBag from /home/airflow/.local/lib/python3.6/site-packages/airflow/example_dags/example_xcom.py
[2022-01-24 19:48:17,945] {processor.py:654} INFO - DAG(s) dict_keys(['example_xcom']) retrieved from /home/airflow/.local/lib/python3.6/site-packages/airflow/example_dags/example_xcom.py
[2022-01-24 19:48:17,955] {logging_mixin.py:109} INFO - [2022-01-24 19:48:17,955] {dag.py:2396} INFO - Sync 1 DAGs
[2022-01-24 19:48:17,972] {logging_mixin.py:109} INFO - [2022-01-24 19:48:17,972] {dag.py:2935} INFO - Setting next_dagrun for example_xcom to 2021-01-01T00:00:00+00:00
[2022-01-24 19:48:17,980] {processor.py:171} INFO - Processing /home/airflow/.local/lib/python3.6/site-packages/airflow/example_dags/example_xcom.py took 0.086 seconds
[2022-01-24 19:48:48,893] {processor.py:163} INFO - Started process (PID=927) to work on /home/airflow/.local/lib/python3.6/site-packages/airflow/example_dags/example_xcom.py
[2022-01-24 19:48:48,894] {processor.py:642} INFO - Processing file /home/airflow/.local/lib/python3.6/site-packages/airflow/example_dags/example_xcom.py for tasks to queue
[2022-01-24 19:48:48,895] {logging_mixin.py:109} INFO - [2022-01-24 19:48:48,894] {dagbag.py:500} INFO - Filling up the DagBag from /home/airflow/.local/lib/python3.6/site-packages/airflow/example_dags/example_xcom.py
[2022-01-24 19:48:48,927] {processor.py:654} INFO - DAG(s) dict_keys(['example_xcom']) retrieved from /home/airflow/.local/lib/python3.6/site-packages/airflow/example_dags/example_xcom.py
[2022-01-24 19:48:49,181] {logging_mixin.py:109} INFO - [2022-01-24 19:48:49,181] {dag.py:2396} INFO - Sync 1 DAGs
[2022-01-24 19:48:49,197] {logging_mixin.py:109} INFO - [2022-01-24 19:48:49,197] {dag.py:2935} INFO - Setting next_dagrun for example_xcom to 2021-01-01T00:00:00+00:00
[2022-01-24 19:48:49,206] {processor.py:171} INFO - Processing /home/airflow/.local/lib/python3.6/site-packages/airflow/example_dags/example_xcom.py took 0.315 seconds
[2022-01-24 19:49:19,391] {processor.py:163} INFO - Started process (PID=981) to work on /home/airflow/.local/lib/python3.6/site-packages/airflow/example_dags/example_xcom.py
[2022-01-24 19:49:19,392] {processor.py:642} INFO - Processing file /home/airflow/.local/lib/python3.6/site-packages/airflow/example_dags/example_xcom.py for tasks to queue
[2022-01-24 19:49:19,393] {logging_mixin.py:109} INFO - [2022-01-24 19:49:19,393] {dagbag.py:500} INFO - Filling up the DagBag from /home/airflow/.local/lib/python3.6/site-packages/airflow/example_dags/example_xcom.py
[2022-01-24 19:49:19,420] {processor.py:654} INFO - DAG(s) dict_keys(['example_xcom']) retrieved from /home/airflow/.local/lib/python3.6/site-packages/airflow/example_dags/example_xcom.py
[2022-01-24 19:49:19,623] {logging_mixin.py:109} INFO - [2022-01-24 19:49:19,623] {dag.py:2396} INFO - Sync 1 DAGs
[2022-01-24 19:49:19,638] {logging_mixin.py:109} INFO - [2022-01-24 19:49:19,638] {dag.py:2935} INFO - Setting next_dagrun for example_xcom to 2021-01-01T00:00:00+00:00
[2022-01-24 19:49:19,648] {processor.py:171} INFO - Processing /home/airflow/.local/lib/python3.6/site-packages/airflow/example_dags/example_xcom.py took 0.259 seconds
[2022-01-24 19:49:50,218] {processor.py:163} INFO - Started process (PID=1034) to work on /home/airflow/.local/lib/python3.6/site-packages/airflow/example_dags/example_xcom.py
[2022-01-24 19:49:50,219] {processor.py:642} INFO - Processing file /home/airflow/.local/lib/python3.6/site-packages/airflow/example_dags/example_xcom.py for tasks to queue
[2022-01-24 19:49:50,220] {logging_mixin.py:109} INFO - [2022-01-24 19:49:50,220] {dagbag.py:500} INFO - Filling up the DagBag from /home/airflow/.local/lib/python3.6/site-packages/airflow/example_dags/example_xcom.py
[2022-01-24 19:49:50,258] {processor.py:654} INFO - DAG(s) dict_keys(['example_xcom']) retrieved from /home/airflow/.local/lib/python3.6/site-packages/airflow/example_dags/example_xcom.py
[2022-01-24 19:49:50,428] {logging_mixin.py:109} INFO - [2022-01-24 19:49:50,428] {dag.py:2396} INFO - Sync 1 DAGs
[2022-01-24 19:49:50,441] {logging_mixin.py:109} INFO - [2022-01-24 19:49:50,440] {dag.py:2935} INFO - Setting next_dagrun for example_xcom to 2021-01-01T00:00:00+00:00
[2022-01-24 19:49:50,449] {processor.py:171} INFO - Processing /home/airflow/.local/lib/python3.6/site-packages/airflow/example_dags/example_xcom.py took 0.234 seconds
[2022-01-24 19:50:21,305] {processor.py:163} INFO - Started process (PID=1098) to work on /home/airflow/.local/lib/python3.6/site-packages/airflow/example_dags/example_xcom.py
[2022-01-24 19:50:21,306] {processor.py:642} INFO - Processing file /home/airflow/.local/lib/python3.6/site-packages/airflow/example_dags/example_xcom.py for tasks to queue
[2022-01-24 19:50:21,306] {logging_mixin.py:109} INFO - [2022-01-24 19:50:21,306] {dagbag.py:500} INFO - Filling up the DagBag from /home/airflow/.local/lib/python3.6/site-packages/airflow/example_dags/example_xcom.py
[2022-01-24 19:50:21,342] {processor.py:654} INFO - DAG(s) dict_keys(['example_xcom']) retrieved from /home/airflow/.local/lib/python3.6/site-packages/airflow/example_dags/example_xcom.py
[2022-01-24 19:50:21,526] {logging_mixin.py:109} INFO - [2022-01-24 19:50:21,526] {dag.py:2396} INFO - Sync 1 DAGs
[2022-01-24 19:50:21,540] {logging_mixin.py:109} INFO - [2022-01-24 19:50:21,540] {dag.py:2935} INFO - Setting next_dagrun for example_xcom to 2021-01-01T00:00:00+00:00
[2022-01-24 19:50:21,550] {processor.py:171} INFO - Processing /home/airflow/.local/lib/python3.6/site-packages/airflow/example_dags/example_xcom.py took 0.249 seconds
[2022-01-24 19:50:52,292] {processor.py:163} INFO - Started process (PID=1151) to work on /home/airflow/.local/lib/python3.6/site-packages/airflow/example_dags/example_xcom.py
[2022-01-24 19:50:52,293] {processor.py:642} INFO - Processing file /home/airflow/.local/lib/python3.6/site-packages/airflow/example_dags/example_xcom.py for tasks to queue
[2022-01-24 19:50:52,294] {logging_mixin.py:109} INFO - [2022-01-24 19:50:52,293] {dagbag.py:500} INFO - Filling up the DagBag from /home/airflow/.local/lib/python3.6/site-packages/airflow/example_dags/example_xcom.py
[2022-01-24 19:50:52,327] {processor.py:654} INFO - DAG(s) dict_keys(['example_xcom']) retrieved from /home/airflow/.local/lib/python3.6/site-packages/airflow/example_dags/example_xcom.py
[2022-01-24 19:50:52,517] {logging_mixin.py:109} INFO - [2022-01-24 19:50:52,517] {dag.py:2396} INFO - Sync 1 DAGs
[2022-01-24 19:50:52,531] {logging_mixin.py:109} INFO - [2022-01-24 19:50:52,531] {dag.py:2935} INFO - Setting next_dagrun for example_xcom to 2021-01-01T00:00:00+00:00
[2022-01-24 19:50:52,539] {processor.py:171} INFO - Processing /home/airflow/.local/lib/python3.6/site-packages/airflow/example_dags/example_xcom.py took 0.250 seconds
[2022-01-24 19:51:22,637] {processor.py:163} INFO - Started process (PID=1215) to work on /home/airflow/.local/lib/python3.6/site-packages/airflow/example_dags/example_xcom.py
[2022-01-24 19:51:22,638] {processor.py:642} INFO - Processing file /home/airflow/.local/lib/python3.6/site-packages/airflow/example_dags/example_xcom.py for tasks to queue
[2022-01-24 19:51:22,639] {logging_mixin.py:109} INFO - [2022-01-24 19:51:22,639] {dagbag.py:500} INFO - Filling up the DagBag from /home/airflow/.local/lib/python3.6/site-packages/airflow/example_dags/example_xcom.py
[2022-01-24 19:51:22,688] {processor.py:654} INFO - DAG(s) dict_keys(['example_xcom']) retrieved from /home/airflow/.local/lib/python3.6/site-packages/airflow/example_dags/example_xcom.py
[2022-01-24 19:51:23,089] {logging_mixin.py:109} INFO - [2022-01-24 19:51:23,089] {dag.py:2396} INFO - Sync 1 DAGs
[2022-01-24 19:51:23,136] {logging_mixin.py:109} INFO - [2022-01-24 19:51:23,136] {dag.py:2935} INFO - Setting next_dagrun for example_xcom to 2021-01-01T00:00:00+00:00
[2022-01-24 19:51:23,164] {processor.py:171} INFO - Processing /home/airflow/.local/lib/python3.6/site-packages/airflow/example_dags/example_xcom.py took 0.531 seconds
[2022-01-24 19:51:53,331] {processor.py:163} INFO - Started process (PID=1270) to work on /home/airflow/.local/lib/python3.6/site-packages/airflow/example_dags/example_xcom.py
[2022-01-24 19:51:53,333] {processor.py:642} INFO - Processing file /home/airflow/.local/lib/python3.6/site-packages/airflow/example_dags/example_xcom.py for tasks to queue
[2022-01-24 19:51:53,334] {logging_mixin.py:109} INFO - [2022-01-24 19:51:53,334] {dagbag.py:500} INFO - Filling up the DagBag from /home/airflow/.local/lib/python3.6/site-packages/airflow/example_dags/example_xcom.py
[2022-01-24 19:51:53,387] {processor.py:654} INFO - DAG(s) dict_keys(['example_xcom']) retrieved from /home/airflow/.local/lib/python3.6/site-packages/airflow/example_dags/example_xcom.py
[2022-01-24 19:51:53,409] {logging_mixin.py:109} INFO - [2022-01-24 19:51:53,409] {dag.py:2396} INFO - Sync 1 DAGs
[2022-01-24 19:51:53,447] {logging_mixin.py:109} INFO - [2022-01-24 19:51:53,447] {dag.py:2935} INFO - Setting next_dagrun for example_xcom to 2021-01-01T00:00:00+00:00
[2022-01-24 19:51:53,463] {processor.py:171} INFO - Processing /home/airflow/.local/lib/python3.6/site-packages/airflow/example_dags/example_xcom.py took 0.136 seconds
[2022-01-24 19:52:23,586] {processor.py:163} INFO - Started process (PID=1322) to work on /home/airflow/.local/lib/python3.6/site-packages/airflow/example_dags/example_xcom.py
[2022-01-24 19:52:23,590] {processor.py:642} INFO - Processing file /home/airflow/.local/lib/python3.6/site-packages/airflow/example_dags/example_xcom.py for tasks to queue
[2022-01-24 19:52:23,592] {logging_mixin.py:109} INFO - [2022-01-24 19:52:23,591] {dagbag.py:500} INFO - Filling up the DagBag from /home/airflow/.local/lib/python3.6/site-packages/airflow/example_dags/example_xcom.py
[2022-01-24 19:52:23,634] {processor.py:654} INFO - DAG(s) dict_keys(['example_xcom']) retrieved from /home/airflow/.local/lib/python3.6/site-packages/airflow/example_dags/example_xcom.py
[2022-01-24 19:52:23,841] {logging_mixin.py:109} INFO - [2022-01-24 19:52:23,841] {dag.py:2396} INFO - Sync 1 DAGs
[2022-01-24 19:52:23,853] {logging_mixin.py:109} INFO - [2022-01-24 19:52:23,853] {dag.py:2935} INFO - Setting next_dagrun for example_xcom to 2021-01-01T00:00:00+00:00
[2022-01-24 19:52:23,861] {processor.py:171} INFO - Processing /home/airflow/.local/lib/python3.6/site-packages/airflow/example_dags/example_xcom.py took 0.285 seconds
