[2022-01-24 19:42:50,499] {processor.py:163} INFO - Started process (PID=95) to work on /home/airflow/.local/lib/python3.6/site-packages/airflow/example_dags/example_branch_day_of_week_operator.py
[2022-01-24 19:42:50,501] {processor.py:642} INFO - Processing file /home/airflow/.local/lib/python3.6/site-packages/airflow/example_dags/example_branch_day_of_week_operator.py for tasks to queue
[2022-01-24 19:42:50,502] {logging_mixin.py:109} INFO - [2022-01-24 19:42:50,501] {dagbag.py:500} INFO - Filling up the DagBag from /home/airflow/.local/lib/python3.6/site-packages/airflow/example_dags/example_branch_day_of_week_operator.py
[2022-01-24 19:42:50,570] {processor.py:654} INFO - DAG(s) dict_keys(['example_weekday_branch_operator']) retrieved from /home/airflow/.local/lib/python3.6/site-packages/airflow/example_dags/example_branch_day_of_week_operator.py
[2022-01-24 19:42:56,913] {logging_mixin.py:109} INFO - [2022-01-24 19:42:56,913] {manager.py:496} INFO - Created Permission View: can edit on DAG:example_weekday_branch_operator
[2022-01-24 19:42:56,958] {logging_mixin.py:109} INFO - [2022-01-24 19:42:56,952] {manager.py:496} INFO - Created Permission View: can read on DAG:example_weekday_branch_operator
[2022-01-24 19:42:56,961] {logging_mixin.py:109} INFO - [2022-01-24 19:42:56,958] {dag.py:2396} INFO - Sync 1 DAGs
[2022-01-24 19:42:56,989] {logging_mixin.py:109} INFO - [2022-01-24 19:42:56,985] {dag.py:2415} INFO - Creating ORM DAG for example_weekday_branch_operator
[2022-01-24 19:42:57,009] {logging_mixin.py:109} INFO - [2022-01-24 19:42:57,009] {dag.py:2935} INFO - Setting next_dagrun for example_weekday_branch_operator to 2022-01-23 00:00:00+00:00
[2022-01-24 19:42:57,036] {processor.py:171} INFO - Processing /home/airflow/.local/lib/python3.6/site-packages/airflow/example_dags/example_branch_day_of_week_operator.py took 6.541 seconds
[2022-01-24 19:43:39,056] {processor.py:163} INFO - Started process (PID=368) to work on /home/airflow/.local/lib/python3.6/site-packages/airflow/example_dags/example_branch_day_of_week_operator.py
[2022-01-24 19:43:39,058] {processor.py:642} INFO - Processing file /home/airflow/.local/lib/python3.6/site-packages/airflow/example_dags/example_branch_day_of_week_operator.py for tasks to queue
[2022-01-24 19:43:39,059] {logging_mixin.py:109} INFO - [2022-01-24 19:43:39,058] {dagbag.py:500} INFO - Filling up the DagBag from /home/airflow/.local/lib/python3.6/site-packages/airflow/example_dags/example_branch_day_of_week_operator.py
[2022-01-24 19:43:39,108] {processor.py:654} INFO - DAG(s) dict_keys(['example_weekday_branch_operator']) retrieved from /home/airflow/.local/lib/python3.6/site-packages/airflow/example_dags/example_branch_day_of_week_operator.py
[2022-01-24 19:43:39,144] {logging_mixin.py:109} INFO - [2022-01-24 19:43:39,144] {dag.py:2396} INFO - Sync 1 DAGs
[2022-01-24 19:43:39,188] {logging_mixin.py:109} INFO - [2022-01-24 19:43:39,187] {dag.py:2935} INFO - Setting next_dagrun for example_weekday_branch_operator to 2022-01-23 00:00:00+00:00
[2022-01-24 19:43:39,207] {processor.py:171} INFO - Processing /home/airflow/.local/lib/python3.6/site-packages/airflow/example_dags/example_branch_day_of_week_operator.py took 0.155 seconds
[2022-01-24 19:44:09,859] {processor.py:163} INFO - Started process (PID=419) to work on /home/airflow/.local/lib/python3.6/site-packages/airflow/example_dags/example_branch_day_of_week_operator.py
[2022-01-24 19:44:09,860] {processor.py:642} INFO - Processing file /home/airflow/.local/lib/python3.6/site-packages/airflow/example_dags/example_branch_day_of_week_operator.py for tasks to queue
[2022-01-24 19:44:09,860] {logging_mixin.py:109} INFO - [2022-01-24 19:44:09,860] {dagbag.py:500} INFO - Filling up the DagBag from /home/airflow/.local/lib/python3.6/site-packages/airflow/example_dags/example_branch_day_of_week_operator.py
[2022-01-24 19:44:09,892] {processor.py:654} INFO - DAG(s) dict_keys(['example_weekday_branch_operator']) retrieved from /home/airflow/.local/lib/python3.6/site-packages/airflow/example_dags/example_branch_day_of_week_operator.py
[2022-01-24 19:44:09,908] {logging_mixin.py:109} INFO - [2022-01-24 19:44:09,908] {dag.py:2396} INFO - Sync 1 DAGs
[2022-01-24 19:44:09,934] {logging_mixin.py:109} INFO - [2022-01-24 19:44:09,934] {dag.py:2935} INFO - Setting next_dagrun for example_weekday_branch_operator to 2022-01-23 00:00:00+00:00
[2022-01-24 19:44:09,946] {processor.py:171} INFO - Processing /home/airflow/.local/lib/python3.6/site-packages/airflow/example_dags/example_branch_day_of_week_operator.py took 0.091 seconds
[2022-01-24 19:44:40,721] {processor.py:163} INFO - Started process (PID=471) to work on /home/airflow/.local/lib/python3.6/site-packages/airflow/example_dags/example_branch_day_of_week_operator.py
[2022-01-24 19:44:40,722] {processor.py:642} INFO - Processing file /home/airflow/.local/lib/python3.6/site-packages/airflow/example_dags/example_branch_day_of_week_operator.py for tasks to queue
[2022-01-24 19:44:40,722] {logging_mixin.py:109} INFO - [2022-01-24 19:44:40,722] {dagbag.py:500} INFO - Filling up the DagBag from /home/airflow/.local/lib/python3.6/site-packages/airflow/example_dags/example_branch_day_of_week_operator.py
[2022-01-24 19:44:40,744] {processor.py:654} INFO - DAG(s) dict_keys(['example_weekday_branch_operator']) retrieved from /home/airflow/.local/lib/python3.6/site-packages/airflow/example_dags/example_branch_day_of_week_operator.py
[2022-01-24 19:44:40,752] {logging_mixin.py:109} INFO - [2022-01-24 19:44:40,752] {dag.py:2396} INFO - Sync 1 DAGs
[2022-01-24 19:44:40,768] {logging_mixin.py:109} INFO - [2022-01-24 19:44:40,768] {dag.py:2935} INFO - Setting next_dagrun for example_weekday_branch_operator to 2022-01-23 00:00:00+00:00
[2022-01-24 19:44:40,777] {processor.py:171} INFO - Processing /home/airflow/.local/lib/python3.6/site-packages/airflow/example_dags/example_branch_day_of_week_operator.py took 0.058 seconds
[2022-01-24 19:45:11,477] {processor.py:163} INFO - Started process (PID=533) to work on /home/airflow/.local/lib/python3.6/site-packages/airflow/example_dags/example_branch_day_of_week_operator.py
[2022-01-24 19:45:11,479] {processor.py:642} INFO - Processing file /home/airflow/.local/lib/python3.6/site-packages/airflow/example_dags/example_branch_day_of_week_operator.py for tasks to queue
[2022-01-24 19:45:11,480] {logging_mixin.py:109} INFO - [2022-01-24 19:45:11,480] {dagbag.py:500} INFO - Filling up the DagBag from /home/airflow/.local/lib/python3.6/site-packages/airflow/example_dags/example_branch_day_of_week_operator.py
[2022-01-24 19:45:11,521] {processor.py:654} INFO - DAG(s) dict_keys(['example_weekday_branch_operator']) retrieved from /home/airflow/.local/lib/python3.6/site-packages/airflow/example_dags/example_branch_day_of_week_operator.py
[2022-01-24 19:45:11,536] {logging_mixin.py:109} INFO - [2022-01-24 19:45:11,536] {dag.py:2396} INFO - Sync 1 DAGs
[2022-01-24 19:45:11,562] {logging_mixin.py:109} INFO - [2022-01-24 19:45:11,561] {dag.py:2935} INFO - Setting next_dagrun for example_weekday_branch_operator to 2022-01-23 00:00:00+00:00
[2022-01-24 19:45:11,573] {processor.py:171} INFO - Processing /home/airflow/.local/lib/python3.6/site-packages/airflow/example_dags/example_branch_day_of_week_operator.py took 0.100 seconds
[2022-01-24 19:45:42,411] {processor.py:163} INFO - Started process (PID=586) to work on /home/airflow/.local/lib/python3.6/site-packages/airflow/example_dags/example_branch_day_of_week_operator.py
[2022-01-24 19:45:42,413] {processor.py:642} INFO - Processing file /home/airflow/.local/lib/python3.6/site-packages/airflow/example_dags/example_branch_day_of_week_operator.py for tasks to queue
[2022-01-24 19:45:42,413] {logging_mixin.py:109} INFO - [2022-01-24 19:45:42,413] {dagbag.py:500} INFO - Filling up the DagBag from /home/airflow/.local/lib/python3.6/site-packages/airflow/example_dags/example_branch_day_of_week_operator.py
[2022-01-24 19:45:42,454] {processor.py:654} INFO - DAG(s) dict_keys(['example_weekday_branch_operator']) retrieved from /home/airflow/.local/lib/python3.6/site-packages/airflow/example_dags/example_branch_day_of_week_operator.py
[2022-01-24 19:45:42,467] {logging_mixin.py:109} INFO - [2022-01-24 19:45:42,467] {dag.py:2396} INFO - Sync 1 DAGs
[2022-01-24 19:45:42,494] {logging_mixin.py:109} INFO - [2022-01-24 19:45:42,494] {dag.py:2935} INFO - Setting next_dagrun for example_weekday_branch_operator to 2022-01-23 00:00:00+00:00
[2022-01-24 19:45:42,506] {processor.py:171} INFO - Processing /home/airflow/.local/lib/python3.6/site-packages/airflow/example_dags/example_branch_day_of_week_operator.py took 0.099 seconds
[2022-01-24 19:46:12,700] {processor.py:163} INFO - Started process (PID=639) to work on /home/airflow/.local/lib/python3.6/site-packages/airflow/example_dags/example_branch_day_of_week_operator.py
[2022-01-24 19:46:12,702] {processor.py:642} INFO - Processing file /home/airflow/.local/lib/python3.6/site-packages/airflow/example_dags/example_branch_day_of_week_operator.py for tasks to queue
[2022-01-24 19:46:12,703] {logging_mixin.py:109} INFO - [2022-01-24 19:46:12,703] {dagbag.py:500} INFO - Filling up the DagBag from /home/airflow/.local/lib/python3.6/site-packages/airflow/example_dags/example_branch_day_of_week_operator.py
[2022-01-24 19:46:12,767] {processor.py:654} INFO - DAG(s) dict_keys(['example_weekday_branch_operator']) retrieved from /home/airflow/.local/lib/python3.6/site-packages/airflow/example_dags/example_branch_day_of_week_operator.py
[2022-01-24 19:46:12,788] {logging_mixin.py:109} INFO - [2022-01-24 19:46:12,788] {dag.py:2396} INFO - Sync 1 DAGs
[2022-01-24 19:46:12,825] {logging_mixin.py:109} INFO - [2022-01-24 19:46:12,825] {dag.py:2935} INFO - Setting next_dagrun for example_weekday_branch_operator to 2022-01-23 00:00:00+00:00
[2022-01-24 19:46:12,839] {processor.py:171} INFO - Processing /home/airflow/.local/lib/python3.6/site-packages/airflow/example_dags/example_branch_day_of_week_operator.py took 0.145 seconds
[2022-01-24 19:46:43,855] {processor.py:163} INFO - Started process (PID=702) to work on /home/airflow/.local/lib/python3.6/site-packages/airflow/example_dags/example_branch_day_of_week_operator.py
[2022-01-24 19:46:43,856] {processor.py:642} INFO - Processing file /home/airflow/.local/lib/python3.6/site-packages/airflow/example_dags/example_branch_day_of_week_operator.py for tasks to queue
[2022-01-24 19:46:43,857] {logging_mixin.py:109} INFO - [2022-01-24 19:46:43,857] {dagbag.py:500} INFO - Filling up the DagBag from /home/airflow/.local/lib/python3.6/site-packages/airflow/example_dags/example_branch_day_of_week_operator.py
[2022-01-24 19:46:43,883] {processor.py:654} INFO - DAG(s) dict_keys(['example_weekday_branch_operator']) retrieved from /home/airflow/.local/lib/python3.6/site-packages/airflow/example_dags/example_branch_day_of_week_operator.py
[2022-01-24 19:46:43,895] {logging_mixin.py:109} INFO - [2022-01-24 19:46:43,895] {dag.py:2396} INFO - Sync 1 DAGs
[2022-01-24 19:46:43,918] {logging_mixin.py:109} INFO - [2022-01-24 19:46:43,918] {dag.py:2935} INFO - Setting next_dagrun for example_weekday_branch_operator to 2022-01-23 00:00:00+00:00
[2022-01-24 19:46:43,928] {processor.py:171} INFO - Processing /home/airflow/.local/lib/python3.6/site-packages/airflow/example_dags/example_branch_day_of_week_operator.py took 0.076 seconds
[2022-01-24 19:47:14,923] {processor.py:163} INFO - Started process (PID=754) to work on /home/airflow/.local/lib/python3.6/site-packages/airflow/example_dags/example_branch_day_of_week_operator.py
[2022-01-24 19:47:14,924] {processor.py:642} INFO - Processing file /home/airflow/.local/lib/python3.6/site-packages/airflow/example_dags/example_branch_day_of_week_operator.py for tasks to queue
[2022-01-24 19:47:14,925] {logging_mixin.py:109} INFO - [2022-01-24 19:47:14,925] {dagbag.py:500} INFO - Filling up the DagBag from /home/airflow/.local/lib/python3.6/site-packages/airflow/example_dags/example_branch_day_of_week_operator.py
[2022-01-24 19:47:14,950] {processor.py:654} INFO - DAG(s) dict_keys(['example_weekday_branch_operator']) retrieved from /home/airflow/.local/lib/python3.6/site-packages/airflow/example_dags/example_branch_day_of_week_operator.py
[2022-01-24 19:47:14,961] {logging_mixin.py:109} INFO - [2022-01-24 19:47:14,961] {dag.py:2396} INFO - Sync 1 DAGs
[2022-01-24 19:47:14,982] {logging_mixin.py:109} INFO - [2022-01-24 19:47:14,982] {dag.py:2935} INFO - Setting next_dagrun for example_weekday_branch_operator to 2022-01-23 00:00:00+00:00
[2022-01-24 19:47:14,993] {processor.py:171} INFO - Processing /home/airflow/.local/lib/python3.6/site-packages/airflow/example_dags/example_branch_day_of_week_operator.py took 0.073 seconds
[2022-01-24 19:47:47,771] {processor.py:163} INFO - Started process (PID=814) to work on /home/airflow/.local/lib/python3.6/site-packages/airflow/example_dags/example_branch_day_of_week_operator.py
[2022-01-24 19:47:47,819] {processor.py:642} INFO - Processing file /home/airflow/.local/lib/python3.6/site-packages/airflow/example_dags/example_branch_day_of_week_operator.py for tasks to queue
[2022-01-24 19:47:47,821] {logging_mixin.py:109} INFO - [2022-01-24 19:47:47,821] {dagbag.py:500} INFO - Filling up the DagBag from /home/airflow/.local/lib/python3.6/site-packages/airflow/example_dags/example_branch_day_of_week_operator.py
[2022-01-24 19:47:47,854] {processor.py:654} INFO - DAG(s) dict_keys(['example_weekday_branch_operator']) retrieved from /home/airflow/.local/lib/python3.6/site-packages/airflow/example_dags/example_branch_day_of_week_operator.py
[2022-01-24 19:47:47,863] {logging_mixin.py:109} INFO - [2022-01-24 19:47:47,863] {dag.py:2396} INFO - Sync 1 DAGs
[2022-01-24 19:47:47,879] {logging_mixin.py:109} INFO - [2022-01-24 19:47:47,878] {dag.py:2935} INFO - Setting next_dagrun for example_weekday_branch_operator to 2022-01-23 00:00:00+00:00
[2022-01-24 19:47:47,954] {processor.py:171} INFO - Processing /home/airflow/.local/lib/python3.6/site-packages/airflow/example_dags/example_branch_day_of_week_operator.py took 0.191 seconds
[2022-01-24 19:48:18,082] {processor.py:163} INFO - Started process (PID=867) to work on /home/airflow/.local/lib/python3.6/site-packages/airflow/example_dags/example_branch_day_of_week_operator.py
[2022-01-24 19:48:18,083] {processor.py:642} INFO - Processing file /home/airflow/.local/lib/python3.6/site-packages/airflow/example_dags/example_branch_day_of_week_operator.py for tasks to queue
[2022-01-24 19:48:18,084] {logging_mixin.py:109} INFO - [2022-01-24 19:48:18,083] {dagbag.py:500} INFO - Filling up the DagBag from /home/airflow/.local/lib/python3.6/site-packages/airflow/example_dags/example_branch_day_of_week_operator.py
[2022-01-24 19:48:18,109] {processor.py:654} INFO - DAG(s) dict_keys(['example_weekday_branch_operator']) retrieved from /home/airflow/.local/lib/python3.6/site-packages/airflow/example_dags/example_branch_day_of_week_operator.py
[2022-01-24 19:48:18,118] {logging_mixin.py:109} INFO - [2022-01-24 19:48:18,118] {dag.py:2396} INFO - Sync 1 DAGs
[2022-01-24 19:48:18,136] {logging_mixin.py:109} INFO - [2022-01-24 19:48:18,136] {dag.py:2935} INFO - Setting next_dagrun for example_weekday_branch_operator to 2022-01-23 00:00:00+00:00
[2022-01-24 19:48:18,143] {processor.py:171} INFO - Processing /home/airflow/.local/lib/python3.6/site-packages/airflow/example_dags/example_branch_day_of_week_operator.py took 0.063 seconds
[2022-01-24 19:48:49,161] {processor.py:163} INFO - Started process (PID=929) to work on /home/airflow/.local/lib/python3.6/site-packages/airflow/example_dags/example_branch_day_of_week_operator.py
[2022-01-24 19:48:49,163] {processor.py:642} INFO - Processing file /home/airflow/.local/lib/python3.6/site-packages/airflow/example_dags/example_branch_day_of_week_operator.py for tasks to queue
[2022-01-24 19:48:49,163] {logging_mixin.py:109} INFO - [2022-01-24 19:48:49,163] {dagbag.py:500} INFO - Filling up the DagBag from /home/airflow/.local/lib/python3.6/site-packages/airflow/example_dags/example_branch_day_of_week_operator.py
[2022-01-24 19:48:49,196] {processor.py:654} INFO - DAG(s) dict_keys(['example_weekday_branch_operator']) retrieved from /home/airflow/.local/lib/python3.6/site-packages/airflow/example_dags/example_branch_day_of_week_operator.py
[2022-01-24 19:48:49,209] {logging_mixin.py:109} INFO - [2022-01-24 19:48:49,209] {dag.py:2396} INFO - Sync 1 DAGs
[2022-01-24 19:48:49,230] {logging_mixin.py:109} INFO - [2022-01-24 19:48:49,230] {dag.py:2935} INFO - Setting next_dagrun for example_weekday_branch_operator to 2022-01-23 00:00:00+00:00
[2022-01-24 19:48:49,239] {processor.py:171} INFO - Processing /home/airflow/.local/lib/python3.6/site-packages/airflow/example_dags/example_branch_day_of_week_operator.py took 0.081 seconds
[2022-01-24 19:49:19,469] {processor.py:163} INFO - Started process (PID=983) to work on /home/airflow/.local/lib/python3.6/site-packages/airflow/example_dags/example_branch_day_of_week_operator.py
[2022-01-24 19:49:19,470] {processor.py:642} INFO - Processing file /home/airflow/.local/lib/python3.6/site-packages/airflow/example_dags/example_branch_day_of_week_operator.py for tasks to queue
[2022-01-24 19:49:19,471] {logging_mixin.py:109} INFO - [2022-01-24 19:49:19,471] {dagbag.py:500} INFO - Filling up the DagBag from /home/airflow/.local/lib/python3.6/site-packages/airflow/example_dags/example_branch_day_of_week_operator.py
[2022-01-24 19:49:19,494] {processor.py:654} INFO - DAG(s) dict_keys(['example_weekday_branch_operator']) retrieved from /home/airflow/.local/lib/python3.6/site-packages/airflow/example_dags/example_branch_day_of_week_operator.py
[2022-01-24 19:49:19,503] {logging_mixin.py:109} INFO - [2022-01-24 19:49:19,503] {dag.py:2396} INFO - Sync 1 DAGs
[2022-01-24 19:49:19,520] {logging_mixin.py:109} INFO - [2022-01-24 19:49:19,520] {dag.py:2935} INFO - Setting next_dagrun for example_weekday_branch_operator to 2022-01-23 00:00:00+00:00
[2022-01-24 19:49:19,528] {processor.py:171} INFO - Processing /home/airflow/.local/lib/python3.6/site-packages/airflow/example_dags/example_branch_day_of_week_operator.py took 0.061 seconds
[2022-01-24 19:49:50,471] {processor.py:163} INFO - Started process (PID=1036) to work on /home/airflow/.local/lib/python3.6/site-packages/airflow/example_dags/example_branch_day_of_week_operator.py
[2022-01-24 19:49:50,472] {processor.py:642} INFO - Processing file /home/airflow/.local/lib/python3.6/site-packages/airflow/example_dags/example_branch_day_of_week_operator.py for tasks to queue
[2022-01-24 19:49:50,472] {logging_mixin.py:109} INFO - [2022-01-24 19:49:50,472] {dagbag.py:500} INFO - Filling up the DagBag from /home/airflow/.local/lib/python3.6/site-packages/airflow/example_dags/example_branch_day_of_week_operator.py
[2022-01-24 19:49:50,498] {processor.py:654} INFO - DAG(s) dict_keys(['example_weekday_branch_operator']) retrieved from /home/airflow/.local/lib/python3.6/site-packages/airflow/example_dags/example_branch_day_of_week_operator.py
[2022-01-24 19:49:50,509] {logging_mixin.py:109} INFO - [2022-01-24 19:49:50,509] {dag.py:2396} INFO - Sync 1 DAGs
[2022-01-24 19:49:50,530] {logging_mixin.py:109} INFO - [2022-01-24 19:49:50,530] {dag.py:2935} INFO - Setting next_dagrun for example_weekday_branch_operator to 2022-01-23 00:00:00+00:00
[2022-01-24 19:49:50,539] {processor.py:171} INFO - Processing /home/airflow/.local/lib/python3.6/site-packages/airflow/example_dags/example_branch_day_of_week_operator.py took 0.071 seconds
[2022-01-24 19:50:21,662] {processor.py:163} INFO - Started process (PID=1100) to work on /home/airflow/.local/lib/python3.6/site-packages/airflow/example_dags/example_branch_day_of_week_operator.py
[2022-01-24 19:50:21,663] {processor.py:642} INFO - Processing file /home/airflow/.local/lib/python3.6/site-packages/airflow/example_dags/example_branch_day_of_week_operator.py for tasks to queue
[2022-01-24 19:50:21,663] {logging_mixin.py:109} INFO - [2022-01-24 19:50:21,663] {dagbag.py:500} INFO - Filling up the DagBag from /home/airflow/.local/lib/python3.6/site-packages/airflow/example_dags/example_branch_day_of_week_operator.py
[2022-01-24 19:50:21,687] {processor.py:654} INFO - DAG(s) dict_keys(['example_weekday_branch_operator']) retrieved from /home/airflow/.local/lib/python3.6/site-packages/airflow/example_dags/example_branch_day_of_week_operator.py
[2022-01-24 19:50:21,696] {logging_mixin.py:109} INFO - [2022-01-24 19:50:21,696] {dag.py:2396} INFO - Sync 1 DAGs
[2022-01-24 19:50:21,713] {logging_mixin.py:109} INFO - [2022-01-24 19:50:21,713] {dag.py:2935} INFO - Setting next_dagrun for example_weekday_branch_operator to 2022-01-23 00:00:00+00:00
[2022-01-24 19:50:21,720] {processor.py:171} INFO - Processing /home/airflow/.local/lib/python3.6/site-packages/airflow/example_dags/example_branch_day_of_week_operator.py took 0.061 seconds
[2022-01-24 19:50:52,640] {processor.py:163} INFO - Started process (PID=1153) to work on /home/airflow/.local/lib/python3.6/site-packages/airflow/example_dags/example_branch_day_of_week_operator.py
[2022-01-24 19:50:52,641] {processor.py:642} INFO - Processing file /home/airflow/.local/lib/python3.6/site-packages/airflow/example_dags/example_branch_day_of_week_operator.py for tasks to queue
[2022-01-24 19:50:52,642] {logging_mixin.py:109} INFO - [2022-01-24 19:50:52,642] {dagbag.py:500} INFO - Filling up the DagBag from /home/airflow/.local/lib/python3.6/site-packages/airflow/example_dags/example_branch_day_of_week_operator.py
[2022-01-24 19:50:52,680] {processor.py:654} INFO - DAG(s) dict_keys(['example_weekday_branch_operator']) retrieved from /home/airflow/.local/lib/python3.6/site-packages/airflow/example_dags/example_branch_day_of_week_operator.py
[2022-01-24 19:50:52,695] {logging_mixin.py:109} INFO - [2022-01-24 19:50:52,694] {dag.py:2396} INFO - Sync 1 DAGs
[2022-01-24 19:50:52,721] {logging_mixin.py:109} INFO - [2022-01-24 19:50:52,721] {dag.py:2935} INFO - Setting next_dagrun for example_weekday_branch_operator to 2022-01-23 00:00:00+00:00
[2022-01-24 19:50:52,734] {processor.py:171} INFO - Processing /home/airflow/.local/lib/python3.6/site-packages/airflow/example_dags/example_branch_day_of_week_operator.py took 0.099 seconds
[2022-01-24 19:51:23,224] {processor.py:163} INFO - Started process (PID=1217) to work on /home/airflow/.local/lib/python3.6/site-packages/airflow/example_dags/example_branch_day_of_week_operator.py
[2022-01-24 19:51:23,226] {processor.py:642} INFO - Processing file /home/airflow/.local/lib/python3.6/site-packages/airflow/example_dags/example_branch_day_of_week_operator.py for tasks to queue
[2022-01-24 19:51:23,228] {logging_mixin.py:109} INFO - [2022-01-24 19:51:23,227] {dagbag.py:500} INFO - Filling up the DagBag from /home/airflow/.local/lib/python3.6/site-packages/airflow/example_dags/example_branch_day_of_week_operator.py
[2022-01-24 19:51:23,294] {processor.py:654} INFO - DAG(s) dict_keys(['example_weekday_branch_operator']) retrieved from /home/airflow/.local/lib/python3.6/site-packages/airflow/example_dags/example_branch_day_of_week_operator.py
[2022-01-24 19:51:23,326] {logging_mixin.py:109} INFO - [2022-01-24 19:51:23,326] {dag.py:2396} INFO - Sync 1 DAGs
[2022-01-24 19:51:23,374] {logging_mixin.py:109} INFO - [2022-01-24 19:51:23,374] {dag.py:2935} INFO - Setting next_dagrun for example_weekday_branch_operator to 2022-01-23 00:00:00+00:00
[2022-01-24 19:51:23,400] {processor.py:171} INFO - Processing /home/airflow/.local/lib/python3.6/site-packages/airflow/example_dags/example_branch_day_of_week_operator.py took 0.183 seconds
[2022-01-24 19:51:53,642] {processor.py:163} INFO - Started process (PID=1272) to work on /home/airflow/.local/lib/python3.6/site-packages/airflow/example_dags/example_branch_day_of_week_operator.py
[2022-01-24 19:51:53,644] {processor.py:642} INFO - Processing file /home/airflow/.local/lib/python3.6/site-packages/airflow/example_dags/example_branch_day_of_week_operator.py for tasks to queue
[2022-01-24 19:51:53,645] {logging_mixin.py:109} INFO - [2022-01-24 19:51:53,645] {dagbag.py:500} INFO - Filling up the DagBag from /home/airflow/.local/lib/python3.6/site-packages/airflow/example_dags/example_branch_day_of_week_operator.py
[2022-01-24 19:51:53,695] {processor.py:654} INFO - DAG(s) dict_keys(['example_weekday_branch_operator']) retrieved from /home/airflow/.local/lib/python3.6/site-packages/airflow/example_dags/example_branch_day_of_week_operator.py
[2022-01-24 19:51:53,714] {logging_mixin.py:109} INFO - [2022-01-24 19:51:53,714] {dag.py:2396} INFO - Sync 1 DAGs
[2022-01-24 19:51:53,743] {logging_mixin.py:109} INFO - [2022-01-24 19:51:53,743] {dag.py:2935} INFO - Setting next_dagrun for example_weekday_branch_operator to 2022-01-23 00:00:00+00:00
[2022-01-24 19:51:53,755] {processor.py:171} INFO - Processing /home/airflow/.local/lib/python3.6/site-packages/airflow/example_dags/example_branch_day_of_week_operator.py took 0.118 seconds
[2022-01-24 19:52:23,873] {processor.py:163} INFO - Started process (PID=1324) to work on /home/airflow/.local/lib/python3.6/site-packages/airflow/example_dags/example_branch_day_of_week_operator.py
[2022-01-24 19:52:23,874] {processor.py:642} INFO - Processing file /home/airflow/.local/lib/python3.6/site-packages/airflow/example_dags/example_branch_day_of_week_operator.py for tasks to queue
[2022-01-24 19:52:23,874] {logging_mixin.py:109} INFO - [2022-01-24 19:52:23,874] {dagbag.py:500} INFO - Filling up the DagBag from /home/airflow/.local/lib/python3.6/site-packages/airflow/example_dags/example_branch_day_of_week_operator.py
[2022-01-24 19:52:23,894] {processor.py:654} INFO - DAG(s) dict_keys(['example_weekday_branch_operator']) retrieved from /home/airflow/.local/lib/python3.6/site-packages/airflow/example_dags/example_branch_day_of_week_operator.py
[2022-01-24 19:52:23,906] {logging_mixin.py:109} INFO - [2022-01-24 19:52:23,906] {dag.py:2396} INFO - Sync 1 DAGs
[2022-01-24 19:52:23,926] {logging_mixin.py:109} INFO - [2022-01-24 19:52:23,926] {dag.py:2935} INFO - Setting next_dagrun for example_weekday_branch_operator to 2022-01-23 00:00:00+00:00
[2022-01-24 19:52:23,933] {processor.py:171} INFO - Processing /home/airflow/.local/lib/python3.6/site-packages/airflow/example_dags/example_branch_day_of_week_operator.py took 0.062 seconds
