[2022-01-24 19:43:31,520] {processor.py:163} INFO - Started process (PID=314) to work on /home/airflow/.local/lib/python3.6/site-packages/airflow/example_dags/example_task_group.py
[2022-01-24 19:43:31,521] {processor.py:642} INFO - Processing file /home/airflow/.local/lib/python3.6/site-packages/airflow/example_dags/example_task_group.py for tasks to queue
[2022-01-24 19:43:31,522] {logging_mixin.py:109} INFO - [2022-01-24 19:43:31,522] {dagbag.py:500} INFO - Filling up the DagBag from /home/airflow/.local/lib/python3.6/site-packages/airflow/example_dags/example_task_group.py
[2022-01-24 19:43:31,569] {processor.py:654} INFO - DAG(s) dict_keys(['example_task_group']) retrieved from /home/airflow/.local/lib/python3.6/site-packages/airflow/example_dags/example_task_group.py
[2022-01-24 19:43:34,889] {logging_mixin.py:109} INFO - [2022-01-24 19:43:34,889] {manager.py:496} INFO - Created Permission View: can edit on DAG:example_task_group
[2022-01-24 19:43:34,926] {logging_mixin.py:109} INFO - [2022-01-24 19:43:34,926] {manager.py:496} INFO - Created Permission View: can read on DAG:example_task_group
[2022-01-24 19:43:34,929] {logging_mixin.py:109} INFO - [2022-01-24 19:43:34,926] {dag.py:2396} INFO - Sync 1 DAGs
[2022-01-24 19:43:34,962] {logging_mixin.py:109} INFO - [2022-01-24 19:43:34,960] {dag.py:2415} INFO - Creating ORM DAG for example_task_group
[2022-01-24 19:43:34,973] {logging_mixin.py:109} INFO - [2022-01-24 19:43:34,973] {dag.py:2935} INFO - Setting next_dagrun for example_task_group to 2022-01-23T19:43:34.973035+00:00
[2022-01-24 19:43:34,991] {processor.py:171} INFO - Processing /home/airflow/.local/lib/python3.6/site-packages/airflow/example_dags/example_task_group.py took 3.476 seconds
[2022-01-24 19:44:05,207] {processor.py:163} INFO - Started process (PID=410) to work on /home/airflow/.local/lib/python3.6/site-packages/airflow/example_dags/example_task_group.py
[2022-01-24 19:44:05,208] {processor.py:642} INFO - Processing file /home/airflow/.local/lib/python3.6/site-packages/airflow/example_dags/example_task_group.py for tasks to queue
[2022-01-24 19:44:05,208] {logging_mixin.py:109} INFO - [2022-01-24 19:44:05,208] {dagbag.py:500} INFO - Filling up the DagBag from /home/airflow/.local/lib/python3.6/site-packages/airflow/example_dags/example_task_group.py
[2022-01-24 19:44:05,242] {processor.py:654} INFO - DAG(s) dict_keys(['example_task_group']) retrieved from /home/airflow/.local/lib/python3.6/site-packages/airflow/example_dags/example_task_group.py
[2022-01-24 19:44:05,257] {logging_mixin.py:109} INFO - [2022-01-24 19:44:05,257] {dag.py:2396} INFO - Sync 1 DAGs
[2022-01-24 19:44:05,280] {logging_mixin.py:109} INFO - [2022-01-24 19:44:05,280] {dag.py:2935} INFO - Setting next_dagrun for example_task_group to 2022-01-23T19:44:05.279800+00:00
[2022-01-24 19:44:05,290] {processor.py:171} INFO - Processing /home/airflow/.local/lib/python3.6/site-packages/airflow/example_dags/example_task_group.py took 0.087 seconds
[2022-01-24 19:44:36,024] {processor.py:163} INFO - Started process (PID=462) to work on /home/airflow/.local/lib/python3.6/site-packages/airflow/example_dags/example_task_group.py
[2022-01-24 19:44:36,026] {processor.py:642} INFO - Processing file /home/airflow/.local/lib/python3.6/site-packages/airflow/example_dags/example_task_group.py for tasks to queue
[2022-01-24 19:44:36,028] {logging_mixin.py:109} INFO - [2022-01-24 19:44:36,028] {dagbag.py:500} INFO - Filling up the DagBag from /home/airflow/.local/lib/python3.6/site-packages/airflow/example_dags/example_task_group.py
[2022-01-24 19:44:36,064] {processor.py:654} INFO - DAG(s) dict_keys(['example_task_group']) retrieved from /home/airflow/.local/lib/python3.6/site-packages/airflow/example_dags/example_task_group.py
[2022-01-24 19:44:36,077] {logging_mixin.py:109} INFO - [2022-01-24 19:44:36,077] {dag.py:2396} INFO - Sync 1 DAGs
[2022-01-24 19:44:36,096] {logging_mixin.py:109} INFO - [2022-01-24 19:44:36,096] {dag.py:2935} INFO - Setting next_dagrun for example_task_group to 2022-01-23T19:44:36.096037+00:00
[2022-01-24 19:44:36,104] {processor.py:171} INFO - Processing /home/airflow/.local/lib/python3.6/site-packages/airflow/example_dags/example_task_group.py took 0.089 seconds
[2022-01-24 19:45:06,814] {processor.py:163} INFO - Started process (PID=514) to work on /home/airflow/.local/lib/python3.6/site-packages/airflow/example_dags/example_task_group.py
[2022-01-24 19:45:06,816] {processor.py:642} INFO - Processing file /home/airflow/.local/lib/python3.6/site-packages/airflow/example_dags/example_task_group.py for tasks to queue
[2022-01-24 19:45:06,817] {logging_mixin.py:109} INFO - [2022-01-24 19:45:06,817] {dagbag.py:500} INFO - Filling up the DagBag from /home/airflow/.local/lib/python3.6/site-packages/airflow/example_dags/example_task_group.py
[2022-01-24 19:45:06,850] {processor.py:654} INFO - DAG(s) dict_keys(['example_task_group']) retrieved from /home/airflow/.local/lib/python3.6/site-packages/airflow/example_dags/example_task_group.py
[2022-01-24 19:45:06,866] {logging_mixin.py:109} INFO - [2022-01-24 19:45:06,866] {dag.py:2396} INFO - Sync 1 DAGs
[2022-01-24 19:45:06,888] {logging_mixin.py:109} INFO - [2022-01-24 19:45:06,888] {dag.py:2935} INFO - Setting next_dagrun for example_task_group to 2022-01-23T19:45:06.888342+00:00
[2022-01-24 19:45:06,898] {processor.py:171} INFO - Processing /home/airflow/.local/lib/python3.6/site-packages/airflow/example_dags/example_task_group.py took 0.088 seconds
[2022-01-24 19:45:37,262] {processor.py:163} INFO - Started process (PID=577) to work on /home/airflow/.local/lib/python3.6/site-packages/airflow/example_dags/example_task_group.py
[2022-01-24 19:45:37,265] {processor.py:642} INFO - Processing file /home/airflow/.local/lib/python3.6/site-packages/airflow/example_dags/example_task_group.py for tasks to queue
[2022-01-24 19:45:37,266] {logging_mixin.py:109} INFO - [2022-01-24 19:45:37,266] {dagbag.py:500} INFO - Filling up the DagBag from /home/airflow/.local/lib/python3.6/site-packages/airflow/example_dags/example_task_group.py
[2022-01-24 19:45:37,314] {processor.py:654} INFO - DAG(s) dict_keys(['example_task_group']) retrieved from /home/airflow/.local/lib/python3.6/site-packages/airflow/example_dags/example_task_group.py
[2022-01-24 19:45:37,336] {logging_mixin.py:109} INFO - [2022-01-24 19:45:37,336] {dag.py:2396} INFO - Sync 1 DAGs
[2022-01-24 19:45:37,384] {logging_mixin.py:109} INFO - [2022-01-24 19:45:37,383] {dag.py:2935} INFO - Setting next_dagrun for example_task_group to 2022-01-23T19:45:37.383377+00:00
[2022-01-24 19:45:37,402] {processor.py:171} INFO - Processing /home/airflow/.local/lib/python3.6/site-packages/airflow/example_dags/example_task_group.py took 0.148 seconds
[2022-01-24 19:46:07,926] {processor.py:163} INFO - Started process (PID=630) to work on /home/airflow/.local/lib/python3.6/site-packages/airflow/example_dags/example_task_group.py
[2022-01-24 19:46:07,927] {processor.py:642} INFO - Processing file /home/airflow/.local/lib/python3.6/site-packages/airflow/example_dags/example_task_group.py for tasks to queue
[2022-01-24 19:46:07,928] {logging_mixin.py:109} INFO - [2022-01-24 19:46:07,928] {dagbag.py:500} INFO - Filling up the DagBag from /home/airflow/.local/lib/python3.6/site-packages/airflow/example_dags/example_task_group.py
[2022-01-24 19:46:07,959] {processor.py:654} INFO - DAG(s) dict_keys(['example_task_group']) retrieved from /home/airflow/.local/lib/python3.6/site-packages/airflow/example_dags/example_task_group.py
[2022-01-24 19:46:07,970] {logging_mixin.py:109} INFO - [2022-01-24 19:46:07,969] {dag.py:2396} INFO - Sync 1 DAGs
[2022-01-24 19:46:07,986] {logging_mixin.py:109} INFO - [2022-01-24 19:46:07,986] {dag.py:2935} INFO - Setting next_dagrun for example_task_group to 2022-01-23T19:46:07.986413+00:00
[2022-01-24 19:46:07,995] {processor.py:171} INFO - Processing /home/airflow/.local/lib/python3.6/site-packages/airflow/example_dags/example_task_group.py took 0.072 seconds
[2022-01-24 19:46:38,152] {processor.py:163} INFO - Started process (PID=683) to work on /home/airflow/.local/lib/python3.6/site-packages/airflow/example_dags/example_task_group.py
[2022-01-24 19:46:38,154] {processor.py:642} INFO - Processing file /home/airflow/.local/lib/python3.6/site-packages/airflow/example_dags/example_task_group.py for tasks to queue
[2022-01-24 19:46:38,155] {logging_mixin.py:109} INFO - [2022-01-24 19:46:38,154] {dagbag.py:500} INFO - Filling up the DagBag from /home/airflow/.local/lib/python3.6/site-packages/airflow/example_dags/example_task_group.py
[2022-01-24 19:46:38,204] {processor.py:654} INFO - DAG(s) dict_keys(['example_task_group']) retrieved from /home/airflow/.local/lib/python3.6/site-packages/airflow/example_dags/example_task_group.py
[2022-01-24 19:46:38,223] {logging_mixin.py:109} INFO - [2022-01-24 19:46:38,223] {dag.py:2396} INFO - Sync 1 DAGs
[2022-01-24 19:46:38,250] {logging_mixin.py:109} INFO - [2022-01-24 19:46:38,250] {dag.py:2935} INFO - Setting next_dagrun for example_task_group to 2022-01-23T19:46:38.250161+00:00
[2022-01-24 19:46:38,262] {processor.py:171} INFO - Processing /home/airflow/.local/lib/python3.6/site-packages/airflow/example_dags/example_task_group.py took 0.116 seconds
[2022-01-24 19:47:08,352] {processor.py:163} INFO - Started process (PID=734) to work on /home/airflow/.local/lib/python3.6/site-packages/airflow/example_dags/example_task_group.py
[2022-01-24 19:47:08,361] {processor.py:642} INFO - Processing file /home/airflow/.local/lib/python3.6/site-packages/airflow/example_dags/example_task_group.py for tasks to queue
[2022-01-24 19:47:08,362] {logging_mixin.py:109} INFO - [2022-01-24 19:47:08,362] {dagbag.py:500} INFO - Filling up the DagBag from /home/airflow/.local/lib/python3.6/site-packages/airflow/example_dags/example_task_group.py
[2022-01-24 19:47:08,404] {processor.py:654} INFO - DAG(s) dict_keys(['example_task_group']) retrieved from /home/airflow/.local/lib/python3.6/site-packages/airflow/example_dags/example_task_group.py
[2022-01-24 19:47:08,422] {logging_mixin.py:109} INFO - [2022-01-24 19:47:08,422] {dag.py:2396} INFO - Sync 1 DAGs
[2022-01-24 19:47:08,452] {logging_mixin.py:109} INFO - [2022-01-24 19:47:08,452] {dag.py:2935} INFO - Setting next_dagrun for example_task_group to 2022-01-23T19:47:08.451944+00:00
[2022-01-24 19:47:08,462] {processor.py:171} INFO - Processing /home/airflow/.local/lib/python3.6/site-packages/airflow/example_dags/example_task_group.py took 0.113 seconds
[2022-01-24 19:47:39,089] {processor.py:163} INFO - Started process (PID=803) to work on /home/airflow/.local/lib/python3.6/site-packages/airflow/example_dags/example_task_group.py
[2022-01-24 19:47:39,144] {processor.py:642} INFO - Processing file /home/airflow/.local/lib/python3.6/site-packages/airflow/example_dags/example_task_group.py for tasks to queue
[2022-01-24 19:47:39,145] {logging_mixin.py:109} INFO - [2022-01-24 19:47:39,145] {dagbag.py:500} INFO - Filling up the DagBag from /home/airflow/.local/lib/python3.6/site-packages/airflow/example_dags/example_task_group.py
[2022-01-24 19:47:39,650] {processor.py:654} INFO - DAG(s) dict_keys(['example_task_group']) retrieved from /home/airflow/.local/lib/python3.6/site-packages/airflow/example_dags/example_task_group.py
[2022-01-24 19:47:40,554] {logging_mixin.py:109} INFO - [2022-01-24 19:47:40,554] {dag.py:2396} INFO - Sync 1 DAGs
[2022-01-24 19:47:40,692] {logging_mixin.py:109} INFO - [2022-01-24 19:47:40,692] {dag.py:2935} INFO - Setting next_dagrun for example_task_group to 2022-01-23T19:47:40.691817+00:00
[2022-01-24 19:47:40,729] {processor.py:171} INFO - Processing /home/airflow/.local/lib/python3.6/site-packages/airflow/example_dags/example_task_group.py took 1.680 seconds
[2022-01-24 19:48:11,372] {processor.py:163} INFO - Started process (PID=857) to work on /home/airflow/.local/lib/python3.6/site-packages/airflow/example_dags/example_task_group.py
[2022-01-24 19:48:11,373] {processor.py:642} INFO - Processing file /home/airflow/.local/lib/python3.6/site-packages/airflow/example_dags/example_task_group.py for tasks to queue
[2022-01-24 19:48:11,373] {logging_mixin.py:109} INFO - [2022-01-24 19:48:11,373] {dagbag.py:500} INFO - Filling up the DagBag from /home/airflow/.local/lib/python3.6/site-packages/airflow/example_dags/example_task_group.py
[2022-01-24 19:48:11,398] {processor.py:654} INFO - DAG(s) dict_keys(['example_task_group']) retrieved from /home/airflow/.local/lib/python3.6/site-packages/airflow/example_dags/example_task_group.py
[2022-01-24 19:48:11,408] {logging_mixin.py:109} INFO - [2022-01-24 19:48:11,408] {dag.py:2396} INFO - Sync 1 DAGs
[2022-01-24 19:48:11,423] {logging_mixin.py:109} INFO - [2022-01-24 19:48:11,423] {dag.py:2935} INFO - Setting next_dagrun for example_task_group to 2022-01-23T19:48:11.423616+00:00
[2022-01-24 19:48:11,430] {processor.py:171} INFO - Processing /home/airflow/.local/lib/python3.6/site-packages/airflow/example_dags/example_task_group.py took 0.061 seconds
[2022-01-24 19:48:41,462] {processor.py:163} INFO - Started process (PID=910) to work on /home/airflow/.local/lib/python3.6/site-packages/airflow/example_dags/example_task_group.py
[2022-01-24 19:48:41,463] {processor.py:642} INFO - Processing file /home/airflow/.local/lib/python3.6/site-packages/airflow/example_dags/example_task_group.py for tasks to queue
[2022-01-24 19:48:41,463] {logging_mixin.py:109} INFO - [2022-01-24 19:48:41,463] {dagbag.py:500} INFO - Filling up the DagBag from /home/airflow/.local/lib/python3.6/site-packages/airflow/example_dags/example_task_group.py
[2022-01-24 19:48:41,485] {processor.py:654} INFO - DAG(s) dict_keys(['example_task_group']) retrieved from /home/airflow/.local/lib/python3.6/site-packages/airflow/example_dags/example_task_group.py
[2022-01-24 19:48:41,493] {logging_mixin.py:109} INFO - [2022-01-24 19:48:41,493] {dag.py:2396} INFO - Sync 1 DAGs
[2022-01-24 19:48:41,509] {logging_mixin.py:109} INFO - [2022-01-24 19:48:41,509] {dag.py:2935} INFO - Setting next_dagrun for example_task_group to 2022-01-23T19:48:41.509422+00:00
[2022-01-24 19:48:41,518] {processor.py:171} INFO - Processing /home/airflow/.local/lib/python3.6/site-packages/airflow/example_dags/example_task_group.py took 0.059 seconds
[2022-01-24 19:49:11,774] {processor.py:163} INFO - Started process (PID=963) to work on /home/airflow/.local/lib/python3.6/site-packages/airflow/example_dags/example_task_group.py
[2022-01-24 19:49:11,777] {processor.py:642} INFO - Processing file /home/airflow/.local/lib/python3.6/site-packages/airflow/example_dags/example_task_group.py for tasks to queue
[2022-01-24 19:49:11,779] {logging_mixin.py:109} INFO - [2022-01-24 19:49:11,779] {dagbag.py:500} INFO - Filling up the DagBag from /home/airflow/.local/lib/python3.6/site-packages/airflow/example_dags/example_task_group.py
[2022-01-24 19:49:11,825] {processor.py:654} INFO - DAG(s) dict_keys(['example_task_group']) retrieved from /home/airflow/.local/lib/python3.6/site-packages/airflow/example_dags/example_task_group.py
[2022-01-24 19:49:11,837] {logging_mixin.py:109} INFO - [2022-01-24 19:49:11,837] {dag.py:2396} INFO - Sync 1 DAGs
[2022-01-24 19:49:11,857] {logging_mixin.py:109} INFO - [2022-01-24 19:49:11,857] {dag.py:2935} INFO - Setting next_dagrun for example_task_group to 2022-01-23T19:49:11.857234+00:00
[2022-01-24 19:49:11,866] {processor.py:171} INFO - Processing /home/airflow/.local/lib/python3.6/site-packages/airflow/example_dags/example_task_group.py took 0.100 seconds
[2022-01-24 19:49:41,927] {processor.py:163} INFO - Started process (PID=1026) to work on /home/airflow/.local/lib/python3.6/site-packages/airflow/example_dags/example_task_group.py
[2022-01-24 19:49:41,928] {processor.py:642} INFO - Processing file /home/airflow/.local/lib/python3.6/site-packages/airflow/example_dags/example_task_group.py for tasks to queue
[2022-01-24 19:49:41,928] {logging_mixin.py:109} INFO - [2022-01-24 19:49:41,928] {dagbag.py:500} INFO - Filling up the DagBag from /home/airflow/.local/lib/python3.6/site-packages/airflow/example_dags/example_task_group.py
[2022-01-24 19:49:41,950] {processor.py:654} INFO - DAG(s) dict_keys(['example_task_group']) retrieved from /home/airflow/.local/lib/python3.6/site-packages/airflow/example_dags/example_task_group.py
[2022-01-24 19:49:41,960] {logging_mixin.py:109} INFO - [2022-01-24 19:49:41,960] {dag.py:2396} INFO - Sync 1 DAGs
[2022-01-24 19:49:41,975] {logging_mixin.py:109} INFO - [2022-01-24 19:49:41,975] {dag.py:2935} INFO - Setting next_dagrun for example_task_group to 2022-01-23T19:49:41.975566+00:00
[2022-01-24 19:49:41,987] {processor.py:171} INFO - Processing /home/airflow/.local/lib/python3.6/site-packages/airflow/example_dags/example_task_group.py took 0.062 seconds
[2022-01-24 19:50:12,039] {processor.py:163} INFO - Started process (PID=1080) to work on /home/airflow/.local/lib/python3.6/site-packages/airflow/example_dags/example_task_group.py
[2022-01-24 19:50:12,042] {processor.py:642} INFO - Processing file /home/airflow/.local/lib/python3.6/site-packages/airflow/example_dags/example_task_group.py for tasks to queue
[2022-01-24 19:50:12,042] {logging_mixin.py:109} INFO - [2022-01-24 19:50:12,042] {dagbag.py:500} INFO - Filling up the DagBag from /home/airflow/.local/lib/python3.6/site-packages/airflow/example_dags/example_task_group.py
[2022-01-24 19:50:12,065] {processor.py:654} INFO - DAG(s) dict_keys(['example_task_group']) retrieved from /home/airflow/.local/lib/python3.6/site-packages/airflow/example_dags/example_task_group.py
[2022-01-24 19:50:12,074] {logging_mixin.py:109} INFO - [2022-01-24 19:50:12,074] {dag.py:2396} INFO - Sync 1 DAGs
[2022-01-24 19:50:12,089] {logging_mixin.py:109} INFO - [2022-01-24 19:50:12,089] {dag.py:2935} INFO - Setting next_dagrun for example_task_group to 2022-01-23T19:50:12.088838+00:00
[2022-01-24 19:50:12,096] {processor.py:171} INFO - Processing /home/airflow/.local/lib/python3.6/site-packages/airflow/example_dags/example_task_group.py took 0.059 seconds
[2022-01-24 19:50:42,894] {processor.py:163} INFO - Started process (PID=1133) to work on /home/airflow/.local/lib/python3.6/site-packages/airflow/example_dags/example_task_group.py
[2022-01-24 19:50:42,895] {processor.py:642} INFO - Processing file /home/airflow/.local/lib/python3.6/site-packages/airflow/example_dags/example_task_group.py for tasks to queue
[2022-01-24 19:50:42,895] {logging_mixin.py:109} INFO - [2022-01-24 19:50:42,895] {dagbag.py:500} INFO - Filling up the DagBag from /home/airflow/.local/lib/python3.6/site-packages/airflow/example_dags/example_task_group.py
[2022-01-24 19:50:42,919] {processor.py:654} INFO - DAG(s) dict_keys(['example_task_group']) retrieved from /home/airflow/.local/lib/python3.6/site-packages/airflow/example_dags/example_task_group.py
[2022-01-24 19:50:42,929] {logging_mixin.py:109} INFO - [2022-01-24 19:50:42,929] {dag.py:2396} INFO - Sync 1 DAGs
[2022-01-24 19:50:42,942] {logging_mixin.py:109} INFO - [2022-01-24 19:50:42,942] {dag.py:2935} INFO - Setting next_dagrun for example_task_group to 2022-01-23T19:50:42.942671+00:00
[2022-01-24 19:50:42,949] {processor.py:171} INFO - Processing /home/airflow/.local/lib/python3.6/site-packages/airflow/example_dags/example_task_group.py took 0.058 seconds
[2022-01-24 19:51:13,300] {processor.py:163} INFO - Started process (PID=1197) to work on /home/airflow/.local/lib/python3.6/site-packages/airflow/example_dags/example_task_group.py
[2022-01-24 19:51:13,302] {processor.py:642} INFO - Processing file /home/airflow/.local/lib/python3.6/site-packages/airflow/example_dags/example_task_group.py for tasks to queue
[2022-01-24 19:51:13,302] {logging_mixin.py:109} INFO - [2022-01-24 19:51:13,302] {dagbag.py:500} INFO - Filling up the DagBag from /home/airflow/.local/lib/python3.6/site-packages/airflow/example_dags/example_task_group.py
[2022-01-24 19:51:13,327] {processor.py:654} INFO - DAG(s) dict_keys(['example_task_group']) retrieved from /home/airflow/.local/lib/python3.6/site-packages/airflow/example_dags/example_task_group.py
[2022-01-24 19:51:13,337] {logging_mixin.py:109} INFO - [2022-01-24 19:51:13,337] {dag.py:2396} INFO - Sync 1 DAGs
[2022-01-24 19:51:13,351] {logging_mixin.py:109} INFO - [2022-01-24 19:51:13,351] {dag.py:2935} INFO - Setting next_dagrun for example_task_group to 2022-01-23T19:51:13.351350+00:00
[2022-01-24 19:51:13,358] {processor.py:171} INFO - Processing /home/airflow/.local/lib/python3.6/site-packages/airflow/example_dags/example_task_group.py took 0.060 seconds
[2022-01-24 19:51:44,085] {processor.py:163} INFO - Started process (PID=1251) to work on /home/airflow/.local/lib/python3.6/site-packages/airflow/example_dags/example_task_group.py
[2022-01-24 19:51:44,086] {processor.py:642} INFO - Processing file /home/airflow/.local/lib/python3.6/site-packages/airflow/example_dags/example_task_group.py for tasks to queue
[2022-01-24 19:51:44,086] {logging_mixin.py:109} INFO - [2022-01-24 19:51:44,086] {dagbag.py:500} INFO - Filling up the DagBag from /home/airflow/.local/lib/python3.6/site-packages/airflow/example_dags/example_task_group.py
[2022-01-24 19:51:44,112] {processor.py:654} INFO - DAG(s) dict_keys(['example_task_group']) retrieved from /home/airflow/.local/lib/python3.6/site-packages/airflow/example_dags/example_task_group.py
[2022-01-24 19:51:44,126] {logging_mixin.py:109} INFO - [2022-01-24 19:51:44,126] {dag.py:2396} INFO - Sync 1 DAGs
[2022-01-24 19:51:44,146] {logging_mixin.py:109} INFO - [2022-01-24 19:51:44,146] {dag.py:2935} INFO - Setting next_dagrun for example_task_group to 2022-01-23T19:51:44.145990+00:00
[2022-01-24 19:51:44,155] {processor.py:171} INFO - Processing /home/airflow/.local/lib/python3.6/site-packages/airflow/example_dags/example_task_group.py took 0.073 seconds
[2022-01-24 19:52:14,327] {processor.py:163} INFO - Started process (PID=1305) to work on /home/airflow/.local/lib/python3.6/site-packages/airflow/example_dags/example_task_group.py
[2022-01-24 19:52:14,328] {processor.py:642} INFO - Processing file /home/airflow/.local/lib/python3.6/site-packages/airflow/example_dags/example_task_group.py for tasks to queue
[2022-01-24 19:52:14,328] {logging_mixin.py:109} INFO - [2022-01-24 19:52:14,328] {dagbag.py:500} INFO - Filling up the DagBag from /home/airflow/.local/lib/python3.6/site-packages/airflow/example_dags/example_task_group.py
[2022-01-24 19:52:14,354] {processor.py:654} INFO - DAG(s) dict_keys(['example_task_group']) retrieved from /home/airflow/.local/lib/python3.6/site-packages/airflow/example_dags/example_task_group.py
[2022-01-24 19:52:14,365] {logging_mixin.py:109} INFO - [2022-01-24 19:52:14,365] {dag.py:2396} INFO - Sync 1 DAGs
[2022-01-24 19:52:14,382] {logging_mixin.py:109} INFO - [2022-01-24 19:52:14,382] {dag.py:2935} INFO - Setting next_dagrun for example_task_group to 2022-01-23T19:52:14.382013+00:00
[2022-01-24 19:52:14,391] {processor.py:171} INFO - Processing /home/airflow/.local/lib/python3.6/site-packages/airflow/example_dags/example_task_group.py took 0.067 seconds
[2022-01-24 19:52:44,631] {processor.py:163} INFO - Started process (PID=1368) to work on /home/airflow/.local/lib/python3.6/site-packages/airflow/example_dags/example_task_group.py
[2022-01-24 19:52:44,632] {processor.py:642} INFO - Processing file /home/airflow/.local/lib/python3.6/site-packages/airflow/example_dags/example_task_group.py for tasks to queue
[2022-01-24 19:52:44,633] {logging_mixin.py:109} INFO - [2022-01-24 19:52:44,633] {dagbag.py:500} INFO - Filling up the DagBag from /home/airflow/.local/lib/python3.6/site-packages/airflow/example_dags/example_task_group.py
[2022-01-24 19:52:44,662] {processor.py:654} INFO - DAG(s) dict_keys(['example_task_group']) retrieved from /home/airflow/.local/lib/python3.6/site-packages/airflow/example_dags/example_task_group.py
[2022-01-24 19:52:44,683] {logging_mixin.py:109} INFO - [2022-01-24 19:52:44,683] {dag.py:2396} INFO - Sync 1 DAGs
[2022-01-24 19:52:44,709] {logging_mixin.py:109} INFO - [2022-01-24 19:52:44,709] {dag.py:2935} INFO - Setting next_dagrun for example_task_group to 2022-01-23T19:52:44.708975+00:00
[2022-01-24 19:52:44,719] {processor.py:171} INFO - Processing /home/airflow/.local/lib/python3.6/site-packages/airflow/example_dags/example_task_group.py took 0.094 seconds
