[2022-01-24 19:43:31,281] {processor.py:163} INFO - Started process (PID=313) to work on /home/airflow/.local/lib/python3.6/site-packages/airflow/example_dags/example_xcomargs.py
[2022-01-24 19:43:31,283] {processor.py:642} INFO - Processing file /home/airflow/.local/lib/python3.6/site-packages/airflow/example_dags/example_xcomargs.py for tasks to queue
[2022-01-24 19:43:31,284] {logging_mixin.py:109} INFO - [2022-01-24 19:43:31,284] {dagbag.py:500} INFO - Filling up the DagBag from /home/airflow/.local/lib/python3.6/site-packages/airflow/example_dags/example_xcomargs.py
[2022-01-24 19:43:31,336] {processor.py:654} INFO - DAG(s) dict_keys(['example_xcom_args', 'example_xcom_args_with_operators']) retrieved from /home/airflow/.local/lib/python3.6/site-packages/airflow/example_dags/example_xcomargs.py
[2022-01-24 19:43:34,098] {logging_mixin.py:109} INFO - [2022-01-24 19:43:34,098] {manager.py:496} INFO - Created Permission View: can edit on DAG:example_xcom_args
[2022-01-24 19:43:34,118] {logging_mixin.py:109} INFO - [2022-01-24 19:43:34,118] {manager.py:496} INFO - Created Permission View: can read on DAG:example_xcom_args
[2022-01-24 19:43:34,167] {logging_mixin.py:109} INFO - [2022-01-24 19:43:34,167] {manager.py:496} INFO - Created Permission View: can edit on DAG:example_xcom_args_with_operators
[2022-01-24 19:43:34,179] {logging_mixin.py:109} INFO - [2022-01-24 19:43:34,179] {manager.py:496} INFO - Created Permission View: can read on DAG:example_xcom_args_with_operators
[2022-01-24 19:43:34,182] {logging_mixin.py:109} INFO - [2022-01-24 19:43:34,179] {dag.py:2396} INFO - Sync 2 DAGs
[2022-01-24 19:43:34,201] {logging_mixin.py:109} INFO - [2022-01-24 19:43:34,198] {dag.py:2415} INFO - Creating ORM DAG for example_xcom_args
[2022-01-24 19:43:34,202] {logging_mixin.py:109} INFO - [2022-01-24 19:43:34,202] {dag.py:2415} INFO - Creating ORM DAG for example_xcom_args_with_operators
[2022-01-24 19:43:34,215] {logging_mixin.py:109} INFO - [2022-01-24 19:43:34,215] {dag.py:2935} INFO - Setting next_dagrun for example_xcom_args to None
[2022-01-24 19:43:34,216] {logging_mixin.py:109} INFO - [2022-01-24 19:43:34,216] {dag.py:2935} INFO - Setting next_dagrun for example_xcom_args_with_operators to None
[2022-01-24 19:43:34,236] {processor.py:171} INFO - Processing /home/airflow/.local/lib/python3.6/site-packages/airflow/example_dags/example_xcomargs.py took 2.959 seconds
[2022-01-24 19:44:04,796] {processor.py:163} INFO - Started process (PID=409) to work on /home/airflow/.local/lib/python3.6/site-packages/airflow/example_dags/example_xcomargs.py
[2022-01-24 19:44:04,798] {processor.py:642} INFO - Processing file /home/airflow/.local/lib/python3.6/site-packages/airflow/example_dags/example_xcomargs.py for tasks to queue
[2022-01-24 19:44:04,798] {logging_mixin.py:109} INFO - [2022-01-24 19:44:04,798] {dagbag.py:500} INFO - Filling up the DagBag from /home/airflow/.local/lib/python3.6/site-packages/airflow/example_dags/example_xcomargs.py
[2022-01-24 19:44:04,836] {processor.py:654} INFO - DAG(s) dict_keys(['example_xcom_args', 'example_xcom_args_with_operators']) retrieved from /home/airflow/.local/lib/python3.6/site-packages/airflow/example_dags/example_xcomargs.py
[2022-01-24 19:44:05,149] {logging_mixin.py:109} INFO - [2022-01-24 19:44:05,148] {dag.py:2396} INFO - Sync 2 DAGs
[2022-01-24 19:44:05,175] {logging_mixin.py:109} INFO - [2022-01-24 19:44:05,175] {dag.py:2935} INFO - Setting next_dagrun for example_xcom_args to None
[2022-01-24 19:44:05,176] {logging_mixin.py:109} INFO - [2022-01-24 19:44:05,176] {dag.py:2935} INFO - Setting next_dagrun for example_xcom_args_with_operators to None
[2022-01-24 19:44:05,188] {processor.py:171} INFO - Processing /home/airflow/.local/lib/python3.6/site-packages/airflow/example_dags/example_xcomargs.py took 0.395 seconds
[2022-01-24 19:44:36,015] {processor.py:163} INFO - Started process (PID=461) to work on /home/airflow/.local/lib/python3.6/site-packages/airflow/example_dags/example_xcomargs.py
[2022-01-24 19:44:36,018] {processor.py:642} INFO - Processing file /home/airflow/.local/lib/python3.6/site-packages/airflow/example_dags/example_xcomargs.py for tasks to queue
[2022-01-24 19:44:36,020] {logging_mixin.py:109} INFO - [2022-01-24 19:44:36,019] {dagbag.py:500} INFO - Filling up the DagBag from /home/airflow/.local/lib/python3.6/site-packages/airflow/example_dags/example_xcomargs.py
[2022-01-24 19:44:36,067] {processor.py:654} INFO - DAG(s) dict_keys(['example_xcom_args', 'example_xcom_args_with_operators']) retrieved from /home/airflow/.local/lib/python3.6/site-packages/airflow/example_dags/example_xcomargs.py
[2022-01-24 19:44:36,266] {logging_mixin.py:109} INFO - [2022-01-24 19:44:36,266] {dag.py:2396} INFO - Sync 2 DAGs
[2022-01-24 19:44:36,279] {logging_mixin.py:109} INFO - [2022-01-24 19:44:36,279] {dag.py:2935} INFO - Setting next_dagrun for example_xcom_args to None
[2022-01-24 19:44:36,279] {logging_mixin.py:109} INFO - [2022-01-24 19:44:36,279] {dag.py:2935} INFO - Setting next_dagrun for example_xcom_args_with_operators to None
[2022-01-24 19:44:36,287] {processor.py:171} INFO - Processing /home/airflow/.local/lib/python3.6/site-packages/airflow/example_dags/example_xcomargs.py took 0.281 seconds
[2022-01-24 19:45:06,809] {processor.py:163} INFO - Started process (PID=513) to work on /home/airflow/.local/lib/python3.6/site-packages/airflow/example_dags/example_xcomargs.py
[2022-01-24 19:45:06,810] {processor.py:642} INFO - Processing file /home/airflow/.local/lib/python3.6/site-packages/airflow/example_dags/example_xcomargs.py for tasks to queue
[2022-01-24 19:45:06,811] {logging_mixin.py:109} INFO - [2022-01-24 19:45:06,811] {dagbag.py:500} INFO - Filling up the DagBag from /home/airflow/.local/lib/python3.6/site-packages/airflow/example_dags/example_xcomargs.py
[2022-01-24 19:45:06,853] {processor.py:654} INFO - DAG(s) dict_keys(['example_xcom_args', 'example_xcom_args_with_operators']) retrieved from /home/airflow/.local/lib/python3.6/site-packages/airflow/example_dags/example_xcomargs.py
[2022-01-24 19:45:07,046] {logging_mixin.py:109} INFO - [2022-01-24 19:45:07,046] {dag.py:2396} INFO - Sync 2 DAGs
[2022-01-24 19:45:07,059] {logging_mixin.py:109} INFO - [2022-01-24 19:45:07,059] {dag.py:2935} INFO - Setting next_dagrun for example_xcom_args to None
[2022-01-24 19:45:07,059] {logging_mixin.py:109} INFO - [2022-01-24 19:45:07,059] {dag.py:2935} INFO - Setting next_dagrun for example_xcom_args_with_operators to None
[2022-01-24 19:45:07,066] {processor.py:171} INFO - Processing /home/airflow/.local/lib/python3.6/site-packages/airflow/example_dags/example_xcomargs.py took 0.260 seconds
[2022-01-24 19:45:37,254] {processor.py:163} INFO - Started process (PID=576) to work on /home/airflow/.local/lib/python3.6/site-packages/airflow/example_dags/example_xcomargs.py
[2022-01-24 19:45:37,256] {processor.py:642} INFO - Processing file /home/airflow/.local/lib/python3.6/site-packages/airflow/example_dags/example_xcomargs.py for tasks to queue
[2022-01-24 19:45:37,258] {logging_mixin.py:109} INFO - [2022-01-24 19:45:37,257] {dagbag.py:500} INFO - Filling up the DagBag from /home/airflow/.local/lib/python3.6/site-packages/airflow/example_dags/example_xcomargs.py
[2022-01-24 19:45:37,330] {processor.py:654} INFO - DAG(s) dict_keys(['example_xcom_args', 'example_xcom_args_with_operators']) retrieved from /home/airflow/.local/lib/python3.6/site-packages/airflow/example_dags/example_xcomargs.py
[2022-01-24 19:45:37,827] {logging_mixin.py:109} INFO - [2022-01-24 19:45:37,827] {dag.py:2396} INFO - Sync 2 DAGs
[2022-01-24 19:45:37,862] {logging_mixin.py:109} INFO - [2022-01-24 19:45:37,862] {dag.py:2935} INFO - Setting next_dagrun for example_xcom_args to None
[2022-01-24 19:45:37,863] {logging_mixin.py:109} INFO - [2022-01-24 19:45:37,862] {dag.py:2935} INFO - Setting next_dagrun for example_xcom_args_with_operators to None
[2022-01-24 19:45:37,880] {processor.py:171} INFO - Processing /home/airflow/.local/lib/python3.6/site-packages/airflow/example_dags/example_xcomargs.py took 0.631 seconds
[2022-01-24 19:46:07,922] {processor.py:163} INFO - Started process (PID=629) to work on /home/airflow/.local/lib/python3.6/site-packages/airflow/example_dags/example_xcomargs.py
[2022-01-24 19:46:07,923] {processor.py:642} INFO - Processing file /home/airflow/.local/lib/python3.6/site-packages/airflow/example_dags/example_xcomargs.py for tasks to queue
[2022-01-24 19:46:07,924] {logging_mixin.py:109} INFO - [2022-01-24 19:46:07,924] {dagbag.py:500} INFO - Filling up the DagBag from /home/airflow/.local/lib/python3.6/site-packages/airflow/example_dags/example_xcomargs.py
[2022-01-24 19:46:07,953] {processor.py:654} INFO - DAG(s) dict_keys(['example_xcom_args', 'example_xcom_args_with_operators']) retrieved from /home/airflow/.local/lib/python3.6/site-packages/airflow/example_dags/example_xcomargs.py
[2022-01-24 19:46:07,966] {logging_mixin.py:109} INFO - [2022-01-24 19:46:07,966] {dag.py:2396} INFO - Sync 2 DAGs
[2022-01-24 19:46:07,982] {logging_mixin.py:109} INFO - [2022-01-24 19:46:07,982] {dag.py:2935} INFO - Setting next_dagrun for example_xcom_args to None
[2022-01-24 19:46:07,983] {logging_mixin.py:109} INFO - [2022-01-24 19:46:07,983] {dag.py:2935} INFO - Setting next_dagrun for example_xcom_args_with_operators to None
[2022-01-24 19:46:07,991] {processor.py:171} INFO - Processing /home/airflow/.local/lib/python3.6/site-packages/airflow/example_dags/example_xcomargs.py took 0.072 seconds
[2022-01-24 19:46:38,145] {processor.py:163} INFO - Started process (PID=682) to work on /home/airflow/.local/lib/python3.6/site-packages/airflow/example_dags/example_xcomargs.py
[2022-01-24 19:46:38,148] {processor.py:642} INFO - Processing file /home/airflow/.local/lib/python3.6/site-packages/airflow/example_dags/example_xcomargs.py for tasks to queue
[2022-01-24 19:46:38,149] {logging_mixin.py:109} INFO - [2022-01-24 19:46:38,149] {dagbag.py:500} INFO - Filling up the DagBag from /home/airflow/.local/lib/python3.6/site-packages/airflow/example_dags/example_xcomargs.py
[2022-01-24 19:46:38,204] {processor.py:654} INFO - DAG(s) dict_keys(['example_xcom_args', 'example_xcom_args_with_operators']) retrieved from /home/airflow/.local/lib/python3.6/site-packages/airflow/example_dags/example_xcomargs.py
[2022-01-24 19:46:38,499] {logging_mixin.py:109} INFO - [2022-01-24 19:46:38,499] {dag.py:2396} INFO - Sync 2 DAGs
[2022-01-24 19:46:38,524] {logging_mixin.py:109} INFO - [2022-01-24 19:46:38,524] {dag.py:2935} INFO - Setting next_dagrun for example_xcom_args to None
[2022-01-24 19:46:38,524] {logging_mixin.py:109} INFO - [2022-01-24 19:46:38,524] {dag.py:2935} INFO - Setting next_dagrun for example_xcom_args_with_operators to None
[2022-01-24 19:46:38,536] {processor.py:171} INFO - Processing /home/airflow/.local/lib/python3.6/site-packages/airflow/example_dags/example_xcomargs.py took 0.400 seconds
[2022-01-24 19:47:09,374] {processor.py:163} INFO - Started process (PID=735) to work on /home/airflow/.local/lib/python3.6/site-packages/airflow/example_dags/example_xcomargs.py
[2022-01-24 19:47:09,389] {processor.py:642} INFO - Processing file /home/airflow/.local/lib/python3.6/site-packages/airflow/example_dags/example_xcomargs.py for tasks to queue
[2022-01-24 19:47:09,391] {logging_mixin.py:109} INFO - [2022-01-24 19:47:09,390] {dagbag.py:500} INFO - Filling up the DagBag from /home/airflow/.local/lib/python3.6/site-packages/airflow/example_dags/example_xcomargs.py
[2022-01-24 19:47:09,439] {processor.py:654} INFO - DAG(s) dict_keys(['example_xcom_args', 'example_xcom_args_with_operators']) retrieved from /home/airflow/.local/lib/python3.6/site-packages/airflow/example_dags/example_xcomargs.py
[2022-01-24 19:47:09,656] {logging_mixin.py:109} INFO - [2022-01-24 19:47:09,656] {dag.py:2396} INFO - Sync 2 DAGs
[2022-01-24 19:47:09,671] {logging_mixin.py:109} INFO - [2022-01-24 19:47:09,671] {dag.py:2935} INFO - Setting next_dagrun for example_xcom_args to None
[2022-01-24 19:47:09,671] {logging_mixin.py:109} INFO - [2022-01-24 19:47:09,671] {dag.py:2935} INFO - Setting next_dagrun for example_xcom_args_with_operators to None
[2022-01-24 19:47:09,680] {processor.py:171} INFO - Processing /home/airflow/.local/lib/python3.6/site-packages/airflow/example_dags/example_xcomargs.py took 0.311 seconds
[2022-01-24 19:47:40,884] {processor.py:163} INFO - Started process (PID=805) to work on /home/airflow/.local/lib/python3.6/site-packages/airflow/example_dags/example_xcomargs.py
[2022-01-24 19:47:40,947] {processor.py:642} INFO - Processing file /home/airflow/.local/lib/python3.6/site-packages/airflow/example_dags/example_xcomargs.py for tasks to queue
[2022-01-24 19:47:40,948] {logging_mixin.py:109} INFO - [2022-01-24 19:47:40,948] {dagbag.py:500} INFO - Filling up the DagBag from /home/airflow/.local/lib/python3.6/site-packages/airflow/example_dags/example_xcomargs.py
[2022-01-24 19:47:41,109] {processor.py:654} INFO - DAG(s) dict_keys(['example_xcom_args', 'example_xcom_args_with_operators']) retrieved from /home/airflow/.local/lib/python3.6/site-packages/airflow/example_dags/example_xcomargs.py
[2022-01-24 19:47:43,756] {logging_mixin.py:109} INFO - [2022-01-24 19:47:43,756] {dag.py:2396} INFO - Sync 2 DAGs
[2022-01-24 19:47:43,820] {logging_mixin.py:109} INFO - [2022-01-24 19:47:43,820] {dag.py:2935} INFO - Setting next_dagrun for example_xcom_args to None
[2022-01-24 19:47:43,820] {logging_mixin.py:109} INFO - [2022-01-24 19:47:43,820] {dag.py:2935} INFO - Setting next_dagrun for example_xcom_args_with_operators to None
[2022-01-24 19:47:43,954] {processor.py:171} INFO - Processing /home/airflow/.local/lib/python3.6/site-packages/airflow/example_dags/example_xcomargs.py took 3.138 seconds
[2022-01-24 19:48:14,381] {processor.py:163} INFO - Started process (PID=858) to work on /home/airflow/.local/lib/python3.6/site-packages/airflow/example_dags/example_xcomargs.py
[2022-01-24 19:48:14,384] {processor.py:642} INFO - Processing file /home/airflow/.local/lib/python3.6/site-packages/airflow/example_dags/example_xcomargs.py for tasks to queue
[2022-01-24 19:48:14,384] {logging_mixin.py:109} INFO - [2022-01-24 19:48:14,384] {dagbag.py:500} INFO - Filling up the DagBag from /home/airflow/.local/lib/python3.6/site-packages/airflow/example_dags/example_xcomargs.py
[2022-01-24 19:48:14,415] {processor.py:654} INFO - DAG(s) dict_keys(['example_xcom_args', 'example_xcom_args_with_operators']) retrieved from /home/airflow/.local/lib/python3.6/site-packages/airflow/example_dags/example_xcomargs.py
[2022-01-24 19:48:14,594] {logging_mixin.py:109} INFO - [2022-01-24 19:48:14,594] {dag.py:2396} INFO - Sync 2 DAGs
[2022-01-24 19:48:14,608] {logging_mixin.py:109} INFO - [2022-01-24 19:48:14,608] {dag.py:2935} INFO - Setting next_dagrun for example_xcom_args to None
[2022-01-24 19:48:14,608] {logging_mixin.py:109} INFO - [2022-01-24 19:48:14,608] {dag.py:2935} INFO - Setting next_dagrun for example_xcom_args_with_operators to None
[2022-01-24 19:48:14,617] {processor.py:171} INFO - Processing /home/airflow/.local/lib/python3.6/site-packages/airflow/example_dags/example_xcomargs.py took 0.238 seconds
[2022-01-24 19:48:45,498] {processor.py:163} INFO - Started process (PID=912) to work on /home/airflow/.local/lib/python3.6/site-packages/airflow/example_dags/example_xcomargs.py
[2022-01-24 19:48:45,499] {processor.py:642} INFO - Processing file /home/airflow/.local/lib/python3.6/site-packages/airflow/example_dags/example_xcomargs.py for tasks to queue
[2022-01-24 19:48:45,500] {logging_mixin.py:109} INFO - [2022-01-24 19:48:45,499] {dagbag.py:500} INFO - Filling up the DagBag from /home/airflow/.local/lib/python3.6/site-packages/airflow/example_dags/example_xcomargs.py
[2022-01-24 19:48:45,562] {processor.py:654} INFO - DAG(s) dict_keys(['example_xcom_args', 'example_xcom_args_with_operators']) retrieved from /home/airflow/.local/lib/python3.6/site-packages/airflow/example_dags/example_xcomargs.py
[2022-01-24 19:48:45,734] {logging_mixin.py:109} INFO - [2022-01-24 19:48:45,734] {dag.py:2396} INFO - Sync 2 DAGs
[2022-01-24 19:48:45,746] {logging_mixin.py:109} INFO - [2022-01-24 19:48:45,746] {dag.py:2935} INFO - Setting next_dagrun for example_xcom_args to None
[2022-01-24 19:48:45,746] {logging_mixin.py:109} INFO - [2022-01-24 19:48:45,746] {dag.py:2935} INFO - Setting next_dagrun for example_xcom_args_with_operators to None
[2022-01-24 19:48:45,754] {processor.py:171} INFO - Processing /home/airflow/.local/lib/python3.6/site-packages/airflow/example_dags/example_xcomargs.py took 0.262 seconds
[2022-01-24 19:49:15,780] {processor.py:163} INFO - Started process (PID=975) to work on /home/airflow/.local/lib/python3.6/site-packages/airflow/example_dags/example_xcomargs.py
[2022-01-24 19:49:15,781] {processor.py:642} INFO - Processing file /home/airflow/.local/lib/python3.6/site-packages/airflow/example_dags/example_xcomargs.py for tasks to queue
[2022-01-24 19:49:15,782] {logging_mixin.py:109} INFO - [2022-01-24 19:49:15,782] {dagbag.py:500} INFO - Filling up the DagBag from /home/airflow/.local/lib/python3.6/site-packages/airflow/example_dags/example_xcomargs.py
[2022-01-24 19:49:15,821] {processor.py:654} INFO - DAG(s) dict_keys(['example_xcom_args', 'example_xcom_args_with_operators']) retrieved from /home/airflow/.local/lib/python3.6/site-packages/airflow/example_dags/example_xcomargs.py
[2022-01-24 19:49:16,078] {logging_mixin.py:109} INFO - [2022-01-24 19:49:16,078] {dag.py:2396} INFO - Sync 2 DAGs
[2022-01-24 19:49:16,099] {logging_mixin.py:109} INFO - [2022-01-24 19:49:16,099] {dag.py:2935} INFO - Setting next_dagrun for example_xcom_args to None
[2022-01-24 19:49:16,099] {logging_mixin.py:109} INFO - [2022-01-24 19:49:16,099] {dag.py:2935} INFO - Setting next_dagrun for example_xcom_args_with_operators to None
[2022-01-24 19:49:16,116] {processor.py:171} INFO - Processing /home/airflow/.local/lib/python3.6/site-packages/airflow/example_dags/example_xcomargs.py took 0.339 seconds
[2022-01-24 19:49:46,184] {processor.py:163} INFO - Started process (PID=1031) to work on /home/airflow/.local/lib/python3.6/site-packages/airflow/example_dags/example_xcomargs.py
[2022-01-24 19:49:46,185] {processor.py:642} INFO - Processing file /home/airflow/.local/lib/python3.6/site-packages/airflow/example_dags/example_xcomargs.py for tasks to queue
[2022-01-24 19:49:46,186] {logging_mixin.py:109} INFO - [2022-01-24 19:49:46,186] {dagbag.py:500} INFO - Filling up the DagBag from /home/airflow/.local/lib/python3.6/site-packages/airflow/example_dags/example_xcomargs.py
[2022-01-24 19:49:46,226] {processor.py:654} INFO - DAG(s) dict_keys(['example_xcom_args', 'example_xcom_args_with_operators']) retrieved from /home/airflow/.local/lib/python3.6/site-packages/airflow/example_dags/example_xcomargs.py
[2022-01-24 19:49:46,411] {logging_mixin.py:109} INFO - [2022-01-24 19:49:46,411] {dag.py:2396} INFO - Sync 2 DAGs
[2022-01-24 19:49:46,425] {logging_mixin.py:109} INFO - [2022-01-24 19:49:46,425] {dag.py:2935} INFO - Setting next_dagrun for example_xcom_args to None
[2022-01-24 19:49:46,425] {logging_mixin.py:109} INFO - [2022-01-24 19:49:46,425] {dag.py:2935} INFO - Setting next_dagrun for example_xcom_args_with_operators to None
[2022-01-24 19:49:46,434] {processor.py:171} INFO - Processing /home/airflow/.local/lib/python3.6/site-packages/airflow/example_dags/example_xcomargs.py took 0.253 seconds
[2022-01-24 19:50:17,139] {processor.py:163} INFO - Started process (PID=1090) to work on /home/airflow/.local/lib/python3.6/site-packages/airflow/example_dags/example_xcomargs.py
[2022-01-24 19:50:17,141] {processor.py:642} INFO - Processing file /home/airflow/.local/lib/python3.6/site-packages/airflow/example_dags/example_xcomargs.py for tasks to queue
[2022-01-24 19:50:17,141] {logging_mixin.py:109} INFO - [2022-01-24 19:50:17,141] {dagbag.py:500} INFO - Filling up the DagBag from /home/airflow/.local/lib/python3.6/site-packages/airflow/example_dags/example_xcomargs.py
[2022-01-24 19:50:17,200] {processor.py:654} INFO - DAG(s) dict_keys(['example_xcom_args', 'example_xcom_args_with_operators']) retrieved from /home/airflow/.local/lib/python3.6/site-packages/airflow/example_dags/example_xcomargs.py
[2022-01-24 19:50:17,552] {logging_mixin.py:109} INFO - [2022-01-24 19:50:17,551] {dag.py:2396} INFO - Sync 2 DAGs
[2022-01-24 19:50:17,587] {logging_mixin.py:109} INFO - [2022-01-24 19:50:17,587] {dag.py:2935} INFO - Setting next_dagrun for example_xcom_args to None
[2022-01-24 19:50:17,588] {logging_mixin.py:109} INFO - [2022-01-24 19:50:17,588] {dag.py:2935} INFO - Setting next_dagrun for example_xcom_args_with_operators to None
[2022-01-24 19:50:17,612] {processor.py:171} INFO - Processing /home/airflow/.local/lib/python3.6/site-packages/airflow/example_dags/example_xcomargs.py took 0.477 seconds
[2022-01-24 19:50:48,020] {processor.py:163} INFO - Started process (PID=1147) to work on /home/airflow/.local/lib/python3.6/site-packages/airflow/example_dags/example_xcomargs.py
[2022-01-24 19:50:48,021] {processor.py:642} INFO - Processing file /home/airflow/.local/lib/python3.6/site-packages/airflow/example_dags/example_xcomargs.py for tasks to queue
[2022-01-24 19:50:48,022] {logging_mixin.py:109} INFO - [2022-01-24 19:50:48,022] {dagbag.py:500} INFO - Filling up the DagBag from /home/airflow/.local/lib/python3.6/site-packages/airflow/example_dags/example_xcomargs.py
[2022-01-24 19:50:48,068] {processor.py:654} INFO - DAG(s) dict_keys(['example_xcom_args', 'example_xcom_args_with_operators']) retrieved from /home/airflow/.local/lib/python3.6/site-packages/airflow/example_dags/example_xcomargs.py
[2022-01-24 19:50:48,244] {logging_mixin.py:109} INFO - [2022-01-24 19:50:48,244] {dag.py:2396} INFO - Sync 2 DAGs
[2022-01-24 19:50:48,256] {logging_mixin.py:109} INFO - [2022-01-24 19:50:48,256] {dag.py:2935} INFO - Setting next_dagrun for example_xcom_args to None
[2022-01-24 19:50:48,256] {logging_mixin.py:109} INFO - [2022-01-24 19:50:48,256] {dag.py:2935} INFO - Setting next_dagrun for example_xcom_args_with_operators to None
[2022-01-24 19:50:48,263] {processor.py:171} INFO - Processing /home/airflow/.local/lib/python3.6/site-packages/airflow/example_dags/example_xcomargs.py took 0.246 seconds
[2022-01-24 19:51:18,477] {processor.py:163} INFO - Started process (PID=1201) to work on /home/airflow/.local/lib/python3.6/site-packages/airflow/example_dags/example_xcomargs.py
[2022-01-24 19:51:18,480] {processor.py:642} INFO - Processing file /home/airflow/.local/lib/python3.6/site-packages/airflow/example_dags/example_xcomargs.py for tasks to queue
[2022-01-24 19:51:18,481] {logging_mixin.py:109} INFO - [2022-01-24 19:51:18,481] {dagbag.py:500} INFO - Filling up the DagBag from /home/airflow/.local/lib/python3.6/site-packages/airflow/example_dags/example_xcomargs.py
[2022-01-24 19:51:18,524] {processor.py:654} INFO - DAG(s) dict_keys(['example_xcom_args', 'example_xcom_args_with_operators']) retrieved from /home/airflow/.local/lib/python3.6/site-packages/airflow/example_dags/example_xcomargs.py
[2022-01-24 19:51:18,944] {logging_mixin.py:109} INFO - [2022-01-24 19:51:18,944] {dag.py:2396} INFO - Sync 2 DAGs
[2022-01-24 19:51:18,968] {logging_mixin.py:109} INFO - [2022-01-24 19:51:18,967] {dag.py:2935} INFO - Setting next_dagrun for example_xcom_args to None
[2022-01-24 19:51:18,969] {logging_mixin.py:109} INFO - [2022-01-24 19:51:18,968] {dag.py:2935} INFO - Setting next_dagrun for example_xcom_args_with_operators to None
[2022-01-24 19:51:18,986] {processor.py:171} INFO - Processing /home/airflow/.local/lib/python3.6/site-packages/airflow/example_dags/example_xcomargs.py took 0.518 seconds
[2022-01-24 19:51:49,209] {processor.py:163} INFO - Started process (PID=1255) to work on /home/airflow/.local/lib/python3.6/site-packages/airflow/example_dags/example_xcomargs.py
[2022-01-24 19:51:49,210] {processor.py:642} INFO - Processing file /home/airflow/.local/lib/python3.6/site-packages/airflow/example_dags/example_xcomargs.py for tasks to queue
[2022-01-24 19:51:49,211] {logging_mixin.py:109} INFO - [2022-01-24 19:51:49,211] {dagbag.py:500} INFO - Filling up the DagBag from /home/airflow/.local/lib/python3.6/site-packages/airflow/example_dags/example_xcomargs.py
[2022-01-24 19:51:49,255] {processor.py:654} INFO - DAG(s) dict_keys(['example_xcom_args', 'example_xcom_args_with_operators']) retrieved from /home/airflow/.local/lib/python3.6/site-packages/airflow/example_dags/example_xcomargs.py
[2022-01-24 19:51:49,456] {logging_mixin.py:109} INFO - [2022-01-24 19:51:49,456] {dag.py:2396} INFO - Sync 2 DAGs
[2022-01-24 19:51:49,469] {logging_mixin.py:109} INFO - [2022-01-24 19:51:49,469] {dag.py:2935} INFO - Setting next_dagrun for example_xcom_args to None
[2022-01-24 19:51:49,469] {logging_mixin.py:109} INFO - [2022-01-24 19:51:49,469] {dag.py:2935} INFO - Setting next_dagrun for example_xcom_args_with_operators to None
[2022-01-24 19:51:49,478] {processor.py:171} INFO - Processing /home/airflow/.local/lib/python3.6/site-packages/airflow/example_dags/example_xcomargs.py took 0.273 seconds
[2022-01-24 19:52:19,543] {processor.py:163} INFO - Started process (PID=1320) to work on /home/airflow/.local/lib/python3.6/site-packages/airflow/example_dags/example_xcomargs.py
[2022-01-24 19:52:19,544] {processor.py:642} INFO - Processing file /home/airflow/.local/lib/python3.6/site-packages/airflow/example_dags/example_xcomargs.py for tasks to queue
[2022-01-24 19:52:19,545] {logging_mixin.py:109} INFO - [2022-01-24 19:52:19,545] {dagbag.py:500} INFO - Filling up the DagBag from /home/airflow/.local/lib/python3.6/site-packages/airflow/example_dags/example_xcomargs.py
[2022-01-24 19:52:19,588] {processor.py:654} INFO - DAG(s) dict_keys(['example_xcom_args', 'example_xcom_args_with_operators']) retrieved from /home/airflow/.local/lib/python3.6/site-packages/airflow/example_dags/example_xcomargs.py
[2022-01-24 19:52:19,837] {logging_mixin.py:109} INFO - [2022-01-24 19:52:19,837] {dag.py:2396} INFO - Sync 2 DAGs
[2022-01-24 19:52:19,853] {logging_mixin.py:109} INFO - [2022-01-24 19:52:19,853] {dag.py:2935} INFO - Setting next_dagrun for example_xcom_args to None
[2022-01-24 19:52:19,853] {logging_mixin.py:109} INFO - [2022-01-24 19:52:19,853] {dag.py:2935} INFO - Setting next_dagrun for example_xcom_args_with_operators to None
[2022-01-24 19:52:19,863] {processor.py:171} INFO - Processing /home/airflow/.local/lib/python3.6/site-packages/airflow/example_dags/example_xcomargs.py took 0.323 seconds
