[2022-01-24 19:43:20,488] {processor.py:163} INFO - Started process (PID=259) to work on /home/airflow/.local/lib/python3.6/site-packages/airflow/example_dags/example_short_circuit_operator.py
[2022-01-24 19:43:20,490] {processor.py:642} INFO - Processing file /home/airflow/.local/lib/python3.6/site-packages/airflow/example_dags/example_short_circuit_operator.py for tasks to queue
[2022-01-24 19:43:20,491] {logging_mixin.py:109} INFO - [2022-01-24 19:43:20,490] {dagbag.py:500} INFO - Filling up the DagBag from /home/airflow/.local/lib/python3.6/site-packages/airflow/example_dags/example_short_circuit_operator.py
[2022-01-24 19:43:20,584] {processor.py:654} INFO - DAG(s) dict_keys(['example_short_circuit_operator']) retrieved from /home/airflow/.local/lib/python3.6/site-packages/airflow/example_dags/example_short_circuit_operator.py
[2022-01-24 19:43:24,347] {logging_mixin.py:109} INFO - [2022-01-24 19:43:24,347] {manager.py:496} INFO - Created Permission View: can edit on DAG:example_short_circuit_operator
[2022-01-24 19:43:24,361] {logging_mixin.py:109} INFO - [2022-01-24 19:43:24,361] {manager.py:496} INFO - Created Permission View: can read on DAG:example_short_circuit_operator
[2022-01-24 19:43:24,364] {logging_mixin.py:109} INFO - [2022-01-24 19:43:24,362] {dag.py:2396} INFO - Sync 1 DAGs
[2022-01-24 19:43:24,388] {logging_mixin.py:109} INFO - [2022-01-24 19:43:24,385] {dag.py:2415} INFO - Creating ORM DAG for example_short_circuit_operator
[2022-01-24 19:43:24,409] {logging_mixin.py:109} INFO - [2022-01-24 19:43:24,409] {dag.py:2935} INFO - Setting next_dagrun for example_short_circuit_operator to 2022-01-23T19:43:24.408887+00:00
[2022-01-24 19:43:24,432] {processor.py:171} INFO - Processing /home/airflow/.local/lib/python3.6/site-packages/airflow/example_dags/example_short_circuit_operator.py took 3.954 seconds
[2022-01-24 19:43:54,476] {processor.py:163} INFO - Started process (PID=393) to work on /home/airflow/.local/lib/python3.6/site-packages/airflow/example_dags/example_short_circuit_operator.py
[2022-01-24 19:43:54,477] {processor.py:642} INFO - Processing file /home/airflow/.local/lib/python3.6/site-packages/airflow/example_dags/example_short_circuit_operator.py for tasks to queue
[2022-01-24 19:43:54,477] {logging_mixin.py:109} INFO - [2022-01-24 19:43:54,477] {dagbag.py:500} INFO - Filling up the DagBag from /home/airflow/.local/lib/python3.6/site-packages/airflow/example_dags/example_short_circuit_operator.py
[2022-01-24 19:43:54,506] {processor.py:654} INFO - DAG(s) dict_keys(['example_short_circuit_operator']) retrieved from /home/airflow/.local/lib/python3.6/site-packages/airflow/example_dags/example_short_circuit_operator.py
[2022-01-24 19:43:54,517] {logging_mixin.py:109} INFO - [2022-01-24 19:43:54,517] {dag.py:2396} INFO - Sync 1 DAGs
[2022-01-24 19:43:54,533] {logging_mixin.py:109} INFO - [2022-01-24 19:43:54,533] {dag.py:2935} INFO - Setting next_dagrun for example_short_circuit_operator to 2022-01-23T19:43:54.533493+00:00
[2022-01-24 19:43:54,542] {processor.py:171} INFO - Processing /home/airflow/.local/lib/python3.6/site-packages/airflow/example_dags/example_short_circuit_operator.py took 0.069 seconds
[2022-01-24 19:44:24,668] {processor.py:163} INFO - Started process (PID=445) to work on /home/airflow/.local/lib/python3.6/site-packages/airflow/example_dags/example_short_circuit_operator.py
[2022-01-24 19:44:24,669] {processor.py:642} INFO - Processing file /home/airflow/.local/lib/python3.6/site-packages/airflow/example_dags/example_short_circuit_operator.py for tasks to queue
[2022-01-24 19:44:24,669] {logging_mixin.py:109} INFO - [2022-01-24 19:44:24,669] {dagbag.py:500} INFO - Filling up the DagBag from /home/airflow/.local/lib/python3.6/site-packages/airflow/example_dags/example_short_circuit_operator.py
[2022-01-24 19:44:24,694] {processor.py:654} INFO - DAG(s) dict_keys(['example_short_circuit_operator']) retrieved from /home/airflow/.local/lib/python3.6/site-packages/airflow/example_dags/example_short_circuit_operator.py
[2022-01-24 19:44:24,707] {logging_mixin.py:109} INFO - [2022-01-24 19:44:24,707] {dag.py:2396} INFO - Sync 1 DAGs
[2022-01-24 19:44:24,727] {logging_mixin.py:109} INFO - [2022-01-24 19:44:24,727] {dag.py:2935} INFO - Setting next_dagrun for example_short_circuit_operator to 2022-01-23T19:44:24.727306+00:00
[2022-01-24 19:44:24,735] {processor.py:171} INFO - Processing /home/airflow/.local/lib/python3.6/site-packages/airflow/example_dags/example_short_circuit_operator.py took 0.069 seconds
[2022-01-24 19:44:55,436] {processor.py:163} INFO - Started process (PID=497) to work on /home/airflow/.local/lib/python3.6/site-packages/airflow/example_dags/example_short_circuit_operator.py
[2022-01-24 19:44:55,437] {processor.py:642} INFO - Processing file /home/airflow/.local/lib/python3.6/site-packages/airflow/example_dags/example_short_circuit_operator.py for tasks to queue
[2022-01-24 19:44:55,438] {logging_mixin.py:109} INFO - [2022-01-24 19:44:55,438] {dagbag.py:500} INFO - Filling up the DagBag from /home/airflow/.local/lib/python3.6/site-packages/airflow/example_dags/example_short_circuit_operator.py
[2022-01-24 19:44:55,481] {processor.py:654} INFO - DAG(s) dict_keys(['example_short_circuit_operator']) retrieved from /home/airflow/.local/lib/python3.6/site-packages/airflow/example_dags/example_short_circuit_operator.py
[2022-01-24 19:44:55,502] {logging_mixin.py:109} INFO - [2022-01-24 19:44:55,501] {dag.py:2396} INFO - Sync 1 DAGs
[2022-01-24 19:44:55,529] {logging_mixin.py:109} INFO - [2022-01-24 19:44:55,529] {dag.py:2935} INFO - Setting next_dagrun for example_short_circuit_operator to 2022-01-23T19:44:55.529255+00:00
[2022-01-24 19:44:55,546] {processor.py:171} INFO - Processing /home/airflow/.local/lib/python3.6/site-packages/airflow/example_dags/example_short_circuit_operator.py took 0.114 seconds
[2022-01-24 19:45:25,924] {processor.py:163} INFO - Started process (PID=559) to work on /home/airflow/.local/lib/python3.6/site-packages/airflow/example_dags/example_short_circuit_operator.py
[2022-01-24 19:45:25,925] {processor.py:642} INFO - Processing file /home/airflow/.local/lib/python3.6/site-packages/airflow/example_dags/example_short_circuit_operator.py for tasks to queue
[2022-01-24 19:45:25,926] {logging_mixin.py:109} INFO - [2022-01-24 19:45:25,926] {dagbag.py:500} INFO - Filling up the DagBag from /home/airflow/.local/lib/python3.6/site-packages/airflow/example_dags/example_short_circuit_operator.py
[2022-01-24 19:45:25,950] {processor.py:654} INFO - DAG(s) dict_keys(['example_short_circuit_operator']) retrieved from /home/airflow/.local/lib/python3.6/site-packages/airflow/example_dags/example_short_circuit_operator.py
[2022-01-24 19:45:25,960] {logging_mixin.py:109} INFO - [2022-01-24 19:45:25,960] {dag.py:2396} INFO - Sync 1 DAGs
[2022-01-24 19:45:25,977] {logging_mixin.py:109} INFO - [2022-01-24 19:45:25,977] {dag.py:2935} INFO - Setting next_dagrun for example_short_circuit_operator to 2022-01-23T19:45:25.976953+00:00
[2022-01-24 19:45:25,985] {processor.py:171} INFO - Processing /home/airflow/.local/lib/python3.6/site-packages/airflow/example_dags/example_short_circuit_operator.py took 0.063 seconds
[2022-01-24 19:45:56,623] {processor.py:163} INFO - Started process (PID=612) to work on /home/airflow/.local/lib/python3.6/site-packages/airflow/example_dags/example_short_circuit_operator.py
[2022-01-24 19:45:56,626] {processor.py:642} INFO - Processing file /home/airflow/.local/lib/python3.6/site-packages/airflow/example_dags/example_short_circuit_operator.py for tasks to queue
[2022-01-24 19:45:56,628] {logging_mixin.py:109} INFO - [2022-01-24 19:45:56,627] {dagbag.py:500} INFO - Filling up the DagBag from /home/airflow/.local/lib/python3.6/site-packages/airflow/example_dags/example_short_circuit_operator.py
[2022-01-24 19:45:56,673] {processor.py:654} INFO - DAG(s) dict_keys(['example_short_circuit_operator']) retrieved from /home/airflow/.local/lib/python3.6/site-packages/airflow/example_dags/example_short_circuit_operator.py
[2022-01-24 19:45:56,685] {logging_mixin.py:109} INFO - [2022-01-24 19:45:56,685] {dag.py:2396} INFO - Sync 1 DAGs
[2022-01-24 19:45:56,707] {logging_mixin.py:109} INFO - [2022-01-24 19:45:56,707] {dag.py:2935} INFO - Setting next_dagrun for example_short_circuit_operator to 2022-01-23T19:45:56.707551+00:00
[2022-01-24 19:45:56,716] {processor.py:171} INFO - Processing /home/airflow/.local/lib/python3.6/site-packages/airflow/example_dags/example_short_circuit_operator.py took 0.102 seconds
[2022-01-24 19:46:26,804] {processor.py:163} INFO - Started process (PID=665) to work on /home/airflow/.local/lib/python3.6/site-packages/airflow/example_dags/example_short_circuit_operator.py
[2022-01-24 19:46:26,805] {processor.py:642} INFO - Processing file /home/airflow/.local/lib/python3.6/site-packages/airflow/example_dags/example_short_circuit_operator.py for tasks to queue
[2022-01-24 19:46:26,805] {logging_mixin.py:109} INFO - [2022-01-24 19:46:26,805] {dagbag.py:500} INFO - Filling up the DagBag from /home/airflow/.local/lib/python3.6/site-packages/airflow/example_dags/example_short_circuit_operator.py
[2022-01-24 19:46:26,827] {processor.py:654} INFO - DAG(s) dict_keys(['example_short_circuit_operator']) retrieved from /home/airflow/.local/lib/python3.6/site-packages/airflow/example_dags/example_short_circuit_operator.py
[2022-01-24 19:46:26,837] {logging_mixin.py:109} INFO - [2022-01-24 19:46:26,837] {dag.py:2396} INFO - Sync 1 DAGs
[2022-01-24 19:46:26,855] {logging_mixin.py:109} INFO - [2022-01-24 19:46:26,855] {dag.py:2935} INFO - Setting next_dagrun for example_short_circuit_operator to 2022-01-23T19:46:26.854749+00:00
[2022-01-24 19:46:26,863] {processor.py:171} INFO - Processing /home/airflow/.local/lib/python3.6/site-packages/airflow/example_dags/example_short_circuit_operator.py took 0.061 seconds
[2022-01-24 19:46:58,819] {processor.py:163} INFO - Started process (PID=728) to work on /home/airflow/.local/lib/python3.6/site-packages/airflow/example_dags/example_short_circuit_operator.py
[2022-01-24 19:46:58,900] {processor.py:642} INFO - Processing file /home/airflow/.local/lib/python3.6/site-packages/airflow/example_dags/example_short_circuit_operator.py for tasks to queue
[2022-01-24 19:46:58,902] {logging_mixin.py:109} INFO - [2022-01-24 19:46:58,902] {dagbag.py:500} INFO - Filling up the DagBag from /home/airflow/.local/lib/python3.6/site-packages/airflow/example_dags/example_short_circuit_operator.py
[2022-01-24 19:46:59,958] {processor.py:654} INFO - DAG(s) dict_keys(['example_short_circuit_operator']) retrieved from /home/airflow/.local/lib/python3.6/site-packages/airflow/example_dags/example_short_circuit_operator.py
[2022-01-24 19:46:59,989] {logging_mixin.py:109} INFO - [2022-01-24 19:46:59,989] {dag.py:2396} INFO - Sync 1 DAGs
[2022-01-24 19:47:00,047] {logging_mixin.py:109} INFO - [2022-01-24 19:47:00,046] {dag.py:2935} INFO - Setting next_dagrun for example_short_circuit_operator to 2022-01-23T19:47:00.046266+00:00
[2022-01-24 19:47:00,067] {processor.py:171} INFO - Processing /home/airflow/.local/lib/python3.6/site-packages/airflow/example_dags/example_short_circuit_operator.py took 1.915 seconds
[2022-01-24 19:47:31,003] {processor.py:163} INFO - Started process (PID=781) to work on /home/airflow/.local/lib/python3.6/site-packages/airflow/example_dags/example_short_circuit_operator.py
[2022-01-24 19:47:31,492] {processor.py:642} INFO - Processing file /home/airflow/.local/lib/python3.6/site-packages/airflow/example_dags/example_short_circuit_operator.py for tasks to queue
[2022-01-24 19:47:31,493] {logging_mixin.py:109} INFO - [2022-01-24 19:47:31,493] {dagbag.py:500} INFO - Filling up the DagBag from /home/airflow/.local/lib/python3.6/site-packages/airflow/example_dags/example_short_circuit_operator.py
[2022-01-24 19:47:31,516] {processor.py:654} INFO - DAG(s) dict_keys(['example_short_circuit_operator']) retrieved from /home/airflow/.local/lib/python3.6/site-packages/airflow/example_dags/example_short_circuit_operator.py
[2022-01-24 19:47:31,761] {logging_mixin.py:109} INFO - [2022-01-24 19:47:31,761] {dag.py:2396} INFO - Sync 1 DAGs
[2022-01-24 19:47:31,794] {logging_mixin.py:109} INFO - [2022-01-24 19:47:31,793] {dag.py:2935} INFO - Setting next_dagrun for example_short_circuit_operator to 2022-01-23T19:47:31.793524+00:00
[2022-01-24 19:47:31,845] {processor.py:171} INFO - Processing /home/airflow/.local/lib/python3.6/site-packages/airflow/example_dags/example_short_circuit_operator.py took 0.844 seconds
[2022-01-24 19:48:02,074] {processor.py:163} INFO - Started process (PID=841) to work on /home/airflow/.local/lib/python3.6/site-packages/airflow/example_dags/example_short_circuit_operator.py
[2022-01-24 19:48:02,075] {processor.py:642} INFO - Processing file /home/airflow/.local/lib/python3.6/site-packages/airflow/example_dags/example_short_circuit_operator.py for tasks to queue
[2022-01-24 19:48:02,076] {logging_mixin.py:109} INFO - [2022-01-24 19:48:02,076] {dagbag.py:500} INFO - Filling up the DagBag from /home/airflow/.local/lib/python3.6/site-packages/airflow/example_dags/example_short_circuit_operator.py
[2022-01-24 19:48:02,100] {processor.py:654} INFO - DAG(s) dict_keys(['example_short_circuit_operator']) retrieved from /home/airflow/.local/lib/python3.6/site-packages/airflow/example_dags/example_short_circuit_operator.py
[2022-01-24 19:48:02,111] {logging_mixin.py:109} INFO - [2022-01-24 19:48:02,111] {dag.py:2396} INFO - Sync 1 DAGs
[2022-01-24 19:48:02,130] {logging_mixin.py:109} INFO - [2022-01-24 19:48:02,130] {dag.py:2935} INFO - Setting next_dagrun for example_short_circuit_operator to 2022-01-23T19:48:02.129631+00:00
[2022-01-24 19:48:02,138] {processor.py:171} INFO - Processing /home/airflow/.local/lib/python3.6/site-packages/airflow/example_dags/example_short_circuit_operator.py took 0.067 seconds
[2022-01-24 19:48:33,135] {processor.py:163} INFO - Started process (PID=894) to work on /home/airflow/.local/lib/python3.6/site-packages/airflow/example_dags/example_short_circuit_operator.py
[2022-01-24 19:48:33,136] {processor.py:642} INFO - Processing file /home/airflow/.local/lib/python3.6/site-packages/airflow/example_dags/example_short_circuit_operator.py for tasks to queue
[2022-01-24 19:48:33,137] {logging_mixin.py:109} INFO - [2022-01-24 19:48:33,136] {dagbag.py:500} INFO - Filling up the DagBag from /home/airflow/.local/lib/python3.6/site-packages/airflow/example_dags/example_short_circuit_operator.py
[2022-01-24 19:48:33,161] {processor.py:654} INFO - DAG(s) dict_keys(['example_short_circuit_operator']) retrieved from /home/airflow/.local/lib/python3.6/site-packages/airflow/example_dags/example_short_circuit_operator.py
[2022-01-24 19:48:33,171] {logging_mixin.py:109} INFO - [2022-01-24 19:48:33,171] {dag.py:2396} INFO - Sync 1 DAGs
[2022-01-24 19:48:33,187] {logging_mixin.py:109} INFO - [2022-01-24 19:48:33,187] {dag.py:2935} INFO - Setting next_dagrun for example_short_circuit_operator to 2022-01-23T19:48:33.186979+00:00
[2022-01-24 19:48:33,195] {processor.py:171} INFO - Processing /home/airflow/.local/lib/python3.6/site-packages/airflow/example_dags/example_short_circuit_operator.py took 0.062 seconds
[2022-01-24 19:49:03,365] {processor.py:163} INFO - Started process (PID=957) to work on /home/airflow/.local/lib/python3.6/site-packages/airflow/example_dags/example_short_circuit_operator.py
[2022-01-24 19:49:03,366] {processor.py:642} INFO - Processing file /home/airflow/.local/lib/python3.6/site-packages/airflow/example_dags/example_short_circuit_operator.py for tasks to queue
[2022-01-24 19:49:03,367] {logging_mixin.py:109} INFO - [2022-01-24 19:49:03,367] {dagbag.py:500} INFO - Filling up the DagBag from /home/airflow/.local/lib/python3.6/site-packages/airflow/example_dags/example_short_circuit_operator.py
[2022-01-24 19:49:03,401] {processor.py:654} INFO - DAG(s) dict_keys(['example_short_circuit_operator']) retrieved from /home/airflow/.local/lib/python3.6/site-packages/airflow/example_dags/example_short_circuit_operator.py
[2022-01-24 19:49:03,416] {logging_mixin.py:109} INFO - [2022-01-24 19:49:03,416] {dag.py:2396} INFO - Sync 1 DAGs
[2022-01-24 19:49:03,441] {logging_mixin.py:109} INFO - [2022-01-24 19:49:03,441] {dag.py:2935} INFO - Setting next_dagrun for example_short_circuit_operator to 2022-01-23T19:49:03.440720+00:00
[2022-01-24 19:49:03,455] {processor.py:171} INFO - Processing /home/airflow/.local/lib/python3.6/site-packages/airflow/example_dags/example_short_circuit_operator.py took 0.095 seconds
[2022-01-24 19:49:33,583] {processor.py:163} INFO - Started process (PID=1010) to work on /home/airflow/.local/lib/python3.6/site-packages/airflow/example_dags/example_short_circuit_operator.py
[2022-01-24 19:49:33,584] {processor.py:642} INFO - Processing file /home/airflow/.local/lib/python3.6/site-packages/airflow/example_dags/example_short_circuit_operator.py for tasks to queue
[2022-01-24 19:49:33,585] {logging_mixin.py:109} INFO - [2022-01-24 19:49:33,585] {dagbag.py:500} INFO - Filling up the DagBag from /home/airflow/.local/lib/python3.6/site-packages/airflow/example_dags/example_short_circuit_operator.py
[2022-01-24 19:49:33,611] {processor.py:654} INFO - DAG(s) dict_keys(['example_short_circuit_operator']) retrieved from /home/airflow/.local/lib/python3.6/site-packages/airflow/example_dags/example_short_circuit_operator.py
[2022-01-24 19:49:33,626] {logging_mixin.py:109} INFO - [2022-01-24 19:49:33,626] {dag.py:2396} INFO - Sync 1 DAGs
[2022-01-24 19:49:33,650] {logging_mixin.py:109} INFO - [2022-01-24 19:49:33,650] {dag.py:2935} INFO - Setting next_dagrun for example_short_circuit_operator to 2022-01-23T19:49:33.649674+00:00
[2022-01-24 19:49:33,661] {processor.py:171} INFO - Processing /home/airflow/.local/lib/python3.6/site-packages/airflow/example_dags/example_short_circuit_operator.py took 0.081 seconds
[2022-01-24 19:50:04,525] {processor.py:163} INFO - Started process (PID=1073) to work on /home/airflow/.local/lib/python3.6/site-packages/airflow/example_dags/example_short_circuit_operator.py
[2022-01-24 19:50:04,527] {processor.py:642} INFO - Processing file /home/airflow/.local/lib/python3.6/site-packages/airflow/example_dags/example_short_circuit_operator.py for tasks to queue
[2022-01-24 19:50:04,527] {logging_mixin.py:109} INFO - [2022-01-24 19:50:04,527] {dagbag.py:500} INFO - Filling up the DagBag from /home/airflow/.local/lib/python3.6/site-packages/airflow/example_dags/example_short_circuit_operator.py
[2022-01-24 19:50:04,555] {processor.py:654} INFO - DAG(s) dict_keys(['example_short_circuit_operator']) retrieved from /home/airflow/.local/lib/python3.6/site-packages/airflow/example_dags/example_short_circuit_operator.py
[2022-01-24 19:50:04,566] {logging_mixin.py:109} INFO - [2022-01-24 19:50:04,566] {dag.py:2396} INFO - Sync 1 DAGs
[2022-01-24 19:50:04,585] {logging_mixin.py:109} INFO - [2022-01-24 19:50:04,584] {dag.py:2935} INFO - Setting next_dagrun for example_short_circuit_operator to 2022-01-23T19:50:04.584605+00:00
[2022-01-24 19:50:04,593] {processor.py:171} INFO - Processing /home/airflow/.local/lib/python3.6/site-packages/airflow/example_dags/example_short_circuit_operator.py took 0.070 seconds
[2022-01-24 19:50:34,626] {processor.py:163} INFO - Started process (PID=1127) to work on /home/airflow/.local/lib/python3.6/site-packages/airflow/example_dags/example_short_circuit_operator.py
[2022-01-24 19:50:34,627] {processor.py:642} INFO - Processing file /home/airflow/.local/lib/python3.6/site-packages/airflow/example_dags/example_short_circuit_operator.py for tasks to queue
[2022-01-24 19:50:34,628] {logging_mixin.py:109} INFO - [2022-01-24 19:50:34,628] {dagbag.py:500} INFO - Filling up the DagBag from /home/airflow/.local/lib/python3.6/site-packages/airflow/example_dags/example_short_circuit_operator.py
[2022-01-24 19:50:34,655] {processor.py:654} INFO - DAG(s) dict_keys(['example_short_circuit_operator']) retrieved from /home/airflow/.local/lib/python3.6/site-packages/airflow/example_dags/example_short_circuit_operator.py
[2022-01-24 19:50:34,668] {logging_mixin.py:109} INFO - [2022-01-24 19:50:34,668] {dag.py:2396} INFO - Sync 1 DAGs
[2022-01-24 19:50:34,692] {logging_mixin.py:109} INFO - [2022-01-24 19:50:34,692] {dag.py:2935} INFO - Setting next_dagrun for example_short_circuit_operator to 2022-01-23T19:50:34.692392+00:00
[2022-01-24 19:50:34,703] {processor.py:171} INFO - Processing /home/airflow/.local/lib/python3.6/site-packages/airflow/example_dags/example_short_circuit_operator.py took 0.078 seconds
[2022-01-24 19:51:04,879] {processor.py:163} INFO - Started process (PID=1180) to work on /home/airflow/.local/lib/python3.6/site-packages/airflow/example_dags/example_short_circuit_operator.py
[2022-01-24 19:51:04,881] {processor.py:642} INFO - Processing file /home/airflow/.local/lib/python3.6/site-packages/airflow/example_dags/example_short_circuit_operator.py for tasks to queue
[2022-01-24 19:51:04,882] {logging_mixin.py:109} INFO - [2022-01-24 19:51:04,882] {dagbag.py:500} INFO - Filling up the DagBag from /home/airflow/.local/lib/python3.6/site-packages/airflow/example_dags/example_short_circuit_operator.py
[2022-01-24 19:51:04,928] {processor.py:654} INFO - DAG(s) dict_keys(['example_short_circuit_operator']) retrieved from /home/airflow/.local/lib/python3.6/site-packages/airflow/example_dags/example_short_circuit_operator.py
[2022-01-24 19:51:04,948] {logging_mixin.py:109} INFO - [2022-01-24 19:51:04,947] {dag.py:2396} INFO - Sync 1 DAGs
[2022-01-24 19:51:04,978] {logging_mixin.py:109} INFO - [2022-01-24 19:51:04,978] {dag.py:2935} INFO - Setting next_dagrun for example_short_circuit_operator to 2022-01-23T19:51:04.978021+00:00
[2022-01-24 19:51:04,992] {processor.py:171} INFO - Processing /home/airflow/.local/lib/python3.6/site-packages/airflow/example_dags/example_short_circuit_operator.py took 0.117 seconds
[2022-01-24 19:51:35,392] {processor.py:163} INFO - Started process (PID=1242) to work on /home/airflow/.local/lib/python3.6/site-packages/airflow/example_dags/example_short_circuit_operator.py
[2022-01-24 19:51:35,394] {processor.py:642} INFO - Processing file /home/airflow/.local/lib/python3.6/site-packages/airflow/example_dags/example_short_circuit_operator.py for tasks to queue
[2022-01-24 19:51:35,395] {logging_mixin.py:109} INFO - [2022-01-24 19:51:35,395] {dagbag.py:500} INFO - Filling up the DagBag from /home/airflow/.local/lib/python3.6/site-packages/airflow/example_dags/example_short_circuit_operator.py
[2022-01-24 19:51:35,465] {processor.py:654} INFO - DAG(s) dict_keys(['example_short_circuit_operator']) retrieved from /home/airflow/.local/lib/python3.6/site-packages/airflow/example_dags/example_short_circuit_operator.py
[2022-01-24 19:51:35,485] {logging_mixin.py:109} INFO - [2022-01-24 19:51:35,485] {dag.py:2396} INFO - Sync 1 DAGs
[2022-01-24 19:51:35,519] {logging_mixin.py:109} INFO - [2022-01-24 19:51:35,519] {dag.py:2935} INFO - Setting next_dagrun for example_short_circuit_operator to 2022-01-23T19:51:35.519180+00:00
[2022-01-24 19:51:35,541] {processor.py:171} INFO - Processing /home/airflow/.local/lib/python3.6/site-packages/airflow/example_dags/example_short_circuit_operator.py took 0.158 seconds
[2022-01-24 19:52:05,693] {processor.py:163} INFO - Started process (PID=1299) to work on /home/airflow/.local/lib/python3.6/site-packages/airflow/example_dags/example_short_circuit_operator.py
[2022-01-24 19:52:05,696] {processor.py:642} INFO - Processing file /home/airflow/.local/lib/python3.6/site-packages/airflow/example_dags/example_short_circuit_operator.py for tasks to queue
[2022-01-24 19:52:05,697] {logging_mixin.py:109} INFO - [2022-01-24 19:52:05,697] {dagbag.py:500} INFO - Filling up the DagBag from /home/airflow/.local/lib/python3.6/site-packages/airflow/example_dags/example_short_circuit_operator.py
[2022-01-24 19:52:05,731] {processor.py:654} INFO - DAG(s) dict_keys(['example_short_circuit_operator']) retrieved from /home/airflow/.local/lib/python3.6/site-packages/airflow/example_dags/example_short_circuit_operator.py
[2022-01-24 19:52:05,745] {logging_mixin.py:109} INFO - [2022-01-24 19:52:05,745] {dag.py:2396} INFO - Sync 1 DAGs
[2022-01-24 19:52:05,766] {logging_mixin.py:109} INFO - [2022-01-24 19:52:05,765] {dag.py:2935} INFO - Setting next_dagrun for example_short_circuit_operator to 2022-01-23T19:52:05.765684+00:00
[2022-01-24 19:52:05,776] {processor.py:171} INFO - Processing /home/airflow/.local/lib/python3.6/site-packages/airflow/example_dags/example_short_circuit_operator.py took 0.087 seconds
[2022-01-24 19:52:36,346] {processor.py:163} INFO - Started process (PID=1352) to work on /home/airflow/.local/lib/python3.6/site-packages/airflow/example_dags/example_short_circuit_operator.py
[2022-01-24 19:52:36,348] {processor.py:642} INFO - Processing file /home/airflow/.local/lib/python3.6/site-packages/airflow/example_dags/example_short_circuit_operator.py for tasks to queue
[2022-01-24 19:52:36,349] {logging_mixin.py:109} INFO - [2022-01-24 19:52:36,349] {dagbag.py:500} INFO - Filling up the DagBag from /home/airflow/.local/lib/python3.6/site-packages/airflow/example_dags/example_short_circuit_operator.py
[2022-01-24 19:52:36,397] {processor.py:654} INFO - DAG(s) dict_keys(['example_short_circuit_operator']) retrieved from /home/airflow/.local/lib/python3.6/site-packages/airflow/example_dags/example_short_circuit_operator.py
[2022-01-24 19:52:36,417] {logging_mixin.py:109} INFO - [2022-01-24 19:52:36,416] {dag.py:2396} INFO - Sync 1 DAGs
[2022-01-24 19:52:36,441] {logging_mixin.py:109} INFO - [2022-01-24 19:52:36,441] {dag.py:2935} INFO - Setting next_dagrun for example_short_circuit_operator to 2022-01-23T19:52:36.441316+00:00
[2022-01-24 19:52:36,452] {processor.py:171} INFO - Processing /home/airflow/.local/lib/python3.6/site-packages/airflow/example_dags/example_short_circuit_operator.py took 0.113 seconds
