[2022-01-24 19:43:12,089] {processor.py:163} INFO - Started process (PID=195) to work on /home/airflow/.local/lib/python3.6/site-packages/airflow/example_dags/example_nested_branch_dag.py
[2022-01-24 19:43:12,090] {processor.py:642} INFO - Processing file /home/airflow/.local/lib/python3.6/site-packages/airflow/example_dags/example_nested_branch_dag.py for tasks to queue
[2022-01-24 19:43:12,090] {logging_mixin.py:109} INFO - [2022-01-24 19:43:12,090] {dagbag.py:500} INFO - Filling up the DagBag from /home/airflow/.local/lib/python3.6/site-packages/airflow/example_dags/example_nested_branch_dag.py
[2022-01-24 19:43:12,124] {processor.py:654} INFO - DAG(s) dict_keys(['example_nested_branch_dag']) retrieved from /home/airflow/.local/lib/python3.6/site-packages/airflow/example_dags/example_nested_branch_dag.py
[2022-01-24 19:43:14,643] {logging_mixin.py:109} INFO - [2022-01-24 19:43:14,643] {manager.py:496} INFO - Created Permission View: can edit on DAG:example_nested_branch_dag
[2022-01-24 19:43:14,653] {logging_mixin.py:109} INFO - [2022-01-24 19:43:14,653] {manager.py:496} INFO - Created Permission View: can read on DAG:example_nested_branch_dag
[2022-01-24 19:43:14,654] {logging_mixin.py:109} INFO - [2022-01-24 19:43:14,653] {dag.py:2396} INFO - Sync 1 DAGs
[2022-01-24 19:43:14,668] {logging_mixin.py:109} INFO - [2022-01-24 19:43:14,667] {dag.py:2415} INFO - Creating ORM DAG for example_nested_branch_dag
[2022-01-24 19:43:14,684] {logging_mixin.py:109} INFO - [2022-01-24 19:43:14,684] {dag.py:2935} INFO - Setting next_dagrun for example_nested_branch_dag to 2022-01-23 00:00:00+00:00
[2022-01-24 19:43:14,702] {processor.py:171} INFO - Processing /home/airflow/.local/lib/python3.6/site-packages/airflow/example_dags/example_nested_branch_dag.py took 2.616 seconds
[2022-01-24 19:43:45,218] {processor.py:163} INFO - Started process (PID=377) to work on /home/airflow/.local/lib/python3.6/site-packages/airflow/example_dags/example_nested_branch_dag.py
[2022-01-24 19:43:45,221] {processor.py:642} INFO - Processing file /home/airflow/.local/lib/python3.6/site-packages/airflow/example_dags/example_nested_branch_dag.py for tasks to queue
[2022-01-24 19:43:45,221] {logging_mixin.py:109} INFO - [2022-01-24 19:43:45,221] {dagbag.py:500} INFO - Filling up the DagBag from /home/airflow/.local/lib/python3.6/site-packages/airflow/example_dags/example_nested_branch_dag.py
[2022-01-24 19:43:45,251] {processor.py:654} INFO - DAG(s) dict_keys(['example_nested_branch_dag']) retrieved from /home/airflow/.local/lib/python3.6/site-packages/airflow/example_dags/example_nested_branch_dag.py
[2022-01-24 19:43:45,266] {logging_mixin.py:109} INFO - [2022-01-24 19:43:45,266] {dag.py:2396} INFO - Sync 1 DAGs
[2022-01-24 19:43:45,292] {logging_mixin.py:109} INFO - [2022-01-24 19:43:45,292] {dag.py:2935} INFO - Setting next_dagrun for example_nested_branch_dag to 2022-01-23 00:00:00+00:00
[2022-01-24 19:43:45,302] {processor.py:171} INFO - Processing /home/airflow/.local/lib/python3.6/site-packages/airflow/example_dags/example_nested_branch_dag.py took 0.087 seconds
[2022-01-24 19:44:15,499] {processor.py:163} INFO - Started process (PID=429) to work on /home/airflow/.local/lib/python3.6/site-packages/airflow/example_dags/example_nested_branch_dag.py
[2022-01-24 19:44:15,500] {processor.py:642} INFO - Processing file /home/airflow/.local/lib/python3.6/site-packages/airflow/example_dags/example_nested_branch_dag.py for tasks to queue
[2022-01-24 19:44:15,501] {logging_mixin.py:109} INFO - [2022-01-24 19:44:15,501] {dagbag.py:500} INFO - Filling up the DagBag from /home/airflow/.local/lib/python3.6/site-packages/airflow/example_dags/example_nested_branch_dag.py
[2022-01-24 19:44:15,525] {processor.py:654} INFO - DAG(s) dict_keys(['example_nested_branch_dag']) retrieved from /home/airflow/.local/lib/python3.6/site-packages/airflow/example_dags/example_nested_branch_dag.py
[2022-01-24 19:44:15,535] {logging_mixin.py:109} INFO - [2022-01-24 19:44:15,534] {dag.py:2396} INFO - Sync 1 DAGs
[2022-01-24 19:44:15,551] {logging_mixin.py:109} INFO - [2022-01-24 19:44:15,551] {dag.py:2935} INFO - Setting next_dagrun for example_nested_branch_dag to 2022-01-23 00:00:00+00:00
[2022-01-24 19:44:15,559] {processor.py:171} INFO - Processing /home/airflow/.local/lib/python3.6/site-packages/airflow/example_dags/example_nested_branch_dag.py took 0.062 seconds
[2022-01-24 19:44:46,267] {processor.py:163} INFO - Started process (PID=491) to work on /home/airflow/.local/lib/python3.6/site-packages/airflow/example_dags/example_nested_branch_dag.py
[2022-01-24 19:44:46,269] {processor.py:642} INFO - Processing file /home/airflow/.local/lib/python3.6/site-packages/airflow/example_dags/example_nested_branch_dag.py for tasks to queue
[2022-01-24 19:44:46,270] {logging_mixin.py:109} INFO - [2022-01-24 19:44:46,269] {dagbag.py:500} INFO - Filling up the DagBag from /home/airflow/.local/lib/python3.6/site-packages/airflow/example_dags/example_nested_branch_dag.py
[2022-01-24 19:44:46,310] {processor.py:654} INFO - DAG(s) dict_keys(['example_nested_branch_dag']) retrieved from /home/airflow/.local/lib/python3.6/site-packages/airflow/example_dags/example_nested_branch_dag.py
[2022-01-24 19:44:46,332] {logging_mixin.py:109} INFO - [2022-01-24 19:44:46,331] {dag.py:2396} INFO - Sync 1 DAGs
[2022-01-24 19:44:46,360] {logging_mixin.py:109} INFO - [2022-01-24 19:44:46,360] {dag.py:2935} INFO - Setting next_dagrun for example_nested_branch_dag to 2022-01-23 00:00:00+00:00
[2022-01-24 19:44:46,374] {processor.py:171} INFO - Processing /home/airflow/.local/lib/python3.6/site-packages/airflow/example_dags/example_nested_branch_dag.py took 0.110 seconds
[2022-01-24 19:45:16,530] {processor.py:163} INFO - Started process (PID=543) to work on /home/airflow/.local/lib/python3.6/site-packages/airflow/example_dags/example_nested_branch_dag.py
[2022-01-24 19:45:16,531] {processor.py:642} INFO - Processing file /home/airflow/.local/lib/python3.6/site-packages/airflow/example_dags/example_nested_branch_dag.py for tasks to queue
[2022-01-24 19:45:16,532] {logging_mixin.py:109} INFO - [2022-01-24 19:45:16,532] {dagbag.py:500} INFO - Filling up the DagBag from /home/airflow/.local/lib/python3.6/site-packages/airflow/example_dags/example_nested_branch_dag.py
[2022-01-24 19:45:16,584] {processor.py:654} INFO - DAG(s) dict_keys(['example_nested_branch_dag']) retrieved from /home/airflow/.local/lib/python3.6/site-packages/airflow/example_dags/example_nested_branch_dag.py
[2022-01-24 19:45:16,603] {logging_mixin.py:109} INFO - [2022-01-24 19:45:16,603] {dag.py:2396} INFO - Sync 1 DAGs
[2022-01-24 19:45:16,637] {logging_mixin.py:109} INFO - [2022-01-24 19:45:16,637] {dag.py:2935} INFO - Setting next_dagrun for example_nested_branch_dag to 2022-01-23 00:00:00+00:00
[2022-01-24 19:45:16,657] {processor.py:171} INFO - Processing /home/airflow/.local/lib/python3.6/site-packages/airflow/example_dags/example_nested_branch_dag.py took 0.132 seconds
[2022-01-24 19:45:47,215] {processor.py:163} INFO - Started process (PID=596) to work on /home/airflow/.local/lib/python3.6/site-packages/airflow/example_dags/example_nested_branch_dag.py
[2022-01-24 19:45:47,216] {processor.py:642} INFO - Processing file /home/airflow/.local/lib/python3.6/site-packages/airflow/example_dags/example_nested_branch_dag.py for tasks to queue
[2022-01-24 19:45:47,217] {logging_mixin.py:109} INFO - [2022-01-24 19:45:47,217] {dagbag.py:500} INFO - Filling up the DagBag from /home/airflow/.local/lib/python3.6/site-packages/airflow/example_dags/example_nested_branch_dag.py
[2022-01-24 19:45:47,243] {processor.py:654} INFO - DAG(s) dict_keys(['example_nested_branch_dag']) retrieved from /home/airflow/.local/lib/python3.6/site-packages/airflow/example_dags/example_nested_branch_dag.py
[2022-01-24 19:45:47,255] {logging_mixin.py:109} INFO - [2022-01-24 19:45:47,255] {dag.py:2396} INFO - Sync 1 DAGs
[2022-01-24 19:45:47,278] {logging_mixin.py:109} INFO - [2022-01-24 19:45:47,278] {dag.py:2935} INFO - Setting next_dagrun for example_nested_branch_dag to 2022-01-23 00:00:00+00:00
[2022-01-24 19:45:47,291] {processor.py:171} INFO - Processing /home/airflow/.local/lib/python3.6/site-packages/airflow/example_dags/example_nested_branch_dag.py took 0.078 seconds
[2022-01-24 19:46:17,514] {processor.py:163} INFO - Started process (PID=658) to work on /home/airflow/.local/lib/python3.6/site-packages/airflow/example_dags/example_nested_branch_dag.py
[2022-01-24 19:46:17,516] {processor.py:642} INFO - Processing file /home/airflow/.local/lib/python3.6/site-packages/airflow/example_dags/example_nested_branch_dag.py for tasks to queue
[2022-01-24 19:46:17,517] {logging_mixin.py:109} INFO - [2022-01-24 19:46:17,516] {dagbag.py:500} INFO - Filling up the DagBag from /home/airflow/.local/lib/python3.6/site-packages/airflow/example_dags/example_nested_branch_dag.py
[2022-01-24 19:46:17,557] {processor.py:654} INFO - DAG(s) dict_keys(['example_nested_branch_dag']) retrieved from /home/airflow/.local/lib/python3.6/site-packages/airflow/example_dags/example_nested_branch_dag.py
[2022-01-24 19:46:17,579] {logging_mixin.py:109} INFO - [2022-01-24 19:46:17,579] {dag.py:2396} INFO - Sync 1 DAGs
[2022-01-24 19:46:17,609] {logging_mixin.py:109} INFO - [2022-01-24 19:46:17,609] {dag.py:2935} INFO - Setting next_dagrun for example_nested_branch_dag to 2022-01-23 00:00:00+00:00
[2022-01-24 19:46:17,632] {processor.py:171} INFO - Processing /home/airflow/.local/lib/python3.6/site-packages/airflow/example_dags/example_nested_branch_dag.py took 0.123 seconds
[2022-01-24 19:46:48,275] {processor.py:163} INFO - Started process (PID=711) to work on /home/airflow/.local/lib/python3.6/site-packages/airflow/example_dags/example_nested_branch_dag.py
[2022-01-24 19:46:48,305] {processor.py:642} INFO - Processing file /home/airflow/.local/lib/python3.6/site-packages/airflow/example_dags/example_nested_branch_dag.py for tasks to queue
[2022-01-24 19:46:48,307] {logging_mixin.py:109} INFO - [2022-01-24 19:46:48,307] {dagbag.py:500} INFO - Filling up the DagBag from /home/airflow/.local/lib/python3.6/site-packages/airflow/example_dags/example_nested_branch_dag.py
[2022-01-24 19:46:48,348] {processor.py:654} INFO - DAG(s) dict_keys(['example_nested_branch_dag']) retrieved from /home/airflow/.local/lib/python3.6/site-packages/airflow/example_dags/example_nested_branch_dag.py
[2022-01-24 19:46:48,361] {logging_mixin.py:109} INFO - [2022-01-24 19:46:48,361] {dag.py:2396} INFO - Sync 1 DAGs
[2022-01-24 19:46:48,384] {logging_mixin.py:109} INFO - [2022-01-24 19:46:48,384] {dag.py:2935} INFO - Setting next_dagrun for example_nested_branch_dag to 2022-01-23 00:00:00+00:00
[2022-01-24 19:46:48,394] {processor.py:171} INFO - Processing /home/airflow/.local/lib/python3.6/site-packages/airflow/example_dags/example_nested_branch_dag.py took 0.131 seconds
[2022-01-24 19:47:18,646] {processor.py:163} INFO - Started process (PID=763) to work on /home/airflow/.local/lib/python3.6/site-packages/airflow/example_dags/example_nested_branch_dag.py
[2022-01-24 19:47:18,659] {processor.py:642} INFO - Processing file /home/airflow/.local/lib/python3.6/site-packages/airflow/example_dags/example_nested_branch_dag.py for tasks to queue
[2022-01-24 19:47:18,661] {logging_mixin.py:109} INFO - [2022-01-24 19:47:18,660] {dagbag.py:500} INFO - Filling up the DagBag from /home/airflow/.local/lib/python3.6/site-packages/airflow/example_dags/example_nested_branch_dag.py
[2022-01-24 19:47:18,702] {processor.py:654} INFO - DAG(s) dict_keys(['example_nested_branch_dag']) retrieved from /home/airflow/.local/lib/python3.6/site-packages/airflow/example_dags/example_nested_branch_dag.py
[2022-01-24 19:47:18,715] {logging_mixin.py:109} INFO - [2022-01-24 19:47:18,715] {dag.py:2396} INFO - Sync 1 DAGs
[2022-01-24 19:47:18,738] {logging_mixin.py:109} INFO - [2022-01-24 19:47:18,736] {dag.py:2935} INFO - Setting next_dagrun for example_nested_branch_dag to 2022-01-23 00:00:00+00:00
[2022-01-24 19:47:18,774] {processor.py:171} INFO - Processing /home/airflow/.local/lib/python3.6/site-packages/airflow/example_dags/example_nested_branch_dag.py took 0.132 seconds
[2022-01-24 19:47:50,642] {processor.py:163} INFO - Started process (PID=824) to work on /home/airflow/.local/lib/python3.6/site-packages/airflow/example_dags/example_nested_branch_dag.py
[2022-01-24 19:47:50,654] {processor.py:642} INFO - Processing file /home/airflow/.local/lib/python3.6/site-packages/airflow/example_dags/example_nested_branch_dag.py for tasks to queue
[2022-01-24 19:47:50,655] {logging_mixin.py:109} INFO - [2022-01-24 19:47:50,655] {dagbag.py:500} INFO - Filling up the DagBag from /home/airflow/.local/lib/python3.6/site-packages/airflow/example_dags/example_nested_branch_dag.py
[2022-01-24 19:47:50,699] {processor.py:654} INFO - DAG(s) dict_keys(['example_nested_branch_dag']) retrieved from /home/airflow/.local/lib/python3.6/site-packages/airflow/example_dags/example_nested_branch_dag.py
[2022-01-24 19:47:50,717] {logging_mixin.py:109} INFO - [2022-01-24 19:47:50,717] {dag.py:2396} INFO - Sync 1 DAGs
[2022-01-24 19:47:50,749] {logging_mixin.py:109} INFO - [2022-01-24 19:47:50,749] {dag.py:2935} INFO - Setting next_dagrun for example_nested_branch_dag to 2022-01-23 00:00:00+00:00
[2022-01-24 19:47:50,761] {processor.py:171} INFO - Processing /home/airflow/.local/lib/python3.6/site-packages/airflow/example_dags/example_nested_branch_dag.py took 0.122 seconds
[2022-01-24 19:48:21,499] {processor.py:163} INFO - Started process (PID=877) to work on /home/airflow/.local/lib/python3.6/site-packages/airflow/example_dags/example_nested_branch_dag.py
[2022-01-24 19:48:21,501] {processor.py:642} INFO - Processing file /home/airflow/.local/lib/python3.6/site-packages/airflow/example_dags/example_nested_branch_dag.py for tasks to queue
[2022-01-24 19:48:21,503] {logging_mixin.py:109} INFO - [2022-01-24 19:48:21,502] {dagbag.py:500} INFO - Filling up the DagBag from /home/airflow/.local/lib/python3.6/site-packages/airflow/example_dags/example_nested_branch_dag.py
[2022-01-24 19:48:21,555] {processor.py:654} INFO - DAG(s) dict_keys(['example_nested_branch_dag']) retrieved from /home/airflow/.local/lib/python3.6/site-packages/airflow/example_dags/example_nested_branch_dag.py
[2022-01-24 19:48:21,578] {logging_mixin.py:109} INFO - [2022-01-24 19:48:21,577] {dag.py:2396} INFO - Sync 1 DAGs
[2022-01-24 19:48:21,613] {logging_mixin.py:109} INFO - [2022-01-24 19:48:21,612] {dag.py:2935} INFO - Setting next_dagrun for example_nested_branch_dag to 2022-01-23 00:00:00+00:00
[2022-01-24 19:48:21,623] {processor.py:171} INFO - Processing /home/airflow/.local/lib/python3.6/site-packages/airflow/example_dags/example_nested_branch_dag.py took 0.129 seconds
[2022-01-24 19:48:51,724] {processor.py:163} INFO - Started process (PID=939) to work on /home/airflow/.local/lib/python3.6/site-packages/airflow/example_dags/example_nested_branch_dag.py
[2022-01-24 19:48:51,727] {processor.py:642} INFO - Processing file /home/airflow/.local/lib/python3.6/site-packages/airflow/example_dags/example_nested_branch_dag.py for tasks to queue
[2022-01-24 19:48:51,729] {logging_mixin.py:109} INFO - [2022-01-24 19:48:51,728] {dagbag.py:500} INFO - Filling up the DagBag from /home/airflow/.local/lib/python3.6/site-packages/airflow/example_dags/example_nested_branch_dag.py
[2022-01-24 19:48:51,769] {processor.py:654} INFO - DAG(s) dict_keys(['example_nested_branch_dag']) retrieved from /home/airflow/.local/lib/python3.6/site-packages/airflow/example_dags/example_nested_branch_dag.py
[2022-01-24 19:48:51,780] {logging_mixin.py:109} INFO - [2022-01-24 19:48:51,780] {dag.py:2396} INFO - Sync 1 DAGs
[2022-01-24 19:48:51,798] {logging_mixin.py:109} INFO - [2022-01-24 19:48:51,798] {dag.py:2935} INFO - Setting next_dagrun for example_nested_branch_dag to 2022-01-23 00:00:00+00:00
[2022-01-24 19:48:51,805] {processor.py:171} INFO - Processing /home/airflow/.local/lib/python3.6/site-packages/airflow/example_dags/example_nested_branch_dag.py took 0.089 seconds
[2022-01-24 19:49:22,018] {processor.py:163} INFO - Started process (PID=992) to work on /home/airflow/.local/lib/python3.6/site-packages/airflow/example_dags/example_nested_branch_dag.py
[2022-01-24 19:49:22,021] {processor.py:642} INFO - Processing file /home/airflow/.local/lib/python3.6/site-packages/airflow/example_dags/example_nested_branch_dag.py for tasks to queue
[2022-01-24 19:49:22,022] {logging_mixin.py:109} INFO - [2022-01-24 19:49:22,022] {dagbag.py:500} INFO - Filling up the DagBag from /home/airflow/.local/lib/python3.6/site-packages/airflow/example_dags/example_nested_branch_dag.py
[2022-01-24 19:49:22,064] {processor.py:654} INFO - DAG(s) dict_keys(['example_nested_branch_dag']) retrieved from /home/airflow/.local/lib/python3.6/site-packages/airflow/example_dags/example_nested_branch_dag.py
[2022-01-24 19:49:22,074] {logging_mixin.py:109} INFO - [2022-01-24 19:49:22,074] {dag.py:2396} INFO - Sync 1 DAGs
[2022-01-24 19:49:22,091] {logging_mixin.py:109} INFO - [2022-01-24 19:49:22,091] {dag.py:2935} INFO - Setting next_dagrun for example_nested_branch_dag to 2022-01-23 00:00:00+00:00
[2022-01-24 19:49:22,101] {processor.py:171} INFO - Processing /home/airflow/.local/lib/python3.6/site-packages/airflow/example_dags/example_nested_branch_dag.py took 0.089 seconds
[2022-01-24 19:49:52,978] {processor.py:163} INFO - Started process (PID=1056) to work on /home/airflow/.local/lib/python3.6/site-packages/airflow/example_dags/example_nested_branch_dag.py
[2022-01-24 19:49:52,979] {processor.py:642} INFO - Processing file /home/airflow/.local/lib/python3.6/site-packages/airflow/example_dags/example_nested_branch_dag.py for tasks to queue
[2022-01-24 19:49:52,979] {logging_mixin.py:109} INFO - [2022-01-24 19:49:52,979] {dagbag.py:500} INFO - Filling up the DagBag from /home/airflow/.local/lib/python3.6/site-packages/airflow/example_dags/example_nested_branch_dag.py
[2022-01-24 19:49:53,003] {processor.py:654} INFO - DAG(s) dict_keys(['example_nested_branch_dag']) retrieved from /home/airflow/.local/lib/python3.6/site-packages/airflow/example_dags/example_nested_branch_dag.py
[2022-01-24 19:49:53,012] {logging_mixin.py:109} INFO - [2022-01-24 19:49:53,012] {dag.py:2396} INFO - Sync 1 DAGs
[2022-01-24 19:49:53,026] {logging_mixin.py:109} INFO - [2022-01-24 19:49:53,026] {dag.py:2935} INFO - Setting next_dagrun for example_nested_branch_dag to 2022-01-23 00:00:00+00:00
[2022-01-24 19:49:53,033] {processor.py:171} INFO - Processing /home/airflow/.local/lib/python3.6/site-packages/airflow/example_dags/example_nested_branch_dag.py took 0.057 seconds
[2022-01-24 19:50:23,149] {processor.py:163} INFO - Started process (PID=1109) to work on /home/airflow/.local/lib/python3.6/site-packages/airflow/example_dags/example_nested_branch_dag.py
[2022-01-24 19:50:23,150] {processor.py:642} INFO - Processing file /home/airflow/.local/lib/python3.6/site-packages/airflow/example_dags/example_nested_branch_dag.py for tasks to queue
[2022-01-24 19:50:23,151] {logging_mixin.py:109} INFO - [2022-01-24 19:50:23,151] {dagbag.py:500} INFO - Filling up the DagBag from /home/airflow/.local/lib/python3.6/site-packages/airflow/example_dags/example_nested_branch_dag.py
[2022-01-24 19:50:23,185] {processor.py:654} INFO - DAG(s) dict_keys(['example_nested_branch_dag']) retrieved from /home/airflow/.local/lib/python3.6/site-packages/airflow/example_dags/example_nested_branch_dag.py
[2022-01-24 19:50:23,208] {logging_mixin.py:109} INFO - [2022-01-24 19:50:23,207] {dag.py:2396} INFO - Sync 1 DAGs
[2022-01-24 19:50:23,246] {logging_mixin.py:109} INFO - [2022-01-24 19:50:23,245] {dag.py:2935} INFO - Setting next_dagrun for example_nested_branch_dag to 2022-01-23 00:00:00+00:00
[2022-01-24 19:50:23,259] {processor.py:171} INFO - Processing /home/airflow/.local/lib/python3.6/site-packages/airflow/example_dags/example_nested_branch_dag.py took 0.115 seconds
[2022-01-24 19:50:53,529] {processor.py:163} INFO - Started process (PID=1162) to work on /home/airflow/.local/lib/python3.6/site-packages/airflow/example_dags/example_nested_branch_dag.py
[2022-01-24 19:50:53,530] {processor.py:642} INFO - Processing file /home/airflow/.local/lib/python3.6/site-packages/airflow/example_dags/example_nested_branch_dag.py for tasks to queue
[2022-01-24 19:50:53,531] {logging_mixin.py:109} INFO - [2022-01-24 19:50:53,531] {dagbag.py:500} INFO - Filling up the DagBag from /home/airflow/.local/lib/python3.6/site-packages/airflow/example_dags/example_nested_branch_dag.py
[2022-01-24 19:50:53,560] {processor.py:654} INFO - DAG(s) dict_keys(['example_nested_branch_dag']) retrieved from /home/airflow/.local/lib/python3.6/site-packages/airflow/example_dags/example_nested_branch_dag.py
[2022-01-24 19:50:53,571] {logging_mixin.py:109} INFO - [2022-01-24 19:50:53,571] {dag.py:2396} INFO - Sync 1 DAGs
[2022-01-24 19:50:53,588] {logging_mixin.py:109} INFO - [2022-01-24 19:50:53,588] {dag.py:2935} INFO - Setting next_dagrun for example_nested_branch_dag to 2022-01-23 00:00:00+00:00
[2022-01-24 19:50:53,598] {processor.py:171} INFO - Processing /home/airflow/.local/lib/python3.6/site-packages/airflow/example_dags/example_nested_branch_dag.py took 0.071 seconds
[2022-01-24 19:51:23,809] {processor.py:163} INFO - Started process (PID=1226) to work on /home/airflow/.local/lib/python3.6/site-packages/airflow/example_dags/example_nested_branch_dag.py
[2022-01-24 19:51:23,810] {processor.py:642} INFO - Processing file /home/airflow/.local/lib/python3.6/site-packages/airflow/example_dags/example_nested_branch_dag.py for tasks to queue
[2022-01-24 19:51:23,811] {logging_mixin.py:109} INFO - [2022-01-24 19:51:23,810] {dagbag.py:500} INFO - Filling up the DagBag from /home/airflow/.local/lib/python3.6/site-packages/airflow/example_dags/example_nested_branch_dag.py
[2022-01-24 19:51:23,837] {processor.py:654} INFO - DAG(s) dict_keys(['example_nested_branch_dag']) retrieved from /home/airflow/.local/lib/python3.6/site-packages/airflow/example_dags/example_nested_branch_dag.py
[2022-01-24 19:51:23,846] {logging_mixin.py:109} INFO - [2022-01-24 19:51:23,846] {dag.py:2396} INFO - Sync 1 DAGs
[2022-01-24 19:51:23,864] {logging_mixin.py:109} INFO - [2022-01-24 19:51:23,864] {dag.py:2935} INFO - Setting next_dagrun for example_nested_branch_dag to 2022-01-23 00:00:00+00:00
[2022-01-24 19:51:23,873] {processor.py:171} INFO - Processing /home/airflow/.local/lib/python3.6/site-packages/airflow/example_dags/example_nested_branch_dag.py took 0.067 seconds
[2022-01-24 19:51:54,168] {processor.py:163} INFO - Started process (PID=1279) to work on /home/airflow/.local/lib/python3.6/site-packages/airflow/example_dags/example_nested_branch_dag.py
[2022-01-24 19:51:54,169] {processor.py:642} INFO - Processing file /home/airflow/.local/lib/python3.6/site-packages/airflow/example_dags/example_nested_branch_dag.py for tasks to queue
[2022-01-24 19:51:54,170] {logging_mixin.py:109} INFO - [2022-01-24 19:51:54,169] {dagbag.py:500} INFO - Filling up the DagBag from /home/airflow/.local/lib/python3.6/site-packages/airflow/example_dags/example_nested_branch_dag.py
[2022-01-24 19:51:54,199] {processor.py:654} INFO - DAG(s) dict_keys(['example_nested_branch_dag']) retrieved from /home/airflow/.local/lib/python3.6/site-packages/airflow/example_dags/example_nested_branch_dag.py
[2022-01-24 19:51:54,212] {logging_mixin.py:109} INFO - [2022-01-24 19:51:54,211] {dag.py:2396} INFO - Sync 1 DAGs
[2022-01-24 19:51:54,230] {logging_mixin.py:109} INFO - [2022-01-24 19:51:54,230] {dag.py:2935} INFO - Setting next_dagrun for example_nested_branch_dag to 2022-01-23 00:00:00+00:00
[2022-01-24 19:51:54,240] {processor.py:171} INFO - Processing /home/airflow/.local/lib/python3.6/site-packages/airflow/example_dags/example_nested_branch_dag.py took 0.075 seconds
[2022-01-24 19:52:24,467] {processor.py:163} INFO - Started process (PID=1332) to work on /home/airflow/.local/lib/python3.6/site-packages/airflow/example_dags/example_nested_branch_dag.py
[2022-01-24 19:52:24,468] {processor.py:642} INFO - Processing file /home/airflow/.local/lib/python3.6/site-packages/airflow/example_dags/example_nested_branch_dag.py for tasks to queue
[2022-01-24 19:52:24,468] {logging_mixin.py:109} INFO - [2022-01-24 19:52:24,468] {dagbag.py:500} INFO - Filling up the DagBag from /home/airflow/.local/lib/python3.6/site-packages/airflow/example_dags/example_nested_branch_dag.py
[2022-01-24 19:52:24,496] {processor.py:654} INFO - DAG(s) dict_keys(['example_nested_branch_dag']) retrieved from /home/airflow/.local/lib/python3.6/site-packages/airflow/example_dags/example_nested_branch_dag.py
[2022-01-24 19:52:24,508] {logging_mixin.py:109} INFO - [2022-01-24 19:52:24,508] {dag.py:2396} INFO - Sync 1 DAGs
[2022-01-24 19:52:24,529] {logging_mixin.py:109} INFO - [2022-01-24 19:52:24,529] {dag.py:2935} INFO - Setting next_dagrun for example_nested_branch_dag to 2022-01-23 00:00:00+00:00
[2022-01-24 19:52:24,538] {processor.py:171} INFO - Processing /home/airflow/.local/lib/python3.6/site-packages/airflow/example_dags/example_nested_branch_dag.py took 0.074 seconds
