[2022-01-24 19:42:50,280] {processor.py:163} INFO - Started process (PID=94) to work on /home/airflow/.local/lib/python3.6/site-packages/airflow/example_dags/example_branch_operator.py
[2022-01-24 19:42:50,285] {processor.py:642} INFO - Processing file /home/airflow/.local/lib/python3.6/site-packages/airflow/example_dags/example_branch_operator.py for tasks to queue
[2022-01-24 19:42:50,286] {logging_mixin.py:109} INFO - [2022-01-24 19:42:50,286] {dagbag.py:500} INFO - Filling up the DagBag from /home/airflow/.local/lib/python3.6/site-packages/airflow/example_dags/example_branch_operator.py
[2022-01-24 19:42:50,551] {processor.py:654} INFO - DAG(s) dict_keys(['example_branch_operator']) retrieved from /home/airflow/.local/lib/python3.6/site-packages/airflow/example_dags/example_branch_operator.py
[2022-01-24 19:42:57,258] {logging_mixin.py:109} INFO - [2022-01-24 19:42:57,258] {manager.py:496} INFO - Created Permission View: can edit on DAG:example_branch_operator
[2022-01-24 19:42:57,272] {logging_mixin.py:109} INFO - [2022-01-24 19:42:57,272] {manager.py:496} INFO - Created Permission View: can read on DAG:example_branch_operator
[2022-01-24 19:42:57,275] {logging_mixin.py:109} INFO - [2022-01-24 19:42:57,273] {dag.py:2396} INFO - Sync 1 DAGs
[2022-01-24 19:42:57,294] {logging_mixin.py:109} INFO - [2022-01-24 19:42:57,292] {dag.py:2415} INFO - Creating ORM DAG for example_branch_operator
[2022-01-24 19:42:57,308] {logging_mixin.py:109} INFO - [2022-01-24 19:42:57,308] {dag.py:2935} INFO - Setting next_dagrun for example_branch_operator to 2022-01-23 00:00:00+00:00
[2022-01-24 19:42:57,336] {processor.py:171} INFO - Processing /home/airflow/.local/lib/python3.6/site-packages/airflow/example_dags/example_branch_operator.py took 7.072 seconds
[2022-01-24 19:43:38,868] {processor.py:163} INFO - Started process (PID=367) to work on /home/airflow/.local/lib/python3.6/site-packages/airflow/example_dags/example_branch_operator.py
[2022-01-24 19:43:38,869] {processor.py:642} INFO - Processing file /home/airflow/.local/lib/python3.6/site-packages/airflow/example_dags/example_branch_operator.py for tasks to queue
[2022-01-24 19:43:38,870] {logging_mixin.py:109} INFO - [2022-01-24 19:43:38,870] {dagbag.py:500} INFO - Filling up the DagBag from /home/airflow/.local/lib/python3.6/site-packages/airflow/example_dags/example_branch_operator.py
[2022-01-24 19:43:38,949] {processor.py:654} INFO - DAG(s) dict_keys(['example_branch_operator']) retrieved from /home/airflow/.local/lib/python3.6/site-packages/airflow/example_dags/example_branch_operator.py
[2022-01-24 19:43:38,974] {logging_mixin.py:109} INFO - [2022-01-24 19:43:38,974] {dag.py:2396} INFO - Sync 1 DAGs
[2022-01-24 19:43:39,013] {logging_mixin.py:109} INFO - [2022-01-24 19:43:39,013] {dag.py:2935} INFO - Setting next_dagrun for example_branch_operator to 2022-01-23 00:00:00+00:00
[2022-01-24 19:43:39,031] {processor.py:171} INFO - Processing /home/airflow/.local/lib/python3.6/site-packages/airflow/example_dags/example_branch_operator.py took 0.168 seconds
[2022-01-24 19:44:09,763] {processor.py:163} INFO - Started process (PID=418) to work on /home/airflow/.local/lib/python3.6/site-packages/airflow/example_dags/example_branch_operator.py
[2022-01-24 19:44:09,764] {processor.py:642} INFO - Processing file /home/airflow/.local/lib/python3.6/site-packages/airflow/example_dags/example_branch_operator.py for tasks to queue
[2022-01-24 19:44:09,765] {logging_mixin.py:109} INFO - [2022-01-24 19:44:09,764] {dagbag.py:500} INFO - Filling up the DagBag from /home/airflow/.local/lib/python3.6/site-packages/airflow/example_dags/example_branch_operator.py
[2022-01-24 19:44:09,798] {processor.py:654} INFO - DAG(s) dict_keys(['example_branch_operator']) retrieved from /home/airflow/.local/lib/python3.6/site-packages/airflow/example_dags/example_branch_operator.py
[2022-01-24 19:44:09,812] {logging_mixin.py:109} INFO - [2022-01-24 19:44:09,812] {dag.py:2396} INFO - Sync 1 DAGs
[2022-01-24 19:44:09,836] {logging_mixin.py:109} INFO - [2022-01-24 19:44:09,835] {dag.py:2935} INFO - Setting next_dagrun for example_branch_operator to 2022-01-23 00:00:00+00:00
[2022-01-24 19:44:09,847] {processor.py:171} INFO - Processing /home/airflow/.local/lib/python3.6/site-packages/airflow/example_dags/example_branch_operator.py took 0.087 seconds
[2022-01-24 19:44:40,631] {processor.py:163} INFO - Started process (PID=470) to work on /home/airflow/.local/lib/python3.6/site-packages/airflow/example_dags/example_branch_operator.py
[2022-01-24 19:44:40,632] {processor.py:642} INFO - Processing file /home/airflow/.local/lib/python3.6/site-packages/airflow/example_dags/example_branch_operator.py for tasks to queue
[2022-01-24 19:44:40,632] {logging_mixin.py:109} INFO - [2022-01-24 19:44:40,632] {dagbag.py:500} INFO - Filling up the DagBag from /home/airflow/.local/lib/python3.6/site-packages/airflow/example_dags/example_branch_operator.py
[2022-01-24 19:44:40,665] {processor.py:654} INFO - DAG(s) dict_keys(['example_branch_operator']) retrieved from /home/airflow/.local/lib/python3.6/site-packages/airflow/example_dags/example_branch_operator.py
[2022-01-24 19:44:40,680] {logging_mixin.py:109} INFO - [2022-01-24 19:44:40,680] {dag.py:2396} INFO - Sync 1 DAGs
[2022-01-24 19:44:40,701] {logging_mixin.py:109} INFO - [2022-01-24 19:44:40,701] {dag.py:2935} INFO - Setting next_dagrun for example_branch_operator to 2022-01-23 00:00:00+00:00
[2022-01-24 19:44:40,709] {processor.py:171} INFO - Processing /home/airflow/.local/lib/python3.6/site-packages/airflow/example_dags/example_branch_operator.py took 0.080 seconds
[2022-01-24 19:45:11,436] {processor.py:163} INFO - Started process (PID=532) to work on /home/airflow/.local/lib/python3.6/site-packages/airflow/example_dags/example_branch_operator.py
[2022-01-24 19:45:11,438] {processor.py:642} INFO - Processing file /home/airflow/.local/lib/python3.6/site-packages/airflow/example_dags/example_branch_operator.py for tasks to queue
[2022-01-24 19:45:11,439] {logging_mixin.py:109} INFO - [2022-01-24 19:45:11,438] {dagbag.py:500} INFO - Filling up the DagBag from /home/airflow/.local/lib/python3.6/site-packages/airflow/example_dags/example_branch_operator.py
[2022-01-24 19:45:11,484] {processor.py:654} INFO - DAG(s) dict_keys(['example_branch_operator']) retrieved from /home/airflow/.local/lib/python3.6/site-packages/airflow/example_dags/example_branch_operator.py
[2022-01-24 19:45:11,503] {logging_mixin.py:109} INFO - [2022-01-24 19:45:11,503] {dag.py:2396} INFO - Sync 1 DAGs
[2022-01-24 19:45:11,531] {logging_mixin.py:109} INFO - [2022-01-24 19:45:11,531] {dag.py:2935} INFO - Setting next_dagrun for example_branch_operator to 2022-01-23 00:00:00+00:00
[2022-01-24 19:45:11,546] {processor.py:171} INFO - Processing /home/airflow/.local/lib/python3.6/site-packages/airflow/example_dags/example_branch_operator.py took 0.114 seconds
[2022-01-24 19:45:42,291] {processor.py:163} INFO - Started process (PID=585) to work on /home/airflow/.local/lib/python3.6/site-packages/airflow/example_dags/example_branch_operator.py
[2022-01-24 19:45:42,292] {processor.py:642} INFO - Processing file /home/airflow/.local/lib/python3.6/site-packages/airflow/example_dags/example_branch_operator.py for tasks to queue
[2022-01-24 19:45:42,293] {logging_mixin.py:109} INFO - [2022-01-24 19:45:42,293] {dagbag.py:500} INFO - Filling up the DagBag from /home/airflow/.local/lib/python3.6/site-packages/airflow/example_dags/example_branch_operator.py
[2022-01-24 19:45:42,339] {processor.py:654} INFO - DAG(s) dict_keys(['example_branch_operator']) retrieved from /home/airflow/.local/lib/python3.6/site-packages/airflow/example_dags/example_branch_operator.py
[2022-01-24 19:45:42,355] {logging_mixin.py:109} INFO - [2022-01-24 19:45:42,355] {dag.py:2396} INFO - Sync 1 DAGs
[2022-01-24 19:45:42,382] {logging_mixin.py:109} INFO - [2022-01-24 19:45:42,382] {dag.py:2935} INFO - Setting next_dagrun for example_branch_operator to 2022-01-23 00:00:00+00:00
[2022-01-24 19:45:42,394] {processor.py:171} INFO - Processing /home/airflow/.local/lib/python3.6/site-packages/airflow/example_dags/example_branch_operator.py took 0.106 seconds
[2022-01-24 19:46:12,677] {processor.py:163} INFO - Started process (PID=638) to work on /home/airflow/.local/lib/python3.6/site-packages/airflow/example_dags/example_branch_operator.py
[2022-01-24 19:46:12,679] {processor.py:642} INFO - Processing file /home/airflow/.local/lib/python3.6/site-packages/airflow/example_dags/example_branch_operator.py for tasks to queue
[2022-01-24 19:46:12,680] {logging_mixin.py:109} INFO - [2022-01-24 19:46:12,680] {dagbag.py:500} INFO - Filling up the DagBag from /home/airflow/.local/lib/python3.6/site-packages/airflow/example_dags/example_branch_operator.py
[2022-01-24 19:46:12,750] {processor.py:654} INFO - DAG(s) dict_keys(['example_branch_operator']) retrieved from /home/airflow/.local/lib/python3.6/site-packages/airflow/example_dags/example_branch_operator.py
[2022-01-24 19:46:12,773] {logging_mixin.py:109} INFO - [2022-01-24 19:46:12,773] {dag.py:2396} INFO - Sync 1 DAGs
[2022-01-24 19:46:12,811] {logging_mixin.py:109} INFO - [2022-01-24 19:46:12,811] {dag.py:2935} INFO - Setting next_dagrun for example_branch_operator to 2022-01-23 00:00:00+00:00
[2022-01-24 19:46:12,824] {processor.py:171} INFO - Processing /home/airflow/.local/lib/python3.6/site-packages/airflow/example_dags/example_branch_operator.py took 0.153 seconds
[2022-01-24 19:46:43,829] {processor.py:163} INFO - Started process (PID=701) to work on /home/airflow/.local/lib/python3.6/site-packages/airflow/example_dags/example_branch_operator.py
[2022-01-24 19:46:43,830] {processor.py:642} INFO - Processing file /home/airflow/.local/lib/python3.6/site-packages/airflow/example_dags/example_branch_operator.py for tasks to queue
[2022-01-24 19:46:43,831] {logging_mixin.py:109} INFO - [2022-01-24 19:46:43,831] {dagbag.py:500} INFO - Filling up the DagBag from /home/airflow/.local/lib/python3.6/site-packages/airflow/example_dags/example_branch_operator.py
[2022-01-24 19:46:43,861] {processor.py:654} INFO - DAG(s) dict_keys(['example_branch_operator']) retrieved from /home/airflow/.local/lib/python3.6/site-packages/airflow/example_dags/example_branch_operator.py
[2022-01-24 19:46:43,873] {logging_mixin.py:109} INFO - [2022-01-24 19:46:43,873] {dag.py:2396} INFO - Sync 1 DAGs
[2022-01-24 19:46:43,896] {logging_mixin.py:109} INFO - [2022-01-24 19:46:43,896] {dag.py:2935} INFO - Setting next_dagrun for example_branch_operator to 2022-01-23 00:00:00+00:00
[2022-01-24 19:46:43,905] {processor.py:171} INFO - Processing /home/airflow/.local/lib/python3.6/site-packages/airflow/example_dags/example_branch_operator.py took 0.079 seconds
[2022-01-24 19:47:14,916] {processor.py:163} INFO - Started process (PID=753) to work on /home/airflow/.local/lib/python3.6/site-packages/airflow/example_dags/example_branch_operator.py
[2022-01-24 19:47:14,920] {processor.py:642} INFO - Processing file /home/airflow/.local/lib/python3.6/site-packages/airflow/example_dags/example_branch_operator.py for tasks to queue
[2022-01-24 19:47:14,921] {logging_mixin.py:109} INFO - [2022-01-24 19:47:14,921] {dagbag.py:500} INFO - Filling up the DagBag from /home/airflow/.local/lib/python3.6/site-packages/airflow/example_dags/example_branch_operator.py
[2022-01-24 19:47:14,950] {processor.py:654} INFO - DAG(s) dict_keys(['example_branch_operator']) retrieved from /home/airflow/.local/lib/python3.6/site-packages/airflow/example_dags/example_branch_operator.py
[2022-01-24 19:47:14,965] {logging_mixin.py:109} INFO - [2022-01-24 19:47:14,965] {dag.py:2396} INFO - Sync 1 DAGs
[2022-01-24 19:47:14,986] {logging_mixin.py:109} INFO - [2022-01-24 19:47:14,986] {dag.py:2935} INFO - Setting next_dagrun for example_branch_operator to 2022-01-23 00:00:00+00:00
[2022-01-24 19:47:14,995] {processor.py:171} INFO - Processing /home/airflow/.local/lib/python3.6/site-packages/airflow/example_dags/example_branch_operator.py took 0.082 seconds
[2022-01-24 19:47:47,577] {processor.py:163} INFO - Started process (PID=813) to work on /home/airflow/.local/lib/python3.6/site-packages/airflow/example_dags/example_branch_operator.py
[2022-01-24 19:47:47,592] {processor.py:642} INFO - Processing file /home/airflow/.local/lib/python3.6/site-packages/airflow/example_dags/example_branch_operator.py for tasks to queue
[2022-01-24 19:47:47,592] {logging_mixin.py:109} INFO - [2022-01-24 19:47:47,592] {dagbag.py:500} INFO - Filling up the DagBag from /home/airflow/.local/lib/python3.6/site-packages/airflow/example_dags/example_branch_operator.py
[2022-01-24 19:47:47,625] {processor.py:654} INFO - DAG(s) dict_keys(['example_branch_operator']) retrieved from /home/airflow/.local/lib/python3.6/site-packages/airflow/example_dags/example_branch_operator.py
[2022-01-24 19:47:47,636] {logging_mixin.py:109} INFO - [2022-01-24 19:47:47,636] {dag.py:2396} INFO - Sync 1 DAGs
[2022-01-24 19:47:47,656] {logging_mixin.py:109} INFO - [2022-01-24 19:47:47,655] {dag.py:2935} INFO - Setting next_dagrun for example_branch_operator to 2022-01-23 00:00:00+00:00
[2022-01-24 19:47:47,732] {processor.py:171} INFO - Processing /home/airflow/.local/lib/python3.6/site-packages/airflow/example_dags/example_branch_operator.py took 0.158 seconds
[2022-01-24 19:48:17,994] {processor.py:163} INFO - Started process (PID=866) to work on /home/airflow/.local/lib/python3.6/site-packages/airflow/example_dags/example_branch_operator.py
[2022-01-24 19:48:17,995] {processor.py:642} INFO - Processing file /home/airflow/.local/lib/python3.6/site-packages/airflow/example_dags/example_branch_operator.py for tasks to queue
[2022-01-24 19:48:17,996] {logging_mixin.py:109} INFO - [2022-01-24 19:48:17,996] {dagbag.py:500} INFO - Filling up the DagBag from /home/airflow/.local/lib/python3.6/site-packages/airflow/example_dags/example_branch_operator.py
[2022-01-24 19:48:18,027] {processor.py:654} INFO - DAG(s) dict_keys(['example_branch_operator']) retrieved from /home/airflow/.local/lib/python3.6/site-packages/airflow/example_dags/example_branch_operator.py
[2022-01-24 19:48:18,039] {logging_mixin.py:109} INFO - [2022-01-24 19:48:18,039] {dag.py:2396} INFO - Sync 1 DAGs
[2022-01-24 19:48:18,058] {logging_mixin.py:109} INFO - [2022-01-24 19:48:18,058] {dag.py:2935} INFO - Setting next_dagrun for example_branch_operator to 2022-01-23 00:00:00+00:00
[2022-01-24 19:48:18,068] {processor.py:171} INFO - Processing /home/airflow/.local/lib/python3.6/site-packages/airflow/example_dags/example_branch_operator.py took 0.077 seconds
[2022-01-24 19:48:49,086] {processor.py:163} INFO - Started process (PID=928) to work on /home/airflow/.local/lib/python3.6/site-packages/airflow/example_dags/example_branch_operator.py
[2022-01-24 19:48:49,086] {processor.py:642} INFO - Processing file /home/airflow/.local/lib/python3.6/site-packages/airflow/example_dags/example_branch_operator.py for tasks to queue
[2022-01-24 19:48:49,087] {logging_mixin.py:109} INFO - [2022-01-24 19:48:49,087] {dagbag.py:500} INFO - Filling up the DagBag from /home/airflow/.local/lib/python3.6/site-packages/airflow/example_dags/example_branch_operator.py
[2022-01-24 19:48:49,112] {processor.py:654} INFO - DAG(s) dict_keys(['example_branch_operator']) retrieved from /home/airflow/.local/lib/python3.6/site-packages/airflow/example_dags/example_branch_operator.py
[2022-01-24 19:48:49,123] {logging_mixin.py:109} INFO - [2022-01-24 19:48:49,122] {dag.py:2396} INFO - Sync 1 DAGs
[2022-01-24 19:48:49,139] {logging_mixin.py:109} INFO - [2022-01-24 19:48:49,139] {dag.py:2935} INFO - Setting next_dagrun for example_branch_operator to 2022-01-23 00:00:00+00:00
[2022-01-24 19:48:49,147] {processor.py:171} INFO - Processing /home/airflow/.local/lib/python3.6/site-packages/airflow/example_dags/example_branch_operator.py took 0.064 seconds
[2022-01-24 19:49:19,395] {processor.py:163} INFO - Started process (PID=982) to work on /home/airflow/.local/lib/python3.6/site-packages/airflow/example_dags/example_branch_operator.py
[2022-01-24 19:49:19,396] {processor.py:642} INFO - Processing file /home/airflow/.local/lib/python3.6/site-packages/airflow/example_dags/example_branch_operator.py for tasks to queue
[2022-01-24 19:49:19,397] {logging_mixin.py:109} INFO - [2022-01-24 19:49:19,397] {dagbag.py:500} INFO - Filling up the DagBag from /home/airflow/.local/lib/python3.6/site-packages/airflow/example_dags/example_branch_operator.py
[2022-01-24 19:49:19,423] {processor.py:654} INFO - DAG(s) dict_keys(['example_branch_operator']) retrieved from /home/airflow/.local/lib/python3.6/site-packages/airflow/example_dags/example_branch_operator.py
[2022-01-24 19:49:19,433] {logging_mixin.py:109} INFO - [2022-01-24 19:49:19,433] {dag.py:2396} INFO - Sync 1 DAGs
[2022-01-24 19:49:19,451] {logging_mixin.py:109} INFO - [2022-01-24 19:49:19,450] {dag.py:2935} INFO - Setting next_dagrun for example_branch_operator to 2022-01-23 00:00:00+00:00
[2022-01-24 19:49:19,457] {processor.py:171} INFO - Processing /home/airflow/.local/lib/python3.6/site-packages/airflow/example_dags/example_branch_operator.py took 0.065 seconds
[2022-01-24 19:49:50,463] {processor.py:163} INFO - Started process (PID=1035) to work on /home/airflow/.local/lib/python3.6/site-packages/airflow/example_dags/example_branch_operator.py
[2022-01-24 19:49:50,464] {processor.py:642} INFO - Processing file /home/airflow/.local/lib/python3.6/site-packages/airflow/example_dags/example_branch_operator.py for tasks to queue
[2022-01-24 19:49:50,464] {logging_mixin.py:109} INFO - [2022-01-24 19:49:50,464] {dagbag.py:500} INFO - Filling up the DagBag from /home/airflow/.local/lib/python3.6/site-packages/airflow/example_dags/example_branch_operator.py
[2022-01-24 19:49:50,492] {processor.py:654} INFO - DAG(s) dict_keys(['example_branch_operator']) retrieved from /home/airflow/.local/lib/python3.6/site-packages/airflow/example_dags/example_branch_operator.py
[2022-01-24 19:49:50,504] {logging_mixin.py:109} INFO - [2022-01-24 19:49:50,504] {dag.py:2396} INFO - Sync 1 DAGs
[2022-01-24 19:49:50,525] {logging_mixin.py:109} INFO - [2022-01-24 19:49:50,524] {dag.py:2935} INFO - Setting next_dagrun for example_branch_operator to 2022-01-23 00:00:00+00:00
[2022-01-24 19:49:50,533] {processor.py:171} INFO - Processing /home/airflow/.local/lib/python3.6/site-packages/airflow/example_dags/example_branch_operator.py took 0.073 seconds
[2022-01-24 19:50:21,563] {processor.py:163} INFO - Started process (PID=1099) to work on /home/airflow/.local/lib/python3.6/site-packages/airflow/example_dags/example_branch_operator.py
[2022-01-24 19:50:21,564] {processor.py:642} INFO - Processing file /home/airflow/.local/lib/python3.6/site-packages/airflow/example_dags/example_branch_operator.py for tasks to queue
[2022-01-24 19:50:21,565] {logging_mixin.py:109} INFO - [2022-01-24 19:50:21,565] {dagbag.py:500} INFO - Filling up the DagBag from /home/airflow/.local/lib/python3.6/site-packages/airflow/example_dags/example_branch_operator.py
[2022-01-24 19:50:21,608] {processor.py:654} INFO - DAG(s) dict_keys(['example_branch_operator']) retrieved from /home/airflow/.local/lib/python3.6/site-packages/airflow/example_dags/example_branch_operator.py
[2022-01-24 19:50:21,618] {logging_mixin.py:109} INFO - [2022-01-24 19:50:21,618] {dag.py:2396} INFO - Sync 1 DAGs
[2022-01-24 19:50:21,642] {logging_mixin.py:109} INFO - [2022-01-24 19:50:21,642] {dag.py:2935} INFO - Setting next_dagrun for example_branch_operator to 2022-01-23 00:00:00+00:00
[2022-01-24 19:50:21,650] {processor.py:171} INFO - Processing /home/airflow/.local/lib/python3.6/site-packages/airflow/example_dags/example_branch_operator.py took 0.089 seconds
[2022-01-24 19:50:52,553] {processor.py:163} INFO - Started process (PID=1152) to work on /home/airflow/.local/lib/python3.6/site-packages/airflow/example_dags/example_branch_operator.py
[2022-01-24 19:50:52,554] {processor.py:642} INFO - Processing file /home/airflow/.local/lib/python3.6/site-packages/airflow/example_dags/example_branch_operator.py for tasks to queue
[2022-01-24 19:50:52,554] {logging_mixin.py:109} INFO - [2022-01-24 19:50:52,554] {dagbag.py:500} INFO - Filling up the DagBag from /home/airflow/.local/lib/python3.6/site-packages/airflow/example_dags/example_branch_operator.py
[2022-01-24 19:50:52,579] {processor.py:654} INFO - DAG(s) dict_keys(['example_branch_operator']) retrieved from /home/airflow/.local/lib/python3.6/site-packages/airflow/example_dags/example_branch_operator.py
[2022-01-24 19:50:52,589] {logging_mixin.py:109} INFO - [2022-01-24 19:50:52,589] {dag.py:2396} INFO - Sync 1 DAGs
[2022-01-24 19:50:52,606] {logging_mixin.py:109} INFO - [2022-01-24 19:50:52,606] {dag.py:2935} INFO - Setting next_dagrun for example_branch_operator to 2022-01-23 00:00:00+00:00
[2022-01-24 19:50:52,618] {processor.py:171} INFO - Processing /home/airflow/.local/lib/python3.6/site-packages/airflow/example_dags/example_branch_operator.py took 0.067 seconds
[2022-01-24 19:51:23,177] {processor.py:163} INFO - Started process (PID=1216) to work on /home/airflow/.local/lib/python3.6/site-packages/airflow/example_dags/example_branch_operator.py
[2022-01-24 19:51:23,180] {processor.py:642} INFO - Processing file /home/airflow/.local/lib/python3.6/site-packages/airflow/example_dags/example_branch_operator.py for tasks to queue
[2022-01-24 19:51:23,181] {logging_mixin.py:109} INFO - [2022-01-24 19:51:23,181] {dagbag.py:500} INFO - Filling up the DagBag from /home/airflow/.local/lib/python3.6/site-packages/airflow/example_dags/example_branch_operator.py
[2022-01-24 19:51:23,263] {processor.py:654} INFO - DAG(s) dict_keys(['example_branch_operator']) retrieved from /home/airflow/.local/lib/python3.6/site-packages/airflow/example_dags/example_branch_operator.py
[2022-01-24 19:51:23,296] {logging_mixin.py:109} INFO - [2022-01-24 19:51:23,296] {dag.py:2396} INFO - Sync 1 DAGs
[2022-01-24 19:51:23,362] {logging_mixin.py:109} INFO - [2022-01-24 19:51:23,361] {dag.py:2935} INFO - Setting next_dagrun for example_branch_operator to 2022-01-23 00:00:00+00:00
[2022-01-24 19:51:23,380] {processor.py:171} INFO - Processing /home/airflow/.local/lib/python3.6/site-packages/airflow/example_dags/example_branch_operator.py took 0.211 seconds
[2022-01-24 19:51:53,487] {processor.py:163} INFO - Started process (PID=1271) to work on /home/airflow/.local/lib/python3.6/site-packages/airflow/example_dags/example_branch_operator.py
[2022-01-24 19:51:53,489] {processor.py:642} INFO - Processing file /home/airflow/.local/lib/python3.6/site-packages/airflow/example_dags/example_branch_operator.py for tasks to queue
[2022-01-24 19:51:53,490] {logging_mixin.py:109} INFO - [2022-01-24 19:51:53,490] {dagbag.py:500} INFO - Filling up the DagBag from /home/airflow/.local/lib/python3.6/site-packages/airflow/example_dags/example_branch_operator.py
[2022-01-24 19:51:53,544] {processor.py:654} INFO - DAG(s) dict_keys(['example_branch_operator']) retrieved from /home/airflow/.local/lib/python3.6/site-packages/airflow/example_dags/example_branch_operator.py
[2022-01-24 19:51:53,565] {logging_mixin.py:109} INFO - [2022-01-24 19:51:53,565] {dag.py:2396} INFO - Sync 1 DAGs
[2022-01-24 19:51:53,603] {logging_mixin.py:109} INFO - [2022-01-24 19:51:53,602] {dag.py:2935} INFO - Setting next_dagrun for example_branch_operator to 2022-01-23 00:00:00+00:00
[2022-01-24 19:51:53,616] {processor.py:171} INFO - Processing /home/airflow/.local/lib/python3.6/site-packages/airflow/example_dags/example_branch_operator.py took 0.135 seconds
[2022-01-24 19:52:23,670] {processor.py:163} INFO - Started process (PID=1323) to work on /home/airflow/.local/lib/python3.6/site-packages/airflow/example_dags/example_branch_operator.py
[2022-01-24 19:52:23,671] {processor.py:642} INFO - Processing file /home/airflow/.local/lib/python3.6/site-packages/airflow/example_dags/example_branch_operator.py for tasks to queue
[2022-01-24 19:52:23,671] {logging_mixin.py:109} INFO - [2022-01-24 19:52:23,671] {dagbag.py:500} INFO - Filling up the DagBag from /home/airflow/.local/lib/python3.6/site-packages/airflow/example_dags/example_branch_operator.py
[2022-01-24 19:52:23,698] {processor.py:654} INFO - DAG(s) dict_keys(['example_branch_operator']) retrieved from /home/airflow/.local/lib/python3.6/site-packages/airflow/example_dags/example_branch_operator.py
[2022-01-24 19:52:23,709] {logging_mixin.py:109} INFO - [2022-01-24 19:52:23,709] {dag.py:2396} INFO - Sync 1 DAGs
[2022-01-24 19:52:23,728] {logging_mixin.py:109} INFO - [2022-01-24 19:52:23,728] {dag.py:2935} INFO - Setting next_dagrun for example_branch_operator to 2022-01-23 00:00:00+00:00
[2022-01-24 19:52:23,736] {processor.py:171} INFO - Processing /home/airflow/.local/lib/python3.6/site-packages/airflow/example_dags/example_branch_operator.py took 0.069 seconds
