[2022-01-24 19:43:14,735] {processor.py:163} INFO - Started process (PID=213) to work on /home/airflow/.local/lib/python3.6/site-packages/airflow/example_dags/example_bash_operator.py
[2022-01-24 19:43:14,736] {processor.py:642} INFO - Processing file /home/airflow/.local/lib/python3.6/site-packages/airflow/example_dags/example_bash_operator.py for tasks to queue
[2022-01-24 19:43:14,737] {logging_mixin.py:109} INFO - [2022-01-24 19:43:14,737] {dagbag.py:500} INFO - Filling up the DagBag from /home/airflow/.local/lib/python3.6/site-packages/airflow/example_dags/example_bash_operator.py
[2022-01-24 19:43:14,783] {processor.py:654} INFO - DAG(s) dict_keys(['example_bash_operator']) retrieved from /home/airflow/.local/lib/python3.6/site-packages/airflow/example_dags/example_bash_operator.py
[2022-01-24 19:43:17,082] {logging_mixin.py:109} INFO - [2022-01-24 19:43:17,082] {manager.py:496} INFO - Created Permission View: can edit on DAG:example_bash_operator
[2022-01-24 19:43:17,090] {logging_mixin.py:109} INFO - [2022-01-24 19:43:17,090] {manager.py:496} INFO - Created Permission View: can read on DAG:example_bash_operator
[2022-01-24 19:43:17,092] {logging_mixin.py:109} INFO - [2022-01-24 19:43:17,090] {dag.py:2396} INFO - Sync 1 DAGs
[2022-01-24 19:43:17,103] {logging_mixin.py:109} INFO - [2022-01-24 19:43:17,102] {dag.py:2415} INFO - Creating ORM DAG for example_bash_operator
[2022-01-24 19:43:17,113] {logging_mixin.py:109} INFO - [2022-01-24 19:43:17,113] {dag.py:2935} INFO - Setting next_dagrun for example_bash_operator to 2022-01-23 00:00:00+00:00
[2022-01-24 19:43:17,125] {processor.py:171} INFO - Processing /home/airflow/.local/lib/python3.6/site-packages/airflow/example_dags/example_bash_operator.py took 2.394 seconds
[2022-01-24 19:43:47,317] {processor.py:163} INFO - Started process (PID=379) to work on /home/airflow/.local/lib/python3.6/site-packages/airflow/example_dags/example_bash_operator.py
[2022-01-24 19:43:47,318] {processor.py:642} INFO - Processing file /home/airflow/.local/lib/python3.6/site-packages/airflow/example_dags/example_bash_operator.py for tasks to queue
[2022-01-24 19:43:47,319] {logging_mixin.py:109} INFO - [2022-01-24 19:43:47,319] {dagbag.py:500} INFO - Filling up the DagBag from /home/airflow/.local/lib/python3.6/site-packages/airflow/example_dags/example_bash_operator.py
[2022-01-24 19:43:47,361] {processor.py:654} INFO - DAG(s) dict_keys(['example_bash_operator']) retrieved from /home/airflow/.local/lib/python3.6/site-packages/airflow/example_dags/example_bash_operator.py
[2022-01-24 19:43:47,386] {logging_mixin.py:109} INFO - [2022-01-24 19:43:47,386] {dag.py:2396} INFO - Sync 1 DAGs
[2022-01-24 19:43:47,422] {logging_mixin.py:109} INFO - [2022-01-24 19:43:47,422] {dag.py:2935} INFO - Setting next_dagrun for example_bash_operator to 2022-01-23 00:00:00+00:00
[2022-01-24 19:43:47,433] {processor.py:171} INFO - Processing /home/airflow/.local/lib/python3.6/site-packages/airflow/example_dags/example_bash_operator.py took 0.119 seconds
[2022-01-24 19:44:17,578] {processor.py:163} INFO - Started process (PID=440) to work on /home/airflow/.local/lib/python3.6/site-packages/airflow/example_dags/example_bash_operator.py
[2022-01-24 19:44:17,578] {processor.py:642} INFO - Processing file /home/airflow/.local/lib/python3.6/site-packages/airflow/example_dags/example_bash_operator.py for tasks to queue
[2022-01-24 19:44:17,579] {logging_mixin.py:109} INFO - [2022-01-24 19:44:17,579] {dagbag.py:500} INFO - Filling up the DagBag from /home/airflow/.local/lib/python3.6/site-packages/airflow/example_dags/example_bash_operator.py
[2022-01-24 19:44:17,608] {processor.py:654} INFO - DAG(s) dict_keys(['example_bash_operator']) retrieved from /home/airflow/.local/lib/python3.6/site-packages/airflow/example_dags/example_bash_operator.py
[2022-01-24 19:44:17,618] {logging_mixin.py:109} INFO - [2022-01-24 19:44:17,618] {dag.py:2396} INFO - Sync 1 DAGs
[2022-01-24 19:44:17,638] {logging_mixin.py:109} INFO - [2022-01-24 19:44:17,638] {dag.py:2935} INFO - Setting next_dagrun for example_bash_operator to 2022-01-23 00:00:00+00:00
[2022-01-24 19:44:17,647] {processor.py:171} INFO - Processing /home/airflow/.local/lib/python3.6/site-packages/airflow/example_dags/example_bash_operator.py took 0.071 seconds
[2022-01-24 19:44:48,288] {processor.py:163} INFO - Started process (PID=493) to work on /home/airflow/.local/lib/python3.6/site-packages/airflow/example_dags/example_bash_operator.py
[2022-01-24 19:44:48,290] {processor.py:642} INFO - Processing file /home/airflow/.local/lib/python3.6/site-packages/airflow/example_dags/example_bash_operator.py for tasks to queue
[2022-01-24 19:44:48,290] {logging_mixin.py:109} INFO - [2022-01-24 19:44:48,290] {dagbag.py:500} INFO - Filling up the DagBag from /home/airflow/.local/lib/python3.6/site-packages/airflow/example_dags/example_bash_operator.py
[2022-01-24 19:44:48,326] {processor.py:654} INFO - DAG(s) dict_keys(['example_bash_operator']) retrieved from /home/airflow/.local/lib/python3.6/site-packages/airflow/example_dags/example_bash_operator.py
[2022-01-24 19:44:48,337] {logging_mixin.py:109} INFO - [2022-01-24 19:44:48,336] {dag.py:2396} INFO - Sync 1 DAGs
[2022-01-24 19:44:48,353] {logging_mixin.py:109} INFO - [2022-01-24 19:44:48,353] {dag.py:2935} INFO - Setting next_dagrun for example_bash_operator to 2022-01-23 00:00:00+00:00
[2022-01-24 19:44:48,361] {processor.py:171} INFO - Processing /home/airflow/.local/lib/python3.6/site-packages/airflow/example_dags/example_bash_operator.py took 0.076 seconds
[2022-01-24 19:45:18,687] {processor.py:163} INFO - Started process (PID=545) to work on /home/airflow/.local/lib/python3.6/site-packages/airflow/example_dags/example_bash_operator.py
[2022-01-24 19:45:18,689] {processor.py:642} INFO - Processing file /home/airflow/.local/lib/python3.6/site-packages/airflow/example_dags/example_bash_operator.py for tasks to queue
[2022-01-24 19:45:18,690] {logging_mixin.py:109} INFO - [2022-01-24 19:45:18,690] {dagbag.py:500} INFO - Filling up the DagBag from /home/airflow/.local/lib/python3.6/site-packages/airflow/example_dags/example_bash_operator.py
[2022-01-24 19:45:18,728] {processor.py:654} INFO - DAG(s) dict_keys(['example_bash_operator']) retrieved from /home/airflow/.local/lib/python3.6/site-packages/airflow/example_dags/example_bash_operator.py
[2022-01-24 19:45:18,744] {logging_mixin.py:109} INFO - [2022-01-24 19:45:18,744] {dag.py:2396} INFO - Sync 1 DAGs
[2022-01-24 19:45:18,775] {logging_mixin.py:109} INFO - [2022-01-24 19:45:18,775] {dag.py:2935} INFO - Setting next_dagrun for example_bash_operator to 2022-01-23 00:00:00+00:00
[2022-01-24 19:45:18,790] {processor.py:171} INFO - Processing /home/airflow/.local/lib/python3.6/site-packages/airflow/example_dags/example_bash_operator.py took 0.106 seconds
[2022-01-24 19:45:49,453] {processor.py:163} INFO - Started process (PID=598) to work on /home/airflow/.local/lib/python3.6/site-packages/airflow/example_dags/example_bash_operator.py
[2022-01-24 19:45:49,455] {processor.py:642} INFO - Processing file /home/airflow/.local/lib/python3.6/site-packages/airflow/example_dags/example_bash_operator.py for tasks to queue
[2022-01-24 19:45:49,456] {logging_mixin.py:109} INFO - [2022-01-24 19:45:49,456] {dagbag.py:500} INFO - Filling up the DagBag from /home/airflow/.local/lib/python3.6/site-packages/airflow/example_dags/example_bash_operator.py
[2022-01-24 19:45:49,504] {processor.py:654} INFO - DAG(s) dict_keys(['example_bash_operator']) retrieved from /home/airflow/.local/lib/python3.6/site-packages/airflow/example_dags/example_bash_operator.py
[2022-01-24 19:45:49,518] {logging_mixin.py:109} INFO - [2022-01-24 19:45:49,518] {dag.py:2396} INFO - Sync 1 DAGs
[2022-01-24 19:45:49,537] {logging_mixin.py:109} INFO - [2022-01-24 19:45:49,537] {dag.py:2935} INFO - Setting next_dagrun for example_bash_operator to 2022-01-23 00:00:00+00:00
[2022-01-24 19:45:49,545] {processor.py:171} INFO - Processing /home/airflow/.local/lib/python3.6/site-packages/airflow/example_dags/example_bash_operator.py took 0.099 seconds
[2022-01-24 19:46:19,666] {processor.py:163} INFO - Started process (PID=661) to work on /home/airflow/.local/lib/python3.6/site-packages/airflow/example_dags/example_bash_operator.py
[2022-01-24 19:46:19,668] {processor.py:642} INFO - Processing file /home/airflow/.local/lib/python3.6/site-packages/airflow/example_dags/example_bash_operator.py for tasks to queue
[2022-01-24 19:46:19,671] {logging_mixin.py:109} INFO - [2022-01-24 19:46:19,670] {dagbag.py:500} INFO - Filling up the DagBag from /home/airflow/.local/lib/python3.6/site-packages/airflow/example_dags/example_bash_operator.py
[2022-01-24 19:46:19,758] {processor.py:654} INFO - DAG(s) dict_keys(['example_bash_operator']) retrieved from /home/airflow/.local/lib/python3.6/site-packages/airflow/example_dags/example_bash_operator.py
[2022-01-24 19:46:19,780] {logging_mixin.py:109} INFO - [2022-01-24 19:46:19,780] {dag.py:2396} INFO - Sync 1 DAGs
[2022-01-24 19:46:19,811] {logging_mixin.py:109} INFO - [2022-01-24 19:46:19,811] {dag.py:2935} INFO - Setting next_dagrun for example_bash_operator to 2022-01-23 00:00:00+00:00
[2022-01-24 19:46:19,824] {processor.py:171} INFO - Processing /home/airflow/.local/lib/python3.6/site-packages/airflow/example_dags/example_bash_operator.py took 0.165 seconds
[2022-01-24 19:46:50,463] {processor.py:163} INFO - Started process (PID=714) to work on /home/airflow/.local/lib/python3.6/site-packages/airflow/example_dags/example_bash_operator.py
[2022-01-24 19:46:50,470] {processor.py:642} INFO - Processing file /home/airflow/.local/lib/python3.6/site-packages/airflow/example_dags/example_bash_operator.py for tasks to queue
[2022-01-24 19:46:50,473] {logging_mixin.py:109} INFO - [2022-01-24 19:46:50,472] {dagbag.py:500} INFO - Filling up the DagBag from /home/airflow/.local/lib/python3.6/site-packages/airflow/example_dags/example_bash_operator.py
[2022-01-24 19:46:50,523] {processor.py:654} INFO - DAG(s) dict_keys(['example_bash_operator']) retrieved from /home/airflow/.local/lib/python3.6/site-packages/airflow/example_dags/example_bash_operator.py
[2022-01-24 19:46:50,536] {logging_mixin.py:109} INFO - [2022-01-24 19:46:50,536] {dag.py:2396} INFO - Sync 1 DAGs
[2022-01-24 19:46:50,556] {logging_mixin.py:109} INFO - [2022-01-24 19:46:50,556] {dag.py:2935} INFO - Setting next_dagrun for example_bash_operator to 2022-01-23 00:00:00+00:00
[2022-01-24 19:46:50,577] {processor.py:171} INFO - Processing /home/airflow/.local/lib/python3.6/site-packages/airflow/example_dags/example_bash_operator.py took 0.124 seconds
[2022-01-24 19:47:20,790] {processor.py:163} INFO - Started process (PID=766) to work on /home/airflow/.local/lib/python3.6/site-packages/airflow/example_dags/example_bash_operator.py
[2022-01-24 19:47:20,791] {processor.py:642} INFO - Processing file /home/airflow/.local/lib/python3.6/site-packages/airflow/example_dags/example_bash_operator.py for tasks to queue
[2022-01-24 19:47:20,791] {logging_mixin.py:109} INFO - [2022-01-24 19:47:20,791] {dagbag.py:500} INFO - Filling up the DagBag from /home/airflow/.local/lib/python3.6/site-packages/airflow/example_dags/example_bash_operator.py
[2022-01-24 19:47:20,816] {processor.py:654} INFO - DAG(s) dict_keys(['example_bash_operator']) retrieved from /home/airflow/.local/lib/python3.6/site-packages/airflow/example_dags/example_bash_operator.py
[2022-01-24 19:47:20,828] {logging_mixin.py:109} INFO - [2022-01-24 19:47:20,828] {dag.py:2396} INFO - Sync 1 DAGs
[2022-01-24 19:47:20,848] {logging_mixin.py:109} INFO - [2022-01-24 19:47:20,848] {dag.py:2935} INFO - Setting next_dagrun for example_bash_operator to 2022-01-23 00:00:00+00:00
[2022-01-24 19:47:20,856] {processor.py:171} INFO - Processing /home/airflow/.local/lib/python3.6/site-packages/airflow/example_dags/example_bash_operator.py took 0.068 seconds
[2022-01-24 19:47:50,918] {processor.py:163} INFO - Started process (PID=826) to work on /home/airflow/.local/lib/python3.6/site-packages/airflow/example_dags/example_bash_operator.py
[2022-01-24 19:47:50,920] {processor.py:642} INFO - Processing file /home/airflow/.local/lib/python3.6/site-packages/airflow/example_dags/example_bash_operator.py for tasks to queue
[2022-01-24 19:47:50,920] {logging_mixin.py:109} INFO - [2022-01-24 19:47:50,920] {dagbag.py:500} INFO - Filling up the DagBag from /home/airflow/.local/lib/python3.6/site-packages/airflow/example_dags/example_bash_operator.py
[2022-01-24 19:47:50,963] {processor.py:654} INFO - DAG(s) dict_keys(['example_bash_operator']) retrieved from /home/airflow/.local/lib/python3.6/site-packages/airflow/example_dags/example_bash_operator.py
[2022-01-24 19:47:50,976] {logging_mixin.py:109} INFO - [2022-01-24 19:47:50,975] {dag.py:2396} INFO - Sync 1 DAGs
[2022-01-24 19:47:50,999] {logging_mixin.py:109} INFO - [2022-01-24 19:47:50,999] {dag.py:2935} INFO - Setting next_dagrun for example_bash_operator to 2022-01-23 00:00:00+00:00
[2022-01-24 19:47:51,008] {processor.py:171} INFO - Processing /home/airflow/.local/lib/python3.6/site-packages/airflow/example_dags/example_bash_operator.py took 0.094 seconds
[2022-01-24 19:48:21,779] {processor.py:163} INFO - Started process (PID=879) to work on /home/airflow/.local/lib/python3.6/site-packages/airflow/example_dags/example_bash_operator.py
[2022-01-24 19:48:21,781] {processor.py:642} INFO - Processing file /home/airflow/.local/lib/python3.6/site-packages/airflow/example_dags/example_bash_operator.py for tasks to queue
[2022-01-24 19:48:21,781] {logging_mixin.py:109} INFO - [2022-01-24 19:48:21,781] {dagbag.py:500} INFO - Filling up the DagBag from /home/airflow/.local/lib/python3.6/site-packages/airflow/example_dags/example_bash_operator.py
[2022-01-24 19:48:21,824] {processor.py:654} INFO - DAG(s) dict_keys(['example_bash_operator']) retrieved from /home/airflow/.local/lib/python3.6/site-packages/airflow/example_dags/example_bash_operator.py
[2022-01-24 19:48:21,836] {logging_mixin.py:109} INFO - [2022-01-24 19:48:21,836] {dag.py:2396} INFO - Sync 1 DAGs
[2022-01-24 19:48:21,857] {logging_mixin.py:109} INFO - [2022-01-24 19:48:21,857] {dag.py:2935} INFO - Setting next_dagrun for example_bash_operator to 2022-01-23 00:00:00+00:00
[2022-01-24 19:48:21,869] {processor.py:171} INFO - Processing /home/airflow/.local/lib/python3.6/site-packages/airflow/example_dags/example_bash_operator.py took 0.096 seconds
[2022-01-24 19:48:51,891] {processor.py:163} INFO - Started process (PID=941) to work on /home/airflow/.local/lib/python3.6/site-packages/airflow/example_dags/example_bash_operator.py
[2022-01-24 19:48:51,892] {processor.py:642} INFO - Processing file /home/airflow/.local/lib/python3.6/site-packages/airflow/example_dags/example_bash_operator.py for tasks to queue
[2022-01-24 19:48:51,893] {logging_mixin.py:109} INFO - [2022-01-24 19:48:51,893] {dagbag.py:500} INFO - Filling up the DagBag from /home/airflow/.local/lib/python3.6/site-packages/airflow/example_dags/example_bash_operator.py
[2022-01-24 19:48:51,922] {processor.py:654} INFO - DAG(s) dict_keys(['example_bash_operator']) retrieved from /home/airflow/.local/lib/python3.6/site-packages/airflow/example_dags/example_bash_operator.py
[2022-01-24 19:48:51,931] {logging_mixin.py:109} INFO - [2022-01-24 19:48:51,931] {dag.py:2396} INFO - Sync 1 DAGs
[2022-01-24 19:48:51,946] {logging_mixin.py:109} INFO - [2022-01-24 19:48:51,946] {dag.py:2935} INFO - Setting next_dagrun for example_bash_operator to 2022-01-23 00:00:00+00:00
[2022-01-24 19:48:51,953] {processor.py:171} INFO - Processing /home/airflow/.local/lib/python3.6/site-packages/airflow/example_dags/example_bash_operator.py took 0.064 seconds
[2022-01-24 19:49:22,113] {processor.py:163} INFO - Started process (PID=994) to work on /home/airflow/.local/lib/python3.6/site-packages/airflow/example_dags/example_bash_operator.py
[2022-01-24 19:49:22,114] {processor.py:642} INFO - Processing file /home/airflow/.local/lib/python3.6/site-packages/airflow/example_dags/example_bash_operator.py for tasks to queue
[2022-01-24 19:49:22,114] {logging_mixin.py:109} INFO - [2022-01-24 19:49:22,114] {dagbag.py:500} INFO - Filling up the DagBag from /home/airflow/.local/lib/python3.6/site-packages/airflow/example_dags/example_bash_operator.py
[2022-01-24 19:49:22,143] {processor.py:654} INFO - DAG(s) dict_keys(['example_bash_operator']) retrieved from /home/airflow/.local/lib/python3.6/site-packages/airflow/example_dags/example_bash_operator.py
[2022-01-24 19:49:22,153] {logging_mixin.py:109} INFO - [2022-01-24 19:49:22,153] {dag.py:2396} INFO - Sync 1 DAGs
[2022-01-24 19:49:22,168] {logging_mixin.py:109} INFO - [2022-01-24 19:49:22,168] {dag.py:2935} INFO - Setting next_dagrun for example_bash_operator to 2022-01-23 00:00:00+00:00
[2022-01-24 19:49:22,175] {processor.py:171} INFO - Processing /home/airflow/.local/lib/python3.6/site-packages/airflow/example_dags/example_bash_operator.py took 0.064 seconds
[2022-01-24 19:49:53,044] {processor.py:163} INFO - Started process (PID=1058) to work on /home/airflow/.local/lib/python3.6/site-packages/airflow/example_dags/example_bash_operator.py
[2022-01-24 19:49:53,045] {processor.py:642} INFO - Processing file /home/airflow/.local/lib/python3.6/site-packages/airflow/example_dags/example_bash_operator.py for tasks to queue
[2022-01-24 19:49:53,046] {logging_mixin.py:109} INFO - [2022-01-24 19:49:53,046] {dagbag.py:500} INFO - Filling up the DagBag from /home/airflow/.local/lib/python3.6/site-packages/airflow/example_dags/example_bash_operator.py
[2022-01-24 19:49:53,073] {processor.py:654} INFO - DAG(s) dict_keys(['example_bash_operator']) retrieved from /home/airflow/.local/lib/python3.6/site-packages/airflow/example_dags/example_bash_operator.py
[2022-01-24 19:49:53,086] {logging_mixin.py:109} INFO - [2022-01-24 19:49:53,086] {dag.py:2396} INFO - Sync 1 DAGs
[2022-01-24 19:49:53,105] {logging_mixin.py:109} INFO - [2022-01-24 19:49:53,105] {dag.py:2935} INFO - Setting next_dagrun for example_bash_operator to 2022-01-23 00:00:00+00:00
[2022-01-24 19:49:53,114] {processor.py:171} INFO - Processing /home/airflow/.local/lib/python3.6/site-packages/airflow/example_dags/example_bash_operator.py took 0.071 seconds
[2022-01-24 19:50:23,287] {processor.py:163} INFO - Started process (PID=1111) to work on /home/airflow/.local/lib/python3.6/site-packages/airflow/example_dags/example_bash_operator.py
[2022-01-24 19:50:23,289] {processor.py:642} INFO - Processing file /home/airflow/.local/lib/python3.6/site-packages/airflow/example_dags/example_bash_operator.py for tasks to queue
[2022-01-24 19:50:23,290] {logging_mixin.py:109} INFO - [2022-01-24 19:50:23,290] {dagbag.py:500} INFO - Filling up the DagBag from /home/airflow/.local/lib/python3.6/site-packages/airflow/example_dags/example_bash_operator.py
[2022-01-24 19:50:23,351] {processor.py:654} INFO - DAG(s) dict_keys(['example_bash_operator']) retrieved from /home/airflow/.local/lib/python3.6/site-packages/airflow/example_dags/example_bash_operator.py
[2022-01-24 19:50:23,368] {logging_mixin.py:109} INFO - [2022-01-24 19:50:23,368] {dag.py:2396} INFO - Sync 1 DAGs
[2022-01-24 19:50:23,395] {logging_mixin.py:109} INFO - [2022-01-24 19:50:23,395] {dag.py:2935} INFO - Setting next_dagrun for example_bash_operator to 2022-01-23 00:00:00+00:00
[2022-01-24 19:50:23,414] {processor.py:171} INFO - Processing /home/airflow/.local/lib/python3.6/site-packages/airflow/example_dags/example_bash_operator.py took 0.133 seconds
[2022-01-24 19:50:53,611] {processor.py:163} INFO - Started process (PID=1164) to work on /home/airflow/.local/lib/python3.6/site-packages/airflow/example_dags/example_bash_operator.py
[2022-01-24 19:50:53,611] {processor.py:642} INFO - Processing file /home/airflow/.local/lib/python3.6/site-packages/airflow/example_dags/example_bash_operator.py for tasks to queue
[2022-01-24 19:50:53,612] {logging_mixin.py:109} INFO - [2022-01-24 19:50:53,612] {dagbag.py:500} INFO - Filling up the DagBag from /home/airflow/.local/lib/python3.6/site-packages/airflow/example_dags/example_bash_operator.py
[2022-01-24 19:50:53,637] {processor.py:654} INFO - DAG(s) dict_keys(['example_bash_operator']) retrieved from /home/airflow/.local/lib/python3.6/site-packages/airflow/example_dags/example_bash_operator.py
[2022-01-24 19:50:53,646] {logging_mixin.py:109} INFO - [2022-01-24 19:50:53,646] {dag.py:2396} INFO - Sync 1 DAGs
[2022-01-24 19:50:53,660] {logging_mixin.py:109} INFO - [2022-01-24 19:50:53,660] {dag.py:2935} INFO - Setting next_dagrun for example_bash_operator to 2022-01-23 00:00:00+00:00
[2022-01-24 19:50:53,667] {processor.py:171} INFO - Processing /home/airflow/.local/lib/python3.6/site-packages/airflow/example_dags/example_bash_operator.py took 0.058 seconds
[2022-01-24 19:51:23,996] {processor.py:163} INFO - Started process (PID=1228) to work on /home/airflow/.local/lib/python3.6/site-packages/airflow/example_dags/example_bash_operator.py
[2022-01-24 19:51:23,997] {processor.py:642} INFO - Processing file /home/airflow/.local/lib/python3.6/site-packages/airflow/example_dags/example_bash_operator.py for tasks to queue
[2022-01-24 19:51:23,998] {logging_mixin.py:109} INFO - [2022-01-24 19:51:23,998] {dagbag.py:500} INFO - Filling up the DagBag from /home/airflow/.local/lib/python3.6/site-packages/airflow/example_dags/example_bash_operator.py
[2022-01-24 19:51:24,031] {processor.py:654} INFO - DAG(s) dict_keys(['example_bash_operator']) retrieved from /home/airflow/.local/lib/python3.6/site-packages/airflow/example_dags/example_bash_operator.py
[2022-01-24 19:51:24,046] {logging_mixin.py:109} INFO - [2022-01-24 19:51:24,046] {dag.py:2396} INFO - Sync 1 DAGs
[2022-01-24 19:51:24,067] {logging_mixin.py:109} INFO - [2022-01-24 19:51:24,067] {dag.py:2935} INFO - Setting next_dagrun for example_bash_operator to 2022-01-23 00:00:00+00:00
[2022-01-24 19:51:24,077] {processor.py:171} INFO - Processing /home/airflow/.local/lib/python3.6/site-packages/airflow/example_dags/example_bash_operator.py took 0.083 seconds
[2022-01-24 19:51:54,366] {processor.py:163} INFO - Started process (PID=1283) to work on /home/airflow/.local/lib/python3.6/site-packages/airflow/example_dags/example_bash_operator.py
[2022-01-24 19:51:54,367] {processor.py:642} INFO - Processing file /home/airflow/.local/lib/python3.6/site-packages/airflow/example_dags/example_bash_operator.py for tasks to queue
[2022-01-24 19:51:54,368] {logging_mixin.py:109} INFO - [2022-01-24 19:51:54,368] {dagbag.py:500} INFO - Filling up the DagBag from /home/airflow/.local/lib/python3.6/site-packages/airflow/example_dags/example_bash_operator.py
[2022-01-24 19:51:54,407] {processor.py:654} INFO - DAG(s) dict_keys(['example_bash_operator']) retrieved from /home/airflow/.local/lib/python3.6/site-packages/airflow/example_dags/example_bash_operator.py
[2022-01-24 19:51:54,420] {logging_mixin.py:109} INFO - [2022-01-24 19:51:54,420] {dag.py:2396} INFO - Sync 1 DAGs
[2022-01-24 19:51:54,442] {logging_mixin.py:109} INFO - [2022-01-24 19:51:54,442] {dag.py:2935} INFO - Setting next_dagrun for example_bash_operator to 2022-01-23 00:00:00+00:00
[2022-01-24 19:51:54,453] {processor.py:171} INFO - Processing /home/airflow/.local/lib/python3.6/site-packages/airflow/example_dags/example_bash_operator.py took 0.090 seconds
[2022-01-24 19:52:24,589] {processor.py:163} INFO - Started process (PID=1335) to work on /home/airflow/.local/lib/python3.6/site-packages/airflow/example_dags/example_bash_operator.py
[2022-01-24 19:52:24,590] {processor.py:642} INFO - Processing file /home/airflow/.local/lib/python3.6/site-packages/airflow/example_dags/example_bash_operator.py for tasks to queue
[2022-01-24 19:52:24,591] {logging_mixin.py:109} INFO - [2022-01-24 19:52:24,591] {dagbag.py:500} INFO - Filling up the DagBag from /home/airflow/.local/lib/python3.6/site-packages/airflow/example_dags/example_bash_operator.py
[2022-01-24 19:52:24,624] {processor.py:654} INFO - DAG(s) dict_keys(['example_bash_operator']) retrieved from /home/airflow/.local/lib/python3.6/site-packages/airflow/example_dags/example_bash_operator.py
[2022-01-24 19:52:24,635] {logging_mixin.py:109} INFO - [2022-01-24 19:52:24,634] {dag.py:2396} INFO - Sync 1 DAGs
[2022-01-24 19:52:24,653] {logging_mixin.py:109} INFO - [2022-01-24 19:52:24,653] {dag.py:2935} INFO - Setting next_dagrun for example_bash_operator to 2022-01-23 00:00:00+00:00
[2022-01-24 19:52:24,661] {processor.py:171} INFO - Processing /home/airflow/.local/lib/python3.6/site-packages/airflow/example_dags/example_bash_operator.py took 0.075 seconds
