[2022-01-24 19:43:35,029] {processor.py:163} INFO - Started process (PID=350) to work on /home/airflow/.local/lib/python3.6/site-packages/airflow/example_dags/example_complex.py
[2022-01-24 19:43:35,030] {processor.py:642} INFO - Processing file /home/airflow/.local/lib/python3.6/site-packages/airflow/example_dags/example_complex.py for tasks to queue
[2022-01-24 19:43:35,032] {logging_mixin.py:109} INFO - [2022-01-24 19:43:35,031] {dagbag.py:500} INFO - Filling up the DagBag from /home/airflow/.local/lib/python3.6/site-packages/airflow/example_dags/example_complex.py
[2022-01-24 19:43:35,105] {processor.py:654} INFO - DAG(s) dict_keys(['example_complex']) retrieved from /home/airflow/.local/lib/python3.6/site-packages/airflow/example_dags/example_complex.py
[2022-01-24 19:43:38,321] {logging_mixin.py:109} INFO - [2022-01-24 19:43:38,321] {manager.py:496} INFO - Created Permission View: can edit on DAG:example_complex
[2022-01-24 19:43:38,339] {logging_mixin.py:109} INFO - [2022-01-24 19:43:38,339] {manager.py:496} INFO - Created Permission View: can read on DAG:example_complex
[2022-01-24 19:43:38,342] {logging_mixin.py:109} INFO - [2022-01-24 19:43:38,339] {dag.py:2396} INFO - Sync 1 DAGs
[2022-01-24 19:43:38,382] {logging_mixin.py:109} INFO - [2022-01-24 19:43:38,379] {dag.py:2415} INFO - Creating ORM DAG for example_complex
[2022-01-24 19:43:38,400] {logging_mixin.py:109} INFO - [2022-01-24 19:43:38,399] {dag.py:2935} INFO - Setting next_dagrun for example_complex to None
[2022-01-24 19:43:38,427] {processor.py:171} INFO - Processing /home/airflow/.local/lib/python3.6/site-packages/airflow/example_dags/example_complex.py took 3.403 seconds
[2022-01-24 19:44:09,866] {processor.py:163} INFO - Started process (PID=420) to work on /home/airflow/.local/lib/python3.6/site-packages/airflow/example_dags/example_complex.py
[2022-01-24 19:44:09,867] {processor.py:642} INFO - Processing file /home/airflow/.local/lib/python3.6/site-packages/airflow/example_dags/example_complex.py for tasks to queue
[2022-01-24 19:44:09,868] {logging_mixin.py:109} INFO - [2022-01-24 19:44:09,868] {dagbag.py:500} INFO - Filling up the DagBag from /home/airflow/.local/lib/python3.6/site-packages/airflow/example_dags/example_complex.py
[2022-01-24 19:44:09,910] {processor.py:654} INFO - DAG(s) dict_keys(['example_complex']) retrieved from /home/airflow/.local/lib/python3.6/site-packages/airflow/example_dags/example_complex.py
[2022-01-24 19:44:09,930] {logging_mixin.py:109} INFO - [2022-01-24 19:44:09,930] {dag.py:2396} INFO - Sync 1 DAGs
[2022-01-24 19:44:09,952] {logging_mixin.py:109} INFO - [2022-01-24 19:44:09,952] {dag.py:2935} INFO - Setting next_dagrun for example_complex to None
[2022-01-24 19:44:09,964] {processor.py:171} INFO - Processing /home/airflow/.local/lib/python3.6/site-packages/airflow/example_dags/example_complex.py took 0.102 seconds
[2022-01-24 19:44:41,061] {processor.py:163} INFO - Started process (PID=477) to work on /home/airflow/.local/lib/python3.6/site-packages/airflow/example_dags/example_complex.py
[2022-01-24 19:44:41,062] {processor.py:642} INFO - Processing file /home/airflow/.local/lib/python3.6/site-packages/airflow/example_dags/example_complex.py for tasks to queue
[2022-01-24 19:44:41,063] {logging_mixin.py:109} INFO - [2022-01-24 19:44:41,063] {dagbag.py:500} INFO - Filling up the DagBag from /home/airflow/.local/lib/python3.6/site-packages/airflow/example_dags/example_complex.py
[2022-01-24 19:44:41,097] {processor.py:654} INFO - DAG(s) dict_keys(['example_complex']) retrieved from /home/airflow/.local/lib/python3.6/site-packages/airflow/example_dags/example_complex.py
[2022-01-24 19:44:41,113] {logging_mixin.py:109} INFO - [2022-01-24 19:44:41,113] {dag.py:2396} INFO - Sync 1 DAGs
[2022-01-24 19:44:41,139] {logging_mixin.py:109} INFO - [2022-01-24 19:44:41,139] {dag.py:2935} INFO - Setting next_dagrun for example_complex to None
[2022-01-24 19:44:41,151] {processor.py:171} INFO - Processing /home/airflow/.local/lib/python3.6/site-packages/airflow/example_dags/example_complex.py took 0.093 seconds
[2022-01-24 19:45:11,953] {processor.py:163} INFO - Started process (PID=540) to work on /home/airflow/.local/lib/python3.6/site-packages/airflow/example_dags/example_complex.py
[2022-01-24 19:45:11,954] {processor.py:642} INFO - Processing file /home/airflow/.local/lib/python3.6/site-packages/airflow/example_dags/example_complex.py for tasks to queue
[2022-01-24 19:45:11,955] {logging_mixin.py:109} INFO - [2022-01-24 19:45:11,955] {dagbag.py:500} INFO - Filling up the DagBag from /home/airflow/.local/lib/python3.6/site-packages/airflow/example_dags/example_complex.py
[2022-01-24 19:45:11,989] {processor.py:654} INFO - DAG(s) dict_keys(['example_complex']) retrieved from /home/airflow/.local/lib/python3.6/site-packages/airflow/example_dags/example_complex.py
[2022-01-24 19:45:12,005] {logging_mixin.py:109} INFO - [2022-01-24 19:45:12,005] {dag.py:2396} INFO - Sync 1 DAGs
[2022-01-24 19:45:12,025] {logging_mixin.py:109} INFO - [2022-01-24 19:45:12,025] {dag.py:2935} INFO - Setting next_dagrun for example_complex to None
[2022-01-24 19:45:12,036] {processor.py:171} INFO - Processing /home/airflow/.local/lib/python3.6/site-packages/airflow/example_dags/example_complex.py took 0.086 seconds
[2022-01-24 19:45:42,930] {processor.py:163} INFO - Started process (PID=593) to work on /home/airflow/.local/lib/python3.6/site-packages/airflow/example_dags/example_complex.py
[2022-01-24 19:45:42,931] {processor.py:642} INFO - Processing file /home/airflow/.local/lib/python3.6/site-packages/airflow/example_dags/example_complex.py for tasks to queue
[2022-01-24 19:45:42,932] {logging_mixin.py:109} INFO - [2022-01-24 19:45:42,932] {dagbag.py:500} INFO - Filling up the DagBag from /home/airflow/.local/lib/python3.6/site-packages/airflow/example_dags/example_complex.py
[2022-01-24 19:45:42,975] {processor.py:654} INFO - DAG(s) dict_keys(['example_complex']) retrieved from /home/airflow/.local/lib/python3.6/site-packages/airflow/example_dags/example_complex.py
[2022-01-24 19:45:42,999] {logging_mixin.py:109} INFO - [2022-01-24 19:45:42,998] {dag.py:2396} INFO - Sync 1 DAGs
[2022-01-24 19:45:43,040] {logging_mixin.py:109} INFO - [2022-01-24 19:45:43,039] {dag.py:2935} INFO - Setting next_dagrun for example_complex to None
[2022-01-24 19:45:43,056] {processor.py:171} INFO - Processing /home/airflow/.local/lib/python3.6/site-packages/airflow/example_dags/example_complex.py took 0.130 seconds
[2022-01-24 19:46:13,157] {processor.py:163} INFO - Started process (PID=645) to work on /home/airflow/.local/lib/python3.6/site-packages/airflow/example_dags/example_complex.py
[2022-01-24 19:46:13,158] {processor.py:642} INFO - Processing file /home/airflow/.local/lib/python3.6/site-packages/airflow/example_dags/example_complex.py for tasks to queue
[2022-01-24 19:46:13,159] {logging_mixin.py:109} INFO - [2022-01-24 19:46:13,158] {dagbag.py:500} INFO - Filling up the DagBag from /home/airflow/.local/lib/python3.6/site-packages/airflow/example_dags/example_complex.py
[2022-01-24 19:46:13,190] {processor.py:654} INFO - DAG(s) dict_keys(['example_complex']) retrieved from /home/airflow/.local/lib/python3.6/site-packages/airflow/example_dags/example_complex.py
[2022-01-24 19:46:13,206] {logging_mixin.py:109} INFO - [2022-01-24 19:46:13,206] {dag.py:2396} INFO - Sync 1 DAGs
[2022-01-24 19:46:13,223] {logging_mixin.py:109} INFO - [2022-01-24 19:46:13,223] {dag.py:2935} INFO - Setting next_dagrun for example_complex to None
[2022-01-24 19:46:13,232] {processor.py:171} INFO - Processing /home/airflow/.local/lib/python3.6/site-packages/airflow/example_dags/example_complex.py took 0.077 seconds
[2022-01-24 19:46:44,131] {processor.py:163} INFO - Started process (PID=708) to work on /home/airflow/.local/lib/python3.6/site-packages/airflow/example_dags/example_complex.py
[2022-01-24 19:46:44,132] {processor.py:642} INFO - Processing file /home/airflow/.local/lib/python3.6/site-packages/airflow/example_dags/example_complex.py for tasks to queue
[2022-01-24 19:46:44,133] {logging_mixin.py:109} INFO - [2022-01-24 19:46:44,132] {dagbag.py:500} INFO - Filling up the DagBag from /home/airflow/.local/lib/python3.6/site-packages/airflow/example_dags/example_complex.py
[2022-01-24 19:46:44,169] {processor.py:654} INFO - DAG(s) dict_keys(['example_complex']) retrieved from /home/airflow/.local/lib/python3.6/site-packages/airflow/example_dags/example_complex.py
[2022-01-24 19:46:44,189] {logging_mixin.py:109} INFO - [2022-01-24 19:46:44,188] {dag.py:2396} INFO - Sync 1 DAGs
[2022-01-24 19:46:44,207] {logging_mixin.py:109} INFO - [2022-01-24 19:46:44,207] {dag.py:2935} INFO - Setting next_dagrun for example_complex to None
[2022-01-24 19:46:44,217] {processor.py:171} INFO - Processing /home/airflow/.local/lib/python3.6/site-packages/airflow/example_dags/example_complex.py took 0.089 seconds
[2022-01-24 19:47:15,515] {processor.py:163} INFO - Started process (PID=761) to work on /home/airflow/.local/lib/python3.6/site-packages/airflow/example_dags/example_complex.py
[2022-01-24 19:47:15,516] {processor.py:642} INFO - Processing file /home/airflow/.local/lib/python3.6/site-packages/airflow/example_dags/example_complex.py for tasks to queue
[2022-01-24 19:47:15,516] {logging_mixin.py:109} INFO - [2022-01-24 19:47:15,516] {dagbag.py:500} INFO - Filling up the DagBag from /home/airflow/.local/lib/python3.6/site-packages/airflow/example_dags/example_complex.py
[2022-01-24 19:47:15,548] {processor.py:654} INFO - DAG(s) dict_keys(['example_complex']) retrieved from /home/airflow/.local/lib/python3.6/site-packages/airflow/example_dags/example_complex.py
[2022-01-24 19:47:15,570] {logging_mixin.py:109} INFO - [2022-01-24 19:47:15,570] {dag.py:2396} INFO - Sync 1 DAGs
[2022-01-24 19:47:15,598] {logging_mixin.py:109} INFO - [2022-01-24 19:47:15,598] {dag.py:2935} INFO - Setting next_dagrun for example_complex to None
[2022-01-24 19:47:15,611] {processor.py:171} INFO - Processing /home/airflow/.local/lib/python3.6/site-packages/airflow/example_dags/example_complex.py took 0.099 seconds
[2022-01-24 19:47:50,081] {processor.py:163} INFO - Started process (PID=822) to work on /home/airflow/.local/lib/python3.6/site-packages/airflow/example_dags/example_complex.py
[2022-01-24 19:47:50,088] {processor.py:642} INFO - Processing file /home/airflow/.local/lib/python3.6/site-packages/airflow/example_dags/example_complex.py for tasks to queue
[2022-01-24 19:47:50,090] {logging_mixin.py:109} INFO - [2022-01-24 19:47:50,089] {dagbag.py:500} INFO - Filling up the DagBag from /home/airflow/.local/lib/python3.6/site-packages/airflow/example_dags/example_complex.py
[2022-01-24 19:47:50,134] {processor.py:654} INFO - DAG(s) dict_keys(['example_complex']) retrieved from /home/airflow/.local/lib/python3.6/site-packages/airflow/example_dags/example_complex.py
[2022-01-24 19:47:50,155] {logging_mixin.py:109} INFO - [2022-01-24 19:47:50,154] {dag.py:2396} INFO - Sync 1 DAGs
[2022-01-24 19:47:50,179] {logging_mixin.py:109} INFO - [2022-01-24 19:47:50,179] {dag.py:2935} INFO - Setting next_dagrun for example_complex to None
[2022-01-24 19:47:50,198] {processor.py:171} INFO - Processing /home/airflow/.local/lib/python3.6/site-packages/airflow/example_dags/example_complex.py took 0.121 seconds
[2022-01-24 19:48:20,461] {processor.py:163} INFO - Started process (PID=875) to work on /home/airflow/.local/lib/python3.6/site-packages/airflow/example_dags/example_complex.py
[2022-01-24 19:48:20,462] {processor.py:642} INFO - Processing file /home/airflow/.local/lib/python3.6/site-packages/airflow/example_dags/example_complex.py for tasks to queue
[2022-01-24 19:48:20,463] {logging_mixin.py:109} INFO - [2022-01-24 19:48:20,463] {dagbag.py:500} INFO - Filling up the DagBag from /home/airflow/.local/lib/python3.6/site-packages/airflow/example_dags/example_complex.py
[2022-01-24 19:48:20,514] {processor.py:654} INFO - DAG(s) dict_keys(['example_complex']) retrieved from /home/airflow/.local/lib/python3.6/site-packages/airflow/example_dags/example_complex.py
[2022-01-24 19:48:20,530] {logging_mixin.py:109} INFO - [2022-01-24 19:48:20,529] {dag.py:2396} INFO - Sync 1 DAGs
[2022-01-24 19:48:20,549] {logging_mixin.py:109} INFO - [2022-01-24 19:48:20,549] {dag.py:2935} INFO - Setting next_dagrun for example_complex to None
[2022-01-24 19:48:20,559] {processor.py:171} INFO - Processing /home/airflow/.local/lib/python3.6/site-packages/airflow/example_dags/example_complex.py took 0.101 seconds
[2022-01-24 19:48:50,617] {processor.py:163} INFO - Started process (PID=938) to work on /home/airflow/.local/lib/python3.6/site-packages/airflow/example_dags/example_complex.py
[2022-01-24 19:48:50,618] {processor.py:642} INFO - Processing file /home/airflow/.local/lib/python3.6/site-packages/airflow/example_dags/example_complex.py for tasks to queue
[2022-01-24 19:48:50,619] {logging_mixin.py:109} INFO - [2022-01-24 19:48:50,619] {dagbag.py:500} INFO - Filling up the DagBag from /home/airflow/.local/lib/python3.6/site-packages/airflow/example_dags/example_complex.py
[2022-01-24 19:48:50,668] {processor.py:654} INFO - DAG(s) dict_keys(['example_complex']) retrieved from /home/airflow/.local/lib/python3.6/site-packages/airflow/example_dags/example_complex.py
[2022-01-24 19:48:50,689] {logging_mixin.py:109} INFO - [2022-01-24 19:48:50,689] {dag.py:2396} INFO - Sync 1 DAGs
[2022-01-24 19:48:50,712] {logging_mixin.py:109} INFO - [2022-01-24 19:48:50,712] {dag.py:2935} INFO - Setting next_dagrun for example_complex to None
[2022-01-24 19:48:50,722] {processor.py:171} INFO - Processing /home/airflow/.local/lib/python3.6/site-packages/airflow/example_dags/example_complex.py took 0.109 seconds
[2022-01-24 19:49:20,973] {processor.py:163} INFO - Started process (PID=991) to work on /home/airflow/.local/lib/python3.6/site-packages/airflow/example_dags/example_complex.py
[2022-01-24 19:49:20,974] {processor.py:642} INFO - Processing file /home/airflow/.local/lib/python3.6/site-packages/airflow/example_dags/example_complex.py for tasks to queue
[2022-01-24 19:49:20,974] {logging_mixin.py:109} INFO - [2022-01-24 19:49:20,974] {dagbag.py:500} INFO - Filling up the DagBag from /home/airflow/.local/lib/python3.6/site-packages/airflow/example_dags/example_complex.py
[2022-01-24 19:49:21,003] {processor.py:654} INFO - DAG(s) dict_keys(['example_complex']) retrieved from /home/airflow/.local/lib/python3.6/site-packages/airflow/example_dags/example_complex.py
[2022-01-24 19:49:21,020] {logging_mixin.py:109} INFO - [2022-01-24 19:49:21,020] {dag.py:2396} INFO - Sync 1 DAGs
[2022-01-24 19:49:21,034] {logging_mixin.py:109} INFO - [2022-01-24 19:49:21,034] {dag.py:2935} INFO - Setting next_dagrun for example_complex to None
[2022-01-24 19:49:21,046] {processor.py:171} INFO - Processing /home/airflow/.local/lib/python3.6/site-packages/airflow/example_dags/example_complex.py took 0.075 seconds
[2022-01-24 19:49:51,941] {processor.py:163} INFO - Started process (PID=1054) to work on /home/airflow/.local/lib/python3.6/site-packages/airflow/example_dags/example_complex.py
[2022-01-24 19:49:51,942] {processor.py:642} INFO - Processing file /home/airflow/.local/lib/python3.6/site-packages/airflow/example_dags/example_complex.py for tasks to queue
[2022-01-24 19:49:51,943] {logging_mixin.py:109} INFO - [2022-01-24 19:49:51,943] {dagbag.py:500} INFO - Filling up the DagBag from /home/airflow/.local/lib/python3.6/site-packages/airflow/example_dags/example_complex.py
[2022-01-24 19:49:51,975] {processor.py:654} INFO - DAG(s) dict_keys(['example_complex']) retrieved from /home/airflow/.local/lib/python3.6/site-packages/airflow/example_dags/example_complex.py
[2022-01-24 19:49:51,992] {logging_mixin.py:109} INFO - [2022-01-24 19:49:51,992] {dag.py:2396} INFO - Sync 1 DAGs
[2022-01-24 19:49:52,009] {logging_mixin.py:109} INFO - [2022-01-24 19:49:52,009] {dag.py:2935} INFO - Setting next_dagrun for example_complex to None
[2022-01-24 19:49:52,017] {processor.py:171} INFO - Processing /home/airflow/.local/lib/python3.6/site-packages/airflow/example_dags/example_complex.py took 0.078 seconds
[2022-01-24 19:50:22,975] {processor.py:163} INFO - Started process (PID=1108) to work on /home/airflow/.local/lib/python3.6/site-packages/airflow/example_dags/example_complex.py
[2022-01-24 19:50:22,976] {processor.py:642} INFO - Processing file /home/airflow/.local/lib/python3.6/site-packages/airflow/example_dags/example_complex.py for tasks to queue
[2022-01-24 19:50:22,976] {logging_mixin.py:109} INFO - [2022-01-24 19:50:22,976] {dagbag.py:500} INFO - Filling up the DagBag from /home/airflow/.local/lib/python3.6/site-packages/airflow/example_dags/example_complex.py
[2022-01-24 19:50:23,030] {processor.py:654} INFO - DAG(s) dict_keys(['example_complex']) retrieved from /home/airflow/.local/lib/python3.6/site-packages/airflow/example_dags/example_complex.py
[2022-01-24 19:50:23,059] {logging_mixin.py:109} INFO - [2022-01-24 19:50:23,059] {dag.py:2396} INFO - Sync 1 DAGs
[2022-01-24 19:50:23,083] {logging_mixin.py:109} INFO - [2022-01-24 19:50:23,083] {dag.py:2935} INFO - Setting next_dagrun for example_complex to None
[2022-01-24 19:50:23,097] {processor.py:171} INFO - Processing /home/airflow/.local/lib/python3.6/site-packages/airflow/example_dags/example_complex.py took 0.124 seconds
[2022-01-24 19:50:53,160] {processor.py:163} INFO - Started process (PID=1160) to work on /home/airflow/.local/lib/python3.6/site-packages/airflow/example_dags/example_complex.py
[2022-01-24 19:50:53,161] {processor.py:642} INFO - Processing file /home/airflow/.local/lib/python3.6/site-packages/airflow/example_dags/example_complex.py for tasks to queue
[2022-01-24 19:50:53,162] {logging_mixin.py:109} INFO - [2022-01-24 19:50:53,161] {dagbag.py:500} INFO - Filling up the DagBag from /home/airflow/.local/lib/python3.6/site-packages/airflow/example_dags/example_complex.py
[2022-01-24 19:50:53,196] {processor.py:654} INFO - DAG(s) dict_keys(['example_complex']) retrieved from /home/airflow/.local/lib/python3.6/site-packages/airflow/example_dags/example_complex.py
[2022-01-24 19:50:53,211] {logging_mixin.py:109} INFO - [2022-01-24 19:50:53,211] {dag.py:2396} INFO - Sync 1 DAGs
[2022-01-24 19:50:53,226] {logging_mixin.py:109} INFO - [2022-01-24 19:50:53,226] {dag.py:2935} INFO - Setting next_dagrun for example_complex to None
[2022-01-24 19:50:53,233] {processor.py:171} INFO - Processing /home/airflow/.local/lib/python3.6/site-packages/airflow/example_dags/example_complex.py took 0.076 seconds
[2022-01-24 19:51:23,702] {processor.py:163} INFO - Started process (PID=1224) to work on /home/airflow/.local/lib/python3.6/site-packages/airflow/example_dags/example_complex.py
[2022-01-24 19:51:23,703] {processor.py:642} INFO - Processing file /home/airflow/.local/lib/python3.6/site-packages/airflow/example_dags/example_complex.py for tasks to queue
[2022-01-24 19:51:23,703] {logging_mixin.py:109} INFO - [2022-01-24 19:51:23,703] {dagbag.py:500} INFO - Filling up the DagBag from /home/airflow/.local/lib/python3.6/site-packages/airflow/example_dags/example_complex.py
[2022-01-24 19:51:23,745] {processor.py:654} INFO - DAG(s) dict_keys(['example_complex']) retrieved from /home/airflow/.local/lib/python3.6/site-packages/airflow/example_dags/example_complex.py
[2022-01-24 19:51:23,764] {logging_mixin.py:109} INFO - [2022-01-24 19:51:23,764] {dag.py:2396} INFO - Sync 1 DAGs
[2022-01-24 19:51:23,781] {logging_mixin.py:109} INFO - [2022-01-24 19:51:23,781] {dag.py:2935} INFO - Setting next_dagrun for example_complex to None
[2022-01-24 19:51:23,792] {processor.py:171} INFO - Processing /home/airflow/.local/lib/python3.6/site-packages/airflow/example_dags/example_complex.py took 0.093 seconds
[2022-01-24 19:51:54,259] {processor.py:163} INFO - Started process (PID=1281) to work on /home/airflow/.local/lib/python3.6/site-packages/airflow/example_dags/example_complex.py
[2022-01-24 19:51:54,260] {processor.py:642} INFO - Processing file /home/airflow/.local/lib/python3.6/site-packages/airflow/example_dags/example_complex.py for tasks to queue
[2022-01-24 19:51:54,260] {logging_mixin.py:109} INFO - [2022-01-24 19:51:54,260] {dagbag.py:500} INFO - Filling up the DagBag from /home/airflow/.local/lib/python3.6/site-packages/airflow/example_dags/example_complex.py
[2022-01-24 19:51:54,300] {processor.py:654} INFO - DAG(s) dict_keys(['example_complex']) retrieved from /home/airflow/.local/lib/python3.6/site-packages/airflow/example_dags/example_complex.py
[2022-01-24 19:51:54,317] {logging_mixin.py:109} INFO - [2022-01-24 19:51:54,317] {dag.py:2396} INFO - Sync 1 DAGs
[2022-01-24 19:51:54,339] {logging_mixin.py:109} INFO - [2022-01-24 19:51:54,338] {dag.py:2935} INFO - Setting next_dagrun for example_complex to None
[2022-01-24 19:51:54,348] {processor.py:171} INFO - Processing /home/airflow/.local/lib/python3.6/site-packages/airflow/example_dags/example_complex.py took 0.093 seconds
[2022-01-24 19:52:24,553] {processor.py:163} INFO - Started process (PID=1334) to work on /home/airflow/.local/lib/python3.6/site-packages/airflow/example_dags/example_complex.py
[2022-01-24 19:52:24,554] {processor.py:642} INFO - Processing file /home/airflow/.local/lib/python3.6/site-packages/airflow/example_dags/example_complex.py for tasks to queue
[2022-01-24 19:52:24,554] {logging_mixin.py:109} INFO - [2022-01-24 19:52:24,554] {dagbag.py:500} INFO - Filling up the DagBag from /home/airflow/.local/lib/python3.6/site-packages/airflow/example_dags/example_complex.py
[2022-01-24 19:52:24,592] {processor.py:654} INFO - DAG(s) dict_keys(['example_complex']) retrieved from /home/airflow/.local/lib/python3.6/site-packages/airflow/example_dags/example_complex.py
[2022-01-24 19:52:24,609] {logging_mixin.py:109} INFO - [2022-01-24 19:52:24,609] {dag.py:2396} INFO - Sync 1 DAGs
[2022-01-24 19:52:24,627] {logging_mixin.py:109} INFO - [2022-01-24 19:52:24,627] {dag.py:2935} INFO - Setting next_dagrun for example_complex to None
[2022-01-24 19:52:24,636] {processor.py:171} INFO - Processing /home/airflow/.local/lib/python3.6/site-packages/airflow/example_dags/example_complex.py took 0.086 seconds
