[2022-01-24 19:42:34,881] {processor.py:163} INFO - Started process (PID=49) to work on /home/airflow/.local/lib/python3.6/site-packages/airflow/example_dags/example_task_group_decorator.py
[2022-01-24 19:42:34,882] {processor.py:642} INFO - Processing file /home/airflow/.local/lib/python3.6/site-packages/airflow/example_dags/example_task_group_decorator.py for tasks to queue
[2022-01-24 19:42:34,883] {logging_mixin.py:109} INFO - [2022-01-24 19:42:34,883] {dagbag.py:500} INFO - Filling up the DagBag from /home/airflow/.local/lib/python3.6/site-packages/airflow/example_dags/example_task_group_decorator.py
[2022-01-24 19:42:34,981] {processor.py:654} INFO - DAG(s) dict_keys(['example_task_group_decorator']) retrieved from /home/airflow/.local/lib/python3.6/site-packages/airflow/example_dags/example_task_group_decorator.py
[2022-01-24 19:42:43,565] {logging_mixin.py:109} INFO - [2022-01-24 19:42:43,565] {manager.py:496} INFO - Created Permission View: can edit on DAG:example_task_group_decorator
[2022-01-24 19:42:43,579] {logging_mixin.py:109} INFO - [2022-01-24 19:42:43,579] {manager.py:496} INFO - Created Permission View: can read on DAG:example_task_group_decorator
[2022-01-24 19:42:43,582] {logging_mixin.py:109} INFO - [2022-01-24 19:42:43,579] {dag.py:2396} INFO - Sync 1 DAGs
[2022-01-24 19:42:43,603] {logging_mixin.py:109} INFO - [2022-01-24 19:42:43,600] {dag.py:2415} INFO - Creating ORM DAG for example_task_group_decorator
[2022-01-24 19:42:43,620] {logging_mixin.py:109} INFO - [2022-01-24 19:42:43,620] {dag.py:2935} INFO - Setting next_dagrun for example_task_group_decorator to 2022-01-23T19:42:43.619935+00:00
[2022-01-24 19:42:43,640] {processor.py:171} INFO - Processing /home/airflow/.local/lib/python3.6/site-packages/airflow/example_dags/example_task_group_decorator.py took 8.763 seconds
[2022-01-24 19:43:38,225] {processor.py:163} INFO - Started process (PID=364) to work on /home/airflow/.local/lib/python3.6/site-packages/airflow/example_dags/example_task_group_decorator.py
[2022-01-24 19:43:38,227] {processor.py:642} INFO - Processing file /home/airflow/.local/lib/python3.6/site-packages/airflow/example_dags/example_task_group_decorator.py for tasks to queue
[2022-01-24 19:43:38,228] {logging_mixin.py:109} INFO - [2022-01-24 19:43:38,228] {dagbag.py:500} INFO - Filling up the DagBag from /home/airflow/.local/lib/python3.6/site-packages/airflow/example_dags/example_task_group_decorator.py
[2022-01-24 19:43:38,332] {processor.py:654} INFO - DAG(s) dict_keys(['example_task_group_decorator']) retrieved from /home/airflow/.local/lib/python3.6/site-packages/airflow/example_dags/example_task_group_decorator.py
[2022-01-24 19:43:38,787] {logging_mixin.py:109} INFO - [2022-01-24 19:43:38,787] {dag.py:2396} INFO - Sync 1 DAGs
[2022-01-24 19:43:38,820] {logging_mixin.py:109} INFO - [2022-01-24 19:43:38,820] {dag.py:2935} INFO - Setting next_dagrun for example_task_group_decorator to 2022-01-23T19:43:38.819586+00:00
[2022-01-24 19:43:38,838] {processor.py:171} INFO - Processing /home/airflow/.local/lib/python3.6/site-packages/airflow/example_dags/example_task_group_decorator.py took 0.618 seconds
[2022-01-24 19:44:09,354] {processor.py:163} INFO - Started process (PID=415) to work on /home/airflow/.local/lib/python3.6/site-packages/airflow/example_dags/example_task_group_decorator.py
[2022-01-24 19:44:09,355] {processor.py:642} INFO - Processing file /home/airflow/.local/lib/python3.6/site-packages/airflow/example_dags/example_task_group_decorator.py for tasks to queue
[2022-01-24 19:44:09,356] {logging_mixin.py:109} INFO - [2022-01-24 19:44:09,356] {dagbag.py:500} INFO - Filling up the DagBag from /home/airflow/.local/lib/python3.6/site-packages/airflow/example_dags/example_task_group_decorator.py
[2022-01-24 19:44:09,401] {processor.py:654} INFO - DAG(s) dict_keys(['example_task_group_decorator']) retrieved from /home/airflow/.local/lib/python3.6/site-packages/airflow/example_dags/example_task_group_decorator.py
[2022-01-24 19:44:09,710] {logging_mixin.py:109} INFO - [2022-01-24 19:44:09,710] {dag.py:2396} INFO - Sync 1 DAGs
[2022-01-24 19:44:09,730] {logging_mixin.py:109} INFO - [2022-01-24 19:44:09,730] {dag.py:2935} INFO - Setting next_dagrun for example_task_group_decorator to 2022-01-23T19:44:09.729791+00:00
[2022-01-24 19:44:09,743] {processor.py:171} INFO - Processing /home/airflow/.local/lib/python3.6/site-packages/airflow/example_dags/example_task_group_decorator.py took 0.392 seconds
[2022-01-24 19:44:40,533] {processor.py:163} INFO - Started process (PID=468) to work on /home/airflow/.local/lib/python3.6/site-packages/airflow/example_dags/example_task_group_decorator.py
[2022-01-24 19:44:40,535] {processor.py:642} INFO - Processing file /home/airflow/.local/lib/python3.6/site-packages/airflow/example_dags/example_task_group_decorator.py for tasks to queue
[2022-01-24 19:44:40,535] {logging_mixin.py:109} INFO - [2022-01-24 19:44:40,535] {dagbag.py:500} INFO - Filling up the DagBag from /home/airflow/.local/lib/python3.6/site-packages/airflow/example_dags/example_task_group_decorator.py
[2022-01-24 19:44:40,587] {processor.py:654} INFO - DAG(s) dict_keys(['example_task_group_decorator']) retrieved from /home/airflow/.local/lib/python3.6/site-packages/airflow/example_dags/example_task_group_decorator.py
[2022-01-24 19:44:40,808] {logging_mixin.py:109} INFO - [2022-01-24 19:44:40,808] {dag.py:2396} INFO - Sync 1 DAGs
[2022-01-24 19:44:40,834] {logging_mixin.py:109} INFO - [2022-01-24 19:44:40,834] {dag.py:2935} INFO - Setting next_dagrun for example_task_group_decorator to 2022-01-23T19:44:40.834420+00:00
[2022-01-24 19:44:40,851] {processor.py:171} INFO - Processing /home/airflow/.local/lib/python3.6/site-packages/airflow/example_dags/example_task_group_decorator.py took 0.322 seconds
[2022-01-24 19:45:11,094] {processor.py:163} INFO - Started process (PID=530) to work on /home/airflow/.local/lib/python3.6/site-packages/airflow/example_dags/example_task_group_decorator.py
[2022-01-24 19:45:11,095] {processor.py:642} INFO - Processing file /home/airflow/.local/lib/python3.6/site-packages/airflow/example_dags/example_task_group_decorator.py for tasks to queue
[2022-01-24 19:45:11,096] {logging_mixin.py:109} INFO - [2022-01-24 19:45:11,096] {dagbag.py:500} INFO - Filling up the DagBag from /home/airflow/.local/lib/python3.6/site-packages/airflow/example_dags/example_task_group_decorator.py
[2022-01-24 19:45:11,139] {processor.py:654} INFO - DAG(s) dict_keys(['example_task_group_decorator']) retrieved from /home/airflow/.local/lib/python3.6/site-packages/airflow/example_dags/example_task_group_decorator.py
[2022-01-24 19:45:11,360] {logging_mixin.py:109} INFO - [2022-01-24 19:45:11,359] {dag.py:2396} INFO - Sync 1 DAGs
[2022-01-24 19:45:11,384] {logging_mixin.py:109} INFO - [2022-01-24 19:45:11,384] {dag.py:2935} INFO - Setting next_dagrun for example_task_group_decorator to 2022-01-23T19:45:11.383667+00:00
[2022-01-24 19:45:11,402] {processor.py:171} INFO - Processing /home/airflow/.local/lib/python3.6/site-packages/airflow/example_dags/example_task_group_decorator.py took 0.311 seconds
[2022-01-24 19:45:41,833] {processor.py:163} INFO - Started process (PID=583) to work on /home/airflow/.local/lib/python3.6/site-packages/airflow/example_dags/example_task_group_decorator.py
[2022-01-24 19:45:41,834] {processor.py:642} INFO - Processing file /home/airflow/.local/lib/python3.6/site-packages/airflow/example_dags/example_task_group_decorator.py for tasks to queue
[2022-01-24 19:45:41,835] {logging_mixin.py:109} INFO - [2022-01-24 19:45:41,835] {dagbag.py:500} INFO - Filling up the DagBag from /home/airflow/.local/lib/python3.6/site-packages/airflow/example_dags/example_task_group_decorator.py
[2022-01-24 19:45:41,897] {processor.py:654} INFO - DAG(s) dict_keys(['example_task_group_decorator']) retrieved from /home/airflow/.local/lib/python3.6/site-packages/airflow/example_dags/example_task_group_decorator.py
[2022-01-24 19:45:42,200] {logging_mixin.py:109} INFO - [2022-01-24 19:45:42,200] {dag.py:2396} INFO - Sync 1 DAGs
[2022-01-24 19:45:42,230] {logging_mixin.py:109} INFO - [2022-01-24 19:45:42,230] {dag.py:2935} INFO - Setting next_dagrun for example_task_group_decorator to 2022-01-23T19:45:42.230283+00:00
[2022-01-24 19:45:42,245] {processor.py:171} INFO - Processing /home/airflow/.local/lib/python3.6/site-packages/airflow/example_dags/example_task_group_decorator.py took 0.416 seconds
[2022-01-24 19:46:12,323] {processor.py:163} INFO - Started process (PID=636) to work on /home/airflow/.local/lib/python3.6/site-packages/airflow/example_dags/example_task_group_decorator.py
[2022-01-24 19:46:12,324] {processor.py:642} INFO - Processing file /home/airflow/.local/lib/python3.6/site-packages/airflow/example_dags/example_task_group_decorator.py for tasks to queue
[2022-01-24 19:46:12,325] {logging_mixin.py:109} INFO - [2022-01-24 19:46:12,325] {dagbag.py:500} INFO - Filling up the DagBag from /home/airflow/.local/lib/python3.6/site-packages/airflow/example_dags/example_task_group_decorator.py
[2022-01-24 19:46:12,369] {processor.py:654} INFO - DAG(s) dict_keys(['example_task_group_decorator']) retrieved from /home/airflow/.local/lib/python3.6/site-packages/airflow/example_dags/example_task_group_decorator.py
[2022-01-24 19:46:12,618] {logging_mixin.py:109} INFO - [2022-01-24 19:46:12,618] {dag.py:2396} INFO - Sync 1 DAGs
[2022-01-24 19:46:12,635] {logging_mixin.py:109} INFO - [2022-01-24 19:46:12,635] {dag.py:2935} INFO - Setting next_dagrun for example_task_group_decorator to 2022-01-23T19:46:12.634856+00:00
[2022-01-24 19:46:12,647] {processor.py:171} INFO - Processing /home/airflow/.local/lib/python3.6/site-packages/airflow/example_dags/example_task_group_decorator.py took 0.326 seconds
[2022-01-24 19:46:43,411] {processor.py:163} INFO - Started process (PID=698) to work on /home/airflow/.local/lib/python3.6/site-packages/airflow/example_dags/example_task_group_decorator.py
[2022-01-24 19:46:43,412] {processor.py:642} INFO - Processing file /home/airflow/.local/lib/python3.6/site-packages/airflow/example_dags/example_task_group_decorator.py for tasks to queue
[2022-01-24 19:46:43,413] {logging_mixin.py:109} INFO - [2022-01-24 19:46:43,413] {dagbag.py:500} INFO - Filling up the DagBag from /home/airflow/.local/lib/python3.6/site-packages/airflow/example_dags/example_task_group_decorator.py
[2022-01-24 19:46:43,480] {processor.py:654} INFO - DAG(s) dict_keys(['example_task_group_decorator']) retrieved from /home/airflow/.local/lib/python3.6/site-packages/airflow/example_dags/example_task_group_decorator.py
[2022-01-24 19:46:43,786] {logging_mixin.py:109} INFO - [2022-01-24 19:46:43,786] {dag.py:2396} INFO - Sync 1 DAGs
[2022-01-24 19:46:43,801] {logging_mixin.py:109} INFO - [2022-01-24 19:46:43,801] {dag.py:2935} INFO - Setting next_dagrun for example_task_group_decorator to 2022-01-23T19:46:43.800882+00:00
[2022-01-24 19:46:43,815] {processor.py:171} INFO - Processing /home/airflow/.local/lib/python3.6/site-packages/airflow/example_dags/example_task_group_decorator.py took 0.409 seconds
[2022-01-24 19:47:14,650] {processor.py:163} INFO - Started process (PID=751) to work on /home/airflow/.local/lib/python3.6/site-packages/airflow/example_dags/example_task_group_decorator.py
[2022-01-24 19:47:14,651] {processor.py:642} INFO - Processing file /home/airflow/.local/lib/python3.6/site-packages/airflow/example_dags/example_task_group_decorator.py for tasks to queue
[2022-01-24 19:47:14,652] {logging_mixin.py:109} INFO - [2022-01-24 19:47:14,652] {dagbag.py:500} INFO - Filling up the DagBag from /home/airflow/.local/lib/python3.6/site-packages/airflow/example_dags/example_task_group_decorator.py
[2022-01-24 19:47:14,701] {processor.py:654} INFO - DAG(s) dict_keys(['example_task_group_decorator']) retrieved from /home/airflow/.local/lib/python3.6/site-packages/airflow/example_dags/example_task_group_decorator.py
[2022-01-24 19:47:14,883] {logging_mixin.py:109} INFO - [2022-01-24 19:47:14,883] {dag.py:2396} INFO - Sync 1 DAGs
[2022-01-24 19:47:14,897] {logging_mixin.py:109} INFO - [2022-01-24 19:47:14,897] {dag.py:2935} INFO - Setting next_dagrun for example_task_group_decorator to 2022-01-23T19:47:14.897300+00:00
[2022-01-24 19:47:14,908] {processor.py:171} INFO - Processing /home/airflow/.local/lib/python3.6/site-packages/airflow/example_dags/example_task_group_decorator.py took 0.262 seconds
[2022-01-24 19:47:44,935] {processor.py:163} INFO - Started process (PID=810) to work on /home/airflow/.local/lib/python3.6/site-packages/airflow/example_dags/example_task_group_decorator.py
[2022-01-24 19:47:44,946] {processor.py:642} INFO - Processing file /home/airflow/.local/lib/python3.6/site-packages/airflow/example_dags/example_task_group_decorator.py for tasks to queue
[2022-01-24 19:47:44,947] {logging_mixin.py:109} INFO - [2022-01-24 19:47:44,946] {dagbag.py:500} INFO - Filling up the DagBag from /home/airflow/.local/lib/python3.6/site-packages/airflow/example_dags/example_task_group_decorator.py
[2022-01-24 19:47:44,981] {processor.py:654} INFO - DAG(s) dict_keys(['example_task_group_decorator']) retrieved from /home/airflow/.local/lib/python3.6/site-packages/airflow/example_dags/example_task_group_decorator.py
[2022-01-24 19:47:46,765] {logging_mixin.py:109} INFO - [2022-01-24 19:47:46,765] {dag.py:2396} INFO - Sync 1 DAGs
[2022-01-24 19:47:46,785] {logging_mixin.py:109} INFO - [2022-01-24 19:47:46,785] {dag.py:2935} INFO - Setting next_dagrun for example_task_group_decorator to 2022-01-23T19:47:46.785211+00:00
[2022-01-24 19:47:46,854] {processor.py:171} INFO - Processing /home/airflow/.local/lib/python3.6/site-packages/airflow/example_dags/example_task_group_decorator.py took 1.921 seconds
[2022-01-24 19:48:17,782] {processor.py:163} INFO - Started process (PID=863) to work on /home/airflow/.local/lib/python3.6/site-packages/airflow/example_dags/example_task_group_decorator.py
[2022-01-24 19:48:17,784] {processor.py:642} INFO - Processing file /home/airflow/.local/lib/python3.6/site-packages/airflow/example_dags/example_task_group_decorator.py for tasks to queue
[2022-01-24 19:48:17,785] {logging_mixin.py:109} INFO - [2022-01-24 19:48:17,785] {dagbag.py:500} INFO - Filling up the DagBag from /home/airflow/.local/lib/python3.6/site-packages/airflow/example_dags/example_task_group_decorator.py
[2022-01-24 19:48:17,839] {processor.py:654} INFO - DAG(s) dict_keys(['example_task_group_decorator']) retrieved from /home/airflow/.local/lib/python3.6/site-packages/airflow/example_dags/example_task_group_decorator.py
[2022-01-24 19:48:18,075] {logging_mixin.py:109} INFO - [2022-01-24 19:48:18,075] {dag.py:2396} INFO - Sync 1 DAGs
[2022-01-24 19:48:18,091] {logging_mixin.py:109} INFO - [2022-01-24 19:48:18,091] {dag.py:2935} INFO - Setting next_dagrun for example_task_group_decorator to 2022-01-23T19:48:18.091544+00:00
[2022-01-24 19:48:18,102] {processor.py:171} INFO - Processing /home/airflow/.local/lib/python3.6/site-packages/airflow/example_dags/example_task_group_decorator.py took 0.326 seconds
[2022-01-24 19:48:48,813] {processor.py:163} INFO - Started process (PID=925) to work on /home/airflow/.local/lib/python3.6/site-packages/airflow/example_dags/example_task_group_decorator.py
[2022-01-24 19:48:48,815] {processor.py:642} INFO - Processing file /home/airflow/.local/lib/python3.6/site-packages/airflow/example_dags/example_task_group_decorator.py for tasks to queue
[2022-01-24 19:48:48,815] {logging_mixin.py:109} INFO - [2022-01-24 19:48:48,815] {dagbag.py:500} INFO - Filling up the DagBag from /home/airflow/.local/lib/python3.6/site-packages/airflow/example_dags/example_task_group_decorator.py
[2022-01-24 19:48:48,853] {processor.py:654} INFO - DAG(s) dict_keys(['example_task_group_decorator']) retrieved from /home/airflow/.local/lib/python3.6/site-packages/airflow/example_dags/example_task_group_decorator.py
[2022-01-24 19:48:49,049] {logging_mixin.py:109} INFO - [2022-01-24 19:48:49,049] {dag.py:2396} INFO - Sync 1 DAGs
[2022-01-24 19:48:49,064] {logging_mixin.py:109} INFO - [2022-01-24 19:48:49,064] {dag.py:2935} INFO - Setting next_dagrun for example_task_group_decorator to 2022-01-23T19:48:49.064294+00:00
[2022-01-24 19:48:49,073] {processor.py:171} INFO - Processing /home/airflow/.local/lib/python3.6/site-packages/airflow/example_dags/example_task_group_decorator.py took 0.262 seconds
[2022-01-24 19:49:19,124] {processor.py:163} INFO - Started process (PID=980) to work on /home/airflow/.local/lib/python3.6/site-packages/airflow/example_dags/example_task_group_decorator.py
[2022-01-24 19:49:19,125] {processor.py:642} INFO - Processing file /home/airflow/.local/lib/python3.6/site-packages/airflow/example_dags/example_task_group_decorator.py for tasks to queue
[2022-01-24 19:49:19,126] {logging_mixin.py:109} INFO - [2022-01-24 19:49:19,126] {dagbag.py:500} INFO - Filling up the DagBag from /home/airflow/.local/lib/python3.6/site-packages/airflow/example_dags/example_task_group_decorator.py
[2022-01-24 19:49:19,164] {processor.py:654} INFO - DAG(s) dict_keys(['example_task_group_decorator']) retrieved from /home/airflow/.local/lib/python3.6/site-packages/airflow/example_dags/example_task_group_decorator.py
[2022-01-24 19:49:19,359] {logging_mixin.py:109} INFO - [2022-01-24 19:49:19,359] {dag.py:2396} INFO - Sync 1 DAGs
[2022-01-24 19:49:19,371] {logging_mixin.py:109} INFO - [2022-01-24 19:49:19,371] {dag.py:2935} INFO - Setting next_dagrun for example_task_group_decorator to 2022-01-23T19:49:19.371214+00:00
[2022-01-24 19:49:19,380] {processor.py:171} INFO - Processing /home/airflow/.local/lib/python3.6/site-packages/airflow/example_dags/example_task_group_decorator.py took 0.258 seconds
[2022-01-24 19:49:50,215] {processor.py:163} INFO - Started process (PID=1033) to work on /home/airflow/.local/lib/python3.6/site-packages/airflow/example_dags/example_task_group_decorator.py
[2022-01-24 19:49:50,216] {processor.py:642} INFO - Processing file /home/airflow/.local/lib/python3.6/site-packages/airflow/example_dags/example_task_group_decorator.py for tasks to queue
[2022-01-24 19:49:50,217] {logging_mixin.py:109} INFO - [2022-01-24 19:49:50,217] {dagbag.py:500} INFO - Filling up the DagBag from /home/airflow/.local/lib/python3.6/site-packages/airflow/example_dags/example_task_group_decorator.py
[2022-01-24 19:49:50,264] {processor.py:654} INFO - DAG(s) dict_keys(['example_task_group_decorator']) retrieved from /home/airflow/.local/lib/python3.6/site-packages/airflow/example_dags/example_task_group_decorator.py
[2022-01-24 19:49:50,435] {logging_mixin.py:109} INFO - [2022-01-24 19:49:50,435] {dag.py:2396} INFO - Sync 1 DAGs
[2022-01-24 19:49:50,448] {logging_mixin.py:109} INFO - [2022-01-24 19:49:50,448] {dag.py:2935} INFO - Setting next_dagrun for example_task_group_decorator to 2022-01-23T19:49:50.448206+00:00
[2022-01-24 19:49:50,457] {processor.py:171} INFO - Processing /home/airflow/.local/lib/python3.6/site-packages/airflow/example_dags/example_task_group_decorator.py took 0.246 seconds
[2022-01-24 19:50:21,301] {processor.py:163} INFO - Started process (PID=1097) to work on /home/airflow/.local/lib/python3.6/site-packages/airflow/example_dags/example_task_group_decorator.py
[2022-01-24 19:50:21,302] {processor.py:642} INFO - Processing file /home/airflow/.local/lib/python3.6/site-packages/airflow/example_dags/example_task_group_decorator.py for tasks to queue
[2022-01-24 19:50:21,303] {logging_mixin.py:109} INFO - [2022-01-24 19:50:21,303] {dagbag.py:500} INFO - Filling up the DagBag from /home/airflow/.local/lib/python3.6/site-packages/airflow/example_dags/example_task_group_decorator.py
[2022-01-24 19:50:21,347] {processor.py:654} INFO - DAG(s) dict_keys(['example_task_group_decorator']) retrieved from /home/airflow/.local/lib/python3.6/site-packages/airflow/example_dags/example_task_group_decorator.py
[2022-01-24 19:50:21,525] {logging_mixin.py:109} INFO - [2022-01-24 19:50:21,525] {dag.py:2396} INFO - Sync 1 DAGs
[2022-01-24 19:50:21,539] {logging_mixin.py:109} INFO - [2022-01-24 19:50:21,539] {dag.py:2935} INFO - Setting next_dagrun for example_task_group_decorator to 2022-01-23T19:50:21.538719+00:00
[2022-01-24 19:50:21,550] {processor.py:171} INFO - Processing /home/airflow/.local/lib/python3.6/site-packages/airflow/example_dags/example_task_group_decorator.py took 0.253 seconds
[2022-01-24 19:50:52,288] {processor.py:163} INFO - Started process (PID=1150) to work on /home/airflow/.local/lib/python3.6/site-packages/airflow/example_dags/example_task_group_decorator.py
[2022-01-24 19:50:52,289] {processor.py:642} INFO - Processing file /home/airflow/.local/lib/python3.6/site-packages/airflow/example_dags/example_task_group_decorator.py for tasks to queue
[2022-01-24 19:50:52,290] {logging_mixin.py:109} INFO - [2022-01-24 19:50:52,290] {dagbag.py:500} INFO - Filling up the DagBag from /home/airflow/.local/lib/python3.6/site-packages/airflow/example_dags/example_task_group_decorator.py
[2022-01-24 19:50:52,331] {processor.py:654} INFO - DAG(s) dict_keys(['example_task_group_decorator']) retrieved from /home/airflow/.local/lib/python3.6/site-packages/airflow/example_dags/example_task_group_decorator.py
[2022-01-24 19:50:52,517] {logging_mixin.py:109} INFO - [2022-01-24 19:50:52,517] {dag.py:2396} INFO - Sync 1 DAGs
[2022-01-24 19:50:52,531] {logging_mixin.py:109} INFO - [2022-01-24 19:50:52,531] {dag.py:2935} INFO - Setting next_dagrun for example_task_group_decorator to 2022-01-23T19:50:52.531366+00:00
[2022-01-24 19:50:52,541] {processor.py:171} INFO - Processing /home/airflow/.local/lib/python3.6/site-packages/airflow/example_dags/example_task_group_decorator.py took 0.255 seconds
[2022-01-24 19:51:22,632] {processor.py:163} INFO - Started process (PID=1214) to work on /home/airflow/.local/lib/python3.6/site-packages/airflow/example_dags/example_task_group_decorator.py
[2022-01-24 19:51:22,634] {processor.py:642} INFO - Processing file /home/airflow/.local/lib/python3.6/site-packages/airflow/example_dags/example_task_group_decorator.py for tasks to queue
[2022-01-24 19:51:22,635] {logging_mixin.py:109} INFO - [2022-01-24 19:51:22,635] {dagbag.py:500} INFO - Filling up the DagBag from /home/airflow/.local/lib/python3.6/site-packages/airflow/example_dags/example_task_group_decorator.py
[2022-01-24 19:51:22,701] {processor.py:654} INFO - DAG(s) dict_keys(['example_task_group_decorator']) retrieved from /home/airflow/.local/lib/python3.6/site-packages/airflow/example_dags/example_task_group_decorator.py
[2022-01-24 19:51:23,054] {logging_mixin.py:109} INFO - [2022-01-24 19:51:23,054] {dag.py:2396} INFO - Sync 1 DAGs
[2022-01-24 19:51:23,102] {logging_mixin.py:109} INFO - [2022-01-24 19:51:23,102] {dag.py:2935} INFO - Setting next_dagrun for example_task_group_decorator to 2022-01-23T19:51:23.101070+00:00
[2022-01-24 19:51:23,138] {processor.py:171} INFO - Processing /home/airflow/.local/lib/python3.6/site-packages/airflow/example_dags/example_task_group_decorator.py took 0.509 seconds
[2022-01-24 19:51:53,325] {processor.py:163} INFO - Started process (PID=1269) to work on /home/airflow/.local/lib/python3.6/site-packages/airflow/example_dags/example_task_group_decorator.py
[2022-01-24 19:51:53,327] {processor.py:642} INFO - Processing file /home/airflow/.local/lib/python3.6/site-packages/airflow/example_dags/example_task_group_decorator.py for tasks to queue
[2022-01-24 19:51:53,328] {logging_mixin.py:109} INFO - [2022-01-24 19:51:53,327] {dagbag.py:500} INFO - Filling up the DagBag from /home/airflow/.local/lib/python3.6/site-packages/airflow/example_dags/example_task_group_decorator.py
[2022-01-24 19:51:53,399] {processor.py:654} INFO - DAG(s) dict_keys(['example_task_group_decorator']) retrieved from /home/airflow/.local/lib/python3.6/site-packages/airflow/example_dags/example_task_group_decorator.py
[2022-01-24 19:51:53,835] {logging_mixin.py:109} INFO - [2022-01-24 19:51:53,835] {dag.py:2396} INFO - Sync 1 DAGs
[2022-01-24 19:51:53,864] {logging_mixin.py:109} INFO - [2022-01-24 19:51:53,864] {dag.py:2935} INFO - Setting next_dagrun for example_task_group_decorator to 2022-01-23T19:51:53.863872+00:00
[2022-01-24 19:51:53,883] {processor.py:171} INFO - Processing /home/airflow/.local/lib/python3.6/site-packages/airflow/example_dags/example_task_group_decorator.py took 0.563 seconds
[2022-01-24 19:52:23,947] {processor.py:163} INFO - Started process (PID=1325) to work on /home/airflow/.local/lib/python3.6/site-packages/airflow/example_dags/example_task_group_decorator.py
[2022-01-24 19:52:23,947] {processor.py:642} INFO - Processing file /home/airflow/.local/lib/python3.6/site-packages/airflow/example_dags/example_task_group_decorator.py for tasks to queue
[2022-01-24 19:52:23,948] {logging_mixin.py:109} INFO - [2022-01-24 19:52:23,948] {dagbag.py:500} INFO - Filling up the DagBag from /home/airflow/.local/lib/python3.6/site-packages/airflow/example_dags/example_task_group_decorator.py
[2022-01-24 19:52:24,019] {processor.py:654} INFO - DAG(s) dict_keys(['example_task_group_decorator']) retrieved from /home/airflow/.local/lib/python3.6/site-packages/airflow/example_dags/example_task_group_decorator.py
[2022-01-24 19:52:24,350] {logging_mixin.py:109} INFO - [2022-01-24 19:52:24,350] {dag.py:2396} INFO - Sync 1 DAGs
[2022-01-24 19:52:24,368] {logging_mixin.py:109} INFO - [2022-01-24 19:52:24,368] {dag.py:2935} INFO - Setting next_dagrun for example_task_group_decorator to 2022-01-23T19:52:24.367792+00:00
[2022-01-24 19:52:24,378] {processor.py:171} INFO - Processing /home/airflow/.local/lib/python3.6/site-packages/airflow/example_dags/example_task_group_decorator.py took 0.434 seconds
