[2022-01-24 19:43:28,314] {processor.py:163} INFO - Started process (PID=296) to work on /home/airflow/.local/lib/python3.6/site-packages/airflow/example_dags/example_time_delta_sensor_async.py
[2022-01-24 19:43:28,316] {processor.py:642} INFO - Processing file /home/airflow/.local/lib/python3.6/site-packages/airflow/example_dags/example_time_delta_sensor_async.py for tasks to queue
[2022-01-24 19:43:28,317] {logging_mixin.py:109} INFO - [2022-01-24 19:43:28,317] {dagbag.py:500} INFO - Filling up the DagBag from /home/airflow/.local/lib/python3.6/site-packages/airflow/example_dags/example_time_delta_sensor_async.py
[2022-01-24 19:43:28,362] {processor.py:654} INFO - DAG(s) dict_keys(['example_time_delta_sensor_async']) retrieved from /home/airflow/.local/lib/python3.6/site-packages/airflow/example_dags/example_time_delta_sensor_async.py
[2022-01-24 19:43:31,198] {logging_mixin.py:109} INFO - [2022-01-24 19:43:31,198] {manager.py:496} INFO - Created Permission View: can edit on DAG:example_time_delta_sensor_async
[2022-01-24 19:43:31,207] {logging_mixin.py:109} INFO - [2022-01-24 19:43:31,207] {manager.py:496} INFO - Created Permission View: can read on DAG:example_time_delta_sensor_async
[2022-01-24 19:43:31,209] {logging_mixin.py:109} INFO - [2022-01-24 19:43:31,207] {dag.py:2396} INFO - Sync 1 DAGs
[2022-01-24 19:43:31,222] {logging_mixin.py:109} INFO - [2022-01-24 19:43:31,221] {dag.py:2415} INFO - Creating ORM DAG for example_time_delta_sensor_async
[2022-01-24 19:43:31,232] {logging_mixin.py:109} INFO - [2022-01-24 19:43:31,232] {dag.py:2935} INFO - Setting next_dagrun for example_time_delta_sensor_async to None
[2022-01-24 19:43:31,246] {processor.py:171} INFO - Processing /home/airflow/.local/lib/python3.6/site-packages/airflow/example_dags/example_time_delta_sensor_async.py took 2.936 seconds
[2022-01-24 19:44:01,712] {processor.py:163} INFO - Started process (PID=398) to work on /home/airflow/.local/lib/python3.6/site-packages/airflow/example_dags/example_time_delta_sensor_async.py
[2022-01-24 19:44:01,713] {processor.py:642} INFO - Processing file /home/airflow/.local/lib/python3.6/site-packages/airflow/example_dags/example_time_delta_sensor_async.py for tasks to queue
[2022-01-24 19:44:01,714] {logging_mixin.py:109} INFO - [2022-01-24 19:44:01,714] {dagbag.py:500} INFO - Filling up the DagBag from /home/airflow/.local/lib/python3.6/site-packages/airflow/example_dags/example_time_delta_sensor_async.py
[2022-01-24 19:44:01,738] {processor.py:654} INFO - DAG(s) dict_keys(['example_time_delta_sensor_async']) retrieved from /home/airflow/.local/lib/python3.6/site-packages/airflow/example_dags/example_time_delta_sensor_async.py
[2022-01-24 19:44:01,747] {logging_mixin.py:109} INFO - [2022-01-24 19:44:01,747] {dag.py:2396} INFO - Sync 1 DAGs
[2022-01-24 19:44:01,764] {logging_mixin.py:109} INFO - [2022-01-24 19:44:01,764] {dag.py:2935} INFO - Setting next_dagrun for example_time_delta_sensor_async to None
[2022-01-24 19:44:01,772] {processor.py:171} INFO - Processing /home/airflow/.local/lib/python3.6/site-packages/airflow/example_dags/example_time_delta_sensor_async.py took 0.063 seconds
[2022-01-24 19:44:31,911] {processor.py:163} INFO - Started process (PID=459) to work on /home/airflow/.local/lib/python3.6/site-packages/airflow/example_dags/example_time_delta_sensor_async.py
[2022-01-24 19:44:31,912] {processor.py:642} INFO - Processing file /home/airflow/.local/lib/python3.6/site-packages/airflow/example_dags/example_time_delta_sensor_async.py for tasks to queue
[2022-01-24 19:44:31,912] {logging_mixin.py:109} INFO - [2022-01-24 19:44:31,912] {dagbag.py:500} INFO - Filling up the DagBag from /home/airflow/.local/lib/python3.6/site-packages/airflow/example_dags/example_time_delta_sensor_async.py
[2022-01-24 19:44:31,933] {processor.py:654} INFO - DAG(s) dict_keys(['example_time_delta_sensor_async']) retrieved from /home/airflow/.local/lib/python3.6/site-packages/airflow/example_dags/example_time_delta_sensor_async.py
[2022-01-24 19:44:31,944] {logging_mixin.py:109} INFO - [2022-01-24 19:44:31,944] {dag.py:2396} INFO - Sync 1 DAGs
[2022-01-24 19:44:31,963] {logging_mixin.py:109} INFO - [2022-01-24 19:44:31,963] {dag.py:2935} INFO - Setting next_dagrun for example_time_delta_sensor_async to None
[2022-01-24 19:44:31,971] {processor.py:171} INFO - Processing /home/airflow/.local/lib/python3.6/site-packages/airflow/example_dags/example_time_delta_sensor_async.py took 0.062 seconds
[2022-01-24 19:45:02,719] {processor.py:163} INFO - Started process (PID=511) to work on /home/airflow/.local/lib/python3.6/site-packages/airflow/example_dags/example_time_delta_sensor_async.py
[2022-01-24 19:45:02,720] {processor.py:642} INFO - Processing file /home/airflow/.local/lib/python3.6/site-packages/airflow/example_dags/example_time_delta_sensor_async.py for tasks to queue
[2022-01-24 19:45:02,720] {logging_mixin.py:109} INFO - [2022-01-24 19:45:02,720] {dagbag.py:500} INFO - Filling up the DagBag from /home/airflow/.local/lib/python3.6/site-packages/airflow/example_dags/example_time_delta_sensor_async.py
[2022-01-24 19:45:02,744] {processor.py:654} INFO - DAG(s) dict_keys(['example_time_delta_sensor_async']) retrieved from /home/airflow/.local/lib/python3.6/site-packages/airflow/example_dags/example_time_delta_sensor_async.py
[2022-01-24 19:45:02,754] {logging_mixin.py:109} INFO - [2022-01-24 19:45:02,754] {dag.py:2396} INFO - Sync 1 DAGs
[2022-01-24 19:45:02,773] {logging_mixin.py:109} INFO - [2022-01-24 19:45:02,773] {dag.py:2935} INFO - Setting next_dagrun for example_time_delta_sensor_async to None
[2022-01-24 19:45:02,782] {processor.py:171} INFO - Processing /home/airflow/.local/lib/python3.6/site-packages/airflow/example_dags/example_time_delta_sensor_async.py took 0.065 seconds
[2022-01-24 19:45:33,141] {processor.py:163} INFO - Started process (PID=563) to work on /home/airflow/.local/lib/python3.6/site-packages/airflow/example_dags/example_time_delta_sensor_async.py
[2022-01-24 19:45:33,142] {processor.py:642} INFO - Processing file /home/airflow/.local/lib/python3.6/site-packages/airflow/example_dags/example_time_delta_sensor_async.py for tasks to queue
[2022-01-24 19:45:33,143] {logging_mixin.py:109} INFO - [2022-01-24 19:45:33,143] {dagbag.py:500} INFO - Filling up the DagBag from /home/airflow/.local/lib/python3.6/site-packages/airflow/example_dags/example_time_delta_sensor_async.py
[2022-01-24 19:45:33,176] {processor.py:654} INFO - DAG(s) dict_keys(['example_time_delta_sensor_async']) retrieved from /home/airflow/.local/lib/python3.6/site-packages/airflow/example_dags/example_time_delta_sensor_async.py
[2022-01-24 19:45:33,189] {logging_mixin.py:109} INFO - [2022-01-24 19:45:33,189] {dag.py:2396} INFO - Sync 1 DAGs
[2022-01-24 19:45:33,212] {logging_mixin.py:109} INFO - [2022-01-24 19:45:33,212] {dag.py:2935} INFO - Setting next_dagrun for example_time_delta_sensor_async to None
[2022-01-24 19:45:33,222] {processor.py:171} INFO - Processing /home/airflow/.local/lib/python3.6/site-packages/airflow/example_dags/example_time_delta_sensor_async.py took 0.084 seconds
[2022-01-24 19:46:03,841] {processor.py:163} INFO - Started process (PID=624) to work on /home/airflow/.local/lib/python3.6/site-packages/airflow/example_dags/example_time_delta_sensor_async.py
[2022-01-24 19:46:03,842] {processor.py:642} INFO - Processing file /home/airflow/.local/lib/python3.6/site-packages/airflow/example_dags/example_time_delta_sensor_async.py for tasks to queue
[2022-01-24 19:46:03,843] {logging_mixin.py:109} INFO - [2022-01-24 19:46:03,843] {dagbag.py:500} INFO - Filling up the DagBag from /home/airflow/.local/lib/python3.6/site-packages/airflow/example_dags/example_time_delta_sensor_async.py
[2022-01-24 19:46:03,867] {processor.py:654} INFO - DAG(s) dict_keys(['example_time_delta_sensor_async']) retrieved from /home/airflow/.local/lib/python3.6/site-packages/airflow/example_dags/example_time_delta_sensor_async.py
[2022-01-24 19:46:03,877] {logging_mixin.py:109} INFO - [2022-01-24 19:46:03,876] {dag.py:2396} INFO - Sync 1 DAGs
[2022-01-24 19:46:03,892] {logging_mixin.py:109} INFO - [2022-01-24 19:46:03,892] {dag.py:2935} INFO - Setting next_dagrun for example_time_delta_sensor_async to None
[2022-01-24 19:46:03,901] {processor.py:171} INFO - Processing /home/airflow/.local/lib/python3.6/site-packages/airflow/example_dags/example_time_delta_sensor_async.py took 0.063 seconds
[2022-01-24 19:46:34,011] {processor.py:163} INFO - Started process (PID=680) to work on /home/airflow/.local/lib/python3.6/site-packages/airflow/example_dags/example_time_delta_sensor_async.py
[2022-01-24 19:46:34,013] {processor.py:642} INFO - Processing file /home/airflow/.local/lib/python3.6/site-packages/airflow/example_dags/example_time_delta_sensor_async.py for tasks to queue
[2022-01-24 19:46:34,014] {logging_mixin.py:109} INFO - [2022-01-24 19:46:34,013] {dagbag.py:500} INFO - Filling up the DagBag from /home/airflow/.local/lib/python3.6/site-packages/airflow/example_dags/example_time_delta_sensor_async.py
[2022-01-24 19:46:34,047] {processor.py:654} INFO - DAG(s) dict_keys(['example_time_delta_sensor_async']) retrieved from /home/airflow/.local/lib/python3.6/site-packages/airflow/example_dags/example_time_delta_sensor_async.py
[2022-01-24 19:46:34,058] {logging_mixin.py:109} INFO - [2022-01-24 19:46:34,058] {dag.py:2396} INFO - Sync 1 DAGs
[2022-01-24 19:46:34,078] {logging_mixin.py:109} INFO - [2022-01-24 19:46:34,078] {dag.py:2935} INFO - Setting next_dagrun for example_time_delta_sensor_async to None
[2022-01-24 19:46:34,085] {processor.py:171} INFO - Processing /home/airflow/.local/lib/python3.6/site-packages/airflow/example_dags/example_time_delta_sensor_async.py took 0.078 seconds
[2022-01-24 19:47:04,222] {processor.py:163} INFO - Started process (PID=732) to work on /home/airflow/.local/lib/python3.6/site-packages/airflow/example_dags/example_time_delta_sensor_async.py
[2022-01-24 19:47:04,224] {processor.py:642} INFO - Processing file /home/airflow/.local/lib/python3.6/site-packages/airflow/example_dags/example_time_delta_sensor_async.py for tasks to queue
[2022-01-24 19:47:04,225] {logging_mixin.py:109} INFO - [2022-01-24 19:47:04,224] {dagbag.py:500} INFO - Filling up the DagBag from /home/airflow/.local/lib/python3.6/site-packages/airflow/example_dags/example_time_delta_sensor_async.py
[2022-01-24 19:47:04,264] {processor.py:654} INFO - DAG(s) dict_keys(['example_time_delta_sensor_async']) retrieved from /home/airflow/.local/lib/python3.6/site-packages/airflow/example_dags/example_time_delta_sensor_async.py
[2022-01-24 19:47:04,277] {logging_mixin.py:109} INFO - [2022-01-24 19:47:04,277] {dag.py:2396} INFO - Sync 1 DAGs
[2022-01-24 19:47:04,298] {logging_mixin.py:109} INFO - [2022-01-24 19:47:04,298] {dag.py:2935} INFO - Setting next_dagrun for example_time_delta_sensor_async to None
[2022-01-24 19:47:04,323] {processor.py:171} INFO - Processing /home/airflow/.local/lib/python3.6/site-packages/airflow/example_dags/example_time_delta_sensor_async.py took 0.105 seconds
[2022-01-24 19:47:35,010] {processor.py:163} INFO - Started process (PID=785) to work on /home/airflow/.local/lib/python3.6/site-packages/airflow/example_dags/example_time_delta_sensor_async.py
[2022-01-24 19:47:35,011] {processor.py:642} INFO - Processing file /home/airflow/.local/lib/python3.6/site-packages/airflow/example_dags/example_time_delta_sensor_async.py for tasks to queue
[2022-01-24 19:47:35,012] {logging_mixin.py:109} INFO - [2022-01-24 19:47:35,012] {dagbag.py:500} INFO - Filling up the DagBag from /home/airflow/.local/lib/python3.6/site-packages/airflow/example_dags/example_time_delta_sensor_async.py
[2022-01-24 19:47:35,467] {processor.py:654} INFO - DAG(s) dict_keys(['example_time_delta_sensor_async']) retrieved from /home/airflow/.local/lib/python3.6/site-packages/airflow/example_dags/example_time_delta_sensor_async.py
[2022-01-24 19:47:35,520] {logging_mixin.py:109} INFO - [2022-01-24 19:47:35,520] {dag.py:2396} INFO - Sync 1 DAGs
[2022-01-24 19:47:35,559] {logging_mixin.py:109} INFO - [2022-01-24 19:47:35,559] {dag.py:2935} INFO - Setting next_dagrun for example_time_delta_sensor_async to None
[2022-01-24 19:47:35,570] {processor.py:171} INFO - Processing /home/airflow/.local/lib/python3.6/site-packages/airflow/example_dags/example_time_delta_sensor_async.py took 0.565 seconds
[2022-01-24 19:48:06,265] {processor.py:163} INFO - Started process (PID=845) to work on /home/airflow/.local/lib/python3.6/site-packages/airflow/example_dags/example_time_delta_sensor_async.py
[2022-01-24 19:48:06,266] {processor.py:642} INFO - Processing file /home/airflow/.local/lib/python3.6/site-packages/airflow/example_dags/example_time_delta_sensor_async.py for tasks to queue
[2022-01-24 19:48:06,266] {logging_mixin.py:109} INFO - [2022-01-24 19:48:06,266] {dagbag.py:500} INFO - Filling up the DagBag from /home/airflow/.local/lib/python3.6/site-packages/airflow/example_dags/example_time_delta_sensor_async.py
[2022-01-24 19:48:06,295] {processor.py:654} INFO - DAG(s) dict_keys(['example_time_delta_sensor_async']) retrieved from /home/airflow/.local/lib/python3.6/site-packages/airflow/example_dags/example_time_delta_sensor_async.py
[2022-01-24 19:48:06,305] {logging_mixin.py:109} INFO - [2022-01-24 19:48:06,305] {dag.py:2396} INFO - Sync 1 DAGs
[2022-01-24 19:48:06,323] {logging_mixin.py:109} INFO - [2022-01-24 19:48:06,323] {dag.py:2935} INFO - Setting next_dagrun for example_time_delta_sensor_async to None
[2022-01-24 19:48:06,332] {processor.py:171} INFO - Processing /home/airflow/.local/lib/python3.6/site-packages/airflow/example_dags/example_time_delta_sensor_async.py took 0.070 seconds
[2022-01-24 19:48:36,359] {processor.py:163} INFO - Started process (PID=907) to work on /home/airflow/.local/lib/python3.6/site-packages/airflow/example_dags/example_time_delta_sensor_async.py
[2022-01-24 19:48:36,360] {processor.py:642} INFO - Processing file /home/airflow/.local/lib/python3.6/site-packages/airflow/example_dags/example_time_delta_sensor_async.py for tasks to queue
[2022-01-24 19:48:36,361] {logging_mixin.py:109} INFO - [2022-01-24 19:48:36,361] {dagbag.py:500} INFO - Filling up the DagBag from /home/airflow/.local/lib/python3.6/site-packages/airflow/example_dags/example_time_delta_sensor_async.py
[2022-01-24 19:48:36,381] {processor.py:654} INFO - DAG(s) dict_keys(['example_time_delta_sensor_async']) retrieved from /home/airflow/.local/lib/python3.6/site-packages/airflow/example_dags/example_time_delta_sensor_async.py
[2022-01-24 19:48:36,389] {logging_mixin.py:109} INFO - [2022-01-24 19:48:36,389] {dag.py:2396} INFO - Sync 1 DAGs
[2022-01-24 19:48:36,403] {logging_mixin.py:109} INFO - [2022-01-24 19:48:36,403] {dag.py:2935} INFO - Setting next_dagrun for example_time_delta_sensor_async to None
[2022-01-24 19:48:36,410] {processor.py:171} INFO - Processing /home/airflow/.local/lib/python3.6/site-packages/airflow/example_dags/example_time_delta_sensor_async.py took 0.053 seconds
[2022-01-24 19:49:06,619] {processor.py:163} INFO - Started process (PID=961) to work on /home/airflow/.local/lib/python3.6/site-packages/airflow/example_dags/example_time_delta_sensor_async.py
[2022-01-24 19:49:06,621] {processor.py:642} INFO - Processing file /home/airflow/.local/lib/python3.6/site-packages/airflow/example_dags/example_time_delta_sensor_async.py for tasks to queue
[2022-01-24 19:49:06,622] {logging_mixin.py:109} INFO - [2022-01-24 19:49:06,622] {dagbag.py:500} INFO - Filling up the DagBag from /home/airflow/.local/lib/python3.6/site-packages/airflow/example_dags/example_time_delta_sensor_async.py
[2022-01-24 19:49:06,649] {processor.py:654} INFO - DAG(s) dict_keys(['example_time_delta_sensor_async']) retrieved from /home/airflow/.local/lib/python3.6/site-packages/airflow/example_dags/example_time_delta_sensor_async.py
[2022-01-24 19:49:06,660] {logging_mixin.py:109} INFO - [2022-01-24 19:49:06,660] {dag.py:2396} INFO - Sync 1 DAGs
[2022-01-24 19:49:06,686] {logging_mixin.py:109} INFO - [2022-01-24 19:49:06,686] {dag.py:2935} INFO - Setting next_dagrun for example_time_delta_sensor_async to None
[2022-01-24 19:49:06,695] {processor.py:171} INFO - Processing /home/airflow/.local/lib/python3.6/site-packages/airflow/example_dags/example_time_delta_sensor_async.py took 0.079 seconds
[2022-01-24 19:49:36,810] {processor.py:163} INFO - Started process (PID=1014) to work on /home/airflow/.local/lib/python3.6/site-packages/airflow/example_dags/example_time_delta_sensor_async.py
[2022-01-24 19:49:36,811] {processor.py:642} INFO - Processing file /home/airflow/.local/lib/python3.6/site-packages/airflow/example_dags/example_time_delta_sensor_async.py for tasks to queue
[2022-01-24 19:49:36,812] {logging_mixin.py:109} INFO - [2022-01-24 19:49:36,812] {dagbag.py:500} INFO - Filling up the DagBag from /home/airflow/.local/lib/python3.6/site-packages/airflow/example_dags/example_time_delta_sensor_async.py
[2022-01-24 19:49:36,847] {processor.py:654} INFO - DAG(s) dict_keys(['example_time_delta_sensor_async']) retrieved from /home/airflow/.local/lib/python3.6/site-packages/airflow/example_dags/example_time_delta_sensor_async.py
[2022-01-24 19:49:36,857] {logging_mixin.py:109} INFO - [2022-01-24 19:49:36,857] {dag.py:2396} INFO - Sync 1 DAGs
[2022-01-24 19:49:36,873] {logging_mixin.py:109} INFO - [2022-01-24 19:49:36,873] {dag.py:2935} INFO - Setting next_dagrun for example_time_delta_sensor_async to None
[2022-01-24 19:49:36,881] {processor.py:171} INFO - Processing /home/airflow/.local/lib/python3.6/site-packages/airflow/example_dags/example_time_delta_sensor_async.py took 0.076 seconds
[2022-01-24 19:50:07,711] {processor.py:163} INFO - Started process (PID=1078) to work on /home/airflow/.local/lib/python3.6/site-packages/airflow/example_dags/example_time_delta_sensor_async.py
[2022-01-24 19:50:07,714] {processor.py:642} INFO - Processing file /home/airflow/.local/lib/python3.6/site-packages/airflow/example_dags/example_time_delta_sensor_async.py for tasks to queue
[2022-01-24 19:50:07,714] {logging_mixin.py:109} INFO - [2022-01-24 19:50:07,714] {dagbag.py:500} INFO - Filling up the DagBag from /home/airflow/.local/lib/python3.6/site-packages/airflow/example_dags/example_time_delta_sensor_async.py
[2022-01-24 19:50:07,737] {processor.py:654} INFO - DAG(s) dict_keys(['example_time_delta_sensor_async']) retrieved from /home/airflow/.local/lib/python3.6/site-packages/airflow/example_dags/example_time_delta_sensor_async.py
[2022-01-24 19:50:07,748] {logging_mixin.py:109} INFO - [2022-01-24 19:50:07,748] {dag.py:2396} INFO - Sync 1 DAGs
[2022-01-24 19:50:07,764] {logging_mixin.py:109} INFO - [2022-01-24 19:50:07,764] {dag.py:2935} INFO - Setting next_dagrun for example_time_delta_sensor_async to None
[2022-01-24 19:50:07,772] {processor.py:171} INFO - Processing /home/airflow/.local/lib/python3.6/site-packages/airflow/example_dags/example_time_delta_sensor_async.py took 0.063 seconds
[2022-01-24 19:50:37,823] {processor.py:163} INFO - Started process (PID=1131) to work on /home/airflow/.local/lib/python3.6/site-packages/airflow/example_dags/example_time_delta_sensor_async.py
[2022-01-24 19:50:37,824] {processor.py:642} INFO - Processing file /home/airflow/.local/lib/python3.6/site-packages/airflow/example_dags/example_time_delta_sensor_async.py for tasks to queue
[2022-01-24 19:50:37,824] {logging_mixin.py:109} INFO - [2022-01-24 19:50:37,824] {dagbag.py:500} INFO - Filling up the DagBag from /home/airflow/.local/lib/python3.6/site-packages/airflow/example_dags/example_time_delta_sensor_async.py
[2022-01-24 19:50:37,843] {processor.py:654} INFO - DAG(s) dict_keys(['example_time_delta_sensor_async']) retrieved from /home/airflow/.local/lib/python3.6/site-packages/airflow/example_dags/example_time_delta_sensor_async.py
[2022-01-24 19:50:37,851] {logging_mixin.py:109} INFO - [2022-01-24 19:50:37,851] {dag.py:2396} INFO - Sync 1 DAGs
[2022-01-24 19:50:37,864] {logging_mixin.py:109} INFO - [2022-01-24 19:50:37,864] {dag.py:2935} INFO - Setting next_dagrun for example_time_delta_sensor_async to None
[2022-01-24 19:50:37,870] {processor.py:171} INFO - Processing /home/airflow/.local/lib/python3.6/site-packages/airflow/example_dags/example_time_delta_sensor_async.py took 0.050 seconds
[2022-01-24 19:51:08,166] {processor.py:163} INFO - Started process (PID=1184) to work on /home/airflow/.local/lib/python3.6/site-packages/airflow/example_dags/example_time_delta_sensor_async.py
[2022-01-24 19:51:08,169] {processor.py:642} INFO - Processing file /home/airflow/.local/lib/python3.6/site-packages/airflow/example_dags/example_time_delta_sensor_async.py for tasks to queue
[2022-01-24 19:51:08,171] {logging_mixin.py:109} INFO - [2022-01-24 19:51:08,171] {dagbag.py:500} INFO - Filling up the DagBag from /home/airflow/.local/lib/python3.6/site-packages/airflow/example_dags/example_time_delta_sensor_async.py
[2022-01-24 19:51:08,214] {processor.py:654} INFO - DAG(s) dict_keys(['example_time_delta_sensor_async']) retrieved from /home/airflow/.local/lib/python3.6/site-packages/airflow/example_dags/example_time_delta_sensor_async.py
[2022-01-24 19:51:08,229] {logging_mixin.py:109} INFO - [2022-01-24 19:51:08,229] {dag.py:2396} INFO - Sync 1 DAGs
[2022-01-24 19:51:08,258] {logging_mixin.py:109} INFO - [2022-01-24 19:51:08,257] {dag.py:2935} INFO - Setting next_dagrun for example_time_delta_sensor_async to None
[2022-01-24 19:51:08,270] {processor.py:171} INFO - Processing /home/airflow/.local/lib/python3.6/site-packages/airflow/example_dags/example_time_delta_sensor_async.py took 0.110 seconds
[2022-01-24 19:51:38,961] {processor.py:163} INFO - Started process (PID=1249) to work on /home/airflow/.local/lib/python3.6/site-packages/airflow/example_dags/example_time_delta_sensor_async.py
[2022-01-24 19:51:38,962] {processor.py:642} INFO - Processing file /home/airflow/.local/lib/python3.6/site-packages/airflow/example_dags/example_time_delta_sensor_async.py for tasks to queue
[2022-01-24 19:51:38,964] {logging_mixin.py:109} INFO - [2022-01-24 19:51:38,963] {dagbag.py:500} INFO - Filling up the DagBag from /home/airflow/.local/lib/python3.6/site-packages/airflow/example_dags/example_time_delta_sensor_async.py
[2022-01-24 19:51:39,005] {processor.py:654} INFO - DAG(s) dict_keys(['example_time_delta_sensor_async']) retrieved from /home/airflow/.local/lib/python3.6/site-packages/airflow/example_dags/example_time_delta_sensor_async.py
[2022-01-24 19:51:39,024] {logging_mixin.py:109} INFO - [2022-01-24 19:51:39,024] {dag.py:2396} INFO - Sync 1 DAGs
[2022-01-24 19:51:39,048] {logging_mixin.py:109} INFO - [2022-01-24 19:51:39,048] {dag.py:2935} INFO - Setting next_dagrun for example_time_delta_sensor_async to None
[2022-01-24 19:51:39,060] {processor.py:171} INFO - Processing /home/airflow/.local/lib/python3.6/site-packages/airflow/example_dags/example_time_delta_sensor_async.py took 0.103 seconds
[2022-01-24 19:52:09,989] {processor.py:163} INFO - Started process (PID=1303) to work on /home/airflow/.local/lib/python3.6/site-packages/airflow/example_dags/example_time_delta_sensor_async.py
[2022-01-24 19:52:09,990] {processor.py:642} INFO - Processing file /home/airflow/.local/lib/python3.6/site-packages/airflow/example_dags/example_time_delta_sensor_async.py for tasks to queue
[2022-01-24 19:52:09,991] {logging_mixin.py:109} INFO - [2022-01-24 19:52:09,991] {dagbag.py:500} INFO - Filling up the DagBag from /home/airflow/.local/lib/python3.6/site-packages/airflow/example_dags/example_time_delta_sensor_async.py
[2022-01-24 19:52:10,024] {processor.py:654} INFO - DAG(s) dict_keys(['example_time_delta_sensor_async']) retrieved from /home/airflow/.local/lib/python3.6/site-packages/airflow/example_dags/example_time_delta_sensor_async.py
[2022-01-24 19:52:10,037] {logging_mixin.py:109} INFO - [2022-01-24 19:52:10,037] {dag.py:2396} INFO - Sync 1 DAGs
[2022-01-24 19:52:10,057] {logging_mixin.py:109} INFO - [2022-01-24 19:52:10,057] {dag.py:2935} INFO - Setting next_dagrun for example_time_delta_sensor_async to None
[2022-01-24 19:52:10,067] {processor.py:171} INFO - Processing /home/airflow/.local/lib/python3.6/site-packages/airflow/example_dags/example_time_delta_sensor_async.py took 0.084 seconds
[2022-01-24 19:52:40,602] {processor.py:163} INFO - Started process (PID=1356) to work on /home/airflow/.local/lib/python3.6/site-packages/airflow/example_dags/example_time_delta_sensor_async.py
[2022-01-24 19:52:40,605] {processor.py:642} INFO - Processing file /home/airflow/.local/lib/python3.6/site-packages/airflow/example_dags/example_time_delta_sensor_async.py for tasks to queue
[2022-01-24 19:52:40,607] {logging_mixin.py:109} INFO - [2022-01-24 19:52:40,606] {dagbag.py:500} INFO - Filling up the DagBag from /home/airflow/.local/lib/python3.6/site-packages/airflow/example_dags/example_time_delta_sensor_async.py
[2022-01-24 19:52:40,648] {processor.py:654} INFO - DAG(s) dict_keys(['example_time_delta_sensor_async']) retrieved from /home/airflow/.local/lib/python3.6/site-packages/airflow/example_dags/example_time_delta_sensor_async.py
[2022-01-24 19:52:40,657] {logging_mixin.py:109} INFO - [2022-01-24 19:52:40,657] {dag.py:2396} INFO - Sync 1 DAGs
[2022-01-24 19:52:40,674] {logging_mixin.py:109} INFO - [2022-01-24 19:52:40,674] {dag.py:2935} INFO - Setting next_dagrun for example_time_delta_sensor_async to None
[2022-01-24 19:52:40,682] {processor.py:171} INFO - Processing /home/airflow/.local/lib/python3.6/site-packages/airflow/example_dags/example_time_delta_sensor_async.py took 0.086 seconds
