[2022-01-24 19:43:17,164] {processor.py:163} INFO - Started process (PID=231) to work on /home/airflow/.local/lib/python3.6/site-packages/airflow/example_dags/example_skip_dag.py
[2022-01-24 19:43:17,165] {processor.py:642} INFO - Processing file /home/airflow/.local/lib/python3.6/site-packages/airflow/example_dags/example_skip_dag.py for tasks to queue
[2022-01-24 19:43:17,166] {logging_mixin.py:109} INFO - [2022-01-24 19:43:17,166] {dagbag.py:500} INFO - Filling up the DagBag from /home/airflow/.local/lib/python3.6/site-packages/airflow/example_dags/example_skip_dag.py
[2022-01-24 19:43:17,204] {processor.py:654} INFO - DAG(s) dict_keys(['example_skip_dag']) retrieved from /home/airflow/.local/lib/python3.6/site-packages/airflow/example_dags/example_skip_dag.py
[2022-01-24 19:43:20,366] {logging_mixin.py:109} INFO - [2022-01-24 19:43:20,366] {manager.py:496} INFO - Created Permission View: can edit on DAG:example_skip_dag
[2022-01-24 19:43:20,385] {logging_mixin.py:109} INFO - [2022-01-24 19:43:20,385] {manager.py:496} INFO - Created Permission View: can read on DAG:example_skip_dag
[2022-01-24 19:43:20,388] {logging_mixin.py:109} INFO - [2022-01-24 19:43:20,386] {dag.py:2396} INFO - Sync 1 DAGs
[2022-01-24 19:43:20,411] {logging_mixin.py:109} INFO - [2022-01-24 19:43:20,408] {dag.py:2415} INFO - Creating ORM DAG for example_skip_dag
[2022-01-24 19:43:20,425] {logging_mixin.py:109} INFO - [2022-01-24 19:43:20,424] {dag.py:2935} INFO - Setting next_dagrun for example_skip_dag to 2022-01-23T19:43:20.424316+00:00
[2022-01-24 19:43:20,444] {processor.py:171} INFO - Processing /home/airflow/.local/lib/python3.6/site-packages/airflow/example_dags/example_skip_dag.py took 3.283 seconds
[2022-01-24 19:43:51,347] {processor.py:163} INFO - Started process (PID=391) to work on /home/airflow/.local/lib/python3.6/site-packages/airflow/example_dags/example_skip_dag.py
[2022-01-24 19:43:51,349] {processor.py:642} INFO - Processing file /home/airflow/.local/lib/python3.6/site-packages/airflow/example_dags/example_skip_dag.py for tasks to queue
[2022-01-24 19:43:51,349] {logging_mixin.py:109} INFO - [2022-01-24 19:43:51,349] {dagbag.py:500} INFO - Filling up the DagBag from /home/airflow/.local/lib/python3.6/site-packages/airflow/example_dags/example_skip_dag.py
[2022-01-24 19:43:51,383] {processor.py:654} INFO - DAG(s) dict_keys(['example_skip_dag']) retrieved from /home/airflow/.local/lib/python3.6/site-packages/airflow/example_dags/example_skip_dag.py
[2022-01-24 19:43:51,402] {logging_mixin.py:109} INFO - [2022-01-24 19:43:51,402] {dag.py:2396} INFO - Sync 1 DAGs
[2022-01-24 19:43:51,434] {logging_mixin.py:109} INFO - [2022-01-24 19:43:51,434] {dag.py:2935} INFO - Setting next_dagrun for example_skip_dag to 2022-01-23T19:43:51.434163+00:00
[2022-01-24 19:43:51,448] {processor.py:171} INFO - Processing /home/airflow/.local/lib/python3.6/site-packages/airflow/example_dags/example_skip_dag.py took 0.104 seconds
[2022-01-24 19:44:21,607] {processor.py:163} INFO - Started process (PID=443) to work on /home/airflow/.local/lib/python3.6/site-packages/airflow/example_dags/example_skip_dag.py
[2022-01-24 19:44:21,609] {processor.py:642} INFO - Processing file /home/airflow/.local/lib/python3.6/site-packages/airflow/example_dags/example_skip_dag.py for tasks to queue
[2022-01-24 19:44:21,609] {logging_mixin.py:109} INFO - [2022-01-24 19:44:21,609] {dagbag.py:500} INFO - Filling up the DagBag from /home/airflow/.local/lib/python3.6/site-packages/airflow/example_dags/example_skip_dag.py
[2022-01-24 19:44:21,637] {processor.py:654} INFO - DAG(s) dict_keys(['example_skip_dag']) retrieved from /home/airflow/.local/lib/python3.6/site-packages/airflow/example_dags/example_skip_dag.py
[2022-01-24 19:44:21,653] {logging_mixin.py:109} INFO - [2022-01-24 19:44:21,653] {dag.py:2396} INFO - Sync 1 DAGs
[2022-01-24 19:44:21,671] {logging_mixin.py:109} INFO - [2022-01-24 19:44:21,670] {dag.py:2935} INFO - Setting next_dagrun for example_skip_dag to 2022-01-23T19:44:21.670729+00:00
[2022-01-24 19:44:21,680] {processor.py:171} INFO - Processing /home/airflow/.local/lib/python3.6/site-packages/airflow/example_dags/example_skip_dag.py took 0.075 seconds
[2022-01-24 19:44:52,319] {processor.py:163} INFO - Started process (PID=495) to work on /home/airflow/.local/lib/python3.6/site-packages/airflow/example_dags/example_skip_dag.py
[2022-01-24 19:44:52,320] {processor.py:642} INFO - Processing file /home/airflow/.local/lib/python3.6/site-packages/airflow/example_dags/example_skip_dag.py for tasks to queue
[2022-01-24 19:44:52,321] {logging_mixin.py:109} INFO - [2022-01-24 19:44:52,321] {dagbag.py:500} INFO - Filling up the DagBag from /home/airflow/.local/lib/python3.6/site-packages/airflow/example_dags/example_skip_dag.py
[2022-01-24 19:44:52,353] {processor.py:654} INFO - DAG(s) dict_keys(['example_skip_dag']) retrieved from /home/airflow/.local/lib/python3.6/site-packages/airflow/example_dags/example_skip_dag.py
[2022-01-24 19:44:52,372] {logging_mixin.py:109} INFO - [2022-01-24 19:44:52,372] {dag.py:2396} INFO - Sync 1 DAGs
[2022-01-24 19:44:52,402] {logging_mixin.py:109} INFO - [2022-01-24 19:44:52,402] {dag.py:2935} INFO - Setting next_dagrun for example_skip_dag to 2022-01-23T19:44:52.402205+00:00
[2022-01-24 19:44:52,415] {processor.py:171} INFO - Processing /home/airflow/.local/lib/python3.6/site-packages/airflow/example_dags/example_skip_dag.py took 0.098 seconds
[2022-01-24 19:45:22,829] {processor.py:163} INFO - Started process (PID=557) to work on /home/airflow/.local/lib/python3.6/site-packages/airflow/example_dags/example_skip_dag.py
[2022-01-24 19:45:22,830] {processor.py:642} INFO - Processing file /home/airflow/.local/lib/python3.6/site-packages/airflow/example_dags/example_skip_dag.py for tasks to queue
[2022-01-24 19:45:22,831] {logging_mixin.py:109} INFO - [2022-01-24 19:45:22,831] {dagbag.py:500} INFO - Filling up the DagBag from /home/airflow/.local/lib/python3.6/site-packages/airflow/example_dags/example_skip_dag.py
[2022-01-24 19:45:22,858] {processor.py:654} INFO - DAG(s) dict_keys(['example_skip_dag']) retrieved from /home/airflow/.local/lib/python3.6/site-packages/airflow/example_dags/example_skip_dag.py
[2022-01-24 19:45:22,871] {logging_mixin.py:109} INFO - [2022-01-24 19:45:22,871] {dag.py:2396} INFO - Sync 1 DAGs
[2022-01-24 19:45:22,891] {logging_mixin.py:109} INFO - [2022-01-24 19:45:22,891] {dag.py:2935} INFO - Setting next_dagrun for example_skip_dag to 2022-01-23T19:45:22.890885+00:00
[2022-01-24 19:45:22,902] {processor.py:171} INFO - Processing /home/airflow/.local/lib/python3.6/site-packages/airflow/example_dags/example_skip_dag.py took 0.076 seconds
[2022-01-24 19:45:53,485] {processor.py:163} INFO - Started process (PID=610) to work on /home/airflow/.local/lib/python3.6/site-packages/airflow/example_dags/example_skip_dag.py
[2022-01-24 19:45:53,487] {processor.py:642} INFO - Processing file /home/airflow/.local/lib/python3.6/site-packages/airflow/example_dags/example_skip_dag.py for tasks to queue
[2022-01-24 19:45:53,488] {logging_mixin.py:109} INFO - [2022-01-24 19:45:53,488] {dagbag.py:500} INFO - Filling up the DagBag from /home/airflow/.local/lib/python3.6/site-packages/airflow/example_dags/example_skip_dag.py
[2022-01-24 19:45:53,523] {processor.py:654} INFO - DAG(s) dict_keys(['example_skip_dag']) retrieved from /home/airflow/.local/lib/python3.6/site-packages/airflow/example_dags/example_skip_dag.py
[2022-01-24 19:45:53,539] {logging_mixin.py:109} INFO - [2022-01-24 19:45:53,539] {dag.py:2396} INFO - Sync 1 DAGs
[2022-01-24 19:45:53,565] {logging_mixin.py:109} INFO - [2022-01-24 19:45:53,565] {dag.py:2935} INFO - Setting next_dagrun for example_skip_dag to 2022-01-23T19:45:53.564757+00:00
[2022-01-24 19:45:53,578] {processor.py:171} INFO - Processing /home/airflow/.local/lib/python3.6/site-packages/airflow/example_dags/example_skip_dag.py took 0.097 seconds
[2022-01-24 19:46:23,703] {processor.py:163} INFO - Started process (PID=663) to work on /home/airflow/.local/lib/python3.6/site-packages/airflow/example_dags/example_skip_dag.py
[2022-01-24 19:46:23,704] {processor.py:642} INFO - Processing file /home/airflow/.local/lib/python3.6/site-packages/airflow/example_dags/example_skip_dag.py for tasks to queue
[2022-01-24 19:46:23,705] {logging_mixin.py:109} INFO - [2022-01-24 19:46:23,705] {dagbag.py:500} INFO - Filling up the DagBag from /home/airflow/.local/lib/python3.6/site-packages/airflow/example_dags/example_skip_dag.py
[2022-01-24 19:46:23,736] {processor.py:654} INFO - DAG(s) dict_keys(['example_skip_dag']) retrieved from /home/airflow/.local/lib/python3.6/site-packages/airflow/example_dags/example_skip_dag.py
[2022-01-24 19:46:23,748] {logging_mixin.py:109} INFO - [2022-01-24 19:46:23,748] {dag.py:2396} INFO - Sync 1 DAGs
[2022-01-24 19:46:23,767] {logging_mixin.py:109} INFO - [2022-01-24 19:46:23,767] {dag.py:2935} INFO - Setting next_dagrun for example_skip_dag to 2022-01-23T19:46:23.767242+00:00
[2022-01-24 19:46:23,778] {processor.py:171} INFO - Processing /home/airflow/.local/lib/python3.6/site-packages/airflow/example_dags/example_skip_dag.py took 0.078 seconds
[2022-01-24 19:46:54,481] {processor.py:163} INFO - Started process (PID=716) to work on /home/airflow/.local/lib/python3.6/site-packages/airflow/example_dags/example_skip_dag.py
[2022-01-24 19:46:54,489] {processor.py:642} INFO - Processing file /home/airflow/.local/lib/python3.6/site-packages/airflow/example_dags/example_skip_dag.py for tasks to queue
[2022-01-24 19:46:54,490] {logging_mixin.py:109} INFO - [2022-01-24 19:46:54,489] {dagbag.py:500} INFO - Filling up the DagBag from /home/airflow/.local/lib/python3.6/site-packages/airflow/example_dags/example_skip_dag.py
[2022-01-24 19:46:54,528] {processor.py:654} INFO - DAG(s) dict_keys(['example_skip_dag']) retrieved from /home/airflow/.local/lib/python3.6/site-packages/airflow/example_dags/example_skip_dag.py
[2022-01-24 19:46:54,549] {logging_mixin.py:109} INFO - [2022-01-24 19:46:54,549] {dag.py:2396} INFO - Sync 1 DAGs
[2022-01-24 19:46:54,579] {logging_mixin.py:109} INFO - [2022-01-24 19:46:54,579] {dag.py:2935} INFO - Setting next_dagrun for example_skip_dag to 2022-01-23T19:46:54.578788+00:00
[2022-01-24 19:46:54,709] {processor.py:171} INFO - Processing /home/airflow/.local/lib/python3.6/site-packages/airflow/example_dags/example_skip_dag.py took 0.232 seconds
[2022-01-24 19:47:24,880] {processor.py:163} INFO - Started process (PID=778) to work on /home/airflow/.local/lib/python3.6/site-packages/airflow/example_dags/example_skip_dag.py
[2022-01-24 19:47:24,892] {processor.py:642} INFO - Processing file /home/airflow/.local/lib/python3.6/site-packages/airflow/example_dags/example_skip_dag.py for tasks to queue
[2022-01-24 19:47:24,893] {logging_mixin.py:109} INFO - [2022-01-24 19:47:24,893] {dagbag.py:500} INFO - Filling up the DagBag from /home/airflow/.local/lib/python3.6/site-packages/airflow/example_dags/example_skip_dag.py
[2022-01-24 19:47:24,916] {processor.py:654} INFO - DAG(s) dict_keys(['example_skip_dag']) retrieved from /home/airflow/.local/lib/python3.6/site-packages/airflow/example_dags/example_skip_dag.py
[2022-01-24 19:47:24,927] {logging_mixin.py:109} INFO - [2022-01-24 19:47:24,927] {dag.py:2396} INFO - Sync 1 DAGs
[2022-01-24 19:47:24,945] {logging_mixin.py:109} INFO - [2022-01-24 19:47:24,945] {dag.py:2935} INFO - Setting next_dagrun for example_skip_dag to 2022-01-23T19:47:24.945473+00:00
[2022-01-24 19:47:24,960] {processor.py:171} INFO - Processing /home/airflow/.local/lib/python3.6/site-packages/airflow/example_dags/example_skip_dag.py took 0.082 seconds
[2022-01-24 19:47:55,047] {processor.py:163} INFO - Started process (PID=829) to work on /home/airflow/.local/lib/python3.6/site-packages/airflow/example_dags/example_skip_dag.py
[2022-01-24 19:47:55,064] {processor.py:642} INFO - Processing file /home/airflow/.local/lib/python3.6/site-packages/airflow/example_dags/example_skip_dag.py for tasks to queue
[2022-01-24 19:47:55,066] {logging_mixin.py:109} INFO - [2022-01-24 19:47:55,065] {dagbag.py:500} INFO - Filling up the DagBag from /home/airflow/.local/lib/python3.6/site-packages/airflow/example_dags/example_skip_dag.py
[2022-01-24 19:47:55,102] {processor.py:654} INFO - DAG(s) dict_keys(['example_skip_dag']) retrieved from /home/airflow/.local/lib/python3.6/site-packages/airflow/example_dags/example_skip_dag.py
[2022-01-24 19:47:55,119] {logging_mixin.py:109} INFO - [2022-01-24 19:47:55,119] {dag.py:2396} INFO - Sync 1 DAGs
[2022-01-24 19:47:55,142] {logging_mixin.py:109} INFO - [2022-01-24 19:47:55,141] {dag.py:2935} INFO - Setting next_dagrun for example_skip_dag to 2022-01-23T19:47:55.141673+00:00
[2022-01-24 19:47:55,155] {processor.py:171} INFO - Processing /home/airflow/.local/lib/python3.6/site-packages/airflow/example_dags/example_skip_dag.py took 0.117 seconds
[2022-01-24 19:48:25,997] {processor.py:163} INFO - Started process (PID=892) to work on /home/airflow/.local/lib/python3.6/site-packages/airflow/example_dags/example_skip_dag.py
[2022-01-24 19:48:25,998] {processor.py:642} INFO - Processing file /home/airflow/.local/lib/python3.6/site-packages/airflow/example_dags/example_skip_dag.py for tasks to queue
[2022-01-24 19:48:25,998] {logging_mixin.py:109} INFO - [2022-01-24 19:48:25,998] {dagbag.py:500} INFO - Filling up the DagBag from /home/airflow/.local/lib/python3.6/site-packages/airflow/example_dags/example_skip_dag.py
[2022-01-24 19:48:26,031] {processor.py:654} INFO - DAG(s) dict_keys(['example_skip_dag']) retrieved from /home/airflow/.local/lib/python3.6/site-packages/airflow/example_dags/example_skip_dag.py
[2022-01-24 19:48:26,050] {logging_mixin.py:109} INFO - [2022-01-24 19:48:26,050] {dag.py:2396} INFO - Sync 1 DAGs
[2022-01-24 19:48:26,081] {logging_mixin.py:109} INFO - [2022-01-24 19:48:26,080] {dag.py:2935} INFO - Setting next_dagrun for example_skip_dag to 2022-01-23T19:48:26.080517+00:00
[2022-01-24 19:48:26,092] {processor.py:171} INFO - Processing /home/airflow/.local/lib/python3.6/site-packages/airflow/example_dags/example_skip_dag.py took 0.099 seconds
[2022-01-24 19:48:56,217] {processor.py:163} INFO - Started process (PID=945) to work on /home/airflow/.local/lib/python3.6/site-packages/airflow/example_dags/example_skip_dag.py
[2022-01-24 19:48:56,218] {processor.py:642} INFO - Processing file /home/airflow/.local/lib/python3.6/site-packages/airflow/example_dags/example_skip_dag.py for tasks to queue
[2022-01-24 19:48:56,219] {logging_mixin.py:109} INFO - [2022-01-24 19:48:56,219] {dagbag.py:500} INFO - Filling up the DagBag from /home/airflow/.local/lib/python3.6/site-packages/airflow/example_dags/example_skip_dag.py
[2022-01-24 19:48:56,251] {processor.py:654} INFO - DAG(s) dict_keys(['example_skip_dag']) retrieved from /home/airflow/.local/lib/python3.6/site-packages/airflow/example_dags/example_skip_dag.py
[2022-01-24 19:48:56,268] {logging_mixin.py:109} INFO - [2022-01-24 19:48:56,267] {dag.py:2396} INFO - Sync 1 DAGs
[2022-01-24 19:48:56,287] {logging_mixin.py:109} INFO - [2022-01-24 19:48:56,287] {dag.py:2935} INFO - Setting next_dagrun for example_skip_dag to 2022-01-23T19:48:56.287477+00:00
[2022-01-24 19:48:56,297] {processor.py:171} INFO - Processing /home/airflow/.local/lib/python3.6/site-packages/airflow/example_dags/example_skip_dag.py took 0.083 seconds
[2022-01-24 19:49:26,462] {processor.py:163} INFO - Started process (PID=1005) to work on /home/airflow/.local/lib/python3.6/site-packages/airflow/example_dags/example_skip_dag.py
[2022-01-24 19:49:26,465] {processor.py:642} INFO - Processing file /home/airflow/.local/lib/python3.6/site-packages/airflow/example_dags/example_skip_dag.py for tasks to queue
[2022-01-24 19:49:26,466] {logging_mixin.py:109} INFO - [2022-01-24 19:49:26,465] {dagbag.py:500} INFO - Filling up the DagBag from /home/airflow/.local/lib/python3.6/site-packages/airflow/example_dags/example_skip_dag.py
[2022-01-24 19:49:26,490] {processor.py:654} INFO - DAG(s) dict_keys(['example_skip_dag']) retrieved from /home/airflow/.local/lib/python3.6/site-packages/airflow/example_dags/example_skip_dag.py
[2022-01-24 19:49:26,501] {logging_mixin.py:109} INFO - [2022-01-24 19:49:26,501] {dag.py:2396} INFO - Sync 1 DAGs
[2022-01-24 19:49:26,522] {logging_mixin.py:109} INFO - [2022-01-24 19:49:26,522] {dag.py:2935} INFO - Setting next_dagrun for example_skip_dag to 2022-01-23T19:49:26.522464+00:00
[2022-01-24 19:49:26,532] {processor.py:171} INFO - Processing /home/airflow/.local/lib/python3.6/site-packages/airflow/example_dags/example_skip_dag.py took 0.072 seconds
[2022-01-24 19:49:57,398] {processor.py:163} INFO - Started process (PID=1062) to work on /home/airflow/.local/lib/python3.6/site-packages/airflow/example_dags/example_skip_dag.py
[2022-01-24 19:49:57,400] {processor.py:642} INFO - Processing file /home/airflow/.local/lib/python3.6/site-packages/airflow/example_dags/example_skip_dag.py for tasks to queue
[2022-01-24 19:49:57,401] {logging_mixin.py:109} INFO - [2022-01-24 19:49:57,401] {dagbag.py:500} INFO - Filling up the DagBag from /home/airflow/.local/lib/python3.6/site-packages/airflow/example_dags/example_skip_dag.py
[2022-01-24 19:49:57,430] {processor.py:654} INFO - DAG(s) dict_keys(['example_skip_dag']) retrieved from /home/airflow/.local/lib/python3.6/site-packages/airflow/example_dags/example_skip_dag.py
[2022-01-24 19:49:57,445] {logging_mixin.py:109} INFO - [2022-01-24 19:49:57,445] {dag.py:2396} INFO - Sync 1 DAGs
[2022-01-24 19:49:57,465] {logging_mixin.py:109} INFO - [2022-01-24 19:49:57,465] {dag.py:2935} INFO - Setting next_dagrun for example_skip_dag to 2022-01-23T19:49:57.465152+00:00
[2022-01-24 19:49:57,475] {processor.py:171} INFO - Processing /home/airflow/.local/lib/python3.6/site-packages/airflow/example_dags/example_skip_dag.py took 0.085 seconds
[2022-01-24 19:50:27,520] {processor.py:163} INFO - Started process (PID=1115) to work on /home/airflow/.local/lib/python3.6/site-packages/airflow/example_dags/example_skip_dag.py
[2022-01-24 19:50:27,521] {processor.py:642} INFO - Processing file /home/airflow/.local/lib/python3.6/site-packages/airflow/example_dags/example_skip_dag.py for tasks to queue
[2022-01-24 19:50:27,522] {logging_mixin.py:109} INFO - [2022-01-24 19:50:27,522] {dagbag.py:500} INFO - Filling up the DagBag from /home/airflow/.local/lib/python3.6/site-packages/airflow/example_dags/example_skip_dag.py
[2022-01-24 19:50:27,546] {processor.py:654} INFO - DAG(s) dict_keys(['example_skip_dag']) retrieved from /home/airflow/.local/lib/python3.6/site-packages/airflow/example_dags/example_skip_dag.py
[2022-01-24 19:50:27,561] {logging_mixin.py:109} INFO - [2022-01-24 19:50:27,561] {dag.py:2396} INFO - Sync 1 DAGs
[2022-01-24 19:50:27,585] {logging_mixin.py:109} INFO - [2022-01-24 19:50:27,585] {dag.py:2935} INFO - Setting next_dagrun for example_skip_dag to 2022-01-23T19:50:27.585176+00:00
[2022-01-24 19:50:27,597] {processor.py:171} INFO - Processing /home/airflow/.local/lib/python3.6/site-packages/airflow/example_dags/example_skip_dag.py took 0.080 seconds
[2022-01-24 19:50:57,717] {processor.py:163} INFO - Started process (PID=1178) to work on /home/airflow/.local/lib/python3.6/site-packages/airflow/example_dags/example_skip_dag.py
[2022-01-24 19:50:57,719] {processor.py:642} INFO - Processing file /home/airflow/.local/lib/python3.6/site-packages/airflow/example_dags/example_skip_dag.py for tasks to queue
[2022-01-24 19:50:57,720] {logging_mixin.py:109} INFO - [2022-01-24 19:50:57,720] {dagbag.py:500} INFO - Filling up the DagBag from /home/airflow/.local/lib/python3.6/site-packages/airflow/example_dags/example_skip_dag.py
[2022-01-24 19:50:57,748] {processor.py:654} INFO - DAG(s) dict_keys(['example_skip_dag']) retrieved from /home/airflow/.local/lib/python3.6/site-packages/airflow/example_dags/example_skip_dag.py
[2022-01-24 19:50:57,764] {logging_mixin.py:109} INFO - [2022-01-24 19:50:57,763] {dag.py:2396} INFO - Sync 1 DAGs
[2022-01-24 19:50:57,783] {logging_mixin.py:109} INFO - [2022-01-24 19:50:57,783] {dag.py:2935} INFO - Setting next_dagrun for example_skip_dag to 2022-01-23T19:50:57.782760+00:00
[2022-01-24 19:50:57,793] {processor.py:171} INFO - Processing /home/airflow/.local/lib/python3.6/site-packages/airflow/example_dags/example_skip_dag.py took 0.079 seconds
[2022-01-24 19:51:28,268] {processor.py:163} INFO - Started process (PID=1232) to work on /home/airflow/.local/lib/python3.6/site-packages/airflow/example_dags/example_skip_dag.py
[2022-01-24 19:51:28,269] {processor.py:642} INFO - Processing file /home/airflow/.local/lib/python3.6/site-packages/airflow/example_dags/example_skip_dag.py for tasks to queue
[2022-01-24 19:51:28,269] {logging_mixin.py:109} INFO - [2022-01-24 19:51:28,269] {dagbag.py:500} INFO - Filling up the DagBag from /home/airflow/.local/lib/python3.6/site-packages/airflow/example_dags/example_skip_dag.py
[2022-01-24 19:51:28,296] {processor.py:654} INFO - DAG(s) dict_keys(['example_skip_dag']) retrieved from /home/airflow/.local/lib/python3.6/site-packages/airflow/example_dags/example_skip_dag.py
[2022-01-24 19:51:28,309] {logging_mixin.py:109} INFO - [2022-01-24 19:51:28,309] {dag.py:2396} INFO - Sync 1 DAGs
[2022-01-24 19:51:28,328] {logging_mixin.py:109} INFO - [2022-01-24 19:51:28,328] {dag.py:2935} INFO - Setting next_dagrun for example_skip_dag to 2022-01-23T19:51:28.327799+00:00
[2022-01-24 19:51:28,337] {processor.py:171} INFO - Processing /home/airflow/.local/lib/python3.6/site-packages/airflow/example_dags/example_skip_dag.py took 0.072 seconds
[2022-01-24 19:51:58,579] {processor.py:163} INFO - Started process (PID=1287) to work on /home/airflow/.local/lib/python3.6/site-packages/airflow/example_dags/example_skip_dag.py
[2022-01-24 19:51:58,580] {processor.py:642} INFO - Processing file /home/airflow/.local/lib/python3.6/site-packages/airflow/example_dags/example_skip_dag.py for tasks to queue
[2022-01-24 19:51:58,581] {logging_mixin.py:109} INFO - [2022-01-24 19:51:58,581] {dagbag.py:500} INFO - Filling up the DagBag from /home/airflow/.local/lib/python3.6/site-packages/airflow/example_dags/example_skip_dag.py
[2022-01-24 19:51:58,608] {processor.py:654} INFO - DAG(s) dict_keys(['example_skip_dag']) retrieved from /home/airflow/.local/lib/python3.6/site-packages/airflow/example_dags/example_skip_dag.py
[2022-01-24 19:51:58,620] {logging_mixin.py:109} INFO - [2022-01-24 19:51:58,620] {dag.py:2396} INFO - Sync 1 DAGs
[2022-01-24 19:51:58,639] {logging_mixin.py:109} INFO - [2022-01-24 19:51:58,639] {dag.py:2935} INFO - Setting next_dagrun for example_skip_dag to 2022-01-23T19:51:58.639061+00:00
[2022-01-24 19:51:58,649] {processor.py:171} INFO - Processing /home/airflow/.local/lib/python3.6/site-packages/airflow/example_dags/example_skip_dag.py took 0.074 seconds
[2022-01-24 19:52:29,181] {processor.py:163} INFO - Started process (PID=1340) to work on /home/airflow/.local/lib/python3.6/site-packages/airflow/example_dags/example_skip_dag.py
[2022-01-24 19:52:29,182] {processor.py:642} INFO - Processing file /home/airflow/.local/lib/python3.6/site-packages/airflow/example_dags/example_skip_dag.py for tasks to queue
[2022-01-24 19:52:29,184] {logging_mixin.py:109} INFO - [2022-01-24 19:52:29,184] {dagbag.py:500} INFO - Filling up the DagBag from /home/airflow/.local/lib/python3.6/site-packages/airflow/example_dags/example_skip_dag.py
[2022-01-24 19:52:29,221] {processor.py:654} INFO - DAG(s) dict_keys(['example_skip_dag']) retrieved from /home/airflow/.local/lib/python3.6/site-packages/airflow/example_dags/example_skip_dag.py
[2022-01-24 19:52:29,236] {logging_mixin.py:109} INFO - [2022-01-24 19:52:29,236] {dag.py:2396} INFO - Sync 1 DAGs
[2022-01-24 19:52:29,259] {logging_mixin.py:109} INFO - [2022-01-24 19:52:29,258] {dag.py:2935} INFO - Setting next_dagrun for example_skip_dag to 2022-01-23T19:52:29.258597+00:00
[2022-01-24 19:52:29,270] {processor.py:171} INFO - Processing /home/airflow/.local/lib/python3.6/site-packages/airflow/example_dags/example_skip_dag.py took 0.093 seconds
