[2022-01-24 19:43:06,215] {processor.py:163} INFO - Started process (PID=160) to work on /home/airflow/.local/lib/python3.6/site-packages/airflow/example_dags/tutorial_etl_dag.py
[2022-01-24 19:43:06,216] {processor.py:642} INFO - Processing file /home/airflow/.local/lib/python3.6/site-packages/airflow/example_dags/tutorial_etl_dag.py for tasks to queue
[2022-01-24 19:43:06,217] {logging_mixin.py:109} INFO - [2022-01-24 19:43:06,217] {dagbag.py:500} INFO - Filling up the DagBag from /home/airflow/.local/lib/python3.6/site-packages/airflow/example_dags/tutorial_etl_dag.py
[2022-01-24 19:43:06,259] {processor.py:654} INFO - DAG(s) dict_keys(['tutorial_etl_dag']) retrieved from /home/airflow/.local/lib/python3.6/site-packages/airflow/example_dags/tutorial_etl_dag.py
[2022-01-24 19:43:09,276] {logging_mixin.py:109} INFO - [2022-01-24 19:43:09,276] {manager.py:496} INFO - Created Permission View: can edit on DAG:tutorial_etl_dag
[2022-01-24 19:43:09,286] {logging_mixin.py:109} INFO - [2022-01-24 19:43:09,286] {manager.py:496} INFO - Created Permission View: can read on DAG:tutorial_etl_dag
[2022-01-24 19:43:09,287] {logging_mixin.py:109} INFO - [2022-01-24 19:43:09,286] {dag.py:2396} INFO - Sync 1 DAGs
[2022-01-24 19:43:09,306] {logging_mixin.py:109} INFO - [2022-01-24 19:43:09,304] {dag.py:2415} INFO - Creating ORM DAG for tutorial_etl_dag
[2022-01-24 19:43:09,319] {logging_mixin.py:109} INFO - [2022-01-24 19:43:09,319] {dag.py:2935} INFO - Setting next_dagrun for tutorial_etl_dag to None
[2022-01-24 19:43:09,338] {processor.py:171} INFO - Processing /home/airflow/.local/lib/python3.6/site-packages/airflow/example_dags/tutorial_etl_dag.py took 3.128 seconds
[2022-01-24 19:43:39,985] {processor.py:163} INFO - Started process (PID=374) to work on /home/airflow/.local/lib/python3.6/site-packages/airflow/example_dags/tutorial_etl_dag.py
[2022-01-24 19:43:39,989] {processor.py:642} INFO - Processing file /home/airflow/.local/lib/python3.6/site-packages/airflow/example_dags/tutorial_etl_dag.py for tasks to queue
[2022-01-24 19:43:39,990] {logging_mixin.py:109} INFO - [2022-01-24 19:43:39,990] {dagbag.py:500} INFO - Filling up the DagBag from /home/airflow/.local/lib/python3.6/site-packages/airflow/example_dags/tutorial_etl_dag.py
[2022-01-24 19:43:40,037] {processor.py:654} INFO - DAG(s) dict_keys(['tutorial_etl_dag']) retrieved from /home/airflow/.local/lib/python3.6/site-packages/airflow/example_dags/tutorial_etl_dag.py
[2022-01-24 19:43:40,055] {logging_mixin.py:109} INFO - [2022-01-24 19:43:40,055] {dag.py:2396} INFO - Sync 1 DAGs
[2022-01-24 19:43:40,084] {logging_mixin.py:109} INFO - [2022-01-24 19:43:40,084] {dag.py:2935} INFO - Setting next_dagrun for tutorial_etl_dag to None
[2022-01-24 19:43:40,099] {processor.py:171} INFO - Processing /home/airflow/.local/lib/python3.6/site-packages/airflow/example_dags/tutorial_etl_dag.py took 0.118 seconds
[2022-01-24 19:44:10,312] {processor.py:163} INFO - Started process (PID=426) to work on /home/airflow/.local/lib/python3.6/site-packages/airflow/example_dags/tutorial_etl_dag.py
[2022-01-24 19:44:10,313] {processor.py:642} INFO - Processing file /home/airflow/.local/lib/python3.6/site-packages/airflow/example_dags/tutorial_etl_dag.py for tasks to queue
[2022-01-24 19:44:10,313] {logging_mixin.py:109} INFO - [2022-01-24 19:44:10,313] {dagbag.py:500} INFO - Filling up the DagBag from /home/airflow/.local/lib/python3.6/site-packages/airflow/example_dags/tutorial_etl_dag.py
[2022-01-24 19:44:10,343] {processor.py:654} INFO - DAG(s) dict_keys(['tutorial_etl_dag']) retrieved from /home/airflow/.local/lib/python3.6/site-packages/airflow/example_dags/tutorial_etl_dag.py
[2022-01-24 19:44:10,355] {logging_mixin.py:109} INFO - [2022-01-24 19:44:10,355] {dag.py:2396} INFO - Sync 1 DAGs
[2022-01-24 19:44:10,378] {logging_mixin.py:109} INFO - [2022-01-24 19:44:10,378] {dag.py:2935} INFO - Setting next_dagrun for tutorial_etl_dag to None
[2022-01-24 19:44:10,388] {processor.py:171} INFO - Processing /home/airflow/.local/lib/python3.6/site-packages/airflow/example_dags/tutorial_etl_dag.py took 0.080 seconds
[2022-01-24 19:44:41,056] {processor.py:163} INFO - Started process (PID=476) to work on /home/airflow/.local/lib/python3.6/site-packages/airflow/example_dags/tutorial_etl_dag.py
[2022-01-24 19:44:41,057] {processor.py:642} INFO - Processing file /home/airflow/.local/lib/python3.6/site-packages/airflow/example_dags/tutorial_etl_dag.py for tasks to queue
[2022-01-24 19:44:41,058] {logging_mixin.py:109} INFO - [2022-01-24 19:44:41,058] {dagbag.py:500} INFO - Filling up the DagBag from /home/airflow/.local/lib/python3.6/site-packages/airflow/example_dags/tutorial_etl_dag.py
[2022-01-24 19:44:41,083] {processor.py:654} INFO - DAG(s) dict_keys(['tutorial_etl_dag']) retrieved from /home/airflow/.local/lib/python3.6/site-packages/airflow/example_dags/tutorial_etl_dag.py
[2022-01-24 19:44:41,093] {logging_mixin.py:109} INFO - [2022-01-24 19:44:41,093] {dag.py:2396} INFO - Sync 1 DAGs
[2022-01-24 19:44:41,109] {logging_mixin.py:109} INFO - [2022-01-24 19:44:41,109] {dag.py:2935} INFO - Setting next_dagrun for tutorial_etl_dag to None
[2022-01-24 19:44:41,117] {processor.py:171} INFO - Processing /home/airflow/.local/lib/python3.6/site-packages/airflow/example_dags/tutorial_etl_dag.py took 0.063 seconds
[2022-01-24 19:45:11,856] {processor.py:163} INFO - Started process (PID=539) to work on /home/airflow/.local/lib/python3.6/site-packages/airflow/example_dags/tutorial_etl_dag.py
[2022-01-24 19:45:11,857] {processor.py:642} INFO - Processing file /home/airflow/.local/lib/python3.6/site-packages/airflow/example_dags/tutorial_etl_dag.py for tasks to queue
[2022-01-24 19:45:11,858] {logging_mixin.py:109} INFO - [2022-01-24 19:45:11,857] {dagbag.py:500} INFO - Filling up the DagBag from /home/airflow/.local/lib/python3.6/site-packages/airflow/example_dags/tutorial_etl_dag.py
[2022-01-24 19:45:11,891] {processor.py:654} INFO - DAG(s) dict_keys(['tutorial_etl_dag']) retrieved from /home/airflow/.local/lib/python3.6/site-packages/airflow/example_dags/tutorial_etl_dag.py
[2022-01-24 19:45:11,905] {logging_mixin.py:109} INFO - [2022-01-24 19:45:11,904] {dag.py:2396} INFO - Sync 1 DAGs
[2022-01-24 19:45:11,926] {logging_mixin.py:109} INFO - [2022-01-24 19:45:11,926] {dag.py:2935} INFO - Setting next_dagrun for tutorial_etl_dag to None
[2022-01-24 19:45:11,936] {processor.py:171} INFO - Processing /home/airflow/.local/lib/python3.6/site-packages/airflow/example_dags/tutorial_etl_dag.py took 0.084 seconds
[2022-01-24 19:45:42,813] {processor.py:163} INFO - Started process (PID=592) to work on /home/airflow/.local/lib/python3.6/site-packages/airflow/example_dags/tutorial_etl_dag.py
[2022-01-24 19:45:42,814] {processor.py:642} INFO - Processing file /home/airflow/.local/lib/python3.6/site-packages/airflow/example_dags/tutorial_etl_dag.py for tasks to queue
[2022-01-24 19:45:42,815] {logging_mixin.py:109} INFO - [2022-01-24 19:45:42,815] {dagbag.py:500} INFO - Filling up the DagBag from /home/airflow/.local/lib/python3.6/site-packages/airflow/example_dags/tutorial_etl_dag.py
[2022-01-24 19:45:42,849] {processor.py:654} INFO - DAG(s) dict_keys(['tutorial_etl_dag']) retrieved from /home/airflow/.local/lib/python3.6/site-packages/airflow/example_dags/tutorial_etl_dag.py
[2022-01-24 19:45:42,868] {logging_mixin.py:109} INFO - [2022-01-24 19:45:42,868] {dag.py:2396} INFO - Sync 1 DAGs
[2022-01-24 19:45:42,899] {logging_mixin.py:109} INFO - [2022-01-24 19:45:42,899] {dag.py:2935} INFO - Setting next_dagrun for tutorial_etl_dag to None
[2022-01-24 19:45:42,912] {processor.py:171} INFO - Processing /home/airflow/.local/lib/python3.6/site-packages/airflow/example_dags/tutorial_etl_dag.py took 0.102 seconds
[2022-01-24 19:46:13,080] {processor.py:163} INFO - Started process (PID=644) to work on /home/airflow/.local/lib/python3.6/site-packages/airflow/example_dags/tutorial_etl_dag.py
[2022-01-24 19:46:13,081] {processor.py:642} INFO - Processing file /home/airflow/.local/lib/python3.6/site-packages/airflow/example_dags/tutorial_etl_dag.py for tasks to queue
[2022-01-24 19:46:13,081] {logging_mixin.py:109} INFO - [2022-01-24 19:46:13,081] {dagbag.py:500} INFO - Filling up the DagBag from /home/airflow/.local/lib/python3.6/site-packages/airflow/example_dags/tutorial_etl_dag.py
[2022-01-24 19:46:13,106] {processor.py:654} INFO - DAG(s) dict_keys(['tutorial_etl_dag']) retrieved from /home/airflow/.local/lib/python3.6/site-packages/airflow/example_dags/tutorial_etl_dag.py
[2022-01-24 19:46:13,114] {logging_mixin.py:109} INFO - [2022-01-24 19:46:13,114] {dag.py:2396} INFO - Sync 1 DAGs
[2022-01-24 19:46:13,129] {logging_mixin.py:109} INFO - [2022-01-24 19:46:13,129] {dag.py:2935} INFO - Setting next_dagrun for tutorial_etl_dag to None
[2022-01-24 19:46:13,142] {processor.py:171} INFO - Processing /home/airflow/.local/lib/python3.6/site-packages/airflow/example_dags/tutorial_etl_dag.py took 0.065 seconds
[2022-01-24 19:46:44,118] {processor.py:163} INFO - Started process (PID=707) to work on /home/airflow/.local/lib/python3.6/site-packages/airflow/example_dags/tutorial_etl_dag.py
[2022-01-24 19:46:44,119] {processor.py:642} INFO - Processing file /home/airflow/.local/lib/python3.6/site-packages/airflow/example_dags/tutorial_etl_dag.py for tasks to queue
[2022-01-24 19:46:44,120] {logging_mixin.py:109} INFO - [2022-01-24 19:46:44,120] {dagbag.py:500} INFO - Filling up the DagBag from /home/airflow/.local/lib/python3.6/site-packages/airflow/example_dags/tutorial_etl_dag.py
[2022-01-24 19:46:44,144] {processor.py:654} INFO - DAG(s) dict_keys(['tutorial_etl_dag']) retrieved from /home/airflow/.local/lib/python3.6/site-packages/airflow/example_dags/tutorial_etl_dag.py
[2022-01-24 19:46:44,154] {logging_mixin.py:109} INFO - [2022-01-24 19:46:44,154] {dag.py:2396} INFO - Sync 1 DAGs
[2022-01-24 19:46:44,174] {logging_mixin.py:109} INFO - [2022-01-24 19:46:44,173] {dag.py:2935} INFO - Setting next_dagrun for tutorial_etl_dag to None
[2022-01-24 19:46:44,181] {processor.py:171} INFO - Processing /home/airflow/.local/lib/python3.6/site-packages/airflow/example_dags/tutorial_etl_dag.py took 0.066 seconds
[2022-01-24 19:47:15,484] {processor.py:163} INFO - Started process (PID=760) to work on /home/airflow/.local/lib/python3.6/site-packages/airflow/example_dags/tutorial_etl_dag.py
[2022-01-24 19:47:15,498] {processor.py:642} INFO - Processing file /home/airflow/.local/lib/python3.6/site-packages/airflow/example_dags/tutorial_etl_dag.py for tasks to queue
[2022-01-24 19:47:15,499] {logging_mixin.py:109} INFO - [2022-01-24 19:47:15,499] {dagbag.py:500} INFO - Filling up the DagBag from /home/airflow/.local/lib/python3.6/site-packages/airflow/example_dags/tutorial_etl_dag.py
[2022-01-24 19:47:15,524] {processor.py:654} INFO - DAG(s) dict_keys(['tutorial_etl_dag']) retrieved from /home/airflow/.local/lib/python3.6/site-packages/airflow/example_dags/tutorial_etl_dag.py
[2022-01-24 19:47:15,533] {logging_mixin.py:109} INFO - [2022-01-24 19:47:15,533] {dag.py:2396} INFO - Sync 1 DAGs
[2022-01-24 19:47:15,550] {logging_mixin.py:109} INFO - [2022-01-24 19:47:15,550] {dag.py:2935} INFO - Setting next_dagrun for tutorial_etl_dag to None
[2022-01-24 19:47:15,564] {processor.py:171} INFO - Processing /home/airflow/.local/lib/python3.6/site-packages/airflow/example_dags/tutorial_etl_dag.py took 0.083 seconds
[2022-01-24 19:47:49,853] {processor.py:163} INFO - Started process (PID=820) to work on /home/airflow/.local/lib/python3.6/site-packages/airflow/example_dags/tutorial_etl_dag.py
[2022-01-24 19:47:49,856] {processor.py:642} INFO - Processing file /home/airflow/.local/lib/python3.6/site-packages/airflow/example_dags/tutorial_etl_dag.py for tasks to queue
[2022-01-24 19:47:49,858] {logging_mixin.py:109} INFO - [2022-01-24 19:47:49,858] {dagbag.py:500} INFO - Filling up the DagBag from /home/airflow/.local/lib/python3.6/site-packages/airflow/example_dags/tutorial_etl_dag.py
[2022-01-24 19:47:49,900] {processor.py:654} INFO - DAG(s) dict_keys(['tutorial_etl_dag']) retrieved from /home/airflow/.local/lib/python3.6/site-packages/airflow/example_dags/tutorial_etl_dag.py
[2022-01-24 19:47:49,915] {logging_mixin.py:109} INFO - [2022-01-24 19:47:49,915] {dag.py:2396} INFO - Sync 1 DAGs
[2022-01-24 19:47:49,941] {logging_mixin.py:109} INFO - [2022-01-24 19:47:49,941] {dag.py:2935} INFO - Setting next_dagrun for tutorial_etl_dag to None
[2022-01-24 19:47:49,954] {processor.py:171} INFO - Processing /home/airflow/.local/lib/python3.6/site-packages/airflow/example_dags/tutorial_etl_dag.py took 0.105 seconds
[2022-01-24 19:48:20,349] {processor.py:163} INFO - Started process (PID=873) to work on /home/airflow/.local/lib/python3.6/site-packages/airflow/example_dags/tutorial_etl_dag.py
[2022-01-24 19:48:20,350] {processor.py:642} INFO - Processing file /home/airflow/.local/lib/python3.6/site-packages/airflow/example_dags/tutorial_etl_dag.py for tasks to queue
[2022-01-24 19:48:20,351] {logging_mixin.py:109} INFO - [2022-01-24 19:48:20,351] {dagbag.py:500} INFO - Filling up the DagBag from /home/airflow/.local/lib/python3.6/site-packages/airflow/example_dags/tutorial_etl_dag.py
[2022-01-24 19:48:20,393] {processor.py:654} INFO - DAG(s) dict_keys(['tutorial_etl_dag']) retrieved from /home/airflow/.local/lib/python3.6/site-packages/airflow/example_dags/tutorial_etl_dag.py
[2022-01-24 19:48:20,412] {logging_mixin.py:109} INFO - [2022-01-24 19:48:20,411] {dag.py:2396} INFO - Sync 1 DAGs
[2022-01-24 19:48:20,434] {logging_mixin.py:109} INFO - [2022-01-24 19:48:20,433] {dag.py:2935} INFO - Setting next_dagrun for tutorial_etl_dag to None
[2022-01-24 19:48:20,442] {processor.py:171} INFO - Processing /home/airflow/.local/lib/python3.6/site-packages/airflow/example_dags/tutorial_etl_dag.py took 0.097 seconds
[2022-01-24 19:48:50,513] {processor.py:163} INFO - Started process (PID=936) to work on /home/airflow/.local/lib/python3.6/site-packages/airflow/example_dags/tutorial_etl_dag.py
[2022-01-24 19:48:50,514] {processor.py:642} INFO - Processing file /home/airflow/.local/lib/python3.6/site-packages/airflow/example_dags/tutorial_etl_dag.py for tasks to queue
[2022-01-24 19:48:50,514] {logging_mixin.py:109} INFO - [2022-01-24 19:48:50,514] {dagbag.py:500} INFO - Filling up the DagBag from /home/airflow/.local/lib/python3.6/site-packages/airflow/example_dags/tutorial_etl_dag.py
[2022-01-24 19:48:50,550] {processor.py:654} INFO - DAG(s) dict_keys(['tutorial_etl_dag']) retrieved from /home/airflow/.local/lib/python3.6/site-packages/airflow/example_dags/tutorial_etl_dag.py
[2022-01-24 19:48:50,563] {logging_mixin.py:109} INFO - [2022-01-24 19:48:50,563] {dag.py:2396} INFO - Sync 1 DAGs
[2022-01-24 19:48:50,585] {logging_mixin.py:109} INFO - [2022-01-24 19:48:50,585] {dag.py:2935} INFO - Setting next_dagrun for tutorial_etl_dag to None
[2022-01-24 19:48:50,597] {processor.py:171} INFO - Processing /home/airflow/.local/lib/python3.6/site-packages/airflow/example_dags/tutorial_etl_dag.py took 0.086 seconds
[2022-01-24 19:49:20,843] {processor.py:163} INFO - Started process (PID=989) to work on /home/airflow/.local/lib/python3.6/site-packages/airflow/example_dags/tutorial_etl_dag.py
[2022-01-24 19:49:20,844] {processor.py:642} INFO - Processing file /home/airflow/.local/lib/python3.6/site-packages/airflow/example_dags/tutorial_etl_dag.py for tasks to queue
[2022-01-24 19:49:20,845] {logging_mixin.py:109} INFO - [2022-01-24 19:49:20,845] {dagbag.py:500} INFO - Filling up the DagBag from /home/airflow/.local/lib/python3.6/site-packages/airflow/example_dags/tutorial_etl_dag.py
[2022-01-24 19:49:20,882] {processor.py:654} INFO - DAG(s) dict_keys(['tutorial_etl_dag']) retrieved from /home/airflow/.local/lib/python3.6/site-packages/airflow/example_dags/tutorial_etl_dag.py
[2022-01-24 19:49:20,896] {logging_mixin.py:109} INFO - [2022-01-24 19:49:20,895] {dag.py:2396} INFO - Sync 1 DAGs
[2022-01-24 19:49:20,914] {logging_mixin.py:109} INFO - [2022-01-24 19:49:20,914] {dag.py:2935} INFO - Setting next_dagrun for tutorial_etl_dag to None
[2022-01-24 19:49:20,921] {processor.py:171} INFO - Processing /home/airflow/.local/lib/python3.6/site-packages/airflow/example_dags/tutorial_etl_dag.py took 0.082 seconds
[2022-01-24 19:49:51,814] {processor.py:163} INFO - Started process (PID=1050) to work on /home/airflow/.local/lib/python3.6/site-packages/airflow/example_dags/tutorial_etl_dag.py
[2022-01-24 19:49:51,814] {processor.py:642} INFO - Processing file /home/airflow/.local/lib/python3.6/site-packages/airflow/example_dags/tutorial_etl_dag.py for tasks to queue
[2022-01-24 19:49:51,815] {logging_mixin.py:109} INFO - [2022-01-24 19:49:51,815] {dagbag.py:500} INFO - Filling up the DagBag from /home/airflow/.local/lib/python3.6/site-packages/airflow/example_dags/tutorial_etl_dag.py
[2022-01-24 19:49:51,843] {processor.py:654} INFO - DAG(s) dict_keys(['tutorial_etl_dag']) retrieved from /home/airflow/.local/lib/python3.6/site-packages/airflow/example_dags/tutorial_etl_dag.py
[2022-01-24 19:49:51,855] {logging_mixin.py:109} INFO - [2022-01-24 19:49:51,854] {dag.py:2396} INFO - Sync 1 DAGs
[2022-01-24 19:49:51,873] {logging_mixin.py:109} INFO - [2022-01-24 19:49:51,873] {dag.py:2935} INFO - Setting next_dagrun for tutorial_etl_dag to None
[2022-01-24 19:49:51,881] {processor.py:171} INFO - Processing /home/airflow/.local/lib/python3.6/site-packages/airflow/example_dags/tutorial_etl_dag.py took 0.070 seconds
[2022-01-24 19:50:22,829] {processor.py:163} INFO - Started process (PID=1106) to work on /home/airflow/.local/lib/python3.6/site-packages/airflow/example_dags/tutorial_etl_dag.py
[2022-01-24 19:50:22,830] {processor.py:642} INFO - Processing file /home/airflow/.local/lib/python3.6/site-packages/airflow/example_dags/tutorial_etl_dag.py for tasks to queue
[2022-01-24 19:50:22,831] {logging_mixin.py:109} INFO - [2022-01-24 19:50:22,830] {dagbag.py:500} INFO - Filling up the DagBag from /home/airflow/.local/lib/python3.6/site-packages/airflow/example_dags/tutorial_etl_dag.py
[2022-01-24 19:50:22,861] {processor.py:654} INFO - DAG(s) dict_keys(['tutorial_etl_dag']) retrieved from /home/airflow/.local/lib/python3.6/site-packages/airflow/example_dags/tutorial_etl_dag.py
[2022-01-24 19:50:22,871] {logging_mixin.py:109} INFO - [2022-01-24 19:50:22,871] {dag.py:2396} INFO - Sync 1 DAGs
[2022-01-24 19:50:22,889] {logging_mixin.py:109} INFO - [2022-01-24 19:50:22,888] {dag.py:2935} INFO - Setting next_dagrun for tutorial_etl_dag to None
[2022-01-24 19:50:22,897] {processor.py:171} INFO - Processing /home/airflow/.local/lib/python3.6/site-packages/airflow/example_dags/tutorial_etl_dag.py took 0.071 seconds
[2022-01-24 19:50:52,951] {processor.py:163} INFO - Started process (PID=1158) to work on /home/airflow/.local/lib/python3.6/site-packages/airflow/example_dags/tutorial_etl_dag.py
[2022-01-24 19:50:52,953] {processor.py:642} INFO - Processing file /home/airflow/.local/lib/python3.6/site-packages/airflow/example_dags/tutorial_etl_dag.py for tasks to queue
[2022-01-24 19:50:52,954] {logging_mixin.py:109} INFO - [2022-01-24 19:50:52,954] {dagbag.py:500} INFO - Filling up the DagBag from /home/airflow/.local/lib/python3.6/site-packages/airflow/example_dags/tutorial_etl_dag.py
[2022-01-24 19:50:52,991] {processor.py:654} INFO - DAG(s) dict_keys(['tutorial_etl_dag']) retrieved from /home/airflow/.local/lib/python3.6/site-packages/airflow/example_dags/tutorial_etl_dag.py
[2022-01-24 19:50:53,005] {logging_mixin.py:109} INFO - [2022-01-24 19:50:53,004] {dag.py:2396} INFO - Sync 1 DAGs
[2022-01-24 19:50:53,026] {logging_mixin.py:109} INFO - [2022-01-24 19:50:53,026] {dag.py:2935} INFO - Setting next_dagrun for tutorial_etl_dag to None
[2022-01-24 19:50:53,038] {processor.py:171} INFO - Processing /home/airflow/.local/lib/python3.6/site-packages/airflow/example_dags/tutorial_etl_dag.py took 0.091 seconds
[2022-01-24 19:51:23,610] {processor.py:163} INFO - Started process (PID=1222) to work on /home/airflow/.local/lib/python3.6/site-packages/airflow/example_dags/tutorial_etl_dag.py
[2022-01-24 19:51:23,611] {processor.py:642} INFO - Processing file /home/airflow/.local/lib/python3.6/site-packages/airflow/example_dags/tutorial_etl_dag.py for tasks to queue
[2022-01-24 19:51:23,612] {logging_mixin.py:109} INFO - [2022-01-24 19:51:23,612] {dagbag.py:500} INFO - Filling up the DagBag from /home/airflow/.local/lib/python3.6/site-packages/airflow/example_dags/tutorial_etl_dag.py
[2022-01-24 19:51:23,647] {processor.py:654} INFO - DAG(s) dict_keys(['tutorial_etl_dag']) retrieved from /home/airflow/.local/lib/python3.6/site-packages/airflow/example_dags/tutorial_etl_dag.py
[2022-01-24 19:51:23,658] {logging_mixin.py:109} INFO - [2022-01-24 19:51:23,658] {dag.py:2396} INFO - Sync 1 DAGs
[2022-01-24 19:51:23,678] {logging_mixin.py:109} INFO - [2022-01-24 19:51:23,678] {dag.py:2935} INFO - Setting next_dagrun for tutorial_etl_dag to None
[2022-01-24 19:51:23,687] {processor.py:171} INFO - Processing /home/airflow/.local/lib/python3.6/site-packages/airflow/example_dags/tutorial_etl_dag.py took 0.080 seconds
[2022-01-24 19:51:54,079] {processor.py:163} INFO - Started process (PID=1277) to work on /home/airflow/.local/lib/python3.6/site-packages/airflow/example_dags/tutorial_etl_dag.py
[2022-01-24 19:51:54,081] {processor.py:642} INFO - Processing file /home/airflow/.local/lib/python3.6/site-packages/airflow/example_dags/tutorial_etl_dag.py for tasks to queue
[2022-01-24 19:51:54,081] {logging_mixin.py:109} INFO - [2022-01-24 19:51:54,081] {dagbag.py:500} INFO - Filling up the DagBag from /home/airflow/.local/lib/python3.6/site-packages/airflow/example_dags/tutorial_etl_dag.py
[2022-01-24 19:51:54,111] {processor.py:654} INFO - DAG(s) dict_keys(['tutorial_etl_dag']) retrieved from /home/airflow/.local/lib/python3.6/site-packages/airflow/example_dags/tutorial_etl_dag.py
[2022-01-24 19:51:54,123] {logging_mixin.py:109} INFO - [2022-01-24 19:51:54,123] {dag.py:2396} INFO - Sync 1 DAGs
[2022-01-24 19:51:54,142] {logging_mixin.py:109} INFO - [2022-01-24 19:51:54,142] {dag.py:2935} INFO - Setting next_dagrun for tutorial_etl_dag to None
[2022-01-24 19:51:54,152] {processor.py:171} INFO - Processing /home/airflow/.local/lib/python3.6/site-packages/airflow/example_dags/tutorial_etl_dag.py took 0.077 seconds
[2022-01-24 19:52:24,394] {processor.py:163} INFO - Started process (PID=1330) to work on /home/airflow/.local/lib/python3.6/site-packages/airflow/example_dags/tutorial_etl_dag.py
[2022-01-24 19:52:24,395] {processor.py:642} INFO - Processing file /home/airflow/.local/lib/python3.6/site-packages/airflow/example_dags/tutorial_etl_dag.py for tasks to queue
[2022-01-24 19:52:24,395] {logging_mixin.py:109} INFO - [2022-01-24 19:52:24,395] {dagbag.py:500} INFO - Filling up the DagBag from /home/airflow/.local/lib/python3.6/site-packages/airflow/example_dags/tutorial_etl_dag.py
[2022-01-24 19:52:24,420] {processor.py:654} INFO - DAG(s) dict_keys(['tutorial_etl_dag']) retrieved from /home/airflow/.local/lib/python3.6/site-packages/airflow/example_dags/tutorial_etl_dag.py
[2022-01-24 19:52:24,430] {logging_mixin.py:109} INFO - [2022-01-24 19:52:24,430] {dag.py:2396} INFO - Sync 1 DAGs
[2022-01-24 19:52:24,446] {logging_mixin.py:109} INFO - [2022-01-24 19:52:24,446] {dag.py:2935} INFO - Setting next_dagrun for tutorial_etl_dag to None
[2022-01-24 19:52:24,453] {processor.py:171} INFO - Processing /home/airflow/.local/lib/python3.6/site-packages/airflow/example_dags/tutorial_etl_dag.py took 0.062 seconds
