[2022-01-24 19:43:28,099] {processor.py:163} INFO - Started process (PID=295) to work on /home/airflow/.local/lib/python3.6/site-packages/airflow/example_dags/tutorial_taskflow_api_etl.py
[2022-01-24 19:43:28,100] {processor.py:642} INFO - Processing file /home/airflow/.local/lib/python3.6/site-packages/airflow/example_dags/tutorial_taskflow_api_etl.py for tasks to queue
[2022-01-24 19:43:28,101] {logging_mixin.py:109} INFO - [2022-01-24 19:43:28,101] {dagbag.py:500} INFO - Filling up the DagBag from /home/airflow/.local/lib/python3.6/site-packages/airflow/example_dags/tutorial_taskflow_api_etl.py
[2022-01-24 19:43:28,154] {processor.py:654} INFO - DAG(s) dict_keys(['tutorial_taskflow_api_etl']) retrieved from /home/airflow/.local/lib/python3.6/site-packages/airflow/example_dags/tutorial_taskflow_api_etl.py
[2022-01-24 19:43:31,416] {logging_mixin.py:109} INFO - [2022-01-24 19:43:31,416] {manager.py:496} INFO - Created Permission View: can edit on DAG:tutorial_taskflow_api_etl
[2022-01-24 19:43:31,430] {logging_mixin.py:109} INFO - [2022-01-24 19:43:31,430] {manager.py:496} INFO - Created Permission View: can read on DAG:tutorial_taskflow_api_etl
[2022-01-24 19:43:31,433] {logging_mixin.py:109} INFO - [2022-01-24 19:43:31,430] {dag.py:2396} INFO - Sync 1 DAGs
[2022-01-24 19:43:31,452] {logging_mixin.py:109} INFO - [2022-01-24 19:43:31,450] {dag.py:2415} INFO - Creating ORM DAG for tutorial_taskflow_api_etl
[2022-01-24 19:43:31,464] {logging_mixin.py:109} INFO - [2022-01-24 19:43:31,464] {dag.py:2935} INFO - Setting next_dagrun for tutorial_taskflow_api_etl to None
[2022-01-24 19:43:31,480] {processor.py:171} INFO - Processing /home/airflow/.local/lib/python3.6/site-packages/airflow/example_dags/tutorial_taskflow_api_etl.py took 3.390 seconds
[2022-01-24 19:44:01,709] {processor.py:163} INFO - Started process (PID=397) to work on /home/airflow/.local/lib/python3.6/site-packages/airflow/example_dags/tutorial_taskflow_api_etl.py
[2022-01-24 19:44:01,710] {processor.py:642} INFO - Processing file /home/airflow/.local/lib/python3.6/site-packages/airflow/example_dags/tutorial_taskflow_api_etl.py for tasks to queue
[2022-01-24 19:44:01,710] {logging_mixin.py:109} INFO - [2022-01-24 19:44:01,710] {dagbag.py:500} INFO - Filling up the DagBag from /home/airflow/.local/lib/python3.6/site-packages/airflow/example_dags/tutorial_taskflow_api_etl.py
[2022-01-24 19:44:01,741] {processor.py:654} INFO - DAG(s) dict_keys(['tutorial_taskflow_api_etl']) retrieved from /home/airflow/.local/lib/python3.6/site-packages/airflow/example_dags/tutorial_taskflow_api_etl.py
[2022-01-24 19:44:01,970] {logging_mixin.py:109} INFO - [2022-01-24 19:44:01,970] {dag.py:2396} INFO - Sync 1 DAGs
[2022-01-24 19:44:01,985] {logging_mixin.py:109} INFO - [2022-01-24 19:44:01,985] {dag.py:2935} INFO - Setting next_dagrun for tutorial_taskflow_api_etl to None
[2022-01-24 19:44:01,996] {processor.py:171} INFO - Processing /home/airflow/.local/lib/python3.6/site-packages/airflow/example_dags/tutorial_taskflow_api_etl.py took 0.290 seconds
[2022-01-24 19:44:32,917] {processor.py:163} INFO - Started process (PID=460) to work on /home/airflow/.local/lib/python3.6/site-packages/airflow/example_dags/tutorial_taskflow_api_etl.py
[2022-01-24 19:44:32,918] {processor.py:642} INFO - Processing file /home/airflow/.local/lib/python3.6/site-packages/airflow/example_dags/tutorial_taskflow_api_etl.py for tasks to queue
[2022-01-24 19:44:32,919] {logging_mixin.py:109} INFO - [2022-01-24 19:44:32,919] {dagbag.py:500} INFO - Filling up the DagBag from /home/airflow/.local/lib/python3.6/site-packages/airflow/example_dags/tutorial_taskflow_api_etl.py
[2022-01-24 19:44:32,944] {processor.py:654} INFO - DAG(s) dict_keys(['tutorial_taskflow_api_etl']) retrieved from /home/airflow/.local/lib/python3.6/site-packages/airflow/example_dags/tutorial_taskflow_api_etl.py
[2022-01-24 19:44:33,131] {logging_mixin.py:109} INFO - [2022-01-24 19:44:33,131] {dag.py:2396} INFO - Sync 1 DAGs
[2022-01-24 19:44:33,146] {logging_mixin.py:109} INFO - [2022-01-24 19:44:33,146] {dag.py:2935} INFO - Setting next_dagrun for tutorial_taskflow_api_etl to None
[2022-01-24 19:44:33,156] {processor.py:171} INFO - Processing /home/airflow/.local/lib/python3.6/site-packages/airflow/example_dags/tutorial_taskflow_api_etl.py took 0.241 seconds
[2022-01-24 19:45:03,748] {processor.py:163} INFO - Started process (PID=512) to work on /home/airflow/.local/lib/python3.6/site-packages/airflow/example_dags/tutorial_taskflow_api_etl.py
[2022-01-24 19:45:03,751] {processor.py:642} INFO - Processing file /home/airflow/.local/lib/python3.6/site-packages/airflow/example_dags/tutorial_taskflow_api_etl.py for tasks to queue
[2022-01-24 19:45:03,751] {logging_mixin.py:109} INFO - [2022-01-24 19:45:03,751] {dagbag.py:500} INFO - Filling up the DagBag from /home/airflow/.local/lib/python3.6/site-packages/airflow/example_dags/tutorial_taskflow_api_etl.py
[2022-01-24 19:45:03,774] {processor.py:654} INFO - DAG(s) dict_keys(['tutorial_taskflow_api_etl']) retrieved from /home/airflow/.local/lib/python3.6/site-packages/airflow/example_dags/tutorial_taskflow_api_etl.py
[2022-01-24 19:45:03,941] {logging_mixin.py:109} INFO - [2022-01-24 19:45:03,940] {dag.py:2396} INFO - Sync 1 DAGs
[2022-01-24 19:45:03,954] {logging_mixin.py:109} INFO - [2022-01-24 19:45:03,954] {dag.py:2935} INFO - Setting next_dagrun for tutorial_taskflow_api_etl to None
[2022-01-24 19:45:03,965] {processor.py:171} INFO - Processing /home/airflow/.local/lib/python3.6/site-packages/airflow/example_dags/tutorial_taskflow_api_etl.py took 0.219 seconds
[2022-01-24 19:45:34,180] {processor.py:163} INFO - Started process (PID=564) to work on /home/airflow/.local/lib/python3.6/site-packages/airflow/example_dags/tutorial_taskflow_api_etl.py
[2022-01-24 19:45:34,181] {processor.py:642} INFO - Processing file /home/airflow/.local/lib/python3.6/site-packages/airflow/example_dags/tutorial_taskflow_api_etl.py for tasks to queue
[2022-01-24 19:45:34,182] {logging_mixin.py:109} INFO - [2022-01-24 19:45:34,181] {dagbag.py:500} INFO - Filling up the DagBag from /home/airflow/.local/lib/python3.6/site-packages/airflow/example_dags/tutorial_taskflow_api_etl.py
[2022-01-24 19:45:34,224] {processor.py:654} INFO - DAG(s) dict_keys(['tutorial_taskflow_api_etl']) retrieved from /home/airflow/.local/lib/python3.6/site-packages/airflow/example_dags/tutorial_taskflow_api_etl.py
[2022-01-24 19:45:34,606] {logging_mixin.py:109} INFO - [2022-01-24 19:45:34,606] {dag.py:2396} INFO - Sync 1 DAGs
[2022-01-24 19:45:34,645] {logging_mixin.py:109} INFO - [2022-01-24 19:45:34,644] {dag.py:2935} INFO - Setting next_dagrun for tutorial_taskflow_api_etl to None
[2022-01-24 19:45:34,668] {processor.py:171} INFO - Processing /home/airflow/.local/lib/python3.6/site-packages/airflow/example_dags/tutorial_taskflow_api_etl.py took 0.493 seconds
[2022-01-24 19:46:04,852] {processor.py:163} INFO - Started process (PID=628) to work on /home/airflow/.local/lib/python3.6/site-packages/airflow/example_dags/tutorial_taskflow_api_etl.py
[2022-01-24 19:46:04,853] {processor.py:642} INFO - Processing file /home/airflow/.local/lib/python3.6/site-packages/airflow/example_dags/tutorial_taskflow_api_etl.py for tasks to queue
[2022-01-24 19:46:04,854] {logging_mixin.py:109} INFO - [2022-01-24 19:46:04,854] {dagbag.py:500} INFO - Filling up the DagBag from /home/airflow/.local/lib/python3.6/site-packages/airflow/example_dags/tutorial_taskflow_api_etl.py
[2022-01-24 19:46:04,877] {processor.py:654} INFO - DAG(s) dict_keys(['tutorial_taskflow_api_etl']) retrieved from /home/airflow/.local/lib/python3.6/site-packages/airflow/example_dags/tutorial_taskflow_api_etl.py
[2022-01-24 19:46:05,055] {logging_mixin.py:109} INFO - [2022-01-24 19:46:05,055] {dag.py:2396} INFO - Sync 1 DAGs
[2022-01-24 19:46:05,069] {logging_mixin.py:109} INFO - [2022-01-24 19:46:05,069] {dag.py:2935} INFO - Setting next_dagrun for tutorial_taskflow_api_etl to None
[2022-01-24 19:46:05,076] {processor.py:171} INFO - Processing /home/airflow/.local/lib/python3.6/site-packages/airflow/example_dags/tutorial_taskflow_api_etl.py took 0.226 seconds
[2022-01-24 19:46:35,112] {processor.py:163} INFO - Started process (PID=681) to work on /home/airflow/.local/lib/python3.6/site-packages/airflow/example_dags/tutorial_taskflow_api_etl.py
[2022-01-24 19:46:35,114] {processor.py:642} INFO - Processing file /home/airflow/.local/lib/python3.6/site-packages/airflow/example_dags/tutorial_taskflow_api_etl.py for tasks to queue
[2022-01-24 19:46:35,115] {logging_mixin.py:109} INFO - [2022-01-24 19:46:35,114] {dagbag.py:500} INFO - Filling up the DagBag from /home/airflow/.local/lib/python3.6/site-packages/airflow/example_dags/tutorial_taskflow_api_etl.py
[2022-01-24 19:46:35,150] {processor.py:654} INFO - DAG(s) dict_keys(['tutorial_taskflow_api_etl']) retrieved from /home/airflow/.local/lib/python3.6/site-packages/airflow/example_dags/tutorial_taskflow_api_etl.py
[2022-01-24 19:46:35,318] {logging_mixin.py:109} INFO - [2022-01-24 19:46:35,318] {dag.py:2396} INFO - Sync 1 DAGs
[2022-01-24 19:46:35,330] {logging_mixin.py:109} INFO - [2022-01-24 19:46:35,330] {dag.py:2935} INFO - Setting next_dagrun for tutorial_taskflow_api_etl to None
[2022-01-24 19:46:35,337] {processor.py:171} INFO - Processing /home/airflow/.local/lib/python3.6/site-packages/airflow/example_dags/tutorial_taskflow_api_etl.py took 0.229 seconds
[2022-01-24 19:47:06,293] {processor.py:163} INFO - Started process (PID=733) to work on /home/airflow/.local/lib/python3.6/site-packages/airflow/example_dags/tutorial_taskflow_api_etl.py
[2022-01-24 19:47:06,302] {processor.py:642} INFO - Processing file /home/airflow/.local/lib/python3.6/site-packages/airflow/example_dags/tutorial_taskflow_api_etl.py for tasks to queue
[2022-01-24 19:47:06,304] {logging_mixin.py:109} INFO - [2022-01-24 19:47:06,303] {dagbag.py:500} INFO - Filling up the DagBag from /home/airflow/.local/lib/python3.6/site-packages/airflow/example_dags/tutorial_taskflow_api_etl.py
[2022-01-24 19:47:06,348] {processor.py:654} INFO - DAG(s) dict_keys(['tutorial_taskflow_api_etl']) retrieved from /home/airflow/.local/lib/python3.6/site-packages/airflow/example_dags/tutorial_taskflow_api_etl.py
[2022-01-24 19:47:06,533] {logging_mixin.py:109} INFO - [2022-01-24 19:47:06,533] {dag.py:2396} INFO - Sync 1 DAGs
[2022-01-24 19:47:06,545] {logging_mixin.py:109} INFO - [2022-01-24 19:47:06,545] {dag.py:2935} INFO - Setting next_dagrun for tutorial_taskflow_api_etl to None
[2022-01-24 19:47:06,560] {processor.py:171} INFO - Processing /home/airflow/.local/lib/python3.6/site-packages/airflow/example_dags/tutorial_taskflow_api_etl.py took 0.272 seconds
[2022-01-24 19:47:36,589] {processor.py:163} INFO - Started process (PID=786) to work on /home/airflow/.local/lib/python3.6/site-packages/airflow/example_dags/tutorial_taskflow_api_etl.py
[2022-01-24 19:47:36,597] {processor.py:642} INFO - Processing file /home/airflow/.local/lib/python3.6/site-packages/airflow/example_dags/tutorial_taskflow_api_etl.py for tasks to queue
[2022-01-24 19:47:36,598] {logging_mixin.py:109} INFO - [2022-01-24 19:47:36,598] {dagbag.py:500} INFO - Filling up the DagBag from /home/airflow/.local/lib/python3.6/site-packages/airflow/example_dags/tutorial_taskflow_api_etl.py
[2022-01-24 19:47:36,670] {processor.py:654} INFO - DAG(s) dict_keys(['tutorial_taskflow_api_etl']) retrieved from /home/airflow/.local/lib/python3.6/site-packages/airflow/example_dags/tutorial_taskflow_api_etl.py
[2022-01-24 19:47:37,039] {logging_mixin.py:109} INFO - [2022-01-24 19:47:37,038] {dag.py:2396} INFO - Sync 1 DAGs
[2022-01-24 19:47:37,061] {logging_mixin.py:109} INFO - [2022-01-24 19:47:37,060] {dag.py:2935} INFO - Setting next_dagrun for tutorial_taskflow_api_etl to None
[2022-01-24 19:47:37,147] {processor.py:171} INFO - Processing /home/airflow/.local/lib/python3.6/site-packages/airflow/example_dags/tutorial_taskflow_api_etl.py took 0.561 seconds
[2022-01-24 19:48:07,300] {processor.py:163} INFO - Started process (PID=846) to work on /home/airflow/.local/lib/python3.6/site-packages/airflow/example_dags/tutorial_taskflow_api_etl.py
[2022-01-24 19:48:07,301] {processor.py:642} INFO - Processing file /home/airflow/.local/lib/python3.6/site-packages/airflow/example_dags/tutorial_taskflow_api_etl.py for tasks to queue
[2022-01-24 19:48:07,302] {logging_mixin.py:109} INFO - [2022-01-24 19:48:07,302] {dagbag.py:500} INFO - Filling up the DagBag from /home/airflow/.local/lib/python3.6/site-packages/airflow/example_dags/tutorial_taskflow_api_etl.py
[2022-01-24 19:48:07,336] {processor.py:654} INFO - DAG(s) dict_keys(['tutorial_taskflow_api_etl']) retrieved from /home/airflow/.local/lib/python3.6/site-packages/airflow/example_dags/tutorial_taskflow_api_etl.py
[2022-01-24 19:48:07,502] {logging_mixin.py:109} INFO - [2022-01-24 19:48:07,502] {dag.py:2396} INFO - Sync 1 DAGs
[2022-01-24 19:48:07,513] {logging_mixin.py:109} INFO - [2022-01-24 19:48:07,513] {dag.py:2935} INFO - Setting next_dagrun for tutorial_taskflow_api_etl to None
[2022-01-24 19:48:07,521] {processor.py:171} INFO - Processing /home/airflow/.local/lib/python3.6/site-packages/airflow/example_dags/tutorial_taskflow_api_etl.py took 0.224 seconds
[2022-01-24 19:48:38,386] {processor.py:163} INFO - Started process (PID=909) to work on /home/airflow/.local/lib/python3.6/site-packages/airflow/example_dags/tutorial_taskflow_api_etl.py
[2022-01-24 19:48:38,388] {processor.py:642} INFO - Processing file /home/airflow/.local/lib/python3.6/site-packages/airflow/example_dags/tutorial_taskflow_api_etl.py for tasks to queue
[2022-01-24 19:48:38,389] {logging_mixin.py:109} INFO - [2022-01-24 19:48:38,389] {dagbag.py:500} INFO - Filling up the DagBag from /home/airflow/.local/lib/python3.6/site-packages/airflow/example_dags/tutorial_taskflow_api_etl.py
[2022-01-24 19:48:38,433] {processor.py:654} INFO - DAG(s) dict_keys(['tutorial_taskflow_api_etl']) retrieved from /home/airflow/.local/lib/python3.6/site-packages/airflow/example_dags/tutorial_taskflow_api_etl.py
[2022-01-24 19:48:38,605] {logging_mixin.py:109} INFO - [2022-01-24 19:48:38,605] {dag.py:2396} INFO - Sync 1 DAGs
[2022-01-24 19:48:38,617] {logging_mixin.py:109} INFO - [2022-01-24 19:48:38,617] {dag.py:2935} INFO - Setting next_dagrun for tutorial_taskflow_api_etl to None
[2022-01-24 19:48:38,626] {processor.py:171} INFO - Processing /home/airflow/.local/lib/python3.6/site-packages/airflow/example_dags/tutorial_taskflow_api_etl.py took 0.244 seconds
[2022-01-24 19:49:08,653] {processor.py:163} INFO - Started process (PID=962) to work on /home/airflow/.local/lib/python3.6/site-packages/airflow/example_dags/tutorial_taskflow_api_etl.py
[2022-01-24 19:49:08,655] {processor.py:642} INFO - Processing file /home/airflow/.local/lib/python3.6/site-packages/airflow/example_dags/tutorial_taskflow_api_etl.py for tasks to queue
[2022-01-24 19:49:08,656] {logging_mixin.py:109} INFO - [2022-01-24 19:49:08,655] {dagbag.py:500} INFO - Filling up the DagBag from /home/airflow/.local/lib/python3.6/site-packages/airflow/example_dags/tutorial_taskflow_api_etl.py
[2022-01-24 19:49:08,701] {processor.py:654} INFO - DAG(s) dict_keys(['tutorial_taskflow_api_etl']) retrieved from /home/airflow/.local/lib/python3.6/site-packages/airflow/example_dags/tutorial_taskflow_api_etl.py
[2022-01-24 19:49:08,949] {logging_mixin.py:109} INFO - [2022-01-24 19:49:08,949] {dag.py:2396} INFO - Sync 1 DAGs
[2022-01-24 19:49:08,967] {logging_mixin.py:109} INFO - [2022-01-24 19:49:08,967] {dag.py:2935} INFO - Setting next_dagrun for tutorial_taskflow_api_etl to None
[2022-01-24 19:49:08,978] {processor.py:171} INFO - Processing /home/airflow/.local/lib/python3.6/site-packages/airflow/example_dags/tutorial_taskflow_api_etl.py took 0.329 seconds
[2022-01-24 19:49:39,833] {processor.py:163} INFO - Started process (PID=1025) to work on /home/airflow/.local/lib/python3.6/site-packages/airflow/example_dags/tutorial_taskflow_api_etl.py
[2022-01-24 19:49:39,834] {processor.py:642} INFO - Processing file /home/airflow/.local/lib/python3.6/site-packages/airflow/example_dags/tutorial_taskflow_api_etl.py for tasks to queue
[2022-01-24 19:49:39,834] {logging_mixin.py:109} INFO - [2022-01-24 19:49:39,834] {dagbag.py:500} INFO - Filling up the DagBag from /home/airflow/.local/lib/python3.6/site-packages/airflow/example_dags/tutorial_taskflow_api_etl.py
[2022-01-24 19:49:39,857] {processor.py:654} INFO - DAG(s) dict_keys(['tutorial_taskflow_api_etl']) retrieved from /home/airflow/.local/lib/python3.6/site-packages/airflow/example_dags/tutorial_taskflow_api_etl.py
[2022-01-24 19:49:40,052] {logging_mixin.py:109} INFO - [2022-01-24 19:49:40,052] {dag.py:2396} INFO - Sync 1 DAGs
[2022-01-24 19:49:40,067] {logging_mixin.py:109} INFO - [2022-01-24 19:49:40,067] {dag.py:2935} INFO - Setting next_dagrun for tutorial_taskflow_api_etl to None
[2022-01-24 19:49:40,077] {processor.py:171} INFO - Processing /home/airflow/.local/lib/python3.6/site-packages/airflow/example_dags/tutorial_taskflow_api_etl.py took 0.246 seconds
[2022-01-24 19:50:10,767] {processor.py:163} INFO - Started process (PID=1079) to work on /home/airflow/.local/lib/python3.6/site-packages/airflow/example_dags/tutorial_taskflow_api_etl.py
[2022-01-24 19:50:10,770] {processor.py:642} INFO - Processing file /home/airflow/.local/lib/python3.6/site-packages/airflow/example_dags/tutorial_taskflow_api_etl.py for tasks to queue
[2022-01-24 19:50:10,771] {logging_mixin.py:109} INFO - [2022-01-24 19:50:10,770] {dagbag.py:500} INFO - Filling up the DagBag from /home/airflow/.local/lib/python3.6/site-packages/airflow/example_dags/tutorial_taskflow_api_etl.py
[2022-01-24 19:50:10,809] {processor.py:654} INFO - DAG(s) dict_keys(['tutorial_taskflow_api_etl']) retrieved from /home/airflow/.local/lib/python3.6/site-packages/airflow/example_dags/tutorial_taskflow_api_etl.py
[2022-01-24 19:50:11,001] {logging_mixin.py:109} INFO - [2022-01-24 19:50:11,001] {dag.py:2396} INFO - Sync 1 DAGs
[2022-01-24 19:50:11,014] {logging_mixin.py:109} INFO - [2022-01-24 19:50:11,014] {dag.py:2935} INFO - Setting next_dagrun for tutorial_taskflow_api_etl to None
[2022-01-24 19:50:11,024] {processor.py:171} INFO - Processing /home/airflow/.local/lib/python3.6/site-packages/airflow/example_dags/tutorial_taskflow_api_etl.py took 0.261 seconds
[2022-01-24 19:50:41,851] {processor.py:163} INFO - Started process (PID=1132) to work on /home/airflow/.local/lib/python3.6/site-packages/airflow/example_dags/tutorial_taskflow_api_etl.py
[2022-01-24 19:50:41,853] {processor.py:642} INFO - Processing file /home/airflow/.local/lib/python3.6/site-packages/airflow/example_dags/tutorial_taskflow_api_etl.py for tasks to queue
[2022-01-24 19:50:41,853] {logging_mixin.py:109} INFO - [2022-01-24 19:50:41,853] {dagbag.py:500} INFO - Filling up the DagBag from /home/airflow/.local/lib/python3.6/site-packages/airflow/example_dags/tutorial_taskflow_api_etl.py
[2022-01-24 19:50:41,886] {processor.py:654} INFO - DAG(s) dict_keys(['tutorial_taskflow_api_etl']) retrieved from /home/airflow/.local/lib/python3.6/site-packages/airflow/example_dags/tutorial_taskflow_api_etl.py
[2022-01-24 19:50:41,896] {logging_mixin.py:109} INFO - [2022-01-24 19:50:41,896] {dag.py:2396} INFO - Sync 1 DAGs
[2022-01-24 19:50:41,912] {logging_mixin.py:109} INFO - [2022-01-24 19:50:41,911] {dag.py:2935} INFO - Setting next_dagrun for tutorial_taskflow_api_etl to None
[2022-01-24 19:50:41,920] {processor.py:171} INFO - Processing /home/airflow/.local/lib/python3.6/site-packages/airflow/example_dags/tutorial_taskflow_api_etl.py took 0.071 seconds
[2022-01-24 19:51:12,255] {processor.py:163} INFO - Started process (PID=1196) to work on /home/airflow/.local/lib/python3.6/site-packages/airflow/example_dags/tutorial_taskflow_api_etl.py
[2022-01-24 19:51:12,259] {processor.py:642} INFO - Processing file /home/airflow/.local/lib/python3.6/site-packages/airflow/example_dags/tutorial_taskflow_api_etl.py for tasks to queue
[2022-01-24 19:51:12,260] {logging_mixin.py:109} INFO - [2022-01-24 19:51:12,260] {dagbag.py:500} INFO - Filling up the DagBag from /home/airflow/.local/lib/python3.6/site-packages/airflow/example_dags/tutorial_taskflow_api_etl.py
[2022-01-24 19:51:12,301] {processor.py:654} INFO - DAG(s) dict_keys(['tutorial_taskflow_api_etl']) retrieved from /home/airflow/.local/lib/python3.6/site-packages/airflow/example_dags/tutorial_taskflow_api_etl.py
[2022-01-24 19:51:12,468] {logging_mixin.py:109} INFO - [2022-01-24 19:51:12,468] {dag.py:2396} INFO - Sync 1 DAGs
[2022-01-24 19:51:12,480] {logging_mixin.py:109} INFO - [2022-01-24 19:51:12,480] {dag.py:2935} INFO - Setting next_dagrun for tutorial_taskflow_api_etl to None
[2022-01-24 19:51:12,488] {processor.py:171} INFO - Processing /home/airflow/.local/lib/python3.6/site-packages/airflow/example_dags/tutorial_taskflow_api_etl.py took 0.241 seconds
[2022-01-24 19:51:43,008] {processor.py:163} INFO - Started process (PID=1250) to work on /home/airflow/.local/lib/python3.6/site-packages/airflow/example_dags/tutorial_taskflow_api_etl.py
[2022-01-24 19:51:43,009] {processor.py:642} INFO - Processing file /home/airflow/.local/lib/python3.6/site-packages/airflow/example_dags/tutorial_taskflow_api_etl.py for tasks to queue
[2022-01-24 19:51:43,010] {logging_mixin.py:109} INFO - [2022-01-24 19:51:43,010] {dagbag.py:500} INFO - Filling up the DagBag from /home/airflow/.local/lib/python3.6/site-packages/airflow/example_dags/tutorial_taskflow_api_etl.py
[2022-01-24 19:51:43,037] {processor.py:654} INFO - DAG(s) dict_keys(['tutorial_taskflow_api_etl']) retrieved from /home/airflow/.local/lib/python3.6/site-packages/airflow/example_dags/tutorial_taskflow_api_etl.py
[2022-01-24 19:51:43,238] {logging_mixin.py:109} INFO - [2022-01-24 19:51:43,238] {dag.py:2396} INFO - Sync 1 DAGs
[2022-01-24 19:51:43,258] {logging_mixin.py:109} INFO - [2022-01-24 19:51:43,258] {dag.py:2935} INFO - Setting next_dagrun for tutorial_taskflow_api_etl to None
[2022-01-24 19:51:43,271] {processor.py:171} INFO - Processing /home/airflow/.local/lib/python3.6/site-packages/airflow/example_dags/tutorial_taskflow_api_etl.py took 0.266 seconds
[2022-01-24 19:52:14,085] {processor.py:163} INFO - Started process (PID=1304) to work on /home/airflow/.local/lib/python3.6/site-packages/airflow/example_dags/tutorial_taskflow_api_etl.py
[2022-01-24 19:52:14,086] {processor.py:642} INFO - Processing file /home/airflow/.local/lib/python3.6/site-packages/airflow/example_dags/tutorial_taskflow_api_etl.py for tasks to queue
[2022-01-24 19:52:14,087] {logging_mixin.py:109} INFO - [2022-01-24 19:52:14,086] {dagbag.py:500} INFO - Filling up the DagBag from /home/airflow/.local/lib/python3.6/site-packages/airflow/example_dags/tutorial_taskflow_api_etl.py
[2022-01-24 19:52:14,117] {processor.py:654} INFO - DAG(s) dict_keys(['tutorial_taskflow_api_etl']) retrieved from /home/airflow/.local/lib/python3.6/site-packages/airflow/example_dags/tutorial_taskflow_api_etl.py
[2022-01-24 19:52:14,291] {logging_mixin.py:109} INFO - [2022-01-24 19:52:14,291] {dag.py:2396} INFO - Sync 1 DAGs
[2022-01-24 19:52:14,305] {logging_mixin.py:109} INFO - [2022-01-24 19:52:14,305] {dag.py:2935} INFO - Setting next_dagrun for tutorial_taskflow_api_etl to None
[2022-01-24 19:52:14,314] {processor.py:171} INFO - Processing /home/airflow/.local/lib/python3.6/site-packages/airflow/example_dags/tutorial_taskflow_api_etl.py took 0.232 seconds
[2022-01-24 19:52:44,624] {processor.py:163} INFO - Started process (PID=1367) to work on /home/airflow/.local/lib/python3.6/site-packages/airflow/example_dags/tutorial_taskflow_api_etl.py
[2022-01-24 19:52:44,627] {processor.py:642} INFO - Processing file /home/airflow/.local/lib/python3.6/site-packages/airflow/example_dags/tutorial_taskflow_api_etl.py for tasks to queue
[2022-01-24 19:52:44,629] {logging_mixin.py:109} INFO - [2022-01-24 19:52:44,628] {dagbag.py:500} INFO - Filling up the DagBag from /home/airflow/.local/lib/python3.6/site-packages/airflow/example_dags/tutorial_taskflow_api_etl.py
[2022-01-24 19:52:44,662] {processor.py:654} INFO - DAG(s) dict_keys(['tutorial_taskflow_api_etl']) retrieved from /home/airflow/.local/lib/python3.6/site-packages/airflow/example_dags/tutorial_taskflow_api_etl.py
[2022-01-24 19:52:44,881] {logging_mixin.py:109} INFO - [2022-01-24 19:52:44,881] {dag.py:2396} INFO - Sync 1 DAGs
[2022-01-24 19:52:44,897] {logging_mixin.py:109} INFO - [2022-01-24 19:52:44,897] {dag.py:2935} INFO - Setting next_dagrun for tutorial_taskflow_api_etl to None
[2022-01-24 19:52:44,909] {processor.py:171} INFO - Processing /home/airflow/.local/lib/python3.6/site-packages/airflow/example_dags/tutorial_taskflow_api_etl.py took 0.288 seconds
