[2022-01-24 19:42:34,877] {processor.py:163} INFO - Started process (PID=48) to work on /home/airflow/.local/lib/python3.6/site-packages/airflow/example_dags/tutorial.py
[2022-01-24 19:42:34,879] {processor.py:642} INFO - Processing file /home/airflow/.local/lib/python3.6/site-packages/airflow/example_dags/tutorial.py for tasks to queue
[2022-01-24 19:42:34,880] {logging_mixin.py:109} INFO - [2022-01-24 19:42:34,880] {dagbag.py:500} INFO - Filling up the DagBag from /home/airflow/.local/lib/python3.6/site-packages/airflow/example_dags/tutorial.py
[2022-01-24 19:42:34,950] {processor.py:654} INFO - DAG(s) dict_keys(['tutorial']) retrieved from /home/airflow/.local/lib/python3.6/site-packages/airflow/example_dags/tutorial.py
[2022-01-24 19:42:43,554] {logging_mixin.py:109} INFO - [2022-01-24 19:42:43,554] {manager.py:496} INFO - Created Permission View: can edit on DAG:tutorial
[2022-01-24 19:42:43,564] {logging_mixin.py:109} INFO - [2022-01-24 19:42:43,564] {manager.py:496} INFO - Created Permission View: can read on DAG:tutorial
[2022-01-24 19:42:43,566] {logging_mixin.py:109} INFO - [2022-01-24 19:42:43,564] {dag.py:2396} INFO - Sync 1 DAGs
[2022-01-24 19:42:43,583] {logging_mixin.py:109} INFO - [2022-01-24 19:42:43,580] {dag.py:2415} INFO - Creating ORM DAG for tutorial
[2022-01-24 19:42:43,598] {logging_mixin.py:109} INFO - [2022-01-24 19:42:43,597] {dag.py:2935} INFO - Setting next_dagrun for tutorial to 2022-01-23T19:42:43.597608+00:00
[2022-01-24 19:42:43,620] {processor.py:171} INFO - Processing /home/airflow/.local/lib/python3.6/site-packages/airflow/example_dags/tutorial.py took 8.748 seconds
[2022-01-24 19:43:38,090] {processor.py:163} INFO - Started process (PID=363) to work on /home/airflow/.local/lib/python3.6/site-packages/airflow/example_dags/tutorial.py
[2022-01-24 19:43:38,091] {processor.py:642} INFO - Processing file /home/airflow/.local/lib/python3.6/site-packages/airflow/example_dags/tutorial.py for tasks to queue
[2022-01-24 19:43:38,092] {logging_mixin.py:109} INFO - [2022-01-24 19:43:38,092] {dagbag.py:500} INFO - Filling up the DagBag from /home/airflow/.local/lib/python3.6/site-packages/airflow/example_dags/tutorial.py
[2022-01-24 19:43:38,139] {processor.py:654} INFO - DAG(s) dict_keys(['tutorial']) retrieved from /home/airflow/.local/lib/python3.6/site-packages/airflow/example_dags/tutorial.py
[2022-01-24 19:43:38,158] {logging_mixin.py:109} INFO - [2022-01-24 19:43:38,157] {dag.py:2396} INFO - Sync 1 DAGs
[2022-01-24 19:43:38,188] {logging_mixin.py:109} INFO - [2022-01-24 19:43:38,187] {dag.py:2935} INFO - Setting next_dagrun for tutorial to 2022-01-23T19:43:38.187440+00:00
[2022-01-24 19:43:38,202] {processor.py:171} INFO - Processing /home/airflow/.local/lib/python3.6/site-packages/airflow/example_dags/tutorial.py took 0.116 seconds
[2022-01-24 19:44:08,227] {processor.py:163} INFO - Started process (PID=411) to work on /home/airflow/.local/lib/python3.6/site-packages/airflow/example_dags/tutorial.py
[2022-01-24 19:44:08,228] {processor.py:642} INFO - Processing file /home/airflow/.local/lib/python3.6/site-packages/airflow/example_dags/tutorial.py for tasks to queue
[2022-01-24 19:44:08,228] {logging_mixin.py:109} INFO - [2022-01-24 19:44:08,228] {dagbag.py:500} INFO - Filling up the DagBag from /home/airflow/.local/lib/python3.6/site-packages/airflow/example_dags/tutorial.py
[2022-01-24 19:44:08,258] {processor.py:654} INFO - DAG(s) dict_keys(['tutorial']) retrieved from /home/airflow/.local/lib/python3.6/site-packages/airflow/example_dags/tutorial.py
[2022-01-24 19:44:08,268] {logging_mixin.py:109} INFO - [2022-01-24 19:44:08,268] {dag.py:2396} INFO - Sync 1 DAGs
[2022-01-24 19:44:08,287] {logging_mixin.py:109} INFO - [2022-01-24 19:44:08,287] {dag.py:2935} INFO - Setting next_dagrun for tutorial to 2022-01-23T19:44:08.287133+00:00
[2022-01-24 19:44:08,295] {processor.py:171} INFO - Processing /home/airflow/.local/lib/python3.6/site-packages/airflow/example_dags/tutorial.py took 0.072 seconds
[2022-01-24 19:44:38,308] {processor.py:163} INFO - Started process (PID=463) to work on /home/airflow/.local/lib/python3.6/site-packages/airflow/example_dags/tutorial.py
[2022-01-24 19:44:38,310] {processor.py:642} INFO - Processing file /home/airflow/.local/lib/python3.6/site-packages/airflow/example_dags/tutorial.py for tasks to queue
[2022-01-24 19:44:38,311] {logging_mixin.py:109} INFO - [2022-01-24 19:44:38,311] {dagbag.py:500} INFO - Filling up the DagBag from /home/airflow/.local/lib/python3.6/site-packages/airflow/example_dags/tutorial.py
[2022-01-24 19:44:38,343] {processor.py:654} INFO - DAG(s) dict_keys(['tutorial']) retrieved from /home/airflow/.local/lib/python3.6/site-packages/airflow/example_dags/tutorial.py
[2022-01-24 19:44:38,353] {logging_mixin.py:109} INFO - [2022-01-24 19:44:38,352] {dag.py:2396} INFO - Sync 1 DAGs
[2022-01-24 19:44:38,367] {logging_mixin.py:109} INFO - [2022-01-24 19:44:38,366] {dag.py:2935} INFO - Setting next_dagrun for tutorial to 2022-01-23T19:44:38.366761+00:00
[2022-01-24 19:44:38,375] {processor.py:171} INFO - Processing /home/airflow/.local/lib/python3.6/site-packages/airflow/example_dags/tutorial.py took 0.069 seconds
[2022-01-24 19:45:08,937] {processor.py:163} INFO - Started process (PID=515) to work on /home/airflow/.local/lib/python3.6/site-packages/airflow/example_dags/tutorial.py
[2022-01-24 19:45:08,940] {processor.py:642} INFO - Processing file /home/airflow/.local/lib/python3.6/site-packages/airflow/example_dags/tutorial.py for tasks to queue
[2022-01-24 19:45:08,942] {logging_mixin.py:109} INFO - [2022-01-24 19:45:08,942] {dagbag.py:500} INFO - Filling up the DagBag from /home/airflow/.local/lib/python3.6/site-packages/airflow/example_dags/tutorial.py
[2022-01-24 19:45:08,984] {processor.py:654} INFO - DAG(s) dict_keys(['tutorial']) retrieved from /home/airflow/.local/lib/python3.6/site-packages/airflow/example_dags/tutorial.py
[2022-01-24 19:45:08,995] {logging_mixin.py:109} INFO - [2022-01-24 19:45:08,995] {dag.py:2396} INFO - Sync 1 DAGs
[2022-01-24 19:45:09,012] {logging_mixin.py:109} INFO - [2022-01-24 19:45:09,012] {dag.py:2935} INFO - Setting next_dagrun for tutorial to 2022-01-23T19:45:09.011826+00:00
[2022-01-24 19:45:09,020] {processor.py:171} INFO - Processing /home/airflow/.local/lib/python3.6/site-packages/airflow/example_dags/tutorial.py took 0.091 seconds
[2022-01-24 19:45:39,457] {processor.py:163} INFO - Started process (PID=578) to work on /home/airflow/.local/lib/python3.6/site-packages/airflow/example_dags/tutorial.py
[2022-01-24 19:45:39,461] {processor.py:642} INFO - Processing file /home/airflow/.local/lib/python3.6/site-packages/airflow/example_dags/tutorial.py for tasks to queue
[2022-01-24 19:45:39,463] {logging_mixin.py:109} INFO - [2022-01-24 19:45:39,462] {dagbag.py:500} INFO - Filling up the DagBag from /home/airflow/.local/lib/python3.6/site-packages/airflow/example_dags/tutorial.py
[2022-01-24 19:45:39,596] {processor.py:654} INFO - DAG(s) dict_keys(['tutorial']) retrieved from /home/airflow/.local/lib/python3.6/site-packages/airflow/example_dags/tutorial.py
[2022-01-24 19:45:39,630] {logging_mixin.py:109} INFO - [2022-01-24 19:45:39,630] {dag.py:2396} INFO - Sync 1 DAGs
[2022-01-24 19:45:39,677] {logging_mixin.py:109} INFO - [2022-01-24 19:45:39,676] {dag.py:2935} INFO - Setting next_dagrun for tutorial to 2022-01-23T19:45:39.672536+00:00
[2022-01-24 19:45:39,703] {processor.py:171} INFO - Processing /home/airflow/.local/lib/python3.6/site-packages/airflow/example_dags/tutorial.py took 0.259 seconds
[2022-01-24 19:46:10,017] {processor.py:163} INFO - Started process (PID=631) to work on /home/airflow/.local/lib/python3.6/site-packages/airflow/example_dags/tutorial.py
[2022-01-24 19:46:10,020] {processor.py:642} INFO - Processing file /home/airflow/.local/lib/python3.6/site-packages/airflow/example_dags/tutorial.py for tasks to queue
[2022-01-24 19:46:10,021] {logging_mixin.py:109} INFO - [2022-01-24 19:46:10,021] {dagbag.py:500} INFO - Filling up the DagBag from /home/airflow/.local/lib/python3.6/site-packages/airflow/example_dags/tutorial.py
[2022-01-24 19:46:10,079] {processor.py:654} INFO - DAG(s) dict_keys(['tutorial']) retrieved from /home/airflow/.local/lib/python3.6/site-packages/airflow/example_dags/tutorial.py
[2022-01-24 19:46:10,097] {logging_mixin.py:109} INFO - [2022-01-24 19:46:10,097] {dag.py:2396} INFO - Sync 1 DAGs
[2022-01-24 19:46:10,124] {logging_mixin.py:109} INFO - [2022-01-24 19:46:10,124] {dag.py:2935} INFO - Setting next_dagrun for tutorial to 2022-01-23T19:46:10.123964+00:00
[2022-01-24 19:46:10,137] {processor.py:171} INFO - Processing /home/airflow/.local/lib/python3.6/site-packages/airflow/example_dags/tutorial.py took 0.125 seconds
[2022-01-24 19:46:40,281] {processor.py:163} INFO - Started process (PID=684) to work on /home/airflow/.local/lib/python3.6/site-packages/airflow/example_dags/tutorial.py
[2022-01-24 19:46:40,282] {processor.py:642} INFO - Processing file /home/airflow/.local/lib/python3.6/site-packages/airflow/example_dags/tutorial.py for tasks to queue
[2022-01-24 19:46:40,282] {logging_mixin.py:109} INFO - [2022-01-24 19:46:40,282] {dagbag.py:500} INFO - Filling up the DagBag from /home/airflow/.local/lib/python3.6/site-packages/airflow/example_dags/tutorial.py
[2022-01-24 19:46:40,308] {processor.py:654} INFO - DAG(s) dict_keys(['tutorial']) retrieved from /home/airflow/.local/lib/python3.6/site-packages/airflow/example_dags/tutorial.py
[2022-01-24 19:46:40,319] {logging_mixin.py:109} INFO - [2022-01-24 19:46:40,319] {dag.py:2396} INFO - Sync 1 DAGs
[2022-01-24 19:46:40,335] {logging_mixin.py:109} INFO - [2022-01-24 19:46:40,335] {dag.py:2935} INFO - Setting next_dagrun for tutorial to 2022-01-23T19:46:40.335525+00:00
[2022-01-24 19:46:40,343] {processor.py:171} INFO - Processing /home/airflow/.local/lib/python3.6/site-packages/airflow/example_dags/tutorial.py took 0.065 seconds
[2022-01-24 19:47:10,483] {processor.py:163} INFO - Started process (PID=736) to work on /home/airflow/.local/lib/python3.6/site-packages/airflow/example_dags/tutorial.py
[2022-01-24 19:47:10,486] {processor.py:642} INFO - Processing file /home/airflow/.local/lib/python3.6/site-packages/airflow/example_dags/tutorial.py for tasks to queue
[2022-01-24 19:47:10,486] {logging_mixin.py:109} INFO - [2022-01-24 19:47:10,486] {dagbag.py:500} INFO - Filling up the DagBag from /home/airflow/.local/lib/python3.6/site-packages/airflow/example_dags/tutorial.py
[2022-01-24 19:47:10,510] {processor.py:654} INFO - DAG(s) dict_keys(['tutorial']) retrieved from /home/airflow/.local/lib/python3.6/site-packages/airflow/example_dags/tutorial.py
[2022-01-24 19:47:10,519] {logging_mixin.py:109} INFO - [2022-01-24 19:47:10,519] {dag.py:2396} INFO - Sync 1 DAGs
[2022-01-24 19:47:10,534] {logging_mixin.py:109} INFO - [2022-01-24 19:47:10,534] {dag.py:2935} INFO - Setting next_dagrun for tutorial to 2022-01-23T19:47:10.534309+00:00
[2022-01-24 19:47:10,542] {processor.py:171} INFO - Processing /home/airflow/.local/lib/python3.6/site-packages/airflow/example_dags/tutorial.py took 0.061 seconds
[2022-01-24 19:47:44,083] {processor.py:163} INFO - Started process (PID=806) to work on /home/airflow/.local/lib/python3.6/site-packages/airflow/example_dags/tutorial.py
[2022-01-24 19:47:44,111] {processor.py:642} INFO - Processing file /home/airflow/.local/lib/python3.6/site-packages/airflow/example_dags/tutorial.py for tasks to queue
[2022-01-24 19:47:44,112] {logging_mixin.py:109} INFO - [2022-01-24 19:47:44,112] {dagbag.py:500} INFO - Filling up the DagBag from /home/airflow/.local/lib/python3.6/site-packages/airflow/example_dags/tutorial.py
[2022-01-24 19:47:44,190] {processor.py:654} INFO - DAG(s) dict_keys(['tutorial']) retrieved from /home/airflow/.local/lib/python3.6/site-packages/airflow/example_dags/tutorial.py
[2022-01-24 19:47:44,204] {logging_mixin.py:109} INFO - [2022-01-24 19:47:44,204] {dag.py:2396} INFO - Sync 1 DAGs
[2022-01-24 19:47:44,297] {logging_mixin.py:109} INFO - [2022-01-24 19:47:44,297] {dag.py:2935} INFO - Setting next_dagrun for tutorial to 2022-01-23T19:47:44.296486+00:00
[2022-01-24 19:47:44,441] {processor.py:171} INFO - Processing /home/airflow/.local/lib/python3.6/site-packages/airflow/example_dags/tutorial.py took 0.389 seconds
[2022-01-24 19:48:14,634] {processor.py:163} INFO - Started process (PID=859) to work on /home/airflow/.local/lib/python3.6/site-packages/airflow/example_dags/tutorial.py
[2022-01-24 19:48:14,635] {processor.py:642} INFO - Processing file /home/airflow/.local/lib/python3.6/site-packages/airflow/example_dags/tutorial.py for tasks to queue
[2022-01-24 19:48:14,635] {logging_mixin.py:109} INFO - [2022-01-24 19:48:14,635] {dagbag.py:500} INFO - Filling up the DagBag from /home/airflow/.local/lib/python3.6/site-packages/airflow/example_dags/tutorial.py
[2022-01-24 19:48:14,674] {processor.py:654} INFO - DAG(s) dict_keys(['tutorial']) retrieved from /home/airflow/.local/lib/python3.6/site-packages/airflow/example_dags/tutorial.py
[2022-01-24 19:48:14,689] {logging_mixin.py:109} INFO - [2022-01-24 19:48:14,689] {dag.py:2396} INFO - Sync 1 DAGs
[2022-01-24 19:48:14,712] {logging_mixin.py:109} INFO - [2022-01-24 19:48:14,711] {dag.py:2935} INFO - Setting next_dagrun for tutorial to 2022-01-23T19:48:14.711559+00:00
[2022-01-24 19:48:14,725] {processor.py:171} INFO - Processing /home/airflow/.local/lib/python3.6/site-packages/airflow/example_dags/tutorial.py took 0.095 seconds
[2022-01-24 19:48:45,492] {processor.py:163} INFO - Started process (PID=911) to work on /home/airflow/.local/lib/python3.6/site-packages/airflow/example_dags/tutorial.py
[2022-01-24 19:48:45,494] {processor.py:642} INFO - Processing file /home/airflow/.local/lib/python3.6/site-packages/airflow/example_dags/tutorial.py for tasks to queue
[2022-01-24 19:48:45,495] {logging_mixin.py:109} INFO - [2022-01-24 19:48:45,495] {dagbag.py:500} INFO - Filling up the DagBag from /home/airflow/.local/lib/python3.6/site-packages/airflow/example_dags/tutorial.py
[2022-01-24 19:48:45,533] {processor.py:654} INFO - DAG(s) dict_keys(['tutorial']) retrieved from /home/airflow/.local/lib/python3.6/site-packages/airflow/example_dags/tutorial.py
[2022-01-24 19:48:45,543] {logging_mixin.py:109} INFO - [2022-01-24 19:48:45,543] {dag.py:2396} INFO - Sync 1 DAGs
[2022-01-24 19:48:45,559] {logging_mixin.py:109} INFO - [2022-01-24 19:48:45,559] {dag.py:2935} INFO - Setting next_dagrun for tutorial to 2022-01-23T19:48:45.558877+00:00
[2022-01-24 19:48:45,567] {processor.py:171} INFO - Processing /home/airflow/.local/lib/python3.6/site-packages/airflow/example_dags/tutorial.py took 0.082 seconds
[2022-01-24 19:49:15,777] {processor.py:163} INFO - Started process (PID=974) to work on /home/airflow/.local/lib/python3.6/site-packages/airflow/example_dags/tutorial.py
[2022-01-24 19:49:15,778] {processor.py:642} INFO - Processing file /home/airflow/.local/lib/python3.6/site-packages/airflow/example_dags/tutorial.py for tasks to queue
[2022-01-24 19:49:15,779] {logging_mixin.py:109} INFO - [2022-01-24 19:49:15,779] {dagbag.py:500} INFO - Filling up the DagBag from /home/airflow/.local/lib/python3.6/site-packages/airflow/example_dags/tutorial.py
[2022-01-24 19:49:15,808] {processor.py:654} INFO - DAG(s) dict_keys(['tutorial']) retrieved from /home/airflow/.local/lib/python3.6/site-packages/airflow/example_dags/tutorial.py
[2022-01-24 19:49:15,820] {logging_mixin.py:109} INFO - [2022-01-24 19:49:15,820] {dag.py:2396} INFO - Sync 1 DAGs
[2022-01-24 19:49:15,836] {logging_mixin.py:109} INFO - [2022-01-24 19:49:15,836] {dag.py:2935} INFO - Setting next_dagrun for tutorial to 2022-01-23T19:49:15.836293+00:00
[2022-01-24 19:49:15,845] {processor.py:171} INFO - Processing /home/airflow/.local/lib/python3.6/site-packages/airflow/example_dags/tutorial.py took 0.071 seconds
[2022-01-24 19:49:45,945] {processor.py:163} INFO - Started process (PID=1027) to work on /home/airflow/.local/lib/python3.6/site-packages/airflow/example_dags/tutorial.py
[2022-01-24 19:49:45,946] {processor.py:642} INFO - Processing file /home/airflow/.local/lib/python3.6/site-packages/airflow/example_dags/tutorial.py for tasks to queue
[2022-01-24 19:49:45,947] {logging_mixin.py:109} INFO - [2022-01-24 19:49:45,947] {dagbag.py:500} INFO - Filling up the DagBag from /home/airflow/.local/lib/python3.6/site-packages/airflow/example_dags/tutorial.py
[2022-01-24 19:49:45,988] {processor.py:654} INFO - DAG(s) dict_keys(['tutorial']) retrieved from /home/airflow/.local/lib/python3.6/site-packages/airflow/example_dags/tutorial.py
[2022-01-24 19:49:46,005] {logging_mixin.py:109} INFO - [2022-01-24 19:49:46,005] {dag.py:2396} INFO - Sync 1 DAGs
[2022-01-24 19:49:46,033] {logging_mixin.py:109} INFO - [2022-01-24 19:49:46,033] {dag.py:2935} INFO - Setting next_dagrun for tutorial to 2022-01-23T19:49:46.033106+00:00
[2022-01-24 19:49:46,045] {processor.py:171} INFO - Processing /home/airflow/.local/lib/python3.6/site-packages/airflow/example_dags/tutorial.py took 0.103 seconds
[2022-01-24 19:50:16,063] {processor.py:163} INFO - Started process (PID=1081) to work on /home/airflow/.local/lib/python3.6/site-packages/airflow/example_dags/tutorial.py
[2022-01-24 19:50:16,066] {processor.py:642} INFO - Processing file /home/airflow/.local/lib/python3.6/site-packages/airflow/example_dags/tutorial.py for tasks to queue
[2022-01-24 19:50:16,066] {logging_mixin.py:109} INFO - [2022-01-24 19:50:16,066] {dagbag.py:500} INFO - Filling up the DagBag from /home/airflow/.local/lib/python3.6/site-packages/airflow/example_dags/tutorial.py
[2022-01-24 19:50:16,095] {processor.py:654} INFO - DAG(s) dict_keys(['tutorial']) retrieved from /home/airflow/.local/lib/python3.6/site-packages/airflow/example_dags/tutorial.py
[2022-01-24 19:50:16,106] {logging_mixin.py:109} INFO - [2022-01-24 19:50:16,106] {dag.py:2396} INFO - Sync 1 DAGs
[2022-01-24 19:50:16,125] {logging_mixin.py:109} INFO - [2022-01-24 19:50:16,125] {dag.py:2935} INFO - Setting next_dagrun for tutorial to 2022-01-23T19:50:16.124869+00:00
[2022-01-24 19:50:16,135] {processor.py:171} INFO - Processing /home/airflow/.local/lib/python3.6/site-packages/airflow/example_dags/tutorial.py took 0.074 seconds
[2022-01-24 19:50:46,950] {processor.py:163} INFO - Started process (PID=1144) to work on /home/airflow/.local/lib/python3.6/site-packages/airflow/example_dags/tutorial.py
[2022-01-24 19:50:46,951] {processor.py:642} INFO - Processing file /home/airflow/.local/lib/python3.6/site-packages/airflow/example_dags/tutorial.py for tasks to queue
[2022-01-24 19:50:46,952] {logging_mixin.py:109} INFO - [2022-01-24 19:50:46,952] {dagbag.py:500} INFO - Filling up the DagBag from /home/airflow/.local/lib/python3.6/site-packages/airflow/example_dags/tutorial.py
[2022-01-24 19:50:46,976] {processor.py:654} INFO - DAG(s) dict_keys(['tutorial']) retrieved from /home/airflow/.local/lib/python3.6/site-packages/airflow/example_dags/tutorial.py
[2022-01-24 19:50:46,985] {logging_mixin.py:109} INFO - [2022-01-24 19:50:46,985] {dag.py:2396} INFO - Sync 1 DAGs
[2022-01-24 19:50:47,001] {logging_mixin.py:109} INFO - [2022-01-24 19:50:47,001] {dag.py:2935} INFO - Setting next_dagrun for tutorial to 2022-01-23T19:50:47.001548+00:00
[2022-01-24 19:50:47,012] {processor.py:171} INFO - Processing /home/airflow/.local/lib/python3.6/site-packages/airflow/example_dags/tutorial.py took 0.064 seconds
[2022-01-24 19:51:17,368] {processor.py:163} INFO - Started process (PID=1198) to work on /home/airflow/.local/lib/python3.6/site-packages/airflow/example_dags/tutorial.py
[2022-01-24 19:51:17,371] {processor.py:642} INFO - Processing file /home/airflow/.local/lib/python3.6/site-packages/airflow/example_dags/tutorial.py for tasks to queue
[2022-01-24 19:51:17,373] {logging_mixin.py:109} INFO - [2022-01-24 19:51:17,373] {dagbag.py:500} INFO - Filling up the DagBag from /home/airflow/.local/lib/python3.6/site-packages/airflow/example_dags/tutorial.py
[2022-01-24 19:51:17,415] {processor.py:654} INFO - DAG(s) dict_keys(['tutorial']) retrieved from /home/airflow/.local/lib/python3.6/site-packages/airflow/example_dags/tutorial.py
[2022-01-24 19:51:17,427] {logging_mixin.py:109} INFO - [2022-01-24 19:51:17,427] {dag.py:2396} INFO - Sync 1 DAGs
[2022-01-24 19:51:17,446] {logging_mixin.py:109} INFO - [2022-01-24 19:51:17,446] {dag.py:2935} INFO - Setting next_dagrun for tutorial to 2022-01-23T19:51:17.446426+00:00
[2022-01-24 19:51:17,455] {processor.py:171} INFO - Processing /home/airflow/.local/lib/python3.6/site-packages/airflow/example_dags/tutorial.py took 0.096 seconds
[2022-01-24 19:51:48,115] {processor.py:163} INFO - Started process (PID=1252) to work on /home/airflow/.local/lib/python3.6/site-packages/airflow/example_dags/tutorial.py
[2022-01-24 19:51:48,116] {processor.py:642} INFO - Processing file /home/airflow/.local/lib/python3.6/site-packages/airflow/example_dags/tutorial.py for tasks to queue
[2022-01-24 19:51:48,117] {logging_mixin.py:109} INFO - [2022-01-24 19:51:48,117] {dagbag.py:500} INFO - Filling up the DagBag from /home/airflow/.local/lib/python3.6/site-packages/airflow/example_dags/tutorial.py
[2022-01-24 19:51:48,154] {processor.py:654} INFO - DAG(s) dict_keys(['tutorial']) retrieved from /home/airflow/.local/lib/python3.6/site-packages/airflow/example_dags/tutorial.py
[2022-01-24 19:51:48,168] {logging_mixin.py:109} INFO - [2022-01-24 19:51:48,168] {dag.py:2396} INFO - Sync 1 DAGs
[2022-01-24 19:51:48,192] {logging_mixin.py:109} INFO - [2022-01-24 19:51:48,192] {dag.py:2935} INFO - Setting next_dagrun for tutorial to 2022-01-23T19:51:48.191706+00:00
[2022-01-24 19:51:48,202] {processor.py:171} INFO - Processing /home/airflow/.local/lib/python3.6/site-packages/airflow/example_dags/tutorial.py took 0.091 seconds
[2022-01-24 19:52:18,353] {processor.py:163} INFO - Started process (PID=1316) to work on /home/airflow/.local/lib/python3.6/site-packages/airflow/example_dags/tutorial.py
[2022-01-24 19:52:18,355] {processor.py:642} INFO - Processing file /home/airflow/.local/lib/python3.6/site-packages/airflow/example_dags/tutorial.py for tasks to queue
[2022-01-24 19:52:18,355] {logging_mixin.py:109} INFO - [2022-01-24 19:52:18,355] {dagbag.py:500} INFO - Filling up the DagBag from /home/airflow/.local/lib/python3.6/site-packages/airflow/example_dags/tutorial.py
[2022-01-24 19:52:18,397] {processor.py:654} INFO - DAG(s) dict_keys(['tutorial']) retrieved from /home/airflow/.local/lib/python3.6/site-packages/airflow/example_dags/tutorial.py
[2022-01-24 19:52:18,414] {logging_mixin.py:109} INFO - [2022-01-24 19:52:18,414] {dag.py:2396} INFO - Sync 1 DAGs
[2022-01-24 19:52:18,444] {logging_mixin.py:109} INFO - [2022-01-24 19:52:18,444] {dag.py:2935} INFO - Setting next_dagrun for tutorial to 2022-01-23T19:52:18.444154+00:00
[2022-01-24 19:52:18,458] {processor.py:171} INFO - Processing /home/airflow/.local/lib/python3.6/site-packages/airflow/example_dags/tutorial.py took 0.108 seconds
[2022-01-24 19:52:48,756] {processor.py:163} INFO - Started process (PID=1369) to work on /home/airflow/.local/lib/python3.6/site-packages/airflow/example_dags/tutorial.py
[2022-01-24 19:52:48,759] {processor.py:642} INFO - Processing file /home/airflow/.local/lib/python3.6/site-packages/airflow/example_dags/tutorial.py for tasks to queue
[2022-01-24 19:52:48,761] {logging_mixin.py:109} INFO - [2022-01-24 19:52:48,760] {dagbag.py:500} INFO - Filling up the DagBag from /home/airflow/.local/lib/python3.6/site-packages/airflow/example_dags/tutorial.py
[2022-01-24 19:52:48,841] {processor.py:654} INFO - DAG(s) dict_keys(['tutorial']) retrieved from /home/airflow/.local/lib/python3.6/site-packages/airflow/example_dags/tutorial.py
[2022-01-24 19:52:48,873] {logging_mixin.py:109} INFO - [2022-01-24 19:52:48,872] {dag.py:2396} INFO - Sync 1 DAGs
[2022-01-24 19:52:48,930] {logging_mixin.py:109} INFO - [2022-01-24 19:52:48,930] {dag.py:2935} INFO - Setting next_dagrun for tutorial to 2022-01-23T19:52:48.929826+00:00
[2022-01-24 19:52:49,025] {processor.py:171} INFO - Processing /home/airflow/.local/lib/python3.6/site-packages/airflow/example_dags/tutorial.py took 0.277 seconds
