[2022-01-25 19:31:27,807] {taskinstance.py:1032} INFO - Dependencies all met for <TaskInstance: ingest_data.check scheduled__2022-01-24T16:00:00+00:00 [queued]>
[2022-01-25 19:31:27,834] {taskinstance.py:1032} INFO - Dependencies all met for <TaskInstance: ingest_data.check scheduled__2022-01-24T16:00:00+00:00 [queued]>
[2022-01-25 19:31:27,835] {taskinstance.py:1238} INFO - 
--------------------------------------------------------------------------------
[2022-01-25 19:31:27,835] {taskinstance.py:1239} INFO - Starting attempt 1 of 1
[2022-01-25 19:31:27,835] {taskinstance.py:1240} INFO - 
--------------------------------------------------------------------------------
[2022-01-25 19:31:27,860] {taskinstance.py:1259} INFO - Executing <Task(BashOperator): check> on 2022-01-24 16:00:00+00:00
[2022-01-25 19:31:27,871] {standard_task_runner.py:76} INFO - Running: ['***', 'tasks', 'run', 'ingest_data', 'check', 'scheduled__2022-01-24T16:00:00+00:00', '--job-id', '68', '--raw', '--subdir', 'DAGS_FOLDER/dag_01.py', '--cfg-path', '/tmp/tmpmrihdeql', '--error-file', '/tmp/tmpypvu5fwz']
[2022-01-25 19:31:27,872] {standard_task_runner.py:77} INFO - Job 68: Subtask check
[2022-01-25 19:31:27,866] {standard_task_runner.py:52} INFO - Started process 3375 to run task
[2022-01-25 19:31:27,975] {logging_mixin.py:109} INFO - Running <TaskInstance: ingest_data.check scheduled__2022-01-24T16:00:00+00:00 [running]> on host 223810fcea28
[2022-01-25 19:31:28,064] {taskinstance.py:1426} INFO - Exporting the following env vars:
AIRFLOW_CTX_DAG_OWNER=***
AIRFLOW_CTX_DAG_ID=ingest_data
AIRFLOW_CTX_TASK_ID=check
AIRFLOW_CTX_EXECUTION_DATE=2022-01-24T16:00:00+00:00
AIRFLOW_CTX_DAG_RUN_ID=scheduled__2022-01-24T16:00:00+00:00
[2022-01-25 19:31:28,065] {subprocess.py:62} INFO - Tmp dir root location: 
 /tmp
[2022-01-25 19:31:28,066] {subprocess.py:74} INFO - Running command: ['bash', '-c', 'echo -------------------------- EMPIEZA ------------------------ && pwd']
[2022-01-25 19:31:28,081] {subprocess.py:85} INFO - Output:
[2022-01-25 19:31:28,083] {subprocess.py:89} INFO - -------------------------- EMPIEZA ------------------------
[2022-01-25 19:31:28,083] {subprocess.py:89} INFO - /tmp/***tmp5q34j3cg
[2022-01-25 19:31:28,084] {subprocess.py:93} INFO - Command exited with return code 0
[2022-01-25 19:31:28,128] {taskinstance.py:1277} INFO - Marking task as SUCCESS. dag_id=ingest_data, task_id=check, execution_date=20220124T160000, start_date=20220125T193127, end_date=20220125T193128
[2022-01-25 19:31:28,172] {local_task_job.py:154} INFO - Task exited with return code 0
[2022-01-25 19:31:28,229] {local_task_job.py:264} INFO - 0 downstream tasks scheduled from follow-on schedule check
