[2022-01-26 15:27:05,634] {taskinstance.py:1032} INFO - Dependencies all met for <TaskInstance: ingest_data.extract_all_data manual__2022-01-26T15:27:03.673947+00:00 [queued]>
[2022-01-26 15:27:05,650] {taskinstance.py:1032} INFO - Dependencies all met for <TaskInstance: ingest_data.extract_all_data manual__2022-01-26T15:27:03.673947+00:00 [queued]>
[2022-01-26 15:27:05,651] {taskinstance.py:1238} INFO - 
--------------------------------------------------------------------------------
[2022-01-26 15:27:05,651] {taskinstance.py:1239} INFO - Starting attempt 1 of 1
[2022-01-26 15:27:05,651] {taskinstance.py:1240} INFO - 
--------------------------------------------------------------------------------
[2022-01-26 15:27:05,664] {taskinstance.py:1259} INFO - Executing <Task(PythonOperator): extract_all_data> on 2022-01-26 15:27:03.673947+00:00
[2022-01-26 15:27:05,669] {standard_task_runner.py:52} INFO - Started process 434 to run task
[2022-01-26 15:27:05,672] {standard_task_runner.py:76} INFO - Running: ['***', 'tasks', 'run', 'ingest_data', 'extract_all_data', 'manual__2022-01-26T15:27:03.673947+00:00', '--job-id', '106', '--raw', '--subdir', 'DAGS_FOLDER/dag_01.py', '--cfg-path', '/tmp/tmpe5mmrekf', '--error-file', '/tmp/tmpr4aaxcfy']
[2022-01-26 15:27:05,673] {standard_task_runner.py:77} INFO - Job 106: Subtask extract_all_data
[2022-01-26 15:27:05,721] {logging_mixin.py:109} INFO - Running <TaskInstance: ingest_data.extract_all_data manual__2022-01-26T15:27:03.673947+00:00 [running]> on host 223810fcea28
[2022-01-26 15:27:05,772] {taskinstance.py:1426} INFO - Exporting the following env vars:
AIRFLOW_CTX_DAG_OWNER=***
AIRFLOW_CTX_DAG_ID=ingest_data
AIRFLOW_CTX_TASK_ID=extract_all_data
AIRFLOW_CTX_EXECUTION_DATE=2022-01-26T15:27:03.673947+00:00
AIRFLOW_CTX_DAG_RUN_ID=manual__2022-01-26T15:27:03.673947+00:00
[2022-01-26 15:27:05,773] {logging_mixin.py:109} INFO - HELLO WORLD
[2022-01-26 15:27:05,773] {python.py:175} INFO - Done. Returned value was: None
[2022-01-26 15:27:05,784] {taskinstance.py:1277} INFO - Marking task as SUCCESS. dag_id=ingest_data, task_id=extract_all_data, execution_date=20220126T152703, start_date=20220126T152705, end_date=20220126T152705
[2022-01-26 15:27:05,843] {local_task_job.py:154} INFO - Task exited with return code 0
[2022-01-26 15:27:05,875] {local_task_job.py:264} INFO - 0 downstream tasks scheduled from follow-on schedule check
