[2022-01-25 19:04:14,193] {taskinstance.py:1032} INFO - Dependencies all met for <TaskInstance: ingest_data.extract_all_data manual__2022-01-25T19:04:13.514752+00:00 [queued]>
[2022-01-25 19:04:14,218] {taskinstance.py:1032} INFO - Dependencies all met for <TaskInstance: ingest_data.extract_all_data manual__2022-01-25T19:04:13.514752+00:00 [queued]>
[2022-01-25 19:04:14,219] {taskinstance.py:1238} INFO - 
--------------------------------------------------------------------------------
[2022-01-25 19:04:14,219] {taskinstance.py:1239} INFO - Starting attempt 1 of 1
[2022-01-25 19:04:14,219] {taskinstance.py:1240} INFO - 
--------------------------------------------------------------------------------
[2022-01-25 19:04:14,241] {taskinstance.py:1259} INFO - Executing <Task(BashOperator): extract_all_data> on 2022-01-25 19:04:13.514752+00:00
[2022-01-25 19:04:14,254] {standard_task_runner.py:76} INFO - Running: ['***', 'tasks', 'run', 'ingest_data', 'extract_all_data', 'manual__2022-01-25T19:04:13.514752+00:00', '--job-id', '27', '--raw', '--subdir', 'DAGS_FOLDER/dag_01.py', '--cfg-path', '/tmp/tmpgwy_h5o0', '--error-file', '/tmp/tmperli8_yj']
[2022-01-25 19:04:14,256] {standard_task_runner.py:77} INFO - Job 27: Subtask extract_all_data
[2022-01-25 19:04:14,248] {standard_task_runner.py:52} INFO - Started process 2046 to run task
[2022-01-25 19:04:14,338] {logging_mixin.py:109} INFO - Running <TaskInstance: ingest_data.extract_all_data manual__2022-01-25T19:04:13.514752+00:00 [running]> on host 223810fcea28
[2022-01-25 19:04:14,441] {taskinstance.py:1426} INFO - Exporting the following env vars:
AIRFLOW_CTX_DAG_OWNER=***
AIRFLOW_CTX_DAG_ID=ingest_data
AIRFLOW_CTX_TASK_ID=extract_all_data
AIRFLOW_CTX_EXECUTION_DATE=2022-01-25T19:04:13.514752+00:00
AIRFLOW_CTX_DAG_RUN_ID=manual__2022-01-25T19:04:13.514752+00:00
[2022-01-25 19:04:14,442] {subprocess.py:62} INFO - Tmp dir root location: 
 /tmp
[2022-01-25 19:04:14,443] {subprocess.py:74} INFO - Running command: ['bash', '-c', 'echo ---------------EMPIEZA----------------- && pwd']
[2022-01-25 19:04:14,461] {subprocess.py:85} INFO - Output:
[2022-01-25 19:04:14,464] {subprocess.py:89} INFO - ---------------EMPIEZA-----------------
[2022-01-25 19:04:14,464] {subprocess.py:89} INFO - /tmp/***tmpwqzgifke
[2022-01-25 19:04:14,464] {subprocess.py:93} INFO - Command exited with return code 0
[2022-01-25 19:04:14,502] {taskinstance.py:1277} INFO - Marking task as SUCCESS. dag_id=ingest_data, task_id=extract_all_data, execution_date=20220125T190413, start_date=20220125T190414, end_date=20220125T190414
[2022-01-25 19:04:14,555] {local_task_job.py:154} INFO - Task exited with return code 0
[2022-01-25 19:04:14,619] {local_task_job.py:264} INFO - 1 downstream tasks scheduled from follow-on schedule check
