[2022-01-25 19:31:25,145] {taskinstance.py:1032} INFO - Dependencies all met for <TaskInstance: ingest_data.move scheduled__2022-01-24T16:00:00+00:00 [queued]>
[2022-01-25 19:31:25,179] {taskinstance.py:1032} INFO - Dependencies all met for <TaskInstance: ingest_data.move scheduled__2022-01-24T16:00:00+00:00 [queued]>
[2022-01-25 19:31:25,180] {taskinstance.py:1238} INFO - 
--------------------------------------------------------------------------------
[2022-01-25 19:31:25,180] {taskinstance.py:1239} INFO - Starting attempt 1 of 1
[2022-01-25 19:31:25,180] {taskinstance.py:1240} INFO - 
--------------------------------------------------------------------------------
[2022-01-25 19:31:25,244] {taskinstance.py:1259} INFO - Executing <Task(BashOperator): move> on 2022-01-24 16:00:00+00:00
[2022-01-25 19:31:25,257] {standard_task_runner.py:76} INFO - Running: ['***', 'tasks', 'run', 'ingest_data', 'move', 'scheduled__2022-01-24T16:00:00+00:00', '--job-id', '63', '--raw', '--subdir', 'DAGS_FOLDER/dag_01.py', '--cfg-path', '/tmp/tmp1exiqg30', '--error-file', '/tmp/tmpegagu_wy']
[2022-01-25 19:31:25,259] {standard_task_runner.py:77} INFO - Job 63: Subtask move
[2022-01-25 19:31:25,251] {standard_task_runner.py:52} INFO - Started process 3360 to run task
[2022-01-25 19:31:25,559] {logging_mixin.py:109} INFO - Running <TaskInstance: ingest_data.move scheduled__2022-01-24T16:00:00+00:00 [running]> on host 223810fcea28
[2022-01-25 19:31:25,768] {taskinstance.py:1426} INFO - Exporting the following env vars:
AIRFLOW_CTX_DAG_OWNER=***
AIRFLOW_CTX_DAG_ID=ingest_data
AIRFLOW_CTX_TASK_ID=move
AIRFLOW_CTX_EXECUTION_DATE=2022-01-24T16:00:00+00:00
AIRFLOW_CTX_DAG_RUN_ID=scheduled__2022-01-24T16:00:00+00:00
[2022-01-25 19:31:25,773] {subprocess.py:62} INFO - Tmp dir root location: 
 /tmp
[2022-01-25 19:31:25,774] {subprocess.py:74} INFO - Running command: ['bash', '-c', 'cd /opt/***/']
[2022-01-25 19:31:25,806] {subprocess.py:85} INFO - Output:
[2022-01-25 19:31:25,815] {subprocess.py:93} INFO - Command exited with return code 0
[2022-01-25 19:31:25,934] {taskinstance.py:1277} INFO - Marking task as SUCCESS. dag_id=ingest_data, task_id=move, execution_date=20220124T160000, start_date=20220125T193125, end_date=20220125T193125
[2022-01-25 19:31:26,032] {local_task_job.py:154} INFO - Task exited with return code 0
[2022-01-25 19:31:26,132] {local_task_job.py:264} INFO - 1 downstream tasks scheduled from follow-on schedule check
