[2022-01-25 19:31:31,073] {taskinstance.py:1032} INFO - Dependencies all met for <TaskInstance: ingest_data.move scheduled__2022-01-24T20:00:00+00:00 [queued]>
[2022-01-25 19:31:31,092] {taskinstance.py:1032} INFO - Dependencies all met for <TaskInstance: ingest_data.move scheduled__2022-01-24T20:00:00+00:00 [queued]>
[2022-01-25 19:31:31,092] {taskinstance.py:1238} INFO - 
--------------------------------------------------------------------------------
[2022-01-25 19:31:31,092] {taskinstance.py:1239} INFO - Starting attempt 1 of 1
[2022-01-25 19:31:31,092] {taskinstance.py:1240} INFO - 
--------------------------------------------------------------------------------
[2022-01-25 19:31:31,116] {taskinstance.py:1259} INFO - Executing <Task(BashOperator): move> on 2022-01-24 20:00:00+00:00
[2022-01-25 19:31:31,128] {standard_task_runner.py:76} INFO - Running: ['***', 'tasks', 'run', 'ingest_data', 'move', 'scheduled__2022-01-24T20:00:00+00:00', '--job-id', '71', '--raw', '--subdir', 'DAGS_FOLDER/dag_01.py', '--cfg-path', '/tmp/tmp6cwucf5m', '--error-file', '/tmp/tmp6odijgnk']
[2022-01-25 19:31:31,129] {standard_task_runner.py:77} INFO - Job 71: Subtask move
[2022-01-25 19:31:31,125] {standard_task_runner.py:52} INFO - Started process 3385 to run task
[2022-01-25 19:31:31,339] {logging_mixin.py:109} INFO - Running <TaskInstance: ingest_data.move scheduled__2022-01-24T20:00:00+00:00 [running]> on host 223810fcea28
[2022-01-25 19:31:31,544] {taskinstance.py:1426} INFO - Exporting the following env vars:
AIRFLOW_CTX_DAG_OWNER=***
AIRFLOW_CTX_DAG_ID=ingest_data
AIRFLOW_CTX_TASK_ID=move
AIRFLOW_CTX_EXECUTION_DATE=2022-01-24T20:00:00+00:00
AIRFLOW_CTX_DAG_RUN_ID=scheduled__2022-01-24T20:00:00+00:00
[2022-01-25 19:31:31,546] {subprocess.py:62} INFO - Tmp dir root location: 
 /tmp
[2022-01-25 19:31:31,547] {subprocess.py:74} INFO - Running command: ['bash', '-c', 'cd /opt/***/']
[2022-01-25 19:31:31,591] {subprocess.py:85} INFO - Output:
[2022-01-25 19:31:31,597] {subprocess.py:93} INFO - Command exited with return code 0
[2022-01-25 19:31:31,704] {taskinstance.py:1277} INFO - Marking task as SUCCESS. dag_id=ingest_data, task_id=move, execution_date=20220124T200000, start_date=20220125T193131, end_date=20220125T193131
[2022-01-25 19:31:31,749] {local_task_job.py:154} INFO - Task exited with return code 0
[2022-01-25 19:31:31,929] {local_task_job.py:264} INFO - 0 downstream tasks scheduled from follow-on schedule check
