[2022-01-26 17:57:28,873] {taskinstance.py:1032} INFO - Dependencies all met for <TaskInstance: ingest_data.check manual__2022-01-26T17:57:27.155715+00:00 [queued]>
[2022-01-26 17:57:28,900] {taskinstance.py:1032} INFO - Dependencies all met for <TaskInstance: ingest_data.check manual__2022-01-26T17:57:27.155715+00:00 [queued]>
[2022-01-26 17:57:28,901] {taskinstance.py:1238} INFO - 
--------------------------------------------------------------------------------
[2022-01-26 17:57:28,901] {taskinstance.py:1239} INFO - Starting attempt 1 of 1
[2022-01-26 17:57:28,901] {taskinstance.py:1240} INFO - 
--------------------------------------------------------------------------------
[2022-01-26 17:57:28,920] {taskinstance.py:1259} INFO - Executing <Task(BashOperator): check> on 2022-01-26 17:57:27.155715+00:00
[2022-01-26 17:57:28,930] {standard_task_runner.py:52} INFO - Started process 6474 to run task
[2022-01-26 17:57:28,937] {standard_task_runner.py:76} INFO - Running: ['***', 'tasks', 'run', 'ingest_data', 'check', 'manual__2022-01-26T17:57:27.155715+00:00', '--job-id', '111', '--raw', '--subdir', 'DAGS_FOLDER/dag_01.py', '--cfg-path', '/tmp/tmpjzf659tw', '--error-file', '/tmp/tmpj1pyjhju']
[2022-01-26 17:57:28,937] {standard_task_runner.py:77} INFO - Job 111: Subtask check
[2022-01-26 17:57:29,059] {logging_mixin.py:109} INFO - Running <TaskInstance: ingest_data.check manual__2022-01-26T17:57:27.155715+00:00 [running]> on host 223810fcea28
[2022-01-26 17:57:29,193] {taskinstance.py:1426} INFO - Exporting the following env vars:
AIRFLOW_CTX_DAG_OWNER=***
AIRFLOW_CTX_DAG_ID=ingest_data
AIRFLOW_CTX_TASK_ID=check
AIRFLOW_CTX_EXECUTION_DATE=2022-01-26T17:57:27.155715+00:00
AIRFLOW_CTX_DAG_RUN_ID=manual__2022-01-26T17:57:27.155715+00:00
[2022-01-26 17:57:29,198] {subprocess.py:62} INFO - Tmp dir root location: 
 /tmp
[2022-01-26 17:57:29,200] {subprocess.py:74} INFO - Running command: ['bash', '-c', 'echo -------------------------- EMPIEZA ------------------------']
[2022-01-26 17:57:29,224] {subprocess.py:85} INFO - Output:
[2022-01-26 17:57:29,227] {subprocess.py:89} INFO - -------------------------- EMPIEZA ------------------------
[2022-01-26 17:57:29,229] {subprocess.py:93} INFO - Command exited with return code 0
[2022-01-26 17:57:29,279] {taskinstance.py:1277} INFO - Marking task as SUCCESS. dag_id=ingest_data, task_id=check, execution_date=20220126T175727, start_date=20220126T175728, end_date=20220126T175729
[2022-01-26 17:57:29,353] {local_task_job.py:154} INFO - Task exited with return code 0
[2022-01-26 17:57:29,458] {local_task_job.py:264} INFO - 1 downstream tasks scheduled from follow-on schedule check
