[2022-01-25 18:59:43,833] {taskinstance.py:1032} INFO - Dependencies all met for <TaskInstance: ingest_data.extract_all_data manual__2022-01-25T18:59:43.298164+00:00 [queued]>
[2022-01-25 18:59:43,855] {taskinstance.py:1032} INFO - Dependencies all met for <TaskInstance: ingest_data.extract_all_data manual__2022-01-25T18:59:43.298164+00:00 [queued]>
[2022-01-25 18:59:43,856] {taskinstance.py:1238} INFO - 
--------------------------------------------------------------------------------
[2022-01-25 18:59:43,856] {taskinstance.py:1239} INFO - Starting attempt 1 of 1
[2022-01-25 18:59:43,856] {taskinstance.py:1240} INFO - 
--------------------------------------------------------------------------------
[2022-01-25 18:59:43,881] {taskinstance.py:1259} INFO - Executing <Task(BashOperator): extract_all_data> on 2022-01-25 18:59:43.298164+00:00
[2022-01-25 18:59:43,891] {standard_task_runner.py:76} INFO - Running: ['***', 'tasks', 'run', 'ingest_data', 'extract_all_data', 'manual__2022-01-25T18:59:43.298164+00:00', '--job-id', '23', '--raw', '--subdir', 'DAGS_FOLDER/dag_01.py', '--cfg-path', '/tmp/tmpkfk161c3', '--error-file', '/tmp/tmpnxlgipti']
[2022-01-25 18:59:43,892] {standard_task_runner.py:77} INFO - Job 23: Subtask extract_all_data
[2022-01-25 18:59:43,887] {standard_task_runner.py:52} INFO - Started process 1817 to run task
[2022-01-25 18:59:43,974] {logging_mixin.py:109} INFO - Running <TaskInstance: ingest_data.extract_all_data manual__2022-01-25T18:59:43.298164+00:00 [running]> on host 223810fcea28
[2022-01-25 18:59:44,082] {taskinstance.py:1426} INFO - Exporting the following env vars:
AIRFLOW_CTX_DAG_OWNER=***
AIRFLOW_CTX_DAG_ID=ingest_data
AIRFLOW_CTX_TASK_ID=extract_all_data
AIRFLOW_CTX_EXECUTION_DATE=2022-01-25T18:59:43.298164+00:00
AIRFLOW_CTX_DAG_RUN_ID=manual__2022-01-25T18:59:43.298164+00:00
[2022-01-25 18:59:44,084] {subprocess.py:62} INFO - Tmp dir root location: 
 /tmp
[2022-01-25 18:59:44,084] {subprocess.py:74} INFO - Running command: ['bash', '-c', 'echo ---------------EMPIEZA----------------- && pwd']
[2022-01-25 18:59:44,104] {subprocess.py:85} INFO - Output:
[2022-01-25 18:59:44,112] {subprocess.py:89} INFO - ---------------EMPIEZA-----------------
[2022-01-25 18:59:44,113] {subprocess.py:89} INFO - /tmp/***tmp8jzso25b
[2022-01-25 18:59:44,113] {subprocess.py:93} INFO - Command exited with return code 0
[2022-01-25 18:59:44,207] {taskinstance.py:1277} INFO - Marking task as SUCCESS. dag_id=ingest_data, task_id=extract_all_data, execution_date=20220125T185943, start_date=20220125T185943, end_date=20220125T185944
[2022-01-25 18:59:44,279] {local_task_job.py:154} INFO - Task exited with return code 0
[2022-01-25 18:59:44,336] {local_task_job.py:264} INFO - 1 downstream tasks scheduled from follow-on schedule check
