[2022-01-25 19:31:41,597] {taskinstance.py:1032} INFO - Dependencies all met for <TaskInstance: ingest_data.check scheduled__2022-01-25T02:00:00+00:00 [queued]>
[2022-01-25 19:31:41,638] {taskinstance.py:1032} INFO - Dependencies all met for <TaskInstance: ingest_data.check scheduled__2022-01-25T02:00:00+00:00 [queued]>
[2022-01-25 19:31:41,638] {taskinstance.py:1238} INFO - 
--------------------------------------------------------------------------------
[2022-01-25 19:31:41,639] {taskinstance.py:1239} INFO - Starting attempt 1 of 1
[2022-01-25 19:31:41,639] {taskinstance.py:1240} INFO - 
--------------------------------------------------------------------------------
[2022-01-25 19:31:41,681] {taskinstance.py:1259} INFO - Executing <Task(BashOperator): check> on 2022-01-25 02:00:00+00:00
[2022-01-25 19:31:41,692] {standard_task_runner.py:52} INFO - Started process 3444 to run task
[2022-01-25 19:31:41,714] {standard_task_runner.py:76} INFO - Running: ['***', 'tasks', 'run', 'ingest_data', 'check', 'scheduled__2022-01-25T02:00:00+00:00', '--job-id', '88', '--raw', '--subdir', 'DAGS_FOLDER/dag_01.py', '--cfg-path', '/tmp/tmpy1wgx5y2', '--error-file', '/tmp/tmproe5uf19']
[2022-01-25 19:31:41,715] {standard_task_runner.py:77} INFO - Job 88: Subtask check
[2022-01-25 19:31:41,951] {logging_mixin.py:109} INFO - Running <TaskInstance: ingest_data.check scheduled__2022-01-25T02:00:00+00:00 [running]> on host 223810fcea28
[2022-01-25 19:31:42,106] {taskinstance.py:1426} INFO - Exporting the following env vars:
AIRFLOW_CTX_DAG_OWNER=***
AIRFLOW_CTX_DAG_ID=ingest_data
AIRFLOW_CTX_TASK_ID=check
AIRFLOW_CTX_EXECUTION_DATE=2022-01-25T02:00:00+00:00
AIRFLOW_CTX_DAG_RUN_ID=scheduled__2022-01-25T02:00:00+00:00
[2022-01-25 19:31:42,111] {subprocess.py:62} INFO - Tmp dir root location: 
 /tmp
[2022-01-25 19:31:42,114] {subprocess.py:74} INFO - Running command: ['bash', '-c', 'echo -------------------------- EMPIEZA ------------------------ && pwd']
[2022-01-25 19:31:42,131] {subprocess.py:85} INFO - Output:
[2022-01-25 19:31:42,137] {subprocess.py:89} INFO - -------------------------- EMPIEZA ------------------------
[2022-01-25 19:31:42,138] {subprocess.py:89} INFO - /tmp/***tmpkbe9l2iw
[2022-01-25 19:31:42,139] {subprocess.py:93} INFO - Command exited with return code 0
[2022-01-25 19:31:42,205] {taskinstance.py:1277} INFO - Marking task as SUCCESS. dag_id=ingest_data, task_id=check, execution_date=20220125T020000, start_date=20220125T193141, end_date=20220125T193142
[2022-01-25 19:31:42,265] {local_task_job.py:154} INFO - Task exited with return code 0
[2022-01-25 19:31:42,351] {local_task_job.py:264} INFO - 0 downstream tasks scheduled from follow-on schedule check
