[2022-01-25 19:32:34,125] {taskinstance.py:1032} INFO - Dependencies all met for <TaskInstance: ingest_data.check manual__2022-01-25T19:32:31.228382+00:00 [queued]>
[2022-01-25 19:32:34,151] {taskinstance.py:1032} INFO - Dependencies all met for <TaskInstance: ingest_data.check manual__2022-01-25T19:32:31.228382+00:00 [queued]>
[2022-01-25 19:32:34,152] {taskinstance.py:1238} INFO - 
--------------------------------------------------------------------------------
[2022-01-25 19:32:34,152] {taskinstance.py:1239} INFO - Starting attempt 1 of 1
[2022-01-25 19:32:34,152] {taskinstance.py:1240} INFO - 
--------------------------------------------------------------------------------
[2022-01-25 19:32:34,177] {taskinstance.py:1259} INFO - Executing <Task(BashOperator): check> on 2022-01-25 19:32:31.228382+00:00
[2022-01-25 19:32:34,184] {standard_task_runner.py:52} INFO - Started process 3495 to run task
[2022-01-25 19:32:34,198] {standard_task_runner.py:76} INFO - Running: ['***', 'tasks', 'run', 'ingest_data', 'check', 'manual__2022-01-25T19:32:31.228382+00:00', '--job-id', '94', '--raw', '--subdir', 'DAGS_FOLDER/dag_01.py', '--cfg-path', '/tmp/tmp77wg4dn0', '--error-file', '/tmp/tmpn72_fg9w']
[2022-01-25 19:32:34,198] {standard_task_runner.py:77} INFO - Job 94: Subtask check
[2022-01-25 19:32:34,327] {logging_mixin.py:109} INFO - Running <TaskInstance: ingest_data.check manual__2022-01-25T19:32:31.228382+00:00 [running]> on host 223810fcea28
[2022-01-25 19:32:34,471] {taskinstance.py:1426} INFO - Exporting the following env vars:
AIRFLOW_CTX_DAG_OWNER=***
AIRFLOW_CTX_DAG_ID=ingest_data
AIRFLOW_CTX_TASK_ID=check
AIRFLOW_CTX_EXECUTION_DATE=2022-01-25T19:32:31.228382+00:00
AIRFLOW_CTX_DAG_RUN_ID=manual__2022-01-25T19:32:31.228382+00:00
[2022-01-25 19:32:34,472] {subprocess.py:62} INFO - Tmp dir root location: 
 /tmp
[2022-01-25 19:32:34,473] {subprocess.py:74} INFO - Running command: ['bash', '-c', 'echo -------------------------- EMPIEZA ------------------------ && pwd']
[2022-01-25 19:32:34,497] {subprocess.py:85} INFO - Output:
[2022-01-25 19:32:34,504] {subprocess.py:89} INFO - -------------------------- EMPIEZA ------------------------
[2022-01-25 19:32:34,505] {subprocess.py:89} INFO - /tmp/***tmpc3rc89i9
[2022-01-25 19:32:34,506] {subprocess.py:93} INFO - Command exited with return code 0
[2022-01-25 19:32:34,585] {taskinstance.py:1277} INFO - Marking task as SUCCESS. dag_id=ingest_data, task_id=check, execution_date=20220125T193231, start_date=20220125T193234, end_date=20220125T193234
[2022-01-25 19:32:34,658] {local_task_job.py:154} INFO - Task exited with return code 0
[2022-01-25 19:32:34,732] {local_task_job.py:264} INFO - 1 downstream tasks scheduled from follow-on schedule check
