[2022-01-25 19:31:15,046] {taskinstance.py:1032} INFO - Dependencies all met for <TaskInstance: ingest_data.check scheduled__2022-01-24T06:00:00+00:00 [queued]>
[2022-01-25 19:31:15,135] {taskinstance.py:1032} INFO - Dependencies all met for <TaskInstance: ingest_data.check scheduled__2022-01-24T06:00:00+00:00 [queued]>
[2022-01-25 19:31:15,136] {taskinstance.py:1238} INFO - 
--------------------------------------------------------------------------------
[2022-01-25 19:31:15,136] {taskinstance.py:1239} INFO - Starting attempt 1 of 1
[2022-01-25 19:31:15,136] {taskinstance.py:1240} INFO - 
--------------------------------------------------------------------------------
[2022-01-25 19:31:15,240] {taskinstance.py:1259} INFO - Executing <Task(BashOperator): check> on 2022-01-24 06:00:00+00:00
[2022-01-25 19:31:15,290] {standard_task_runner.py:76} INFO - Running: ['***', 'tasks', 'run', 'ingest_data', 'check', 'scheduled__2022-01-24T06:00:00+00:00', '--job-id', '53', '--raw', '--subdir', 'DAGS_FOLDER/dag_01.py', '--cfg-path', '/tmp/tmpk074kshy', '--error-file', '/tmp/tmp6wb8s8fr']
[2022-01-25 19:31:15,291] {standard_task_runner.py:77} INFO - Job 53: Subtask check
[2022-01-25 19:31:15,256] {standard_task_runner.py:52} INFO - Started process 3320 to run task
[2022-01-25 19:31:15,714] {logging_mixin.py:109} INFO - Running <TaskInstance: ingest_data.check scheduled__2022-01-24T06:00:00+00:00 [running]> on host 223810fcea28
[2022-01-25 19:31:16,052] {taskinstance.py:1426} INFO - Exporting the following env vars:
AIRFLOW_CTX_DAG_OWNER=***
AIRFLOW_CTX_DAG_ID=ingest_data
AIRFLOW_CTX_TASK_ID=check
AIRFLOW_CTX_EXECUTION_DATE=2022-01-24T06:00:00+00:00
AIRFLOW_CTX_DAG_RUN_ID=scheduled__2022-01-24T06:00:00+00:00
[2022-01-25 19:31:16,053] {subprocess.py:62} INFO - Tmp dir root location: 
 /tmp
[2022-01-25 19:31:16,054] {subprocess.py:74} INFO - Running command: ['bash', '-c', 'echo -------------------------- EMPIEZA ------------------------ && pwd']
[2022-01-25 19:31:16,117] {subprocess.py:85} INFO - Output:
[2022-01-25 19:31:16,129] {subprocess.py:89} INFO - -------------------------- EMPIEZA ------------------------
[2022-01-25 19:31:16,130] {subprocess.py:89} INFO - /tmp/***tmp9lr1owwt
[2022-01-25 19:31:16,132] {subprocess.py:93} INFO - Command exited with return code 0
[2022-01-25 19:31:16,487] {taskinstance.py:1277} INFO - Marking task as SUCCESS. dag_id=ingest_data, task_id=check, execution_date=20220124T060000, start_date=20220125T193115, end_date=20220125T193116
[2022-01-25 19:31:16,585] {local_task_job.py:154} INFO - Task exited with return code 0
[2022-01-25 19:31:16,685] {local_task_job.py:264} INFO - 0 downstream tasks scheduled from follow-on schedule check
