[2022-01-25 19:31:34,642] {taskinstance.py:1032} INFO - Dependencies all met for <TaskInstance: ingest_data.check scheduled__2022-01-24T22:00:00+00:00 [queued]>
[2022-01-25 19:31:34,691] {taskinstance.py:1032} INFO - Dependencies all met for <TaskInstance: ingest_data.check scheduled__2022-01-24T22:00:00+00:00 [queued]>
[2022-01-25 19:31:34,692] {taskinstance.py:1238} INFO - 
--------------------------------------------------------------------------------
[2022-01-25 19:31:34,692] {taskinstance.py:1239} INFO - Starting attempt 1 of 1
[2022-01-25 19:31:34,693] {taskinstance.py:1240} INFO - 
--------------------------------------------------------------------------------
[2022-01-25 19:31:34,727] {taskinstance.py:1259} INFO - Executing <Task(BashOperator): check> on 2022-01-24 22:00:00+00:00
[2022-01-25 19:31:34,745] {standard_task_runner.py:76} INFO - Running: ['***', 'tasks', 'run', 'ingest_data', 'check', 'scheduled__2022-01-24T22:00:00+00:00', '--job-id', '79', '--raw', '--subdir', 'DAGS_FOLDER/dag_01.py', '--cfg-path', '/tmp/tmp_3wgv4lg', '--error-file', '/tmp/tmpq_g6w_sr']
[2022-01-25 19:31:34,746] {standard_task_runner.py:77} INFO - Job 79: Subtask check
[2022-01-25 19:31:34,740] {standard_task_runner.py:52} INFO - Started process 3409 to run task
[2022-01-25 19:31:34,915] {logging_mixin.py:109} INFO - Running <TaskInstance: ingest_data.check scheduled__2022-01-24T22:00:00+00:00 [running]> on host 223810fcea28
[2022-01-25 19:31:35,040] {taskinstance.py:1426} INFO - Exporting the following env vars:
AIRFLOW_CTX_DAG_OWNER=***
AIRFLOW_CTX_DAG_ID=ingest_data
AIRFLOW_CTX_TASK_ID=check
AIRFLOW_CTX_EXECUTION_DATE=2022-01-24T22:00:00+00:00
AIRFLOW_CTX_DAG_RUN_ID=scheduled__2022-01-24T22:00:00+00:00
[2022-01-25 19:31:35,041] {subprocess.py:62} INFO - Tmp dir root location: 
 /tmp
[2022-01-25 19:31:35,042] {subprocess.py:74} INFO - Running command: ['bash', '-c', 'echo -------------------------- EMPIEZA ------------------------ && pwd']
[2022-01-25 19:31:35,058] {subprocess.py:85} INFO - Output:
[2022-01-25 19:31:35,062] {subprocess.py:89} INFO - -------------------------- EMPIEZA ------------------------
[2022-01-25 19:31:35,063] {subprocess.py:89} INFO - /tmp/***tmpqy5v2w09
[2022-01-25 19:31:35,063] {subprocess.py:93} INFO - Command exited with return code 0
[2022-01-25 19:31:35,135] {taskinstance.py:1277} INFO - Marking task as SUCCESS. dag_id=ingest_data, task_id=check, execution_date=20220124T220000, start_date=20220125T193134, end_date=20220125T193135
[2022-01-25 19:31:35,227] {local_task_job.py:154} INFO - Task exited with return code 0
[2022-01-25 19:31:35,366] {local_task_job.py:264} INFO - 0 downstream tasks scheduled from follow-on schedule check
