[2022-01-25 19:25:36,355] {taskinstance.py:1032} INFO - Dependencies all met for <TaskInstance: ingest_data.extract_all_data manual__2022-01-25T19:25:35.038530+00:00 [queued]>
[2022-01-25 19:25:36,384] {taskinstance.py:1032} INFO - Dependencies all met for <TaskInstance: ingest_data.extract_all_data manual__2022-01-25T19:25:35.038530+00:00 [queued]>
[2022-01-25 19:25:36,384] {taskinstance.py:1238} INFO - 
--------------------------------------------------------------------------------
[2022-01-25 19:25:36,385] {taskinstance.py:1239} INFO - Starting attempt 1 of 1
[2022-01-25 19:25:36,385] {taskinstance.py:1240} INFO - 
--------------------------------------------------------------------------------
[2022-01-25 19:25:36,407] {taskinstance.py:1259} INFO - Executing <Task(BashOperator): extract_all_data> on 2022-01-25 19:25:35.038530+00:00
[2022-01-25 19:25:36,429] {standard_task_runner.py:76} INFO - Running: ['***', 'tasks', 'run', 'ingest_data', 'extract_all_data', 'manual__2022-01-25T19:25:35.038530+00:00', '--job-id', '31', '--raw', '--subdir', 'DAGS_FOLDER/dag_01.py', '--cfg-path', '/tmp/tmp_hhxa8o0', '--error-file', '/tmp/tmpn6dx18p5']
[2022-01-25 19:25:36,430] {standard_task_runner.py:77} INFO - Job 31: Subtask extract_all_data
[2022-01-25 19:25:36,419] {standard_task_runner.py:52} INFO - Started process 3038 to run task
[2022-01-25 19:25:36,571] {logging_mixin.py:109} INFO - Running <TaskInstance: ingest_data.extract_all_data manual__2022-01-25T19:25:35.038530+00:00 [running]> on host 223810fcea28
[2022-01-25 19:25:36,714] {taskinstance.py:1426} INFO - Exporting the following env vars:
AIRFLOW_CTX_DAG_OWNER=***
AIRFLOW_CTX_DAG_ID=ingest_data
AIRFLOW_CTX_TASK_ID=extract_all_data
AIRFLOW_CTX_EXECUTION_DATE=2022-01-25T19:25:35.038530+00:00
AIRFLOW_CTX_DAG_RUN_ID=manual__2022-01-25T19:25:35.038530+00:00
[2022-01-25 19:25:36,716] {subprocess.py:62} INFO - Tmp dir root location: 
 /tmp
[2022-01-25 19:25:36,721] {subprocess.py:74} INFO - Running command: ['bash', '-c', 'cd /opt/***/']
[2022-01-25 19:25:36,746] {subprocess.py:85} INFO - Output:
[2022-01-25 19:25:36,752] {subprocess.py:93} INFO - Command exited with return code 0
[2022-01-25 19:25:36,839] {taskinstance.py:1277} INFO - Marking task as SUCCESS. dag_id=ingest_data, task_id=extract_all_data, execution_date=20220125T192535, start_date=20220125T192536, end_date=20220125T192536
[2022-01-25 19:25:36,916] {local_task_job.py:154} INFO - Task exited with return code 0
[2022-01-25 19:25:37,039] {local_task_job.py:264} INFO - 1 downstream tasks scheduled from follow-on schedule check
