[2022-02-14 18:27:15,942] {taskinstance.py:1032} INFO - Dependencies all met for <TaskInstance: ingest_data.check manual__2022-02-14T18:27:15.092051+00:00 [queued]>
[2022-02-14 18:27:15,967] {taskinstance.py:1032} INFO - Dependencies all met for <TaskInstance: ingest_data.check manual__2022-02-14T18:27:15.092051+00:00 [queued]>
[2022-02-14 18:27:15,967] {taskinstance.py:1238} INFO - 
--------------------------------------------------------------------------------
[2022-02-14 18:27:15,968] {taskinstance.py:1239} INFO - Starting attempt 1 of 1
[2022-02-14 18:27:15,968] {taskinstance.py:1240} INFO - 
--------------------------------------------------------------------------------
[2022-02-14 18:27:15,988] {taskinstance.py:1259} INFO - Executing <Task(BashOperator): check> on 2022-02-14 18:27:15.092051+00:00
[2022-02-14 18:27:15,993] {standard_task_runner.py:52} INFO - Started process 2229 to run task
[2022-02-14 18:27:15,998] {standard_task_runner.py:76} INFO - Running: ['***', 'tasks', 'run', 'ingest_data', 'check', 'manual__2022-02-14T18:27:15.092051+00:00', '--job-id', '132', '--raw', '--subdir', 'DAGS_FOLDER/dag_01.py', '--cfg-path', '/tmp/tmp6iz0g2sr', '--error-file', '/tmp/tmpzi9lkkrc']
[2022-02-14 18:27:15,999] {standard_task_runner.py:77} INFO - Job 132: Subtask check
[2022-02-14 18:27:16,121] {logging_mixin.py:109} INFO - Running <TaskInstance: ingest_data.check manual__2022-02-14T18:27:15.092051+00:00 [running]> on host 223810fcea28
[2022-02-14 18:27:16,216] {taskinstance.py:1426} INFO - Exporting the following env vars:
AIRFLOW_CTX_DAG_OWNER=***
AIRFLOW_CTX_DAG_ID=ingest_data
AIRFLOW_CTX_TASK_ID=check
AIRFLOW_CTX_EXECUTION_DATE=2022-02-14T18:27:15.092051+00:00
AIRFLOW_CTX_DAG_RUN_ID=manual__2022-02-14T18:27:15.092051+00:00
[2022-02-14 18:27:16,218] {subprocess.py:62} INFO - Tmp dir root location: 
 /tmp
[2022-02-14 18:27:16,219] {subprocess.py:74} INFO - Running command: ['bash', '-c', 'echo -------------------------- EMPIEZA ------------------------']
[2022-02-14 18:27:16,235] {subprocess.py:85} INFO - Output:
[2022-02-14 18:27:16,237] {subprocess.py:89} INFO - -------------------------- EMPIEZA ------------------------
[2022-02-14 18:27:16,238] {subprocess.py:93} INFO - Command exited with return code 0
[2022-02-14 18:27:16,271] {taskinstance.py:1277} INFO - Marking task as SUCCESS. dag_id=ingest_data, task_id=check, execution_date=20220214T182715, start_date=20220214T182715, end_date=20220214T182716
[2022-02-14 18:27:16,333] {local_task_job.py:154} INFO - Task exited with return code 0
[2022-02-14 18:27:16,361] {local_task_job.py:264} INFO - 1 downstream tasks scheduled from follow-on schedule check
