[2022-01-25 19:31:13,049] {taskinstance.py:1032} INFO - Dependencies all met for <TaskInstance: ingest_data.move scheduled__2022-01-24T10:00:00+00:00 [queued]>
[2022-01-25 19:31:13,214] {taskinstance.py:1032} INFO - Dependencies all met for <TaskInstance: ingest_data.move scheduled__2022-01-24T10:00:00+00:00 [queued]>
[2022-01-25 19:31:13,214] {taskinstance.py:1238} INFO - 
--------------------------------------------------------------------------------
[2022-01-25 19:31:13,215] {taskinstance.py:1239} INFO - Starting attempt 1 of 1
[2022-01-25 19:31:13,215] {taskinstance.py:1240} INFO - 
--------------------------------------------------------------------------------
[2022-01-25 19:31:13,362] {taskinstance.py:1259} INFO - Executing <Task(BashOperator): move> on 2022-01-24 10:00:00+00:00
[2022-01-25 19:31:13,438] {standard_task_runner.py:52} INFO - Started process 3311 to run task
[2022-01-25 19:31:13,479] {standard_task_runner.py:76} INFO - Running: ['***', 'tasks', 'run', 'ingest_data', 'move', 'scheduled__2022-01-24T10:00:00+00:00', '--job-id', '50', '--raw', '--subdir', 'DAGS_FOLDER/dag_01.py', '--cfg-path', '/tmp/tmpn4unrfll', '--error-file', '/tmp/tmpprlbasp3']
[2022-01-25 19:31:13,480] {standard_task_runner.py:77} INFO - Job 50: Subtask move
[2022-01-25 19:31:14,148] {logging_mixin.py:109} INFO - Running <TaskInstance: ingest_data.move scheduled__2022-01-24T10:00:00+00:00 [running]> on host 223810fcea28
[2022-01-25 19:31:14,721] {taskinstance.py:1426} INFO - Exporting the following env vars:
AIRFLOW_CTX_DAG_OWNER=***
AIRFLOW_CTX_DAG_ID=ingest_data
AIRFLOW_CTX_TASK_ID=move
AIRFLOW_CTX_EXECUTION_DATE=2022-01-24T10:00:00+00:00
AIRFLOW_CTX_DAG_RUN_ID=scheduled__2022-01-24T10:00:00+00:00
[2022-01-25 19:31:14,725] {subprocess.py:62} INFO - Tmp dir root location: 
 /tmp
[2022-01-25 19:31:14,726] {subprocess.py:74} INFO - Running command: ['bash', '-c', 'cd /opt/***/']
[2022-01-25 19:31:14,764] {subprocess.py:85} INFO - Output:
[2022-01-25 19:31:14,802] {subprocess.py:93} INFO - Command exited with return code 0
[2022-01-25 19:31:14,906] {taskinstance.py:1277} INFO - Marking task as SUCCESS. dag_id=ingest_data, task_id=move, execution_date=20220124T100000, start_date=20220125T193113, end_date=20220125T193114
[2022-01-25 19:31:15,169] {local_task_job.py:154} INFO - Task exited with return code 0
[2022-01-25 19:31:15,798] {local_task_job.py:264} INFO - 0 downstream tasks scheduled from follow-on schedule check
