[2022-01-25 19:36:57,316] {taskinstance.py:1032} INFO - Dependencies all met for <TaskInstance: ingest_data.check manual__2022-01-25T19:36:54.952812+00:00 [queued]>
[2022-01-25 19:36:57,347] {taskinstance.py:1032} INFO - Dependencies all met for <TaskInstance: ingest_data.check manual__2022-01-25T19:36:54.952812+00:00 [queued]>
[2022-01-25 19:36:57,347] {taskinstance.py:1238} INFO - 
--------------------------------------------------------------------------------
[2022-01-25 19:36:57,347] {taskinstance.py:1239} INFO - Starting attempt 1 of 1
[2022-01-25 19:36:57,348] {taskinstance.py:1240} INFO - 
--------------------------------------------------------------------------------
[2022-01-25 19:36:57,377] {taskinstance.py:1259} INFO - Executing <Task(BashOperator): check> on 2022-01-25 19:36:54.952812+00:00
[2022-01-25 19:36:57,386] {standard_task_runner.py:52} INFO - Started process 3707 to run task
[2022-01-25 19:36:57,397] {standard_task_runner.py:76} INFO - Running: ['***', 'tasks', 'run', 'ingest_data', 'check', 'manual__2022-01-25T19:36:54.952812+00:00', '--job-id', '100', '--raw', '--subdir', 'DAGS_FOLDER/dag_01.py', '--cfg-path', '/tmp/tmpb3awkbtw', '--error-file', '/tmp/tmp4ij_m8ve']
[2022-01-25 19:36:57,399] {standard_task_runner.py:77} INFO - Job 100: Subtask check
[2022-01-25 19:36:57,572] {logging_mixin.py:109} INFO - Running <TaskInstance: ingest_data.check manual__2022-01-25T19:36:54.952812+00:00 [running]> on host 223810fcea28
[2022-01-25 19:36:57,727] {taskinstance.py:1426} INFO - Exporting the following env vars:
AIRFLOW_CTX_DAG_OWNER=***
AIRFLOW_CTX_DAG_ID=ingest_data
AIRFLOW_CTX_TASK_ID=check
AIRFLOW_CTX_EXECUTION_DATE=2022-01-25T19:36:54.952812+00:00
AIRFLOW_CTX_DAG_RUN_ID=manual__2022-01-25T19:36:54.952812+00:00
[2022-01-25 19:36:57,730] {subprocess.py:62} INFO - Tmp dir root location: 
 /tmp
[2022-01-25 19:36:57,732] {subprocess.py:74} INFO - Running command: ['bash', '-c', 'echo -------------------------- EMPIEZA ------------------------ && pwd']
[2022-01-25 19:36:57,755] {subprocess.py:85} INFO - Output:
[2022-01-25 19:36:57,758] {subprocess.py:89} INFO - -------------------------- EMPIEZA ------------------------
[2022-01-25 19:36:57,759] {subprocess.py:89} INFO - /tmp/***tmpaleegt2g
[2022-01-25 19:36:57,759] {subprocess.py:93} INFO - Command exited with return code 0
[2022-01-25 19:36:57,812] {taskinstance.py:1277} INFO - Marking task as SUCCESS. dag_id=ingest_data, task_id=check, execution_date=20220125T193654, start_date=20220125T193657, end_date=20220125T193657
[2022-01-25 19:36:57,903] {local_task_job.py:154} INFO - Task exited with return code 0
[2022-01-25 19:36:57,982] {local_task_job.py:264} INFO - 1 downstream tasks scheduled from follow-on schedule check
